************************************************************************************************************************
***             WIDEN YOUR WINDOW TO 120 CHARACTERS.  Use 'enscript -r -fCourier9' to print this document            ***
************************************************************************************************************************

---------------------------------------------- PETSc Performance Summary: ----------------------------------------------

../../src/ANISOFLOW                                                                                                                                                                                                                                             ˻d on a arch-centos-opt-v3.7.2-mpich-v3.2-hdf5-v1.8.17 named poroso-medellin-unal-edu-co with 14 processors, by sospinar Sun Oct 16 12:50:20 2016
Using Petsc Release Version 3.7.3, unknown 

                         Max       Max/Min        Avg      Total 
Time (sec):           6.286e+02      1.00000   6.286e+02
Objects:              4.385e+04      1.00000   4.385e+04
Flops:                1.435e+11      1.09258   1.359e+11  1.903e+12
Flops/sec:            2.283e+08      1.09258   2.163e+08  3.028e+09
MPI Messages:         2.395e+05      1.63997   1.944e+05  2.722e+06
MPI Message Lengths:  9.830e+09      4.22214   1.917e+04  5.218e+10
MPI Reductions:       1.490e+05      1.00000

Flop counting convention: 1 flop = 1 real number operation of type (multiply/divide/add/subtract)
                            e.g., VecAXPY() for real vectors of length N --> 2N flops
                            and VecAXPY() for complex vectors of length N --> 8N flops

Summary of Stages:   ----- Time ------  ----- Flops -----  --- Messages ---  -- Message Lengths --  -- Reductions --
                        Avg     %Total     Avg     %Total   counts   %Total     Avg         %Total   counts   %Total 
 0:      Main Stage: 1.4017e-04   0.0%  0.0000e+00   0.0%  0.000e+00   0.0%  0.000e+00        0.0%  0.000e+00   0.0% 
 1:   Loading Files: 5.1465e+01   8.2%  0.0000e+00   0.0%  3.100e+02   0.0%  9.805e+00        0.1%  3.069e+04  20.6% 
 2:      Setting up: 6.6107e-01   0.1%  0.0000e+00   0.0%  1.860e+02   0.0%  6.279e-01        0.0%  1.700e+01   0.0% 
 3:         Solving: 5.7646e+02  91.7%  1.9032e+12 100.0%  2.721e+06 100.0%  1.916e+04       99.9%  1.183e+05  79.4% 
 4:  Destroying obj: 1.1051e-03   0.0%  0.0000e+00   0.0%  0.000e+00   0.0%  0.000e+00        0.0%  0.000e+00   0.0% 

------------------------------------------------------------------------------------------------------------------------
See the 'Profiling' chapter of the users' manual for details on interpreting output.
Phase summary info:
   Count: number of times phase was executed
   Time and Flops: Max - maximum over all processors
                   Ratio - ratio of maximum to minimum over all processors
   Mess: number of messages sent
   Avg. len: average message length (bytes)
   Reduct: number of global reductions
   Global: entire computation
   Stage: stages of a computation. Set stages with PetscLogStagePush() and PetscLogStagePop().
      %T - percent time in this phase         %F - percent flops in this phase
      %M - percent messages in this phase     %L - percent message lengths in this phase
      %R - percent reductions in this phase
   Total Mflop/s: 10e-6 * (sum of flops over all processors)/(max time over all processors)
------------------------------------------------------------------------------------------------------------------------
Event                Count      Time (sec)     Flops                             --- Global ---  --- Stage ---   Total
                   Max Ratio  Max     Ratio   Max  Ratio  Mess   Avg len Reduct  %T %F %M %L %R  %T %F %M %L %R Mflop/s
------------------------------------------------------------------------------------------------------------------------

--- Event Stage 0: Main Stage


--- Event Stage 1: Loading Files

GetGeometry            1 1.0 1.1609e-02 1.0 0.00e+00 0.0 1.2e+02 4.6e+03 1.3e+01  0  0  0  0  0   0  0 40  2  0     0
VecView                1 1.0 1.5282e-02 1.0 0.00e+00 0.0 0.0e+00 0.0e+00 0.0e+00  0  0  0  0  0   0  0  0  0  0     0
VecMax                 2 1.0 8.0395e-04 1.5 0.00e+00 0.0 0.0e+00 0.0e+00 0.0e+00  0  0  0  0  0   0  0  0  0  0     0
VecCopy                2 1.0 3.7527e-04 2.1 0.00e+00 0.0 0.0e+00 0.0e+00 0.0e+00  0  0  0  0  0   0  0  0  0  0     0
VecSet                 8 1.0 1.6270e-03 1.3 0.00e+00 0.0 0.0e+00 0.0e+00 0.0e+00  0  0  0  0  0   0  0  0  0  0     0
VecAssemblyBegin    5845 1.0 6.0784e-01 6.6 0.00e+00 0.0 2.6e+01 4.3e+05 1.8e+04  0  0  0  0 12   1  0  8 42 57     0
VecAssemblyEnd      5845 1.0 6.3682e-03 2.0 0.00e+00 0.0 0.0e+00 0.0e+00 0.0e+00  0  0  0  0  0   0  0  0  0  0     0
VecScatterBegin        2 1.0 2.0354e-03 1.2 0.00e+00 0.0 7.6e+01 6.7e+04 0.0e+00  0  0  0  0  0   0  0 25 19  0     0
VecScatterEnd          2 1.0 1.3325e-03 1.9 0.00e+00 0.0 0.0e+00 0.0e+00 0.0e+00  0  0  0  0  0   0  0  0  0  0     0
GetProrperties         1 1.0 6.0640e-01 1.0 0.00e+00 0.0 1.9e+02 1.4e+05 2.1e+01  0  0  0  0  0   1  0 60 98  0     0
GetConductivity        1 1.0 4.7827e-04 1.5 0.00e+00 0.0 0.0e+00 0.0e+00 0.0e+00  0  0  0  0  0   0  0  0  0  0     0
GetSpecificStorage       1 1.0 1.7617e-03 1.2 0.00e+00 0.0 0.0e+00 0.0e+00 2.0e+00  0  0  0  0  0   0  0  0  0  0     0
GetBC                  1 1.0 5.0847e+01 1.0 0.00e+00 0.0 0.0e+00 0.0e+00 3.1e+04  8  0  0  0 21  99  0  0  0100     0

--- Event Stage 2: Setting up

BuildTwoSided          1 1.0 8.7047e-0423.9 0.00e+00 0.0 0.0e+00 0.0e+00 0.0e+00  0  0  0  0  0   0  0  0  0  0     0
VecSet                 2 1.0 4.5061e-05 2.1 0.00e+00 0.0 0.0e+00 0.0e+00 0.0e+00  0  0  0  0  0   0  0  0  0  0     0
VecScatterBegin        1 1.0 1.1420e-04 2.5 0.00e+00 0.0 6.2e+01 1.8e+04 0.0e+00  0  0  0  0  0   0  0 33 67  0     0
VecScatterEnd          1 1.0 1.0872e-04 1.5 0.00e+00 0.0 0.0e+00 0.0e+00 0.0e+00  0  0  0  0  0   0  0  0  0  0     0
MatAssemblyBegin       2 1.0 1.0454e-0110.6 0.00e+00 0.0 0.0e+00 0.0e+00 4.0e+00  0  0  0  0  0  12  0  0  0 24     0
MatAssemblyEnd         2 1.0 2.9689e-02 1.0 0.00e+00 0.0 1.2e+02 4.6e+03 8.0e+00  0  0  0  0  0   4  0 67 33 47     0
SFSetGraph             1 1.0 1.1206e-05 2.0 0.00e+00 0.0 0.0e+00 0.0e+00 0.0e+00  0  0  0  0  0   0  0  0  0  0     0
SFReduceBegin          1 1.0 9.1386e-0411.1 0.00e+00 0.0 0.0e+00 0.0e+00 0.0e+00  0  0  0  0  0   0  0  0  0  0     0
SFReduceEnd            1 1.0 3.0994e-06 1.6 0.00e+00 0.0 0.0e+00 0.0e+00 0.0e+00  0  0  0  0  0   0  0  0  0  0     0
BuildSystem            1 1.0 6.6108e-01 1.0 0.00e+00 0.0 1.9e+02 9.2e+03 1.7e+01  0  0  0  0  0 100  0100100100     0

--- Event Stage 3: Solving

BuildTwoSided       1460 1.0 1.6331e+00 2.3 0.00e+00 0.0 1.4e+05 4.0e+00 0.0e+00  0  0  5  0  0   0  0  5  0  0     0
VecView             1461 1.0 2.0728e+01 1.0 0.00e+00 0.0 0.0e+00 0.0e+00 0.0e+00  3  0  0  0  0   4  0  0  0  0     0
VecTDot            58400 1.0 4.8008e+01 4.6 8.76e+09 1.1 0.0e+00 0.0e+00 5.8e+04  5  6  0  0 39   6  6  0  0 49  2433
VecNorm            30660 1.0 6.9691e+00 1.7 4.60e+09 1.1 0.0e+00 0.0e+00 3.1e+04  1  3  0  0 21   1  3  0  0 26  8799
VecCopy             2920 1.0 1.2098e+00 1.0 0.00e+00 0.0 0.0e+00 0.0e+00 0.0e+00  0  0  0  0  0   0  0  0  0  0     0
VecSet              8761 1.0 1.6702e+00 1.3 0.00e+00 0.0 0.0e+00 0.0e+00 0.0e+00  0  0  0  0  0   0  0  0  0  0     0
VecAXPY            59860 1.0 1.8080e+01 1.1 8.98e+09 1.1 0.0e+00 0.0e+00 0.0e+00  3  6  0  0  0   3  6  0  0  0  6622
VecAYPX            27740 1.0 7.6996e+00 1.1 4.16e+09 1.1 0.0e+00 0.0e+00 0.0e+00  1  3  0  0  0   1  3  0  0  0  7206
VecPointwiseMult   36500 1.0 1.1942e+01 1.1 2.52e+09 1.1 0.0e+00 0.0e+00 0.0e+00  2  2  0  0  0   2  2  0  0  0  2812
VecLoad                1 1.0 4.2675e-03 1.0 0.00e+00 0.0 0.0e+00 0.0e+00 0.0e+00  0  0  0  0  0   0  0  0  0  0     0
VecScatterBegin    37960 1.0 5.0972e+00 2.6 0.00e+00 0.0 1.8e+06 2.1e+04 0.0e+00  1  0 68 75  0   1  0 68 75  0     0
VecScatterEnd      37960 1.0 1.1235e+01 3.6 0.00e+00 0.0 0.0e+00 0.0e+00 0.0e+00  2  0  0  0  0   2  0  0  0  0     0
MatMult            29200 1.0 3.5998e+02 1.1 1.14e+11 1.1 1.8e+06 1.8e+04 0.0e+00 54 80 67 64  0  58 80 67 64  0  4212
MatCopy             1460 1.0 2.2621e+01 1.1 0.00e+00 0.0 0.0e+00 0.0e+00 0.0e+00  3  0  0  0  0   4  0  0  0  0     0
MatConvert             1 1.0 3.6686e-02 1.1 0.00e+00 0.0 0.0e+00 0.0e+00 0.0e+00  0  0  0  0  0   0  0  0  0  0     0
SFSetGraph          1460 1.0 1.7603e+00 1.1 0.00e+00 0.0 0.0e+00 0.0e+00 0.0e+00  0  0  0  0  0   0  0  0  0  0     0
SFReduceBegin       1460 1.0 2.0955e+00 1.8 0.00e+00 0.0 7.2e+05 4.6e+03 0.0e+00  0  0 26  6  0   0  0 26  6  0     0
SFReduceEnd         1460 1.0 2.2464e-01 1.6 0.00e+00 0.0 0.0e+00 0.0e+00 0.0e+00  0  0  0  0  0   0  0  0  0  0     0
SolveSystem            1 1.0 5.7646e+02 1.0 1.44e+11 1.1 2.7e+06 1.9e+04 1.2e+05 92100100100 79 100100100100100  3301
KSPSetUp            1460 1.0 7.7076e+00 2.8 0.00e+00 0.0 0.0e+00 0.0e+00 2.9e+03  1  0  0  0  2   1  0  0  0  2     0
KSPSolve            1460 1.0 4.3000e+02 1.0 1.43e+11 1.1 1.8e+06 1.8e+04 9.2e+04 68100 67 64 62  75100 67 64 78  4412
PCSetUp             1460 1.0 2.2120e-03 1.8 0.00e+00 0.0 0.0e+00 0.0e+00 0.0e+00  0  0  0  0  0   0  0  0  0  0     0
PCApply            30660 1.0 2.8438e+01 1.1 2.30e+09 1.1 0.0e+00 0.0e+00 2.9e+03  4  2  0  0  2   5  2  0  0  2  1078

--- Event Stage 4: Destroying obj

DestroyBC              1 1.0 4.9472e-04 1.9 0.00e+00 0.0 0.0e+00 0.0e+00 0.0e+00  0  0  0  0  0  37  0  0  0  0     0
DestroyProperties       1 1.0 8.1062e-06 1.3 0.00e+00 0.0 0.0e+00 0.0e+00 0.0e+00  0  0  0  0  0   1  0  0  0  0     0
DestroyGeometry        1 1.0 1.0920e-04 1.2 0.00e+00 0.0 0.0e+00 0.0e+00 0.0e+00  0  0  0  0  0   9  0  0  0  0     0
------------------------------------------------------------------------------------------------------------------------

Memory usage is given in bytes:

Object Type          Creations   Destructions     Memory  Descendants' Mem.
Reports information only for process 0.

--- Event Stage 0: Main Stage

              Viewer     1              0            0     0.

--- Event Stage 1: Loading Files

              Vector  5852              5      1208024     0.
      Vector Scatter     2              1       321072     0.
    Distributed Mesh     1              0            0     0.
Star Forest Bipartite Graph     2              0            0     0.
     Discrete System     1              0            0     0.
           Index Set  4387              4       929504     0.
   IS L to G Mapping     1              0            0     0.
   Application Order     1              0            0     0.
              Viewer     1              1          776     0.

--- Event Stage 2: Setting up

              Vector     4              3       657624     0.
      Vector Scatter     1              0            0     0.
              Matrix     3              0            0     0.
Star Forest Bipartite Graph     1              1          848     0.
           Index Set     2              2        27952     0.

--- Event Stage 3: Solving

              Vector 16063          11681   5508920464     0.
      Vector Scatter  5841           5841    496984848     0.
              Matrix     3              3     25879808     0.
Star Forest Bipartite Graph  1460           1460      1238080     0.
           Index Set  5840           5840      4531840     0.
              Viewer  1462           1462      1134512     0.
       Krylov Solver  1461           1461      1799880     0.
      Preconditioner  1460           1460      1238080     0.

--- Event Stage 4: Destroying obj

              Vector     0             11      2154096     0.
      Vector Scatter     0              1         1072     0.
              Matrix     0              3     25879804     0.
           Index Set     0              3        82328     0.
========================================================================================================================
Average time to get PetscTime(): 2.38419e-08
Average time for MPI_Barrier(): 2.76566e-06
Average time for zero size MPI_Send(): 3.40598e-06
#PETSc Option Table entries:
-Input_file_bc 100x100x100_bc.txt
-Input_file_gmtry 100x100x100_gmtry.txt
-Input_file_init_sol 100x100x100_Sol.h5
-Input_file_ppt 100x100x100_properties.txt
-Input_file_ppt_by_zones 100x100x100_zones.txt
-Input_type_bc 2
-Input_type_gmtry 2
-Input_type_init_sol 3
-Input_type_tplgy 0
-ksp_type cg
-log_view ascii:100x100x100_NP14_KSPcg_PCjacobi.log
-Output_type_ppt 3
-pc_type jacobi
-Project_name 100x100x100
-Run_options_scheme 2
-Run_options_time 1
#End of PETSc Option Table entries
Compiled without FORTRAN kernels
Compiled with full precision matrices (default)
sizeof(short) 2 sizeof(int) 4 sizeof(long) 8 sizeof(void*) 8 sizeof(PetscScalar) 8 sizeof(PetscInt) 4
Configure options: --with-shared-libraries --with-debugging=0 --with-mpi-dir=/MyLibs/MPICH/mpich-3.2/arch-centos-opt --with-cxx=0 --with-hdf5-dir=/MyLibs/HDF5/hdf5-1.8.17/arch-centos-parallel-opt/ PETSC_ARCH=arch-centos-opt-v3.7.2-mpich-v3.2-hdf5-v1.8.17 FOPTFLAGS="optimization flags" COPTFLAGS="optimization flags"
-----------------------------------------
Libraries compiled on Wed Aug 17 12:00:13 2016 on poroso-medellin-unal-edu-co 
Machine characteristics: Linux-3.10.0-327.28.2.el7.x86_64-x86_64-with-centos-7.2.1511-Core
Using PETSc directory: /MyLibs/PETSc
Using PETSc arch: arch-centos-opt-v3.7.2-mpich-v3.2-hdf5-v1.8.17
-----------------------------------------

Using C compiler: /MyLibs/MPICH/mpich-3.2/arch-centos-opt/bin/mpicc  -fPIC  -Wall -Wwrite-strings -Wno-strict-aliasing -Wno-unknown-pragmas -fvisibility=hidden  ${COPTFLAGS} ${CFLAGS}
Using Fortran compiler: /MyLibs/MPICH/mpich-3.2/arch-centos-opt/bin/mpif90  -fPIC -Wall -ffree-line-length-0 -Wno-unused-dummy-argument   ${FOPTFLAGS} ${FFLAGS} 
-----------------------------------------

Using include paths: -I/MyLibs/PETSc/arch-centos-opt-v3.7.2-mpich-v3.2-hdf5-v1.8.17/include -I/MyLibs/PETSc/include -I/MyLibs/PETSc/include -I/MyLibs/PETSc/arch-centos-opt-v3.7.2-mpich-v3.2-hdf5-v1.8.17/include -I/MyLibs/HDF5/hdf5-1.8.17/arch-centos-parallel-opt/include -I/MyLibs/MPICH/mpich-3.2/arch-centos-opt/include
-----------------------------------------

Using C linker: /MyLibs/MPICH/mpich-3.2/arch-centos-opt/bin/mpicc
Using Fortran linker: /MyLibs/MPICH/mpich-3.2/arch-centos-opt/bin/mpif90
Using libraries: -Wl,-rpath,/MyLibs/PETSc/arch-centos-opt-v3.7.2-mpich-v3.2-hdf5-v1.8.17/lib -L/MyLibs/PETSc/arch-centos-opt-v3.7.2-mpich-v3.2-hdf5-v1.8.17/lib -lpetsc -llapack -lblas -Wl,-rpath,/MyLibs/HDF5/hdf5-1.8.17/arch-centos-parallel-opt/lib -L/MyLibs/HDF5/hdf5-1.8.17/arch-centos-parallel-opt/lib -lhdf5hl_fortran -lhdf5_fortran -lhdf5_hl -lhdf5 -lpthread -lm -Wl,-rpath,/MyLibs/MPICH/mpich-3.2/arch-centos-opt/lib -L/MyLibs/MPICH/mpich-3.2/arch-centos-opt/lib -Wl,-rpath,/usr/lib/gcc/x86_64-redhat-linux/4.8.5 -L/usr/lib/gcc/x86_64-redhat-linux/4.8.5 -lmpifort -lgfortran -lm -lgfortran -lm -lquadmath -lm -Wl,-rpath,/MyLibs/MPICH/mpich-3.2/arch-centos-opt/lib -L/MyLibs/MPICH/mpich-3.2/arch-centos-opt/lib -Wl,-rpath,/usr/lib/gcc/x86_64-redhat-linux/4.8.5 -L/usr/lib/gcc/x86_64-redhat-linux/4.8.5 -ldl -Wl,-rpath,/MyLibs/MPICH/mpich-3.2/arch-centos-opt/lib -lmpi -lgcc_s -ldl 
-----------------------------------------

