************************************************************************************************************************
***             WIDEN YOUR WINDOW TO 120 CHARACTERS.  Use 'enscript -r -fCourier9' to print this document            ***
************************************************************************************************************************

---------------------------------------------- PETSc Performance Summary: ----------------------------------------------

../../src/ANISOFLOW                                                                                                                                                                                                                                             ˻d on a arch-centos-opt-v3.7.2-mpich-v3.2-hdf5-v1.8.17 named poroso-medellin-unal-edu-co with 32 processors, by sospinar Mon Oct 17 07:31:58 2016
Using Petsc Release Version 3.7.3, unknown 

                         Max       Max/Min        Avg      Total 
Time (sec):           5.932e+03      1.00000   5.932e+03
Objects:              4.385e+04      1.00000   4.385e+04
Flops:                7.504e+11      1.01096   7.463e+11  2.388e+13
Flops/sec:            1.265e+08      1.01096   1.258e+08  4.026e+09
MPI Messages:         8.976e+05      2.02792   6.544e+05  2.094e+07
MPI Message Lengths:  7.989e+10     10.11406   1.839e+04  3.851e+11
MPI Reductions:       1.979e+05      1.00000

Flop counting convention: 1 flop = 1 real number operation of type (multiply/divide/add/subtract)
                            e.g., VecAXPY() for real vectors of length N --> 2N flops
                            and VecAXPY() for complex vectors of length N --> 8N flops

Summary of Stages:   ----- Time ------  ----- Flops -----  --- Messages ---  -- Message Lengths --  -- Reductions --
                        Avg     %Total     Avg     %Total   counts   %Total     Avg         %Total   counts   %Total 
 0:      Main Stage: 6.7942e-03   0.0%  0.0000e+00   0.0%  0.000e+00   0.0%  0.000e+00        0.0%  0.000e+00   0.0% 
 1:   Loading Files: 4.0484e+02   6.8%  0.0000e+00   0.0%  2.350e+03   0.0%  1.184e+01        0.1%  3.069e+04  15.5% 
 2:      Setting up: 4.0536e+00   0.1%  0.0000e+00   0.0%  1.104e+03   0.0%  3.279e-01        0.0%  1.700e+01   0.0% 
 3:         Solving: 5.5226e+03  93.1%  2.3883e+13 100.0%  2.094e+07 100.0%  1.838e+04       99.9%  1.671e+05  84.5% 
 4:  Destroying obj: 1.4951e-02   0.0%  0.0000e+00   0.0%  0.000e+00   0.0%  0.000e+00        0.0%  0.000e+00   0.0% 

------------------------------------------------------------------------------------------------------------------------
See the 'Profiling' chapter of the users' manual for details on interpreting output.
Phase summary info:
   Count: number of times phase was executed
   Time and Flops: Max - maximum over all processors
                   Ratio - ratio of maximum to minimum over all processors
   Mess: number of messages sent
   Avg. len: average message length (bytes)
   Reduct: number of global reductions
   Global: entire computation
   Stage: stages of a computation. Set stages with PetscLogStagePush() and PetscLogStagePop().
      %T - percent time in this phase         %F - percent flops in this phase
      %M - percent messages in this phase     %L - percent message lengths in this phase
      %R - percent reductions in this phase
   Total Mflop/s: 10e-6 * (sum of flops over all processors)/(max time over all processors)
------------------------------------------------------------------------------------------------------------------------
Event                Count      Time (sec)     Flops                             --- Global ---  --- Stage ---   Total
                   Max Ratio  Max     Ratio   Max  Ratio  Mess   Avg len Reduct  %T %F %M %L %R  %T %F %M %L %R Mflop/s
------------------------------------------------------------------------------------------------------------------------

--- Event Stage 0: Main Stage


--- Event Stage 1: Loading Files

GetGeometry            1 1.0 6.8518e-02 1.1 0.00e+00 0.0 7.4e+02 3.1e+03 1.3e+01  0  0  0  0  0   0  0 31  1  0     0
VecView                1 1.0 1.1091e-01 1.0 0.00e+00 0.0 0.0e+00 0.0e+00 0.0e+00  0  0  0  0  0   0  0  0  0  0     0
VecMax                 2 1.0 4.7092e-03 1.6 0.00e+00 0.0 0.0e+00 0.0e+00 0.0e+00  0  0  0  0  0   0  0  0  0  0     0
VecCopy                2 1.0 8.1964e-03 2.6 0.00e+00 0.0 0.0e+00 0.0e+00 0.0e+00  0  0  0  0  0   0  0  0  0  0     0
VecSet                 8 1.0 2.0920e-02 1.4 0.00e+00 0.0 0.0e+00 0.0e+00 0.0e+00  0  0  0  0  0   0  0  0  0  0     0
VecAssemblyBegin    5845 1.0 8.3296e+0017.4 0.00e+00 0.0 6.2e+01 1.5e+06 1.8e+04  0  0  0  0  9   2  0  3 38 57     0
VecAssemblyEnd      5845 1.0 4.8957e-02 5.0 0.00e+00 0.0 0.0e+00 0.0e+00 0.0e+00  0  0  0  0  0   0  0  0  0  0     0
VecScatterBegin        2 1.0 2.0642e-02 1.4 0.00e+00 0.0 5.9e+02 1.0e+05 0.0e+00  0  0  0  0  0   0  0 25 24  0     0
VecScatterEnd          2 1.0 1.9865e-02 2.4 0.00e+00 0.0 0.0e+00 0.0e+00 0.0e+00  0  0  0  0  0   0  0  0  0  0     0
GetProrperties         1 1.0 9.1750e+00 1.0 0.00e+00 0.0 1.6e+03 1.5e+05 2.1e+01  0  0  0  0  0   2  0 69 99  0     0
GetConductivity        1 1.0 4.2717e-03 1.9 0.00e+00 0.0 0.0e+00 0.0e+00 0.0e+00  0  0  0  0  0   0  0  0  0  0     0
GetSpecificStorage       1 1.0 1.1674e-02 1.0 0.00e+00 0.0 0.0e+00 0.0e+00 2.0e+00  0  0  0  0  0   0  0  0  0  0     0
GetBC                  1 1.0 3.9561e+02 1.0 0.00e+00 0.0 0.0e+00 0.0e+00 3.1e+04  7  0  0  0 15  98  0  0  0100     0

--- Event Stage 2: Setting up

BuildTwoSided          1 1.0 2.1770e-0337.7 0.00e+00 0.0 0.0e+00 0.0e+00 0.0e+00  0  0  0  0  0   0  0  0  0  0     0
VecSet                 2 1.0 1.0467e-04 2.2 0.00e+00 0.0 0.0e+00 0.0e+00 0.0e+00  0  0  0  0  0   0  0  0  0  0     0
VecScatterBegin        1 1.0 6.5446e-04 1.7 0.00e+00 0.0 3.7e+02 1.2e+04 0.0e+00  0  0  0  0  0   0  0 33 67  0     0
VecScatterEnd          1 1.0 1.1578e-03 8.0 0.00e+00 0.0 0.0e+00 0.0e+00 0.0e+00  0  0  0  0  0   0  0  0  0  0     0
MatAssemblyBegin       2 1.0 2.0327e-01 8.0 0.00e+00 0.0 0.0e+00 0.0e+00 4.0e+00  0  0  0  0  0   4  0  0  0 24     0
MatAssemblyEnd         2 1.0 1.3997e-01 1.0 0.00e+00 0.0 7.4e+02 3.1e+03 8.0e+00  0  0  0  0  0   3  0 67 33 47     0
SFSetGraph             1 1.0 1.6451e-05 2.2 0.00e+00 0.0 0.0e+00 0.0e+00 0.0e+00  0  0  0  0  0   0  0  0  0  0     0
SFReduceBegin          1 1.0 2.2964e-0316.8 0.00e+00 0.0 0.0e+00 0.0e+00 0.0e+00  0  0  0  0  0   0  0  0  0  0     0
SFReduceEnd            1 1.0 4.2915e-06 2.2 0.00e+00 0.0 0.0e+00 0.0e+00 0.0e+00  0  0  0  0  0   0  0  0  0  0     0
BuildSystem            1 1.0 4.0539e+00 1.0 0.00e+00 0.0 1.1e+03 6.2e+03 1.7e+01  0  0  0  0  0 100  0100100100     0

--- Event Stage 3: Solving

BuildTwoSided       1460 1.0 1.1818e+0120.9 0.00e+00 0.0 7.5e+05 4.0e+00 0.0e+00  0  0  4  0  0   0  0  4  0  0     0
VecView             1461 1.0 1.7521e+02 1.0 0.00e+00 0.0 0.0e+00 0.0e+00 0.0e+00  3  0  0  0  0   3  0  0  0  0     0
VecTDot            90986 1.0 3.8784e+02 1.5 4.55e+10 1.0 0.0e+00 0.0e+00 9.1e+04  5  6  0  0 46   6  6  0  0 54  3754
VecNorm            46953 1.0 9.6658e+01 1.1 2.35e+10 1.0 0.0e+00 0.0e+00 4.7e+04  2  3  0  0 24   2  3  0  0 28  7772
VecCopy             2920 1.0 9.9973e+00 1.8 0.00e+00 0.0 0.0e+00 0.0e+00 0.0e+00  0  0  0  0  0   0  0  0  0  0     0
VecSet              8761 1.0 1.2072e+01 1.5 0.00e+00 0.0 0.0e+00 0.0e+00 0.0e+00  0  0  0  0  0   0  0  0  0  0     0
VecAXPY            92446 1.0 3.7355e+02 1.0 4.62e+10 1.0 0.0e+00 0.0e+00 0.0e+00  6  6  0  0  0   7  6  0  0  0  3960
VecAYPX            44033 1.0 1.7271e+02 1.0 2.20e+10 1.0 0.0e+00 0.0e+00 0.0e+00  3  3  0  0  0   3  3  0  0  0  4079
VecPointwiseMult   52793 1.0 2.9789e+02 1.0 1.25e+10 1.0 0.0e+00 0.0e+00 0.0e+00  5  2  0  0  0   5  2  0  0  0  1339
VecLoad                1 1.0 4.5228e-03 1.1 0.00e+00 0.0 0.0e+00 0.0e+00 0.0e+00  0  0  0  0  0   0  0  0  0  0     0
VecScatterBegin    54253 1.0 8.9793e+01 3.0 0.00e+00 0.0 1.7e+07 1.6e+04 0.0e+00  1  0 80 69  0   1  0 80 69  0     0
VecScatterEnd      54253 1.0 1.4862e+02 4.8 0.00e+00 0.0 0.0e+00 0.0e+00 0.0e+00  2  0  0  0  0   3  0  0  0  0     0
MatMult            45493 1.0 2.7937e+03 1.0 6.01e+11 1.0 1.7e+07 1.2e+04 0.0e+00 46 80 80 54  0  50 80 80 54  0  6834
MatCopy             1460 1.0 1.2352e+02 1.0 0.00e+00 0.0 0.0e+00 0.0e+00 0.0e+00  2  0  0  0  0   2  0  0  0  0     0
MatConvert             1 1.0 2.2312e-01 1.1 0.00e+00 0.0 0.0e+00 0.0e+00 0.0e+00  0  0  0  0  0   0  0  0  0  0     0
SFSetGraph          1460 1.0 1.0928e+01 1.0 0.00e+00 0.0 0.0e+00 0.0e+00 0.0e+00  0  0  0  0  0   0  0  0  0  0     0
SFReduceBegin       1460 1.0 1.7267e+01 2.8 0.00e+00 0.0 3.7e+06 8.0e+03 0.0e+00  0  0 18  8  0   0  0 18  8  0     0
SFReduceEnd         1460 1.0 1.7969e+00 1.1 0.00e+00 0.0 0.0e+00 0.0e+00 0.0e+00  0  0  0  0  0   0  0  0  0  0     0
SolveSystem            1 1.0 5.5226e+03 1.0 7.50e+11 1.0 2.1e+07 1.8e+04 1.7e+05 93100100100 84 100100100100100  4325
KSPSetUp            1460 1.0 2.0387e+01 1.7 0.00e+00 0.0 0.0e+00 0.0e+00 2.9e+03  0  0  0  0  1   0  0  0  0  2     0
KSPSolve            1460 1.0 4.0732e+03 1.0 7.49e+11 1.0 1.7e+07 1.2e+04 1.4e+05 69100 80 54 71  74100 80 54 84  5852
PCSetUp             1460 1.0 3.1397e-03 2.6 0.00e+00 0.0 0.0e+00 0.0e+00 0.0e+00  0  0  0  0  0   0  0  0  0  0     0
PCApply            46953 1.0 3.7390e+02 1.0 1.17e+10 1.0 0.0e+00 0.0e+00 2.9e+03  6  2  0  0  1   7  2  0  0  2  1005

--- Event Stage 4: Destroying obj

DestroyBC              1 1.0 2.1095e-03 1.9 0.00e+00 0.0 0.0e+00 0.0e+00 0.0e+00  0  0  0  0  0  10  0  0  0  0     0
DestroyProperties       1 1.0 2.3675e-0418.4 0.00e+00 0.0 0.0e+00 0.0e+00 0.0e+00  0  0  0  0  0   0  0  0  0  0     0
DestroyGeometry        1 1.0 2.7964e-0323.4 0.00e+00 0.0 0.0e+00 0.0e+00 0.0e+00  0  0  0  0  0  15  0  0  0  0     0
------------------------------------------------------------------------------------------------------------------------

Memory usage is given in bytes:

Object Type          Creations   Destructions     Memory  Descendants' Mem.
Reports information only for process 0.

--- Event Stage 0: Main Stage

              Viewer     1              0            0     0.

--- Event Stage 1: Loading Files

              Vector  5852              5      4008024     0.
      Vector Scatter     2              1       261072     0.
    Distributed Mesh     1              0            0     0.
Star Forest Bipartite Graph     2              0            0     0.
     Discrete System     1              0            0     0.
           Index Set  4387              4      3053908     0.
   IS L to G Mapping     1              0            0     0.
   Application Order     1              0            0     0.
              Viewer     1              1          776     0.

--- Event Stage 2: Setting up

              Vector     4              3      2106432     0.
      Vector Scatter     1              0            0     0.
              Matrix     3              0            0     0.
Star Forest Bipartite Graph     1              1          848     0.
           Index Set     2              2        52356     0.

--- Event Stage 3: Solving

              Vector 16063          11681  18473769272     0.
      Vector Scatter  5841           5841   1875061552     0.
              Matrix     3              3     87717144     0.
Star Forest Bipartite Graph  1460           1460      1238080     0.
           Index Set  5840           5840      4531840     0.
              Viewer  1462           1462      1134512     0.
       Krylov Solver  1461           1461      1799880     0.
      Preconditioner  1460           1460      1238080     0.

--- Event Stage 4: Destroying obj

              Vector     0             11      6970424     0.
      Vector Scatter     0              1         1072     0.
              Matrix     0              3     87717140     0.
           Index Set     0              3       322328     0.
========================================================================================================================
Average time to get PetscTime(): 7.15256e-08
Average time for MPI_Barrier(): 5.48363e-06
Average time for zero size MPI_Send(): 0.00121934
#PETSc Option Table entries:
-Input_file_bc 200x200x200_bc.txt
-Input_file_gmtry 200x200x200_gmtry.txt
-Input_file_init_sol 200x200x200_Sol.h5
-Input_file_ppt 200x200x200_properties.txt
-Input_file_ppt_by_zones 200x200x200_zones.txt
-Input_type_bc 2
-Input_type_gmtry 2
-Input_type_init_sol 3
-Input_type_tplgy 0
-ksp_type cg
-log_view ascii:200x200x200_NP32_KSPcg_PCjacobi.log
-Output_type_ppt 3
-pc_type jacobi
-Project_name 200x200x200
-Run_options_scheme 2
-Run_options_time 1
#End of PETSc Option Table entries
Compiled without FORTRAN kernels
Compiled with full precision matrices (default)
sizeof(short) 2 sizeof(int) 4 sizeof(long) 8 sizeof(void*) 8 sizeof(PetscScalar) 8 sizeof(PetscInt) 4
Configure options: --with-shared-libraries --with-debugging=0 --with-mpi-dir=/MyLibs/MPICH/mpich-3.2/arch-centos-opt --with-cxx=0 --with-hdf5-dir=/MyLibs/HDF5/hdf5-1.8.17/arch-centos-parallel-opt/ PETSC_ARCH=arch-centos-opt-v3.7.2-mpich-v3.2-hdf5-v1.8.17 FOPTFLAGS="optimization flags" COPTFLAGS="optimization flags"
-----------------------------------------
Libraries compiled on Wed Aug 17 12:00:13 2016 on poroso-medellin-unal-edu-co 
Machine characteristics: Linux-3.10.0-327.28.2.el7.x86_64-x86_64-with-centos-7.2.1511-Core
Using PETSc directory: /MyLibs/PETSc
Using PETSc arch: arch-centos-opt-v3.7.2-mpich-v3.2-hdf5-v1.8.17
-----------------------------------------

Using C compiler: /MyLibs/MPICH/mpich-3.2/arch-centos-opt/bin/mpicc  -fPIC  -Wall -Wwrite-strings -Wno-strict-aliasing -Wno-unknown-pragmas -fvisibility=hidden  ${COPTFLAGS} ${CFLAGS}
Using Fortran compiler: /MyLibs/MPICH/mpich-3.2/arch-centos-opt/bin/mpif90  -fPIC -Wall -ffree-line-length-0 -Wno-unused-dummy-argument   ${FOPTFLAGS} ${FFLAGS} 
-----------------------------------------

Using include paths: -I/MyLibs/PETSc/arch-centos-opt-v3.7.2-mpich-v3.2-hdf5-v1.8.17/include -I/MyLibs/PETSc/include -I/MyLibs/PETSc/include -I/MyLibs/PETSc/arch-centos-opt-v3.7.2-mpich-v3.2-hdf5-v1.8.17/include -I/MyLibs/HDF5/hdf5-1.8.17/arch-centos-parallel-opt/include -I/MyLibs/MPICH/mpich-3.2/arch-centos-opt/include
-----------------------------------------

Using C linker: /MyLibs/MPICH/mpich-3.2/arch-centos-opt/bin/mpicc
Using Fortran linker: /MyLibs/MPICH/mpich-3.2/arch-centos-opt/bin/mpif90
Using libraries: -Wl,-rpath,/MyLibs/PETSc/arch-centos-opt-v3.7.2-mpich-v3.2-hdf5-v1.8.17/lib -L/MyLibs/PETSc/arch-centos-opt-v3.7.2-mpich-v3.2-hdf5-v1.8.17/lib -lpetsc -llapack -lblas -Wl,-rpath,/MyLibs/HDF5/hdf5-1.8.17/arch-centos-parallel-opt/lib -L/MyLibs/HDF5/hdf5-1.8.17/arch-centos-parallel-opt/lib -lhdf5hl_fortran -lhdf5_fortran -lhdf5_hl -lhdf5 -lpthread -lm -Wl,-rpath,/MyLibs/MPICH/mpich-3.2/arch-centos-opt/lib -L/MyLibs/MPICH/mpich-3.2/arch-centos-opt/lib -Wl,-rpath,/usr/lib/gcc/x86_64-redhat-linux/4.8.5 -L/usr/lib/gcc/x86_64-redhat-linux/4.8.5 -lmpifort -lgfortran -lm -lgfortran -lm -lquadmath -lm -Wl,-rpath,/MyLibs/MPICH/mpich-3.2/arch-centos-opt/lib -L/MyLibs/MPICH/mpich-3.2/arch-centos-opt/lib -Wl,-rpath,/usr/lib/gcc/x86_64-redhat-linux/4.8.5 -L/usr/lib/gcc/x86_64-redhat-linux/4.8.5 -ldl -Wl,-rpath,/MyLibs/MPICH/mpich-3.2/arch-centos-opt/lib -lmpi -lgcc_s -ldl 
-----------------------------------------

