************************************************************************************************************************
***             WIDEN YOUR WINDOW TO 120 CHARACTERS.  Use 'enscript -r -fCourier9' to print this document            ***
************************************************************************************************************************

---------------------------------------------- PETSc Performance Summary: ----------------------------------------------

../../src/ANISOFLOW                                                                                                                                                                                                                                             ˻d on a arch-centos-opt-v3.7.2-mpich-v3.2-hdf5-v1.8.17 named poroso-medellin-unal-edu-co with 5 processors, by sospinar Sat Oct 15 17:18:09 2016
Using Petsc Release Version 3.7.3, unknown 

                         Max       Max/Min        Avg      Total 
Time (sec):           3.820e+01      1.00001   3.820e+01
Objects:              9.349e+04      1.00000   9.349e+04
Flops:                1.381e+10      1.03063   1.364e+10  6.821e+10
Flops/sec:            3.615e+08      1.03063   3.572e+08  1.786e+09
MPI Messages:         1.026e+05      1.60108   9.270e+04  4.635e+05
MPI Message Lengths:  4.362e+08      1.78972   4.175e+03  1.935e+09
MPI Reductions:       1.352e+05      1.00000

Flop counting convention: 1 flop = 1 real number operation of type (multiply/divide/add/subtract)
                            e.g., VecAXPY() for real vectors of length N --> 2N flops
                            and VecAXPY() for complex vectors of length N --> 8N flops

Summary of Stages:   ----- Time ------  ----- Flops -----  --- Messages ---  -- Message Lengths --  -- Reductions --
                        Avg     %Total     Avg     %Total   counts   %Total     Avg         %Total   counts   %Total 
 0:      Main Stage: 1.4963e-04   0.0%  0.0000e+00   0.0%  0.000e+00   0.0%  0.000e+00        0.0%  0.000e+00   0.0% 
 1:   Loading Files: 2.8766e+00   7.5%  0.0000e+00   0.0%  4.200e+01   0.0%  7.228e-01        0.0%  3.069e+04  22.7% 
 2:      Setting up: 2.5197e-02   0.1%  0.0000e+00   0.0%  2.400e+01   0.0%  1.295e-01        0.0%  1.700e+01   0.0% 
 3:         Solving: 3.5294e+01  92.4%  6.8210e+10 100.0%  4.635e+05 100.0%  4.174e+03      100.0%  1.045e+05  77.3% 
 4:  Destroying obj: 4.3502e-04   0.0%  0.0000e+00   0.0%  0.000e+00   0.0%  0.000e+00        0.0%  0.000e+00   0.0% 

------------------------------------------------------------------------------------------------------------------------
See the 'Profiling' chapter of the users' manual for details on interpreting output.
Phase summary info:
   Count: number of times phase was executed
   Time and Flops: Max - maximum over all processors
                   Ratio - ratio of maximum to minimum over all processors
   Mess: number of messages sent
   Avg. len: average message length (bytes)
   Reduct: number of global reductions
   Global: entire computation
   Stage: stages of a computation. Set stages with PetscLogStagePush() and PetscLogStagePop().
      %T - percent time in this phase         %F - percent flops in this phase
      %M - percent messages in this phase     %L - percent message lengths in this phase
      %R - percent reductions in this phase
   Total Mflop/s: 10e-6 * (sum of flops over all processors)/(max time over all processors)
------------------------------------------------------------------------------------------------------------------------
Event                Count      Time (sec)     Flops                             --- Global ---  --- Stage ---   Total
                   Max Ratio  Max     Ratio   Max  Ratio  Mess   Avg len Reduct  %T %F %M %L %R  %T %F %M %L %R Mflop/s
------------------------------------------------------------------------------------------------------------------------

--- Event Stage 0: Main Stage


--- Event Stage 1: Loading Files

GetGeometry            1 1.0 3.3302e-03 1.0 0.00e+00 0.0 1.6e+01 1.3e+03 1.3e+01  0  0  0  0  0   0  0 38  6  0     0
VecView                1 1.0 2.1043e-03 1.1 0.00e+00 0.0 0.0e+00 0.0e+00 0.0e+00  0  0  0  0  0   0  0  0  0  0     0
VecMax                 2 1.0 6.0558e-05 2.3 0.00e+00 0.0 0.0e+00 0.0e+00 0.0e+00  0  0  0  0  0   0  0  0  0  0     0
VecCopy                2 1.0 1.1921e-05 2.1 0.00e+00 0.0 0.0e+00 0.0e+00 0.0e+00  0  0  0  0  0   0  0  0  0  0     0
VecSet                 8 1.0 1.2517e-04 1.8 0.00e+00 0.0 0.0e+00 0.0e+00 0.0e+00  0  0  0  0  0   0  0  0  0  0     0
VecAssemblyBegin    5845 1.0 5.7248e-02 1.2 0.00e+00 0.0 8.0e+00 1.9e+04 1.8e+04  0  0  0  0 13   2  0 19 45 57     0
VecAssemblyEnd      5845 1.0 2.2438e-03 1.2 0.00e+00 0.0 0.0e+00 0.0e+00 0.0e+00  0  0  0  0  0   0  0  0  0  0     0
VecScatterBegin        2 1.0 7.6771e-05 3.0 0.00e+00 0.0 8.0e+00 5.0e+03 0.0e+00  0  0  0  0  0   0  0 19 12  0     0
VecScatterEnd          2 1.0 5.2452e-05 8.8 0.00e+00 0.0 0.0e+00 0.0e+00 0.0e+00  0  0  0  0  0   0  0  0  0  0     0
GetProrperties         1 1.0 1.4780e-02 1.0 0.00e+00 0.0 2.6e+01 1.2e+04 2.1e+01  0  0  0  0  0   1  0 62 94  0     0
GetConductivity        1 1.0 1.8048e-04 2.0 0.00e+00 0.0 0.0e+00 0.0e+00 0.0e+00  0  0  0  0  0   0  0  0  0  0     0
GetSpecificStorage       1 1.0 2.9373e-04 1.5 0.00e+00 0.0 0.0e+00 0.0e+00 2.0e+00  0  0  0  0  0   0  0  0  0  0     0
GetBC                  1 1.0 2.8585e+00 1.0 0.00e+00 0.0 0.0e+00 0.0e+00 3.1e+04  7  0  0  0 23  99  0  0  0100     0

--- Event Stage 2: Setting up

BuildTwoSided          1 1.0 5.2452e-05 1.2 0.00e+00 0.0 0.0e+00 0.0e+00 0.0e+00  0  0  0  0  0   0  0  0  0  0     0
VecSet                 2 1.0 4.0531e-06 3.4 0.00e+00 0.0 0.0e+00 0.0e+00 0.0e+00  0  0  0  0  0   0  0  0  0  0     0
VecScatterBegin        1 1.0 8.8215e-06 1.9 0.00e+00 0.0 8.0e+00 5.0e+03 0.0e+00  0  0  0  0  0   0  0 33 67  0     0
VecScatterEnd          1 1.0 1.0014e-05 2.0 0.00e+00 0.0 0.0e+00 0.0e+00 0.0e+00  0  0  0  0  0   0  0  0  0  0     0
MatAssemblyBegin       2 1.0 8.1015e-0416.3 0.00e+00 0.0 0.0e+00 0.0e+00 4.0e+00  0  0  0  0  0   2  0  0  0 24     0
MatAssemblyEnd         2 1.0 1.7841e-03 1.2 0.00e+00 0.0 1.6e+01 1.3e+03 8.0e+00  0  0  0  0  0   6  0 67 33 47     0
SFSetGraph             1 1.0 6.9141e-06 1.5 0.00e+00 0.0 0.0e+00 0.0e+00 0.0e+00  0  0  0  0  0   0  0  0  0  0     0
SFReduceBegin          1 1.0 8.1778e-05 1.1 0.00e+00 0.0 0.0e+00 0.0e+00 0.0e+00  0  0  0  0  0   0  0  0  0  0     0
SFReduceEnd            1 1.0 2.6226e-06 1.6 0.00e+00 0.0 0.0e+00 0.0e+00 0.0e+00  0  0  0  0  0   0  0  0  0  0     0
BuildSystem            1 1.0 2.5184e-02 1.0 0.00e+00 0.0 2.4e+01 2.5e+03 1.7e+01  0  0  0  0  0 100  0100100100     0

--- Event Stage 3: Solving

BuildTwoSided       1460 1.0 8.6397e-02 2.4 0.00e+00 0.0 1.8e+04 4.0e+00 0.0e+00  0  0  4  0  0   0  0  4  0  0     0
VecView             1461 1.0 1.2206e+00 1.1 0.00e+00 0.0 0.0e+00 0.0e+00 0.0e+00  3  0  0  0  0   3  0  0  0  0     0
VecMDot            21592 1.0 3.2293e+00 2.1 6.29e+08 1.0 0.0e+00 0.0e+00 2.2e+04  7  5  0  0 16   8  5  0  0 21   974
VecNorm            24512 1.0 7.1057e-01 2.2 1.53e+08 1.0 0.0e+00 0.0e+00 2.5e+04  2  1  0  0 18   2  1  0  0 23  1078
VecScale           24512 1.0 4.6627e-02 1.1 7.66e+07 1.0 0.0e+00 0.0e+00 0.0e+00  0  1  0  0  0   0  1  0  0  0  8214
VecCopy            11372 1.0 2.8982e-02 1.1 0.00e+00 0.0 0.0e+00 0.0e+00 0.0e+00  0  0  0  0  0   0  0  0  0  0     0
VecSet             28585 1.0 5.0522e-02 1.1 0.00e+00 0.0 0.0e+00 0.0e+00 0.0e+00  0  0  0  0  0   0  0  0  0  0     0
VecAXPY             4380 1.0 1.2746e-02 1.1 2.74e+07 1.0 0.0e+00 0.0e+00 0.0e+00  0  0  0  0  0   0  0  0  0  0 10739
VecAYPX            25356 1.0 2.9731e-01 1.1 1.06e+08 1.0 0.0e+00 0.0e+00 0.0e+00  1  1  0  0  0   1  1  0  0  0  1777
VecAXPBYCZ         16904 1.0 2.4506e-01 1.1 2.64e+08 1.0 0.0e+00 0.0e+00 0.0e+00  1  2  0  0  0   1  2  0  0  0  5389
VecMAXPY           24512 1.0 6.9632e-01 1.1 7.64e+08 1.0 0.0e+00 0.0e+00 0.0e+00  2  6  0  0  0   2  6  0  0  0  5487
VecPointwiseMult    5840 1.0 3.6591e-02 1.1 9.12e+06 1.0 0.0e+00 0.0e+00 0.0e+00  0  0  0  0  0   0  0  0  0  0  1247
VecLoad                1 1.0 2.3198e-04 1.0 0.00e+00 0.0 0.0e+00 0.0e+00 0.0e+00  0  0  0  0  0   0  0  0  0  0     0
VecScatterBegin    47256 1.0 2.6003e-01 1.8 0.00e+00 0.0 3.2e+05 5.2e+03 0.0e+00  1  0 69 86  0   1  0 69 86  0     0
VecScatterEnd      47256 1.0 6.2272e-01 4.4 0.00e+00 0.0 0.0e+00 0.0e+00 0.0e+00  1  0  0  0  0   1  0  0  0  0     0
VecNormalize       24512 1.0 7.7156e-01 2.0 2.30e+08 1.0 0.0e+00 0.0e+00 2.5e+04  2  2  0  0 18   2  2  0  0 23  1489
MatMult            38496 1.0 1.2484e+01 1.1 6.03e+09 1.1 3.1e+05 5.0e+03 0.0e+00 32 43 66 80  0  35 43 66 80  0  2351
MatSOR             41416 1.0 1.4037e+01 1.1 5.74e+09 1.0 0.0e+00 0.0e+00 0.0e+00 34 42  0  0  0  37 42  0  0  0  2046
MatCopy             1460 1.0 8.7954e-02 1.0 0.00e+00 0.0 0.0e+00 0.0e+00 0.0e+00  0  0  0  0  0   0  0  0  0  0     0
MatConvert             1 1.0 6.8641e-04 1.4 0.00e+00 0.0 0.0e+00 0.0e+00 0.0e+00  0  0  0  0  0   0  0  0  0  0     0
SFSetGraph          1460 1.0 1.0524e-01 1.1 0.00e+00 0.0 0.0e+00 0.0e+00 0.0e+00  0  0  0  0  0   0  0  0  0  0     0
SFReduceBegin       1460 1.0 1.1944e-01 1.7 0.00e+00 0.0 9.1e+04 8.0e+02 0.0e+00  0  0 20  4  0   0  0 20  4  0     0
SFReduceEnd         1460 1.0 1.3801e-02 1.2 0.00e+00 0.0 0.0e+00 0.0e+00 0.0e+00  0  0  0  0  0   0  0  0  0  0     0
SolveSystem            1 1.0 3.5294e+01 1.0 1.38e+10 1.0 4.6e+05 4.2e+03 1.0e+05 92100100100 77 100100100100100  1933
KSPGMRESOrthog     21592 1.0 3.7646e+00 1.8 1.26e+09 1.0 0.0e+00 0.0e+00 2.2e+04  9  9  0  0 16   9  9  0  0 21  1671
KSPSetUp            4380 1.0 2.4630e-01 1.5 0.00e+00 0.0 0.0e+00 0.0e+00 5.8e+03  1  0  0  0  4   1  0  0  0  6     0
KSPSolve            1460 1.0 3.0454e+01 1.0 1.38e+10 1.0 3.1e+05 5.0e+03 7.5e+04 80100 66 80 56  86100 66 80 72  2237
PCSetUp             1460 1.0 2.5473e-01 1.0 0.00e+00 0.0 0.0e+00 0.0e+00 2.9e+03  1  0  0  0  2   1  0  0  0  3     0
PCApply             8452 1.0 2.6846e+01 1.0 1.23e+10 1.0 2.5e+05 5.0e+03 3.1e+04 68 89 54 65 23  74 89 54 65 29  2267

--- Event Stage 4: Destroying obj

DestroyBC              1 1.0 4.0674e-04 1.2 0.00e+00 0.0 0.0e+00 0.0e+00 0.0e+00  0  0  0  0  0  85  0  0  0  0     0
DestroyProperties       1 1.0 7.8678e-06 1.3 0.00e+00 0.0 0.0e+00 0.0e+00 0.0e+00  0  0  0  0  0   2  0  0  0  0     0
DestroyGeometry        1 1.0 1.3828e-05 1.1 0.00e+00 0.0 0.0e+00 0.0e+00 0.0e+00  0  0  0  0  0   3  0  0  0  0     0
------------------------------------------------------------------------------------------------------------------------

Memory usage is given in bytes:

Object Type          Creations   Destructions     Memory  Descendants' Mem.
Reports information only for process 0.

--- Event Stage 0: Main Stage

              Viewer     1              0            0     0.

--- Event Stage 1: Loading Files

              Vector  5852              5        58024     0.
      Vector Scatter     2              1        26072     0.
    Distributed Mesh     1              0            0     0.
Star Forest Bipartite Graph     2              0            0     0.
     Discrete System     1              0            0     0.
           Index Set  4387              4        43104     0.
   IS L to G Mapping     1              0            0     0.
   Application Order     1              0            0     0.
              Viewer     1              1          776     0.

--- Event Stage 2: Setting up

              Vector     4              3        34824     0.
      Vector Scatter     1              0            0     0.
              Matrix     3              0            0     0.
Star Forest Bipartite Graph     1              1          848     0.
           Index Set     2              2         4052     0.

--- Event Stage 3: Solving

              Vector 59863          55481   1420055064     0.
      Vector Scatter  5841           5841     35519872     0.
              Matrix     3              3      1006924     0.
Star Forest Bipartite Graph  1460           1460      1238080     0.
           Index Set  5840           5840      4531840     0.
              Viewer  1462           1462      1134512     0.
       Krylov Solver  4381           4381     72849320     0.
      Preconditioner  4380           4380      3936160     0.

--- Event Stage 4: Destroying obj

              Vector     0             11       123976     0.
      Vector Scatter     0              1         1072     0.
              Matrix     0              3      1081920     0.
           Index Set     0              3         7328     0.
========================================================================================================================
Average time to get PetscTime(): 4.76837e-08
Average time for MPI_Barrier(): 2.28882e-06
Average time for zero size MPI_Send(): 3.09944e-06
#PETSc Option Table entries:
-Input_file_bc 25x25x25_bc.txt
-Input_file_gmtry 25x25x25_gmtry.txt
-Input_file_init_sol 25x25x25_Sol.h5
-Input_file_ppt 25x25x25_properties.txt
-Input_file_ppt_by_zones 25x25x25_zones.txt
-Input_type_bc 2
-Input_type_gmtry 2
-Input_type_init_sol 3
-Input_type_tplgy 0
-ksp_type gmres
-log_view ascii:25x25x25_NP5_KSPgmres_PCmg.log
-Output_type_ppt 3
-pc_type mg
-Project_name 25x25x25
-Run_options_scheme 2
-Run_options_time 1
#End of PETSc Option Table entries
Compiled without FORTRAN kernels
Compiled with full precision matrices (default)
sizeof(short) 2 sizeof(int) 4 sizeof(long) 8 sizeof(void*) 8 sizeof(PetscScalar) 8 sizeof(PetscInt) 4
Configure options: --with-shared-libraries --with-debugging=0 --with-mpi-dir=/MyLibs/MPICH/mpich-3.2/arch-centos-opt --with-cxx=0 --with-hdf5-dir=/MyLibs/HDF5/hdf5-1.8.17/arch-centos-parallel-opt/ PETSC_ARCH=arch-centos-opt-v3.7.2-mpich-v3.2-hdf5-v1.8.17 FOPTFLAGS="optimization flags" COPTFLAGS="optimization flags"
-----------------------------------------
Libraries compiled on Wed Aug 17 12:00:13 2016 on poroso-medellin-unal-edu-co 
Machine characteristics: Linux-3.10.0-327.28.2.el7.x86_64-x86_64-with-centos-7.2.1511-Core
Using PETSc directory: /MyLibs/PETSc
Using PETSc arch: arch-centos-opt-v3.7.2-mpich-v3.2-hdf5-v1.8.17
-----------------------------------------

Using C compiler: /MyLibs/MPICH/mpich-3.2/arch-centos-opt/bin/mpicc  -fPIC  -Wall -Wwrite-strings -Wno-strict-aliasing -Wno-unknown-pragmas -fvisibility=hidden  ${COPTFLAGS} ${CFLAGS}
Using Fortran compiler: /MyLibs/MPICH/mpich-3.2/arch-centos-opt/bin/mpif90  -fPIC -Wall -ffree-line-length-0 -Wno-unused-dummy-argument   ${FOPTFLAGS} ${FFLAGS} 
-----------------------------------------

Using include paths: -I/MyLibs/PETSc/arch-centos-opt-v3.7.2-mpich-v3.2-hdf5-v1.8.17/include -I/MyLibs/PETSc/include -I/MyLibs/PETSc/include -I/MyLibs/PETSc/arch-centos-opt-v3.7.2-mpich-v3.2-hdf5-v1.8.17/include -I/MyLibs/HDF5/hdf5-1.8.17/arch-centos-parallel-opt/include -I/MyLibs/MPICH/mpich-3.2/arch-centos-opt/include
-----------------------------------------

Using C linker: /MyLibs/MPICH/mpich-3.2/arch-centos-opt/bin/mpicc
Using Fortran linker: /MyLibs/MPICH/mpich-3.2/arch-centos-opt/bin/mpif90
Using libraries: -Wl,-rpath,/MyLibs/PETSc/arch-centos-opt-v3.7.2-mpich-v3.2-hdf5-v1.8.17/lib -L/MyLibs/PETSc/arch-centos-opt-v3.7.2-mpich-v3.2-hdf5-v1.8.17/lib -lpetsc -llapack -lblas -Wl,-rpath,/MyLibs/HDF5/hdf5-1.8.17/arch-centos-parallel-opt/lib -L/MyLibs/HDF5/hdf5-1.8.17/arch-centos-parallel-opt/lib -lhdf5hl_fortran -lhdf5_fortran -lhdf5_hl -lhdf5 -lpthread -lm -Wl,-rpath,/MyLibs/MPICH/mpich-3.2/arch-centos-opt/lib -L/MyLibs/MPICH/mpich-3.2/arch-centos-opt/lib -Wl,-rpath,/usr/lib/gcc/x86_64-redhat-linux/4.8.5 -L/usr/lib/gcc/x86_64-redhat-linux/4.8.5 -lmpifort -lgfortran -lm -lgfortran -lm -lquadmath -lm -Wl,-rpath,/MyLibs/MPICH/mpich-3.2/arch-centos-opt/lib -L/MyLibs/MPICH/mpich-3.2/arch-centos-opt/lib -Wl,-rpath,/usr/lib/gcc/x86_64-redhat-linux/4.8.5 -L/usr/lib/gcc/x86_64-redhat-linux/4.8.5 -ldl -Wl,-rpath,/MyLibs/MPICH/mpich-3.2/arch-centos-opt/lib -lmpi -lgcc_s -ldl 
-----------------------------------------

