************************************************************************************************************************
***             WIDEN YOUR WINDOW TO 120 CHARACTERS.  Use 'enscript -r -fCourier9' to print this document            ***
************************************************************************************************************************

---------------------------------------------- PETSc Performance Summary: ----------------------------------------------

../../src/ANISOFLOW                                                                                                                                                                                                                                             ˻d on a arch-centos-opt-v3.7.2-mpich-v3.2-hdf5-v1.8.17 named poroso-medellin-unal-edu-co with 16 processors, by sospinar Sat Oct 15 17:52:49 2016
Using Petsc Release Version 3.7.3, unknown 

                         Max       Max/Min        Avg      Total 
Time (sec):           1.865e+01      1.00003   1.865e+01
Objects:              5.407e+04      1.00000   5.407e+04
Flops:                1.286e+09      1.40604   1.050e+09  1.680e+10
Flops/sec:            6.894e+07      1.40600   5.630e+07  9.008e+08
MPI Messages:         2.249e+05      1.92464   1.382e+05  2.212e+06
MPI Message Lengths:  6.124e+08      9.06501   7.962e+02  1.761e+09
MPI Reductions:       8.036e+04      1.00000

Flop counting convention: 1 flop = 1 real number operation of type (multiply/divide/add/subtract)
                            e.g., VecAXPY() for real vectors of length N --> 2N flops
                            and VecAXPY() for complex vectors of length N --> 8N flops

Summary of Stages:   ----- Time ------  ----- Flops -----  --- Messages ---  -- Message Lengths --  -- Reductions --
                        Avg     %Total     Avg     %Total   counts   %Total     Avg         %Total   counts   %Total 
 0:      Main Stage: 1.6259e-04   0.0%  0.0000e+00   0.0%  0.000e+00   0.0%  0.000e+00        0.0%  0.000e+00   0.0% 
 1:   Loading Files: 3.1341e+00  16.8%  0.0000e+00   0.0%  7.340e+02   0.0%  2.353e-01        0.0%  3.069e+04  38.2% 
 2:      Setting up: 1.4565e-02   0.1%  0.0000e+00   0.0%  4.320e+02   0.0%  3.810e-02        0.0%  1.700e+01   0.0% 
 3:         Solving: 1.5502e+01  83.1%  1.6801e+10 100.0%  2.210e+06  99.9%  7.960e+02      100.0%  4.964e+04  61.8% 
 4:  Destroying obj: 8.1411e-04   0.0%  0.0000e+00   0.0%  0.000e+00   0.0%  0.000e+00        0.0%  0.000e+00   0.0% 

------------------------------------------------------------------------------------------------------------------------
See the 'Profiling' chapter of the users' manual for details on interpreting output.
Phase summary info:
   Count: number of times phase was executed
   Time and Flops: Max - maximum over all processors
                   Ratio - ratio of maximum to minimum over all processors
   Mess: number of messages sent
   Avg. len: average message length (bytes)
   Reduct: number of global reductions
   Global: entire computation
   Stage: stages of a computation. Set stages with PetscLogStagePush() and PetscLogStagePop().
      %T - percent time in this phase         %F - percent flops in this phase
      %M - percent messages in this phase     %L - percent message lengths in this phase
      %R - percent reductions in this phase
   Total Mflop/s: 10e-6 * (sum of flops over all processors)/(max time over all processors)
------------------------------------------------------------------------------------------------------------------------
Event                Count      Time (sec)     Flops                             --- Global ---  --- Stage ---   Total
                   Max Ratio  Max     Ratio   Max  Ratio  Mess   Avg len Reduct  %T %F %M %L %R  %T %F %M %L %R Mflop/s
------------------------------------------------------------------------------------------------------------------------

--- Event Stage 0: Main Stage


--- Event Stage 1: Loading Files

GetGeometry            1 1.0 3.4831e-03 1.0 0.00e+00 0.0 2.9e+02 9.9e+01 1.3e+01  0  0  0  0  0   0  0 39  5  0     0
VecView                1 1.0 2.8248e-03 1.1 0.00e+00 0.0 0.0e+00 0.0e+00 0.0e+00  0  0  0  0  0   0  0  0  0  0     0
VecMax                 2 1.0 1.5020e-05 1.8 0.00e+00 0.0 0.0e+00 0.0e+00 0.0e+00  0  0  0  0  0   0  0  0  0  0     0
VecCopy                2 1.0 5.9605e-06 1.9 0.00e+00 0.0 0.0e+00 0.0e+00 0.0e+00  0  0  0  0  0   0  0  0  0  0     0
VecSet                 8 1.0 4.5538e-05 2.2 0.00e+00 0.0 0.0e+00 0.0e+00 0.0e+00  0  0  0  0  0   0  0  0  0  0     0
VecAssemblyBegin    5845 1.0 1.0757e-01 1.1 0.00e+00 0.0 3.0e+01 5.8e+03 1.8e+04  1  0  0  0 22   3  0  4 33 57     0
VecAssemblyEnd      5845 1.0 3.2279e-03 1.4 0.00e+00 0.0 0.0e+00 0.0e+00 0.0e+00  0  0  0  0  0   0  0  0  0  0     0
VecScatterBegin        2 1.0 7.0572e-05 1.9 0.00e+00 0.0 1.9e+02 7.7e+02 0.0e+00  0  0  0  0  0   0  0 26 28  0     0
VecScatterEnd          2 1.0 7.8440e-05 3.9 0.00e+00 0.0 0.0e+00 0.0e+00 0.0e+00  0  0  0  0  0   0  0  0  0  0     0
GetProrperties         1 1.0 1.5643e-02 1.0 0.00e+00 0.0 4.5e+02 1.1e+03 2.1e+01  0  0  0  0  0   0  0 61 95  0     0
GetConductivity        1 1.0 1.3351e-04 1.3 0.00e+00 0.0 0.0e+00 0.0e+00 0.0e+00  0  0  0  0  0   0  0  0  0  0     0
GetSpecificStorage       1 1.0 2.0695e-04 1.2 0.00e+00 0.0 0.0e+00 0.0e+00 2.0e+00  0  0  0  0  0   0  0  0  0  0     0
GetBC                  1 1.0 3.1150e+00 1.0 0.00e+00 0.0 0.0e+00 0.0e+00 3.1e+04 17  0  0  0 38  99  0  0  0100     0

--- Event Stage 2: Setting up

BuildTwoSided          1 1.0 9.4175e-05 2.3 0.00e+00 0.0 0.0e+00 0.0e+00 0.0e+00  0  0  0  0  0   1  0  0  0  0     0
VecSet                 2 1.0 1.9073e-06 2.0 0.00e+00 0.0 0.0e+00 0.0e+00 0.0e+00  0  0  0  0  0   0  0  0  0  0     0
VecScatterBegin        1 1.0 1.7881e-05 1.7 0.00e+00 0.0 1.4e+02 3.9e+02 0.0e+00  0  0  0  0  0   0  0 33 66  0     0
VecScatterEnd          1 1.0 1.8120e-05 3.0 0.00e+00 0.0 0.0e+00 0.0e+00 0.0e+00  0  0  0  0  0   0  0  0  0  0     0
MatAssemblyBegin       2 1.0 6.2108e-0388.9 0.00e+00 0.0 0.0e+00 0.0e+00 4.0e+00  0  0  0  0  0  32  0  0  0 24     0
MatAssemblyEnd         2 1.0 1.0281e-03 1.1 0.00e+00 0.0 2.9e+02 9.9e+01 8.0e+00  0  0  0  0  0   7  0 67 34 47     0
SFSetGraph             1 1.0 2.1935e-05 4.2 0.00e+00 0.0 0.0e+00 0.0e+00 0.0e+00  0  0  0  0  0   0  0  0  0  0     0
SFReduceBegin          1 1.0 1.3876e-04 1.9 0.00e+00 0.0 0.0e+00 0.0e+00 0.0e+00  0  0  0  0  0   1  0  0  0  0     0
SFReduceEnd            1 1.0 2.8610e-06 1.5 0.00e+00 0.0 0.0e+00 0.0e+00 0.0e+00  0  0  0  0  0   0  0  0  0  0     0
BuildSystem            1 1.0 1.4604e-02 1.0 0.00e+00 0.0 4.3e+02 2.0e+02 1.7e+01  0  0  0  0  0 100  0100100100     0

--- Event Stage 3: Solving

BuildTwoSided       1460 1.0 2.9354e-01 2.2 0.00e+00 0.0 1.9e+05 4.0e+00 0.0e+00  1  0  8  0  0   1  0  8  0  0     0
VecView             1461 1.0 2.2438e+00 1.1 0.00e+00 0.0 0.0e+00 0.0e+00 0.0e+00 12  0  0  0  0  14  0  0  0  0     0
VecTDot            14600 1.0 8.5552e-01 2.4 3.45e+07 1.4 0.0e+00 0.0e+00 1.5e+04  3  3  0  0 18   4  3  0  0 29   533
VecNorm             8760 1.0 2.3976e+00 3.2 2.07e+07 1.4 0.0e+00 0.0e+00 8.8e+03 10  2  0  0 11  12  2  0  0 18   114
VecCopy             2920 1.0 4.6394e-03 1.3 0.00e+00 0.0 0.0e+00 0.0e+00 0.0e+00  0  0  0  0  0   0  0  0  0  0     0
VecSet             16061 1.0 1.8346e-02 1.3 0.00e+00 0.0 0.0e+00 0.0e+00 0.0e+00  0  0  0  0  0   0  0  0  0  0     0
VecAXPY            16060 1.0 2.6619e-02 1.5 3.80e+07 1.4 0.0e+00 0.0e+00 0.0e+00  0  3  0  0  0   0  3  0  0  0 18854
VecAYPX             5840 1.0 3.5131e-02 1.5 1.38e+07 1.4 0.0e+00 0.0e+00 0.0e+00  0  1  0  0  0   0  1  0  0  0  5195
VecPointwiseMult    5840 1.0 1.9213e-02 1.4 3.45e+06 1.4 0.0e+00 0.0e+00 0.0e+00  0  0  0  0  0   0  0  0  0  0  2375
VecLoad                1 1.0 8.6832e-04 1.1 0.00e+00 0.0 0.0e+00 0.0e+00 0.0e+00  0  0  0  0  0   0  0  0  0  0     0
VecScatterBegin    16060 1.0 3.4002e-01 6.8 0.00e+00 0.0 1.1e+06 7.7e+02 0.0e+00  0  0 50 48  0   1  0 50 48  0     0
VecScatterEnd      16060 1.0 1.1547e+0023.4 0.00e+00 0.0 0.0e+00 0.0e+00 0.0e+00  5  0  0  0  0   6  0  0  0  0     0
MatMult             7300 1.0 1.3135e+00 1.6 4.13e+08 1.4 1.1e+06 3.9e+02 0.0e+00  6 33 48 23  0   7 33 48 23  0  4237
MatSolve            8760 1.0 1.3501e+00 1.7 4.45e+08 1.4 0.0e+00 0.0e+00 0.0e+00  5 34  0  0  0   6 34  0  0  0  4282
MatLUFactorNum      1460 1.0 2.3034e+00 1.7 3.17e+08 1.5 0.0e+00 0.0e+00 0.0e+00  9 24  0  0  0  11 24  0  0  0  1734
MatILUFactorSym     1460 1.0 3.1984e-01 1.5 0.00e+00 0.0 0.0e+00 0.0e+00 0.0e+00  1  0  0  0  0   2  0  0  0  0     0
MatCopy             1460 1.0 1.6833e-01 1.2 0.00e+00 0.0 0.0e+00 0.0e+00 0.0e+00  1  0  0  0  0   1  0  0  0  0     0
MatConvert             1 1.0 5.0521e-04 2.1 0.00e+00 0.0 0.0e+00 0.0e+00 0.0e+00  0  0  0  0  0   0  0  0  0  0     0
MatGetRowIJ         1460 1.0 4.7731e-04 1.2 0.00e+00 0.0 0.0e+00 0.0e+00 0.0e+00  0  0  0  0  0   0  0  0  0  0     0
MatGetOrdering      1460 1.0 5.6822e-02 1.4 0.00e+00 0.0 0.0e+00 0.0e+00 0.0e+00  0  0  0  0  0   0  0  0  0  0     0
SFSetGraph          1460 1.0 1.5264e-01 1.3 0.00e+00 0.0 0.0e+00 0.0e+00 0.0e+00  1  0  0  0  0   1  0  0  0  0     0
SFReduceBegin       1460 1.0 3.4838e-01 1.8 0.00e+00 0.0 9.3e+05 2.5e+02 0.0e+00  1  0 42 13  0   2  0 42 13  0     0
SFReduceEnd         1460 1.0 3.0857e-02 1.7 0.00e+00 0.0 0.0e+00 0.0e+00 0.0e+00  0  0  0  0  0   0  0  0  0  0     0
SolveSystem            1 1.0 1.5502e+01 1.0 1.29e+09 1.4 2.2e+06 8.0e+02 5.0e+04 83100100100 62 100100100100100  1084
KSPSetUp            2920 1.0 1.7475e-01 1.6 0.00e+00 0.0 0.0e+00 0.0e+00 2.9e+03  1  0  0  0  4   1  0  0  0  6     0
KSPSolve            1460 1.0 6.8246e+00 1.0 1.28e+09 1.4 1.1e+06 3.9e+02 2.3e+04 37 99 48 23 29  44 99 48 23 47  2448
PCSetUp             2920 1.0 2.7934e+00 1.6 3.17e+08 1.5 0.0e+00 0.0e+00 0.0e+00 11 24  0  0  0  14 24  0  0  0  1430
PCSetUpOnBlocks     1460 1.0 2.7225e+00 1.6 3.17e+08 1.5 0.0e+00 0.0e+00 0.0e+00 11 24  0  0  0  13 24  0  0  0  1467
PCApply             8760 1.0 1.5502e+00 1.6 4.45e+08 1.4 0.0e+00 0.0e+00 0.0e+00  6 34  0  0  0   7 34  0  0  0  3729

--- Event Stage 4: Destroying obj

DestroyBC              1 1.0 8.1110e-04 1.4 0.00e+00 0.0 0.0e+00 0.0e+00 0.0e+00  0  0  0  0  0  84  0  0  0  0     0
DestroyProperties       1 1.0 1.2398e-05 1.9 0.00e+00 0.0 0.0e+00 0.0e+00 0.0e+00  0  0  0  0  0   1  0  0  0  0     0
DestroyGeometry        1 1.0 2.1458e-05 1.5 0.00e+00 0.0 0.0e+00 0.0e+00 0.0e+00  0  0  0  0  0   2  0  0  0  0     0
------------------------------------------------------------------------------------------------------------------------

Memory usage is given in bytes:

Object Type          Creations   Destructions     Memory  Descendants' Mem.
Reports information only for process 0.

--- Event Stage 0: Main Stage

              Viewer     1              0            0     0.

--- Event Stage 1: Loading Files

              Vector  5852              5        26952     0.
      Vector Scatter     2              1         3776     0.
    Distributed Mesh     1              0            0     0.
Star Forest Bipartite Graph     2              0            0     0.
     Discrete System     1              0            0     0.
           Index Set  4387              4        18840     0.
   IS L to G Mapping     1              0            0     0.
   Application Order     1              0            0     0.
              Viewer     1              1          776     0.

--- Event Stage 2: Setting up

              Vector     4              3        17368     0.
      Vector Scatter     1              0            0     0.
              Matrix     3              0            0     0.
Star Forest Bipartite Graph     1              1          848     0.
           Index Set     2              2         3092     0.

--- Event Stage 3: Solving

              Vector 17523          13141    105013624     0.
      Vector Scatter  5841           5841     40460336     0.
              Matrix  1463           1463    488297908     0.
Star Forest Bipartite Graph  1460           1460      1238080     0.
           Index Set 10220          10220     21748160     0.
              Viewer  1462           1462      1134512     0.
       Krylov Solver  2921           2921      3493480     0.
      Preconditioner  2920           2920      2768160     0.

--- Event Stage 4: Destroying obj

              Vector     0             11        66360     0.
      Vector Scatter     0              1         1072     0.
              Matrix     0              3       395104     0.
           Index Set     0              3         7328     0.
========================================================================================================================
Average time to get PetscTime(): 7.15256e-08
Average time for MPI_Barrier(): 3.91006e-06
Average time for zero size MPI_Send(): 3.57628e-06
#PETSc Option Table entries:
-Input_file_bc 25x25x25_bc.txt
-Input_file_gmtry 25x25x25_gmtry.txt
-Input_file_init_sol 25x25x25_Sol.h5
-Input_file_ppt 25x25x25_properties.txt
-Input_file_ppt_by_zones 25x25x25_zones.txt
-Input_type_bc 2
-Input_type_gmtry 2
-Input_type_init_sol 3
-Input_type_tplgy 0
-ksp_type cg
-log_view ascii:25x25x25_NP16_KSPcg_PCbjacobi.log
-Output_type_ppt 3
-pc_type bjacobi
-Project_name 25x25x25
-Run_options_scheme 2
-Run_options_time 1
#End of PETSc Option Table entries
Compiled without FORTRAN kernels
Compiled with full precision matrices (default)
sizeof(short) 2 sizeof(int) 4 sizeof(long) 8 sizeof(void*) 8 sizeof(PetscScalar) 8 sizeof(PetscInt) 4
Configure options: --with-shared-libraries --with-debugging=0 --with-mpi-dir=/MyLibs/MPICH/mpich-3.2/arch-centos-opt --with-cxx=0 --with-hdf5-dir=/MyLibs/HDF5/hdf5-1.8.17/arch-centos-parallel-opt/ PETSC_ARCH=arch-centos-opt-v3.7.2-mpich-v3.2-hdf5-v1.8.17 FOPTFLAGS="optimization flags" COPTFLAGS="optimization flags"
-----------------------------------------
Libraries compiled on Wed Aug 17 12:00:13 2016 on poroso-medellin-unal-edu-co 
Machine characteristics: Linux-3.10.0-327.28.2.el7.x86_64-x86_64-with-centos-7.2.1511-Core
Using PETSc directory: /MyLibs/PETSc
Using PETSc arch: arch-centos-opt-v3.7.2-mpich-v3.2-hdf5-v1.8.17
-----------------------------------------

Using C compiler: /MyLibs/MPICH/mpich-3.2/arch-centos-opt/bin/mpicc  -fPIC  -Wall -Wwrite-strings -Wno-strict-aliasing -Wno-unknown-pragmas -fvisibility=hidden  ${COPTFLAGS} ${CFLAGS}
Using Fortran compiler: /MyLibs/MPICH/mpich-3.2/arch-centos-opt/bin/mpif90  -fPIC -Wall -ffree-line-length-0 -Wno-unused-dummy-argument   ${FOPTFLAGS} ${FFLAGS} 
-----------------------------------------

Using include paths: -I/MyLibs/PETSc/arch-centos-opt-v3.7.2-mpich-v3.2-hdf5-v1.8.17/include -I/MyLibs/PETSc/include -I/MyLibs/PETSc/include -I/MyLibs/PETSc/arch-centos-opt-v3.7.2-mpich-v3.2-hdf5-v1.8.17/include -I/MyLibs/HDF5/hdf5-1.8.17/arch-centos-parallel-opt/include -I/MyLibs/MPICH/mpich-3.2/arch-centos-opt/include
-----------------------------------------

Using C linker: /MyLibs/MPICH/mpich-3.2/arch-centos-opt/bin/mpicc
Using Fortran linker: /MyLibs/MPICH/mpich-3.2/arch-centos-opt/bin/mpif90
Using libraries: -Wl,-rpath,/MyLibs/PETSc/arch-centos-opt-v3.7.2-mpich-v3.2-hdf5-v1.8.17/lib -L/MyLibs/PETSc/arch-centos-opt-v3.7.2-mpich-v3.2-hdf5-v1.8.17/lib -lpetsc -llapack -lblas -Wl,-rpath,/MyLibs/HDF5/hdf5-1.8.17/arch-centos-parallel-opt/lib -L/MyLibs/HDF5/hdf5-1.8.17/arch-centos-parallel-opt/lib -lhdf5hl_fortran -lhdf5_fortran -lhdf5_hl -lhdf5 -lpthread -lm -Wl,-rpath,/MyLibs/MPICH/mpich-3.2/arch-centos-opt/lib -L/MyLibs/MPICH/mpich-3.2/arch-centos-opt/lib -Wl,-rpath,/usr/lib/gcc/x86_64-redhat-linux/4.8.5 -L/usr/lib/gcc/x86_64-redhat-linux/4.8.5 -lmpifort -lgfortran -lm -lgfortran -lm -lquadmath -lm -Wl,-rpath,/MyLibs/MPICH/mpich-3.2/arch-centos-opt/lib -L/MyLibs/MPICH/mpich-3.2/arch-centos-opt/lib -Wl,-rpath,/usr/lib/gcc/x86_64-redhat-linux/4.8.5 -L/usr/lib/gcc/x86_64-redhat-linux/4.8.5 -ldl -Wl,-rpath,/MyLibs/MPICH/mpich-3.2/arch-centos-opt/lib -lmpi -lgcc_s -ldl 
-----------------------------------------

