************************************************************************************************************************
***             WIDEN YOUR WINDOW TO 120 CHARACTERS.  Use 'enscript -r -fCourier9' to print this document            ***
************************************************************************************************************************

---------------------------------------------- PETSc Performance Summary: ----------------------------------------------

../../src/ANISOFLOW                                                                                                                                                                                                                                             ˻d on a arch-centos-opt-v3.7.2-mpich-v3.2-hdf5-v1.8.17 named poroso-medellin-unal-edu-co with 28 processors, by sospinar Sat Oct 15 18:44:15 2016
Using Petsc Release Version 3.7.3, unknown 

                         Max       Max/Min        Avg      Total 
Time (sec):           4.258e+01      1.00003   4.258e+01
Objects:              7.597e+04      1.00000   7.597e+04
Flops:                2.917e+09      1.70776   2.349e+09  6.576e+10
Flops/sec:            6.851e+07      1.70776   5.516e+07  1.544e+09
MPI Messages:         5.812e+05      1.50756   5.051e+05  1.414e+07
MPI Message Lengths:  1.124e+09      9.17628   4.233e+02  5.987e+09
MPI Reductions:       1.139e+05      1.00000

Flop counting convention: 1 flop = 1 real number operation of type (multiply/divide/add/subtract)
                            e.g., VecAXPY() for real vectors of length N --> 2N flops
                            and VecAXPY() for complex vectors of length N --> 8N flops

Summary of Stages:   ----- Time ------  ----- Flops -----  --- Messages ---  -- Message Lengths --  -- Reductions --
                        Avg     %Total     Avg     %Total   counts   %Total     Avg         %Total   counts   %Total 
 0:      Main Stage: 2.5409e-04   0.0%  0.0000e+00   0.0%  0.000e+00   0.0%  0.000e+00        0.0%  0.000e+00   0.0% 
 1:   Loading Files: 6.1381e+00  14.4%  0.0000e+00   0.0%  1.358e+03   0.0%  4.077e-02        0.0%  3.069e+04  26.9% 
 2:      Setting up: 1.8771e-02   0.0%  0.0000e+00   0.0%  8.280e+02   0.0%  9.706e-03        0.0%  1.700e+01   0.0% 
 3:         Solving: 3.6423e+01  85.5%  6.5763e+10 100.0%  1.414e+07 100.0%  4.232e+02      100.0%  8.322e+04  73.0% 
 4:  Destroying obj: 1.2073e-03   0.0%  0.0000e+00   0.0%  0.000e+00   0.0%  0.000e+00        0.0%  0.000e+00   0.0% 

------------------------------------------------------------------------------------------------------------------------
See the 'Profiling' chapter of the users' manual for details on interpreting output.
Phase summary info:
   Count: number of times phase was executed
   Time and Flops: Max - maximum over all processors
                   Ratio - ratio of maximum to minimum over all processors
   Mess: number of messages sent
   Avg. len: average message length (bytes)
   Reduct: number of global reductions
   Global: entire computation
   Stage: stages of a computation. Set stages with PetscLogStagePush() and PetscLogStagePop().
      %T - percent time in this phase         %F - percent flops in this phase
      %M - percent messages in this phase     %L - percent message lengths in this phase
      %R - percent reductions in this phase
   Total Mflop/s: 10e-6 * (sum of flops over all processors)/(max time over all processors)
------------------------------------------------------------------------------------------------------------------------
Event                Count      Time (sec)     Flops                             --- Global ---  --- Stage ---   Total
                   Max Ratio  Max     Ratio   Max  Ratio  Mess   Avg len Reduct  %T %F %M %L %R  %T %F %M %L %R Mflop/s
------------------------------------------------------------------------------------------------------------------------

--- Event Stage 0: Main Stage


--- Event Stage 1: Loading Files

GetGeometry            1 1.0 1.7273e-02 1.0 0.00e+00 0.0 5.5e+02 8.4e+01 1.3e+01  0  0  0  0  0   0  0 41  8  0     0
VecView                1 1.0 8.7304e-03 2.2 0.00e+00 0.0 0.0e+00 0.0e+00 0.0e+00  0  0  0  0  0   0  0  0  0  0     0
VecMax                 2 1.0 1.1206e-05 1.5 0.00e+00 0.0 0.0e+00 0.0e+00 0.0e+00  0  0  0  0  0   0  0  0  0  0     0
VecCopy                2 1.0 5.9605e-06 2.1 0.00e+00 0.0 0.0e+00 0.0e+00 0.0e+00  0  0  0  0  0   0  0  0  0  0     0
VecSet                 8 1.0 8.4639e-05 5.1 0.00e+00 0.0 0.0e+00 0.0e+00 0.0e+00  0  0  0  0  0   0  0  0  0  0     0
VecAssemblyBegin    5845 1.0 1.9879e-01 1.2 0.00e+00 0.0 5.4e+01 3.3e+03 1.8e+04  0  0  0  0 15   3  0  4 31 57     0
VecAssemblyEnd      5845 1.0 5.6312e-03 1.8 0.00e+00 0.0 0.0e+00 0.0e+00 0.0e+00  0  0  0  0  0   0  0  0  0  0     0
VecScatterBegin        2 1.0 1.1683e-04 2.9 0.00e+00 0.0 3.6e+02 5.0e+02 0.0e+00  0  0  0  0  0   0  0 27 31  0     0
VecScatterEnd          2 1.0 4.0746e-03187.8 0.00e+00 0.0 0.0e+00 0.0e+00 0.0e+00  0  0  0  0  0   0  0  0  0  0     0
GetProrperties         1 1.0 3.9573e-02 1.0 0.00e+00 0.0 8.1e+02 6.6e+02 2.1e+01  0  0  0  0  0   1  0 59 92  0     0
GetConductivity        1 1.0 4.1878e-0325.9 0.00e+00 0.0 0.0e+00 0.0e+00 0.0e+00  0  0  0  0  0   0  0  0  0  0     0
GetSpecificStorage       1 1.0 3.6249e-03 1.1 0.00e+00 0.0 0.0e+00 0.0e+00 2.0e+00  0  0  0  0  0   0  0  0  0  0     0
GetBC                  1 1.0 6.0881e+00 1.0 0.00e+00 0.0 0.0e+00 0.0e+00 3.1e+04 14  0  0  0 27  99  0  0  0100     0

--- Event Stage 2: Setting up

BuildTwoSided          1 1.0 1.1635e-04 2.5 0.00e+00 0.0 0.0e+00 0.0e+00 0.0e+00  0  0  0  0  0   0  0  0  0  0     0
VecSet                 2 1.0 2.6226e-06 2.2 0.00e+00 0.0 0.0e+00 0.0e+00 0.0e+00  0  0  0  0  0   0  0  0  0  0     0
VecScatterBegin        1 1.0 2.8133e-05 3.0 0.00e+00 0.0 2.8e+02 3.3e+02 0.0e+00  0  0  0  0  0   0  0 33 66  0     0
VecScatterEnd          1 1.0 2.4557e-05 2.6 0.00e+00 0.0 0.0e+00 0.0e+00 0.0e+00  0  0  0  0  0   0  0  0  0  0     0
MatAssemblyBegin       2 1.0 6.4933e-0325.3 0.00e+00 0.0 0.0e+00 0.0e+00 4.0e+00  0  0  0  0  0  15  0  0  0 24     0
MatAssemblyEnd         2 1.0 1.0192e-03 1.1 0.00e+00 0.0 5.5e+02 8.4e+01 8.0e+00  0  0  0  0  0   5  0 67 34 47     0
SFSetGraph             1 1.0 8.1062e-06 1.6 0.00e+00 0.0 0.0e+00 0.0e+00 0.0e+00  0  0  0  0  0   0  0  0  0  0     0
SFReduceBegin          1 1.0 1.8311e-04 2.3 0.00e+00 0.0 0.0e+00 0.0e+00 0.0e+00  0  0  0  0  0   1  0  0  0  0     0
SFReduceEnd            1 1.0 3.0994e-06 1.6 0.00e+00 0.0 0.0e+00 0.0e+00 0.0e+00  0  0  0  0  0   0  0  0  0  0     0
BuildSystem            1 1.0 1.9264e-02 1.6 0.00e+00 0.0 8.3e+02 1.7e+02 1.7e+01  0  0  0  0  0 100  0100100100     0

--- Event Stage 3: Solving

BuildTwoSided       1460 1.0 5.2292e-01 2.8 0.00e+00 0.0 5.7e+05 4.0e+00 0.0e+00  1  0  4  0  0   1  0  4  0  0     0
VecView             1461 1.0 3.8247e+00 1.1 0.00e+00 0.0 0.0e+00 0.0e+00 0.0e+00  8  0  0  0  0  10  0  0  0  0     0
VecMDot            14600 1.0 2.1222e+00 3.4 1.08e+08 1.6 0.0e+00 0.0e+00 1.5e+04  3  4  0  0 13   4  4  0  0 18  1181
VecTDot            14600 1.0 6.7296e-01 2.8 1.97e+07 1.6 0.0e+00 0.0e+00 1.5e+04  1  1  0  0 13   1  1  0  0 18   677
VecNorm            24820 1.0 3.0438e+00 4.5 3.36e+07 1.6 0.0e+00 0.0e+00 2.5e+04  4  1  0  0 22   5  1  0  0 30   255
VecScale           16060 1.0 2.0466e-02 1.4 1.09e+07 1.6 0.0e+00 0.0e+00 0.0e+00  0  0  0  0  0   0  0  0  0  0 12261
VecCopy            13140 1.0 1.6656e-02 1.2 0.00e+00 0.0 0.0e+00 0.0e+00 0.0e+00  0  0  0  0  0   0  0  0  0  0     0
VecSet             27741 1.0 2.5882e-02 1.3 0.00e+00 0.0 0.0e+00 0.0e+00 0.0e+00  0  0  0  0  0   0  0  0  0  0     0
VecAXPY            17520 1.0 2.3427e-02 1.3 2.37e+07 1.6 0.0e+00 0.0e+00 0.0e+00  0  1  0  0  0   0  1  0  0  0 23370
VecAYPX            32120 1.0 1.3473e-01 1.5 3.16e+07 1.6 0.0e+00 0.0e+00 0.0e+00  0  1  0  0  0   0  1  0  0  0  5418
VecAXPBYCZ         17520 1.0 9.9907e-02 1.5 5.92e+07 1.6 0.0e+00 0.0e+00 0.0e+00  0  2  0  0  0   0  2  0  0  0 13700
VecMAXPY           16060 1.0 2.0059e-01 1.5 1.28e+08 1.6 0.0e+00 0.0e+00 0.0e+00  0  5  0  0  0   0  5  0  0  0 14785
VecPointwiseMult    5840 1.0 2.1008e-02 1.6 1.97e+06 1.6 0.0e+00 0.0e+00 0.0e+00  0  0  0  0  0   0  0  0  0  0  2172
VecLoad                1 1.0 3.4437e-03 1.0 0.00e+00 0.0 0.0e+00 0.0e+00 0.0e+00  0  0  0  0  0   0  0  0  0  0     0
VecScatterBegin    48180 1.0 9.7969e-01 3.0 0.00e+00 0.0 1.1e+07 4.0e+02 0.0e+00  1  0 77 73  0   1  0 77 73  0     0
VecScatterEnd      48180 1.0 3.8085e+00 8.0 0.00e+00 0.0 0.0e+00 0.0e+00 0.0e+00  7  0  0  0  0   8  0  0  0  0     0
VecNormalize       16060 1.0 4.3146e-01 1.5 3.26e+07 1.6 0.0e+00 0.0e+00 1.6e+04  1  1  0  0 14   1  1  0  0 19  1745
MatMult            39420 1.0 6.1443e+00 1.6 1.34e+09 1.8 1.1e+07 3.3e+02 0.0e+00 12 46 77 60  0  14 46 77 60  0  4891
MatSOR             42340 1.0 4.7873e+00 1.7 1.16e+09 1.7 0.0e+00 0.0e+00 0.0e+00  9 40  0  0  0  11 40  0  0  0  5444
MatCopy             1460 1.0 4.9467e-01 2.9 0.00e+00 0.0 0.0e+00 0.0e+00 0.0e+00  1  0  0  0  0   1  0  0  0  0     0
MatConvert             1 1.0 1.0269e-03 1.5 0.00e+00 0.0 0.0e+00 0.0e+00 0.0e+00  0  0  0  0  0   0  0  0  0  0     0
SFSetGraph          1460 1.0 1.9251e-01 1.0 0.00e+00 0.0 0.0e+00 0.0e+00 0.0e+00  0  0  0  0  0   1  0  0  0  0     0
SFReduceBegin       1460 1.0 6.7219e-01 2.1 0.00e+00 0.0 2.9e+06 1.4e+02 0.0e+00  1  0 20  7  0   1  0 20  7  0     0
SFReduceEnd         1460 1.0 4.3323e-02 1.2 0.00e+00 0.0 0.0e+00 0.0e+00 0.0e+00  0  0  0  0  0   0  0  0  0  0     0
SolveSystem            1 1.0 3.6423e+01 1.0 2.92e+09 1.7 1.4e+07 4.2e+02 8.3e+04 86100100100 73 100100100100100  1806
KSPGMRESOrthog     14600 1.0 2.2639e+00 2.8 2.17e+08 1.6 0.0e+00 0.0e+00 1.5e+04  3  8  0  0 13   4  8  0  0 18  2216
KSPSetUp            4380 1.0 1.2053e+00 3.7 0.00e+00 0.0 0.0e+00 0.0e+00 5.8e+03  3  0  0  0  5   3  0  0  0  7     0
KSPSolve            1460 1.0 1.3784e+01 1.0 2.91e+09 1.7 1.1e+07 3.3e+02 5.4e+04 32100 77 60 47  38100 77 60 65  4765
PCSetUp             1460 1.0 4.3603e-01 1.0 0.00e+00 0.0 0.0e+00 0.0e+00 2.9e+03  1  0  0  0  3   1  0  0  0  4     0
PCApply             8760 1.0 1.1920e+01 1.2 2.61e+09 1.7 8.9e+06 3.3e+02 3.1e+04 26 89 63 49 27  30 89 63 49 37  4928

--- Event Stage 4: Destroying obj

DestroyBC              1 1.0 1.0521e-03 1.4 0.00e+00 0.0 0.0e+00 0.0e+00 0.0e+00  0  0  0  0  0  81  0  0  0  0     0
DestroyProperties       1 1.0 1.4997e-0415.0 0.00e+00 0.0 0.0e+00 0.0e+00 0.0e+00  0  0  0  0  0   2  0  0  0  0     0
DestroyGeometry        1 1.0 1.5664e-04 6.5 0.00e+00 0.0 0.0e+00 0.0e+00 0.0e+00  0  0  0  0  0   3  0  0  0  0     0
------------------------------------------------------------------------------------------------------------------------

Memory usage is given in bytes:

Object Type          Creations   Destructions     Memory  Descendants' Mem.
Reports information only for process 0.

--- Event Stage 0: Main Stage

              Viewer     1              0            0     0.

--- Event Stage 1: Loading Files

              Vector  5852              5        18840     0.
      Vector Scatter     2              1         2640     0.
    Distributed Mesh     1              0            0     0.
Star Forest Bipartite Graph     2              0            0     0.
     Discrete System     1              0            0     0.
           Index Set  4387              4        12432     0.
   IS L to G Mapping     1              0            0     0.
   Application Order     1              0            0     0.
              Viewer     1              1          776     0.

--- Event Stage 2: Setting up

              Vector     4              3        12664     0.
      Vector Scatter     1              0            0     0.
              Matrix     3              0            0     0.
Star Forest Bipartite Graph     1              1          848     0.
           Index Set     2              2         2768     0.

--- Event Stage 3: Solving

              Vector 42343          37961    266675856     0.
      Vector Scatter  5841           5841     40600304     0.
              Matrix     3              3       222608     0.
Star Forest Bipartite Graph  1460           1460      1238080     0.
           Index Set  5840           5840      4531840     0.
              Viewer  1462           1462      1134512     0.
       Krylov Solver  4381           4381     47784040     0.
      Preconditioner  4380           4380      3936160     0.

--- Event Stage 4: Destroying obj

              Vector     0             11        52200     0.
      Vector Scatter     0              1         1072     0.
              Matrix     0              3       238828     0.
           Index Set     0              3         7328     0.
========================================================================================================================
Average time to get PetscTime(): 7.15256e-08
Average time for MPI_Barrier(): 5.43594e-06
Average time for zero size MPI_Send(): 4.7854e-06
#PETSc Option Table entries:
-Input_file_bc 25x25x25_bc.txt
-Input_file_gmtry 25x25x25_gmtry.txt
-Input_file_init_sol 25x25x25_Sol.h5
-Input_file_ppt 25x25x25_properties.txt
-Input_file_ppt_by_zones 25x25x25_zones.txt
-Input_type_bc 2
-Input_type_gmtry 2
-Input_type_init_sol 3
-Input_type_tplgy 0
-ksp_type cg
-log_view ascii:25x25x25_NP28_KSPcg_PCmg.log
-Output_type_ppt 3
-pc_type mg
-Project_name 25x25x25
-Run_options_scheme 2
-Run_options_time 1
#End of PETSc Option Table entries
Compiled without FORTRAN kernels
Compiled with full precision matrices (default)
sizeof(short) 2 sizeof(int) 4 sizeof(long) 8 sizeof(void*) 8 sizeof(PetscScalar) 8 sizeof(PetscInt) 4
Configure options: --with-shared-libraries --with-debugging=0 --with-mpi-dir=/MyLibs/MPICH/mpich-3.2/arch-centos-opt --with-cxx=0 --with-hdf5-dir=/MyLibs/HDF5/hdf5-1.8.17/arch-centos-parallel-opt/ PETSC_ARCH=arch-centos-opt-v3.7.2-mpich-v3.2-hdf5-v1.8.17 FOPTFLAGS="optimization flags" COPTFLAGS="optimization flags"
-----------------------------------------
Libraries compiled on Wed Aug 17 12:00:13 2016 on poroso-medellin-unal-edu-co 
Machine characteristics: Linux-3.10.0-327.28.2.el7.x86_64-x86_64-with-centos-7.2.1511-Core
Using PETSc directory: /MyLibs/PETSc
Using PETSc arch: arch-centos-opt-v3.7.2-mpich-v3.2-hdf5-v1.8.17
-----------------------------------------

Using C compiler: /MyLibs/MPICH/mpich-3.2/arch-centos-opt/bin/mpicc  -fPIC  -Wall -Wwrite-strings -Wno-strict-aliasing -Wno-unknown-pragmas -fvisibility=hidden  ${COPTFLAGS} ${CFLAGS}
Using Fortran compiler: /MyLibs/MPICH/mpich-3.2/arch-centos-opt/bin/mpif90  -fPIC -Wall -ffree-line-length-0 -Wno-unused-dummy-argument   ${FOPTFLAGS} ${FFLAGS} 
-----------------------------------------

Using include paths: -I/MyLibs/PETSc/arch-centos-opt-v3.7.2-mpich-v3.2-hdf5-v1.8.17/include -I/MyLibs/PETSc/include -I/MyLibs/PETSc/include -I/MyLibs/PETSc/arch-centos-opt-v3.7.2-mpich-v3.2-hdf5-v1.8.17/include -I/MyLibs/HDF5/hdf5-1.8.17/arch-centos-parallel-opt/include -I/MyLibs/MPICH/mpich-3.2/arch-centos-opt/include
-----------------------------------------

Using C linker: /MyLibs/MPICH/mpich-3.2/arch-centos-opt/bin/mpicc
Using Fortran linker: /MyLibs/MPICH/mpich-3.2/arch-centos-opt/bin/mpif90
Using libraries: -Wl,-rpath,/MyLibs/PETSc/arch-centos-opt-v3.7.2-mpich-v3.2-hdf5-v1.8.17/lib -L/MyLibs/PETSc/arch-centos-opt-v3.7.2-mpich-v3.2-hdf5-v1.8.17/lib -lpetsc -llapack -lblas -Wl,-rpath,/MyLibs/HDF5/hdf5-1.8.17/arch-centos-parallel-opt/lib -L/MyLibs/HDF5/hdf5-1.8.17/arch-centos-parallel-opt/lib -lhdf5hl_fortran -lhdf5_fortran -lhdf5_hl -lhdf5 -lpthread -lm -Wl,-rpath,/MyLibs/MPICH/mpich-3.2/arch-centos-opt/lib -L/MyLibs/MPICH/mpich-3.2/arch-centos-opt/lib -Wl,-rpath,/usr/lib/gcc/x86_64-redhat-linux/4.8.5 -L/usr/lib/gcc/x86_64-redhat-linux/4.8.5 -lmpifort -lgfortran -lm -lgfortran -lm -lquadmath -lm -Wl,-rpath,/MyLibs/MPICH/mpich-3.2/arch-centos-opt/lib -L/MyLibs/MPICH/mpich-3.2/arch-centos-opt/lib -Wl,-rpath,/usr/lib/gcc/x86_64-redhat-linux/4.8.5 -L/usr/lib/gcc/x86_64-redhat-linux/4.8.5 -ldl -Wl,-rpath,/MyLibs/MPICH/mpich-3.2/arch-centos-opt/lib -lmpi -lgcc_s -ldl 
-----------------------------------------

