************************************************************************************************************************
***             WIDEN YOUR WINDOW TO 120 CHARACTERS.  Use 'enscript -r -fCourier9' to print this document            ***
************************************************************************************************************************

---------------------------------------------- PETSc Performance Summary: ----------------------------------------------

../../src/ANISOFLOW                                                                                                                                                                                                                                             ˻d on a arch-centos-opt-v3.7.2-mpich-v3.2-hdf5-v1.8.17 named poroso-medellin-unal-edu-co with 20 processors, by sospinar Sat Oct 15 18:07:19 2016
Using Petsc Release Version 3.7.3, unknown 

                         Max       Max/Min        Avg      Total 
Time (sec):           2.002e+01      1.00002   2.002e+01
Objects:              4.385e+04      1.00000   4.385e+04
Flops:                7.606e+08      1.24439   6.870e+08  1.374e+10
Flops/sec:            3.799e+07      1.24441   3.431e+07  6.863e+08
MPI Messages:         3.164e+05      1.76616   2.199e+05  4.398e+06
MPI Message Lengths:  7.753e+08      9.31308   6.054e+02  2.662e+09
MPI Reductions:       1.037e+05      1.00000

Flop counting convention: 1 flop = 1 real number operation of type (multiply/divide/add/subtract)
                            e.g., VecAXPY() for real vectors of length N --> 2N flops
                            and VecAXPY() for complex vectors of length N --> 8N flops

Summary of Stages:   ----- Time ------  ----- Flops -----  --- Messages ---  -- Message Lengths --  -- Reductions --
                        Avg     %Total     Avg     %Total   counts   %Total     Avg         %Total   counts   %Total 
 0:      Main Stage: 1.9745e-04   0.0%  0.0000e+00   0.0%  0.000e+00   0.0%  0.000e+00        0.0%  0.000e+00   0.0% 
 1:   Loading Files: 5.9392e+00  29.7%  0.0000e+00   0.0%  9.420e+02   0.0%  1.221e-01        0.0%  3.069e+04  29.6% 
 2:      Setting up: 1.4096e-02   0.1%  0.0000e+00   0.0%  5.640e+02   0.0%  2.318e-02        0.0%  1.700e+01   0.0% 
 3:         Solving: 1.4067e+01  70.3%  1.3740e+10 100.0%  4.396e+06 100.0%  6.052e+02      100.0%  7.300e+04  70.4% 
 4:  Destroying obj: 9.6560e-04   0.0%  0.0000e+00   0.0%  0.000e+00   0.0%  0.000e+00        0.0%  0.000e+00   0.0% 

------------------------------------------------------------------------------------------------------------------------
See the 'Profiling' chapter of the users' manual for details on interpreting output.
Phase summary info:
   Count: number of times phase was executed
   Time and Flops: Max - maximum over all processors
                   Ratio - ratio of maximum to minimum over all processors
   Mess: number of messages sent
   Avg. len: average message length (bytes)
   Reduct: number of global reductions
   Global: entire computation
   Stage: stages of a computation. Set stages with PetscLogStagePush() and PetscLogStagePop().
      %T - percent time in this phase         %F - percent flops in this phase
      %M - percent messages in this phase     %L - percent message lengths in this phase
      %R - percent reductions in this phase
   Total Mflop/s: 10e-6 * (sum of flops over all processors)/(max time over all processors)
------------------------------------------------------------------------------------------------------------------------
Event                Count      Time (sec)     Flops                             --- Global ---  --- Stage ---   Total
                   Max Ratio  Max     Ratio   Max  Ratio  Mess   Avg len Reduct  %T %F %M %L %R  %T %F %M %L %R Mflop/s
------------------------------------------------------------------------------------------------------------------------

--- Event Stage 0: Main Stage


--- Event Stage 1: Loading Files

GetGeometry            1 1.0 3.1989e-03 1.0 0.00e+00 0.0 3.8e+02 9.2e+01 1.3e+01  0  0  0  0  0   0  0 40  6  0     0
VecView                1 1.0 3.3669e-03 1.1 0.00e+00 0.0 0.0e+00 0.0e+00 0.0e+00  0  0  0  0  0   0  0  0  0  0     0
VecMax                 2 1.0 1.2875e-05 1.7 0.00e+00 0.0 0.0e+00 0.0e+00 0.0e+00  0  0  0  0  0   0  0  0  0  0     0
VecCopy                2 1.0 4.5300e-06 1.9 0.00e+00 0.0 0.0e+00 0.0e+00 0.0e+00  0  0  0  0  0   0  0  0  0  0     0
VecSet                 8 1.0 4.2915e-05 2.3 0.00e+00 0.0 0.0e+00 0.0e+00 0.0e+00  0  0  0  0  0   0  0  0  0  0     0
VecAssemblyBegin    5845 1.0 1.5530e-01 1.3 0.00e+00 0.0 3.8e+01 4.7e+03 1.8e+04  1  0  0  0 17   2  0  4 33 57     0
VecAssemblyEnd      5845 1.0 5.0802e-03 2.0 0.00e+00 0.0 0.0e+00 0.0e+00 0.0e+00  0  0  0  0  0   0  0  0  0  0     0
VecScatterBegin        2 1.0 1.1945e-04 2.6 0.00e+00 0.0 2.5e+02 6.3e+02 0.0e+00  0  0  0  0  0   0  0 26 29  0     0
VecScatterEnd          2 1.0 9.7990e-05 4.5 0.00e+00 0.0 0.0e+00 0.0e+00 0.0e+00  0  0  0  0  0   0  0  0  0  0     0
GetProrperties         1 1.0 2.2887e-02 1.0 0.00e+00 0.0 5.7e+02 8.9e+02 2.1e+01  0  0  0  0  0   0  0 60 94  0     0
GetConductivity        1 1.0 1.9336e-04 1.4 0.00e+00 0.0 0.0e+00 0.0e+00 0.0e+00  0  0  0  0  0   0  0  0  0  0     0
GetSpecificStorage       1 1.0 2.7561e-04 1.2 0.00e+00 0.0 0.0e+00 0.0e+00 2.0e+00  0  0  0  0  0   0  0  0  0  0     0
GetBC                  1 1.0 5.9132e+00 1.0 0.00e+00 0.0 0.0e+00 0.0e+00 3.1e+04 30  0  0  0 30 100  0  0  0100     0

--- Event Stage 2: Setting up

BuildTwoSided          1 1.0 9.9182e-05 2.6 0.00e+00 0.0 0.0e+00 0.0e+00 0.0e+00  0  0  0  0  0   1  0  0  0  0     0
VecSet                 2 1.0 2.1458e-06 1.8 0.00e+00 0.0 0.0e+00 0.0e+00 0.0e+00  0  0  0  0  0   0  0  0  0  0     0
VecScatterBegin        1 1.0 2.0742e-05 1.9 0.00e+00 0.0 1.9e+02 3.6e+02 0.0e+00  0  0  0  0  0   0  0 33 66  0     0
VecScatterEnd          1 1.0 1.3828e-05 2.2 0.00e+00 0.0 0.0e+00 0.0e+00 0.0e+00  0  0  0  0  0   0  0  0  0  0     0
MatAssemblyBegin       2 1.0 6.6082e-0380.1 0.00e+00 0.0 0.0e+00 0.0e+00 4.0e+00  0  0  0  0  0  29  0  0  0 24     0
MatAssemblyEnd         2 1.0 9.9087e-04 1.1 0.00e+00 0.0 3.8e+02 9.2e+01 8.0e+00  0  0  0  0  0   7  0 67 34 47     0
SFSetGraph             1 1.0 8.3447e-06 1.8 0.00e+00 0.0 0.0e+00 0.0e+00 0.0e+00  0  0  0  0  0   0  0  0  0  0     0
SFReduceBegin          1 1.0 1.4830e-04 2.0 0.00e+00 0.0 0.0e+00 0.0e+00 0.0e+00  0  0  0  0  0   1  0  0  0  0     0
SFReduceEnd            1 1.0 2.8610e-06 1.7 0.00e+00 0.0 0.0e+00 0.0e+00 0.0e+00  0  0  0  0  0   0  0  0  0  0     0
BuildSystem            1 1.0 1.4093e-02 1.0 0.00e+00 0.0 5.6e+02 1.8e+02 1.7e+01  0  0  0  0  0 100  0100100100     0

--- Event Stage 3: Solving

BuildTwoSided       1460 1.0 3.5677e-01 2.2 0.00e+00 0.0 2.9e+05 4.0e+00 0.0e+00  1  0  7  0  0   2  0  7  0  0     0
VecView             1461 1.0 2.6306e+00 1.1 0.00e+00 0.0 0.0e+00 0.0e+00 0.0e+00 12  0  0  0  0  18  0  0  0  0     0
VecTDot            28226 1.0 1.2907e+00 2.2 4.77e+07 1.2 0.0e+00 0.0e+00 2.8e+04  5  6  0  0 27   7  6  0  0 39   683
VecNorm            15573 1.0 1.8630e-01 1.3 2.63e+07 1.2 0.0e+00 0.0e+00 1.6e+04  1  4  0  0 15   1  4  0  0 21  2612
VecCopy             2920 1.0 4.5357e-03 1.2 0.00e+00 0.0 0.0e+00 0.0e+00 0.0e+00  0  0  0  0  0   0  0  0  0  0     0
VecSet              8761 1.0 1.1405e-02 1.2 0.00e+00 0.0 0.0e+00 0.0e+00 0.0e+00  0  0  0  0  0   0  0  0  0  0     0
VecAXPY            29686 1.0 4.0903e-02 1.2 5.02e+07 1.2 0.0e+00 0.0e+00 0.0e+00  0  7  0  0  0   0  7  0  0  0 22680
VecAYPX            12653 1.0 6.0400e-02 1.3 2.14e+07 1.2 0.0e+00 0.0e+00 0.0e+00  0  3  0  0  0   0  3  0  0  0  6546
VecPointwiseMult   21413 1.0 8.5776e-02 1.2 1.56e+07 1.2 0.0e+00 0.0e+00 0.0e+00  0  2  0  0  0   1  2  0  0  0  3369
VecLoad                1 1.0 1.2782e-03 1.1 0.00e+00 0.0 0.0e+00 0.0e+00 0.0e+00  0  0  0  0  0   0  0  0  0  0     0
VecScatterBegin    22873 1.0 4.8219e-01 5.0 0.00e+00 0.0 2.7e+06 5.6e+02 0.0e+00  1  0 62 57  0   1  0 62 57  0     0
VecScatterEnd      22873 1.0 1.5946e+0018.0 0.00e+00 0.0 0.0e+00 0.0e+00 0.0e+00  7  0  0  0  0  10  0  0  0  0     0
MatMult            14113 1.0 2.3036e+00 1.4 5.99e+08 1.3 2.7e+06 3.6e+02 0.0e+00  9 78 60 36  0  13 78 60 36  0  4671
MatCopy             1460 1.0 2.0476e-01 1.3 0.00e+00 0.0 0.0e+00 0.0e+00 0.0e+00  1  0  0  0  0   1  0  0  0  0     0
MatConvert             1 1.0 5.3358e-04 1.4 0.00e+00 0.0 0.0e+00 0.0e+00 0.0e+00  0  0  0  0  0   0  0  0  0  0     0
SFSetGraph          1460 1.0 1.6484e-01 1.1 0.00e+00 0.0 0.0e+00 0.0e+00 0.0e+00  1  0  0  0  0   1  0  0  0  0     0
SFReduceBegin       1460 1.0 4.3158e-01 1.8 0.00e+00 0.0 1.5e+06 2.0e+02 0.0e+00  2  0 33 11  0   2  0 33 11  0     0
SFReduceEnd         1460 1.0 3.4946e-02 1.6 0.00e+00 0.0 0.0e+00 0.0e+00 0.0e+00  0  0  0  0  0   0  0  0  0  0     0
SolveSystem            1 1.0 1.4067e+01 1.0 7.61e+08 1.2 4.4e+06 6.1e+02 7.3e+04 70100100100 70 100100100100100   977
KSPSetUp            1460 1.0 1.7426e-01 1.2 0.00e+00 0.0 0.0e+00 0.0e+00 2.9e+03  1  0  0  0  3   1  0  0  0  4     0
KSPSolve            1460 1.0 3.4239e+00 1.0 7.56e+08 1.2 2.7e+06 3.6e+02 4.7e+04 17 99 60 36 45  24 99 60 36 64  3986
PCSetUp             1460 1.0 6.2490e-04 1.1 0.00e+00 0.0 0.0e+00 0.0e+00 0.0e+00  0  0  0  0  0   0  0  0  0  0     0
PCApply            15573 1.0 2.1675e-01 1.1 1.32e+07 1.2 0.0e+00 0.0e+00 2.9e+03  1  2  0  0  3   1  2  0  0  4  1123

--- Event Stage 4: Destroying obj

DestroyBC              1 1.0 9.1314e-04 1.4 0.00e+00 0.0 0.0e+00 0.0e+00 0.0e+00  0  0  0  0  0  84  0  0  0  0     0
DestroyProperties       1 1.0 1.3113e-05 1.8 0.00e+00 0.0 0.0e+00 0.0e+00 0.0e+00  0  0  0  0  0   1  0  0  0  0     0
DestroyGeometry        1 1.0 2.6941e-05 1.4 0.00e+00 0.0 0.0e+00 0.0e+00 0.0e+00  0  0  0  0  0   2  0  0  0  0     0
------------------------------------------------------------------------------------------------------------------------

Memory usage is given in bytes:

Object Type          Creations   Destructions     Memory  Descendants' Mem.
Reports information only for process 0.

--- Event Stage 0: Main Stage

              Viewer     1              0            0     0.

--- Event Stage 1: Loading Files

              Vector  5852              5        21544     0.
      Vector Scatter     2              1         3360     0.
    Distributed Mesh     1              0            0     0.
Star Forest Bipartite Graph     2              0            0     0.
     Discrete System     1              0            0     0.
           Index Set  4387              4        14568     0.
   IS L to G Mapping     1              0            0     0.
   Application Order     1              0            0     0.
              Viewer     1              1          776     0.

--- Event Stage 2: Setting up

              Vector     4              3        14232     0.
      Vector Scatter     1              0            0     0.
              Matrix     3              0            0     0.
Star Forest Bipartite Graph     1              1          848     0.
           Index Set     2              2         2876     0.

--- Event Stage 3: Solving

              Vector 16063          11681     93087912     0.
      Vector Scatter  5841           5841     36862832     0.
              Matrix     3              3       280108     0.
Star Forest Bipartite Graph  1460           1460      1238080     0.
           Index Set  5840           5840      4531840     0.
              Viewer  1462           1462      1134512     0.
       Krylov Solver  1461           1461      1799880     0.
      Preconditioner  1460           1460      1238080     0.

--- Event Stage 4: Destroying obj

              Vector     0             11        56920     0.
      Vector Scatter     0              1         1072     0.
              Matrix     0              3       280104     0.
           Index Set     0              3         7328     0.
========================================================================================================================
Average time to get PetscTime(): 2.38419e-08
Average time for MPI_Barrier(): 4.24385e-06
Average time for zero size MPI_Send(): 3.92199e-06
#PETSc Option Table entries:
-Input_file_bc 25x25x25_bc.txt
-Input_file_gmtry 25x25x25_gmtry.txt
-Input_file_init_sol 25x25x25_Sol.h5
-Input_file_ppt 25x25x25_properties.txt
-Input_file_ppt_by_zones 25x25x25_zones.txt
-Input_type_bc 2
-Input_type_gmtry 2
-Input_type_init_sol 3
-Input_type_tplgy 0
-ksp_type cg
-log_view ascii:25x25x25_NP20_KSPcg_PCjacobi.log
-Output_type_ppt 3
-pc_type jacobi
-Project_name 25x25x25
-Run_options_scheme 2
-Run_options_time 1
#End of PETSc Option Table entries
Compiled without FORTRAN kernels
Compiled with full precision matrices (default)
sizeof(short) 2 sizeof(int) 4 sizeof(long) 8 sizeof(void*) 8 sizeof(PetscScalar) 8 sizeof(PetscInt) 4
Configure options: --with-shared-libraries --with-debugging=0 --with-mpi-dir=/MyLibs/MPICH/mpich-3.2/arch-centos-opt --with-cxx=0 --with-hdf5-dir=/MyLibs/HDF5/hdf5-1.8.17/arch-centos-parallel-opt/ PETSC_ARCH=arch-centos-opt-v3.7.2-mpich-v3.2-hdf5-v1.8.17 FOPTFLAGS="optimization flags" COPTFLAGS="optimization flags"
-----------------------------------------
Libraries compiled on Wed Aug 17 12:00:13 2016 on poroso-medellin-unal-edu-co 
Machine characteristics: Linux-3.10.0-327.28.2.el7.x86_64-x86_64-with-centos-7.2.1511-Core
Using PETSc directory: /MyLibs/PETSc
Using PETSc arch: arch-centos-opt-v3.7.2-mpich-v3.2-hdf5-v1.8.17
-----------------------------------------

Using C compiler: /MyLibs/MPICH/mpich-3.2/arch-centos-opt/bin/mpicc  -fPIC  -Wall -Wwrite-strings -Wno-strict-aliasing -Wno-unknown-pragmas -fvisibility=hidden  ${COPTFLAGS} ${CFLAGS}
Using Fortran compiler: /MyLibs/MPICH/mpich-3.2/arch-centos-opt/bin/mpif90  -fPIC -Wall -ffree-line-length-0 -Wno-unused-dummy-argument   ${FOPTFLAGS} ${FFLAGS} 
-----------------------------------------

Using include paths: -I/MyLibs/PETSc/arch-centos-opt-v3.7.2-mpich-v3.2-hdf5-v1.8.17/include -I/MyLibs/PETSc/include -I/MyLibs/PETSc/include -I/MyLibs/PETSc/arch-centos-opt-v3.7.2-mpich-v3.2-hdf5-v1.8.17/include -I/MyLibs/HDF5/hdf5-1.8.17/arch-centos-parallel-opt/include -I/MyLibs/MPICH/mpich-3.2/arch-centos-opt/include
-----------------------------------------

Using C linker: /MyLibs/MPICH/mpich-3.2/arch-centos-opt/bin/mpicc
Using Fortran linker: /MyLibs/MPICH/mpich-3.2/arch-centos-opt/bin/mpif90
Using libraries: -Wl,-rpath,/MyLibs/PETSc/arch-centos-opt-v3.7.2-mpich-v3.2-hdf5-v1.8.17/lib -L/MyLibs/PETSc/arch-centos-opt-v3.7.2-mpich-v3.2-hdf5-v1.8.17/lib -lpetsc -llapack -lblas -Wl,-rpath,/MyLibs/HDF5/hdf5-1.8.17/arch-centos-parallel-opt/lib -L/MyLibs/HDF5/hdf5-1.8.17/arch-centos-parallel-opt/lib -lhdf5hl_fortran -lhdf5_fortran -lhdf5_hl -lhdf5 -lpthread -lm -Wl,-rpath,/MyLibs/MPICH/mpich-3.2/arch-centos-opt/lib -L/MyLibs/MPICH/mpich-3.2/arch-centos-opt/lib -Wl,-rpath,/usr/lib/gcc/x86_64-redhat-linux/4.8.5 -L/usr/lib/gcc/x86_64-redhat-linux/4.8.5 -lmpifort -lgfortran -lm -lgfortran -lm -lquadmath -lm -Wl,-rpath,/MyLibs/MPICH/mpich-3.2/arch-centos-opt/lib -L/MyLibs/MPICH/mpich-3.2/arch-centos-opt/lib -Wl,-rpath,/usr/lib/gcc/x86_64-redhat-linux/4.8.5 -L/usr/lib/gcc/x86_64-redhat-linux/4.8.5 -ldl -Wl,-rpath,/MyLibs/MPICH/mpich-3.2/arch-centos-opt/lib -lmpi -lgcc_s -ldl 
-----------------------------------------

