************************************************************************************************************************
***             WIDEN YOUR WINDOW TO 120 CHARACTERS.  Use 'enscript -r -fCourier9' to print this document            ***
************************************************************************************************************************

---------------------------------------------- PETSc Performance Summary: ----------------------------------------------

../../src/ANISOFLOW                                                                                                                                                                                                                                             ˻d on a arch-centos-opt-v3.7.2-mpich-v3.2-hdf5-v1.8.17 named poroso-medellin-unal-edu-co with 24 processors, by sospinar Sat Oct 15 18:24:11 2016
Using Petsc Release Version 3.7.3, unknown 

                         Max       Max/Min        Avg      Total 
Time (sec):           2.515e+01      1.00005   2.515e+01
Objects:              5.407e+04      1.00000   5.407e+04
Flops:                9.892e+08      1.46842   7.815e+08  1.876e+10
Flops/sec:            3.932e+07      1.46834   3.107e+07  7.457e+08
MPI Messages:         2.848e+05      2.27968   1.693e+05  4.062e+06
MPI Message Lengths:  8.950e+08     19.73033   6.491e+02  2.637e+09
MPI Reductions:       8.474e+04      1.00000

Flop counting convention: 1 flop = 1 real number operation of type (multiply/divide/add/subtract)
                            e.g., VecAXPY() for real vectors of length N --> 2N flops
                            and VecAXPY() for complex vectors of length N --> 8N flops

Summary of Stages:   ----- Time ------  ----- Flops -----  --- Messages ---  -- Message Lengths --  -- Reductions --
                        Avg     %Total     Avg     %Total   counts   %Total     Avg         %Total   counts   %Total 
 0:      Main Stage: 2.3608e-04   0.0%  0.0000e+00   0.0%  0.000e+00   0.0%  0.000e+00        0.0%  0.000e+00   0.0% 
 1:   Loading Files: 3.6453e+00  14.5%  0.0000e+00   0.0%  1.462e+03   0.0%  1.381e-01        0.0%  3.069e+04  36.2% 
 2:      Setting up: 1.2485e-02   0.0%  0.0000e+00   0.0%  7.680e+02   0.0%  2.580e-02        0.0%  1.700e+01   0.0% 
 3:         Solving: 2.1494e+01  85.5%  1.8756e+10 100.0%  4.060e+06  99.9%  6.489e+02      100.0%  5.402e+04  63.8% 
 4:  Destroying obj: 1.1138e-03   0.0%  0.0000e+00   0.0%  0.000e+00   0.0%  0.000e+00        0.0%  0.000e+00   0.0% 

------------------------------------------------------------------------------------------------------------------------
See the 'Profiling' chapter of the users' manual for details on interpreting output.
Phase summary info:
   Count: number of times phase was executed
   Time and Flops: Max - maximum over all processors
                   Ratio - ratio of maximum to minimum over all processors
   Mess: number of messages sent
   Avg. len: average message length (bytes)
   Reduct: number of global reductions
   Global: entire computation
   Stage: stages of a computation. Set stages with PetscLogStagePush() and PetscLogStagePop().
      %T - percent time in this phase         %F - percent flops in this phase
      %M - percent messages in this phase     %L - percent message lengths in this phase
      %R - percent reductions in this phase
   Total Mflop/s: 10e-6 * (sum of flops over all processors)/(max time over all processors)
------------------------------------------------------------------------------------------------------------------------
Event                Count      Time (sec)     Flops                             --- Global ---  --- Stage ---   Total
                   Max Ratio  Max     Ratio   Max  Ratio  Mess   Avg len Reduct  %T %F %M %L %R  %T %F %M %L %R Mflop/s
------------------------------------------------------------------------------------------------------------------------

--- Event Stage 0: Main Stage


--- Event Stage 1: Loading Files

GetGeometry            1 1.0 1.0307e-02 1.0 0.00e+00 0.0 5.1e+02 7.0e+01 1.3e+01  0  0  0  0  0   0  0 35  6  0     0
VecView                1 1.0 3.1118e-03 1.0 0.00e+00 0.0 0.0e+00 0.0e+00 0.0e+00  0  0  0  0  0   0  0  0  0  0     0
VecMax                 2 1.0 1.0490e-05 1.5 0.00e+00 0.0 0.0e+00 0.0e+00 0.0e+00  0  0  0  0  0   0  0  0  0  0     0
VecCopy                2 1.0 3.8147e-06 1.5 0.00e+00 0.0 0.0e+00 0.0e+00 0.0e+00  0  0  0  0  0   0  0  0  0  0     0
VecSet                 8 1.0 2.8133e-05 1.8 0.00e+00 0.0 0.0e+00 0.0e+00 0.0e+00  0  0  0  0  0   0  0  0  0  0     0
VecAssemblyBegin    5845 1.0 1.6340e-01 1.1 0.00e+00 0.0 4.6e+01 3.9e+03 1.8e+04  1  0  0  0 21   4  0  3 32 57     0
VecAssemblyEnd      5845 1.0 5.0924e-03 2.0 0.00e+00 0.0 0.0e+00 0.0e+00 0.0e+00  0  0  0  0  0   0  0  0  0  0     0
VecScatterBegin        2 1.0 1.2565e-04 3.2 0.00e+00 0.0 3.8e+02 4.5e+02 0.0e+00  0  0  0  0  0   0  0 26 30  0     0
VecScatterEnd          2 1.0 1.8430e-04 8.7 0.00e+00 0.0 0.0e+00 0.0e+00 0.0e+00  0  0  0  0  0   0  0  0  0  0     0
GetProrperties         1 1.0 1.7397e-02 1.0 0.00e+00 0.0 9.5e+02 5.5e+02 2.1e+01  0  0  0  0  0   0  0 65 94  0     0
GetConductivity        1 1.0 1.6427e-04 1.8 0.00e+00 0.0 0.0e+00 0.0e+00 0.0e+00  0  0  0  0  0   0  0  0  0  0     0
GetSpecificStorage       1 1.0 2.8062e-04 1.3 0.00e+00 0.0 0.0e+00 0.0e+00 2.0e+00  0  0  0  0  0   0  0  0  0  0     0
GetBC                  1 1.0 3.6177e+00 1.0 0.00e+00 0.0 0.0e+00 0.0e+00 3.1e+04 14  0  0  0 36  99  0  0  0100     0

--- Event Stage 2: Setting up

BuildTwoSided          1 1.0 1.0157e-04 2.6 0.00e+00 0.0 0.0e+00 0.0e+00 0.0e+00  0  0  0  0  0   1  0  0  0  0     0
VecSet                 2 1.0 2.3842e-06 2.5 0.00e+00 0.0 0.0e+00 0.0e+00 0.0e+00  0  0  0  0  0   0  0  0  0  0     0
VecScatterBegin        1 1.0 3.1471e-05 3.6 0.00e+00 0.0 2.6e+02 2.7e+02 0.0e+00  0  0  0  0  0   0  0 33 66  0     0
VecScatterEnd          1 1.0 2.6703e-05 3.0 0.00e+00 0.0 0.0e+00 0.0e+00 0.0e+00  0  0  0  0  0   0  0  0  0  0     0
MatAssemblyBegin       2 1.0 5.9023e-0345.8 0.00e+00 0.0 0.0e+00 0.0e+00 4.0e+00  0  0  0  0  0  20  0  0  0 24     0
MatAssemblyEnd         2 1.0 1.0409e-03 1.1 0.00e+00 0.0 5.1e+02 7.0e+01 8.0e+00  0  0  0  0  0   8  0 67 34 47     0
SFSetGraph             1 1.0 1.7405e-05 3.2 0.00e+00 0.0 0.0e+00 0.0e+00 0.0e+00  0  0  0  0  0   0  0  0  0  0     0
SFReduceBegin          1 1.0 1.5306e-04 2.0 0.00e+00 0.0 0.0e+00 0.0e+00 0.0e+00  0  0  0  0  0   1  0  0  0  0     0
SFReduceEnd            1 1.0 3.3379e-06 2.0 0.00e+00 0.0 0.0e+00 0.0e+00 0.0e+00  0  0  0  0  0   0  0  0  0  0     0
BuildSystem            1 1.0 1.2506e-02 1.0 0.00e+00 0.0 7.7e+02 1.4e+02 1.7e+01  0  0  0  0  0 100  0100100100     0

--- Event Stage 3: Solving

BuildTwoSided       1460 1.0 1.8304e+0011.2 0.00e+00 0.0 3.1e+05 4.0e+00 0.0e+00  3  0  8  0  0   3  0  8  0  0     0
VecView             1461 1.0 3.0838e+00 1.1 0.00e+00 0.0 0.0e+00 0.0e+00 0.0e+00 11  0  0  0  0  13  0  0  0  0     0
VecTDot            17520 1.0 6.8297e-01 2.1 2.87e+07 1.4 0.0e+00 0.0e+00 1.8e+04  2  3  0  0 21   2  3  0  0 32   801
VecNorm            10220 1.0 1.5329e+00 3.8 1.67e+07 1.4 0.0e+00 0.0e+00 1.0e+04  5  2  0  0 12   6  2  0  0 19   208
VecCopy             2920 1.0 4.5173e-03 1.2 0.00e+00 0.0 0.0e+00 0.0e+00 0.0e+00  0  0  0  0  0   0  0  0  0  0     0
VecSet             17521 1.0 1.9934e-02 1.3 0.00e+00 0.0 0.0e+00 0.0e+00 0.0e+00  0  0  0  0  0   0  0  0  0  0     0
VecAXPY            18980 1.0 2.6970e-02 1.3 3.11e+07 1.4 0.0e+00 0.0e+00 0.0e+00  0  3  0  0  0   0  3  0  0  0 21992
VecAYPX             7300 1.0 3.5614e-02 1.4 1.20e+07 1.4 0.0e+00 0.0e+00 0.0e+00  0  1  0  0  0   0  1  0  0  0  6405
VecPointwiseMult    5840 1.0 1.9655e-02 1.3 2.39e+06 1.4 0.0e+00 0.0e+00 0.0e+00  0  0  0  0  0   0  0  0  0  0  2321
VecLoad                1 1.0 1.1003e-03 1.1 0.00e+00 0.0 0.0e+00 0.0e+00 0.0e+00  0  0  0  0  0   0  0  0  0  0     0
VecScatterBegin    17520 1.0 6.0890e-01 7.4 0.00e+00 0.0 2.3e+06 5.5e+02 0.0e+00  1  0 56 48  0   1  0 56 48  0     0
VecScatterEnd      17520 1.0 2.1814e+0030.8 0.00e+00 0.0 0.0e+00 0.0e+00 0.0e+00  6  0  0  0  0   7  0  0  0  0     0
MatMult             8760 1.0 1.2989e+00 1.4 3.39e+08 1.4 2.2e+06 2.7e+02 0.0e+00  5 36 55 23  0   5 36 55 23  0  5142
MatSolve           10220 1.0 1.2429e+00 1.5 3.51e+08 1.5 0.0e+00 0.0e+00 0.0e+00  4 35  0  0  0   4 35  0  0  0  5269
MatLUFactorNum      1460 1.0 1.8592e+00 1.6 2.08e+08 1.6 0.0e+00 0.0e+00 0.0e+00  5 20  0  0  0   6 20  0  0  0  2041
MatILUFactorSym     1460 1.0 3.2967e-01 1.3 0.00e+00 0.0 0.0e+00 0.0e+00 0.0e+00  1  0  0  0  0   1  0  0  0  0     0
MatCopy             1460 1.0 3.7729e-01 1.2 0.00e+00 0.0 0.0e+00 0.0e+00 0.0e+00  1  0  0  0  0   2  0  0  0  0     0
MatConvert             1 1.0 9.5725e-04 1.6 0.00e+00 0.0 0.0e+00 0.0e+00 0.0e+00  0  0  0  0  0   0  0  0  0  0     0
MatGetRowIJ         1460 1.0 4.9305e-04 1.2 0.00e+00 0.0 0.0e+00 0.0e+00 0.0e+00  0  0  0  0  0   0  0  0  0  0     0
MatGetOrdering      1460 1.0 5.1155e-02 1.2 0.00e+00 0.0 0.0e+00 0.0e+00 0.0e+00  0  0  0  0  0   0  0  0  0  0     0
SFSetGraph          1460 1.0 1.6495e-01 1.1 0.00e+00 0.0 0.0e+00 0.0e+00 0.0e+00  1  0  0  0  0   1  0  0  0  0     0
SFReduceBegin       1460 1.0 1.8939e+00 7.4 0.00e+00 0.0 1.5e+06 2.3e+02 0.0e+00  3  0 38 13  0   4  0 38 13  0     0
SFReduceEnd         1460 1.0 4.1407e-0213.0 0.00e+00 0.0 0.0e+00 0.0e+00 0.0e+00  0  0  0  0  0   0  0  0  0  0     0
SolveSystem            1 1.0 2.1495e+01 1.0 9.89e+08 1.5 4.1e+06 6.5e+02 5.4e+04 85100100100 64 100100100100100   873
KSPSetUp            2920 1.0 4.6171e-01 4.4 0.00e+00 0.0 0.0e+00 0.0e+00 2.9e+03  2  0  0  0  3   2  0  0  0  5     0
KSPSolve            1460 1.0 5.9028e+00 1.0 9.84e+08 1.5 2.2e+06 2.7e+02 2.8e+04 23100 55 23 33  27100 55 23 51  3162
PCSetUp             2920 1.0 2.3436e+00 1.4 2.08e+08 1.6 0.0e+00 0.0e+00 0.0e+00  7 20  0  0  0   9 20  0  0  0  1619
PCSetUpOnBlocks     1460 1.0 2.2585e+00 1.5 2.08e+08 1.6 0.0e+00 0.0e+00 0.0e+00  7 20  0  0  0   8 20  0  0  0  1680
PCApply            10220 1.0 1.4940e+00 1.4 3.51e+08 1.5 0.0e+00 0.0e+00 0.0e+00  5 35  0  0  0   6 35  0  0  0  4384

--- Event Stage 4: Destroying obj

DestroyBC              1 1.0 1.0366e-03 1.4 0.00e+00 0.0 0.0e+00 0.0e+00 0.0e+00  0  0  0  0  0  84  0  0  0  0     0
DestroyProperties       1 1.0 1.3399e-0419.4 0.00e+00 0.0 0.0e+00 0.0e+00 0.0e+00  0  0  0  0  0   1  0  0  0  0     0
DestroyGeometry        1 1.0 1.4114e-04 6.5 0.00e+00 0.0 0.0e+00 0.0e+00 0.0e+00  0  0  0  0  0   3  0  0  0  0     0
------------------------------------------------------------------------------------------------------------------------

Memory usage is given in bytes:

Object Type          Creations   Destructions     Memory  Descendants' Mem.
Reports information only for process 0.

--- Event Stage 0: Main Stage

              Viewer     1              0            0     0.

--- Event Stage 1: Loading Files

              Vector  5852              5        21128     0.
      Vector Scatter     2              1         2840     0.
    Distributed Mesh     1              0            0     0.
Star Forest Bipartite Graph     2              0            0     0.
     Discrete System     1              0            0     0.
           Index Set  4387              4        14136     0.
   IS L to G Mapping     1              0            0     0.
   Application Order     1              0            0     0.
              Viewer     1              1          776     0.

--- Event Stage 2: Setting up

              Vector     4              3        13784     0.
      Vector Scatter     1              0            0     0.
              Matrix     3              0            0     0.
Star Forest Bipartite Graph     1              1          848     0.
           Index Set     2              2         2756     0.

--- Event Stage 3: Solving

              Vector 17523          13141     83755352     0.
      Vector Scatter  5841           5841     57279792     0.
              Matrix  1463           1463    331874724     0.
Star Forest Bipartite Graph  1460           1460      1238080     0.
           Index Set 10220          10220     17496640     0.
              Viewer  1462           1462      1134512     0.
       Krylov Solver  2921           2921      3493480     0.
      Preconditioner  2920           2920      2768160     0.

--- Event Stage 4: Destroying obj

              Vector     0             11        55544     0.
      Vector Scatter     0              1         1072     0.
              Matrix     0              3       273680     0.
           Index Set     0              3         7328     0.
========================================================================================================================
Average time to get PetscTime(): 7.15256e-08
Average time for MPI_Barrier(): 4.91142e-06
Average time for zero size MPI_Send(): 3.68555e-06
#PETSc Option Table entries:
-Input_file_bc 25x25x25_bc.txt
-Input_file_gmtry 25x25x25_gmtry.txt
-Input_file_init_sol 25x25x25_Sol.h5
-Input_file_ppt 25x25x25_properties.txt
-Input_file_ppt_by_zones 25x25x25_zones.txt
-Input_type_bc 2
-Input_type_gmtry 2
-Input_type_init_sol 3
-Input_type_tplgy 0
-ksp_type cg
-log_view ascii:25x25x25_NP24_KSPcg_PCbjacobi.log
-Output_type_ppt 3
-pc_type bjacobi
-Project_name 25x25x25
-Run_options_scheme 2
-Run_options_time 1
#End of PETSc Option Table entries
Compiled without FORTRAN kernels
Compiled with full precision matrices (default)
sizeof(short) 2 sizeof(int) 4 sizeof(long) 8 sizeof(void*) 8 sizeof(PetscScalar) 8 sizeof(PetscInt) 4
Configure options: --with-shared-libraries --with-debugging=0 --with-mpi-dir=/MyLibs/MPICH/mpich-3.2/arch-centos-opt --with-cxx=0 --with-hdf5-dir=/MyLibs/HDF5/hdf5-1.8.17/arch-centos-parallel-opt/ PETSC_ARCH=arch-centos-opt-v3.7.2-mpich-v3.2-hdf5-v1.8.17 FOPTFLAGS="optimization flags" COPTFLAGS="optimization flags"
-----------------------------------------
Libraries compiled on Wed Aug 17 12:00:13 2016 on poroso-medellin-unal-edu-co 
Machine characteristics: Linux-3.10.0-327.28.2.el7.x86_64-x86_64-with-centos-7.2.1511-Core
Using PETSc directory: /MyLibs/PETSc
Using PETSc arch: arch-centos-opt-v3.7.2-mpich-v3.2-hdf5-v1.8.17
-----------------------------------------

Using C compiler: /MyLibs/MPICH/mpich-3.2/arch-centos-opt/bin/mpicc  -fPIC  -Wall -Wwrite-strings -Wno-strict-aliasing -Wno-unknown-pragmas -fvisibility=hidden  ${COPTFLAGS} ${CFLAGS}
Using Fortran compiler: /MyLibs/MPICH/mpich-3.2/arch-centos-opt/bin/mpif90  -fPIC -Wall -ffree-line-length-0 -Wno-unused-dummy-argument   ${FOPTFLAGS} ${FFLAGS} 
-----------------------------------------

Using include paths: -I/MyLibs/PETSc/arch-centos-opt-v3.7.2-mpich-v3.2-hdf5-v1.8.17/include -I/MyLibs/PETSc/include -I/MyLibs/PETSc/include -I/MyLibs/PETSc/arch-centos-opt-v3.7.2-mpich-v3.2-hdf5-v1.8.17/include -I/MyLibs/HDF5/hdf5-1.8.17/arch-centos-parallel-opt/include -I/MyLibs/MPICH/mpich-3.2/arch-centos-opt/include
-----------------------------------------

Using C linker: /MyLibs/MPICH/mpich-3.2/arch-centos-opt/bin/mpicc
Using Fortran linker: /MyLibs/MPICH/mpich-3.2/arch-centos-opt/bin/mpif90
Using libraries: -Wl,-rpath,/MyLibs/PETSc/arch-centos-opt-v3.7.2-mpich-v3.2-hdf5-v1.8.17/lib -L/MyLibs/PETSc/arch-centos-opt-v3.7.2-mpich-v3.2-hdf5-v1.8.17/lib -lpetsc -llapack -lblas -Wl,-rpath,/MyLibs/HDF5/hdf5-1.8.17/arch-centos-parallel-opt/lib -L/MyLibs/HDF5/hdf5-1.8.17/arch-centos-parallel-opt/lib -lhdf5hl_fortran -lhdf5_fortran -lhdf5_hl -lhdf5 -lpthread -lm -Wl,-rpath,/MyLibs/MPICH/mpich-3.2/arch-centos-opt/lib -L/MyLibs/MPICH/mpich-3.2/arch-centos-opt/lib -Wl,-rpath,/usr/lib/gcc/x86_64-redhat-linux/4.8.5 -L/usr/lib/gcc/x86_64-redhat-linux/4.8.5 -lmpifort -lgfortran -lm -lgfortran -lm -lquadmath -lm -Wl,-rpath,/MyLibs/MPICH/mpich-3.2/arch-centos-opt/lib -L/MyLibs/MPICH/mpich-3.2/arch-centos-opt/lib -Wl,-rpath,/usr/lib/gcc/x86_64-redhat-linux/4.8.5 -L/usr/lib/gcc/x86_64-redhat-linux/4.8.5 -ldl -Wl,-rpath,/MyLibs/MPICH/mpich-3.2/arch-centos-opt/lib -lmpi -lgcc_s -ldl 
-----------------------------------------

