************************************************************************************************************************
***             WIDEN YOUR WINDOW TO 120 CHARACTERS.  Use 'enscript -r -fCourier9' to print this document            ***
************************************************************************************************************************

---------------------------------------------- PETSc Performance Summary: ----------------------------------------------

../../src/ANISOFLOW                                                                                                                                                                                                                                             ˻d on a arch-centos-opt-v3.7.2-mpich-v3.2-hdf5-v1.8.17 named poroso-medellin-unal-edu-co with 23 processors, by sospinar Sat Oct 15 18:20:28 2016
Using Petsc Release Version 3.7.3, unknown 

                         Max       Max/Min        Avg      Total 
Time (sec):           3.944e+01      1.00003   3.943e+01
Objects:              7.597e+04      1.00000   7.597e+04
Flops:                5.559e+09      3.06331   2.526e+09  5.810e+10
Flops/sec:            1.410e+08      3.06331   6.405e+07  1.473e+09
MPI Messages:         2.942e+05      2.17846   1.820e+05  4.185e+06
MPI Message Lengths:  1.055e+09      3.93376   2.766e+03  1.158e+10
MPI Reductions:       1.183e+05      1.00000

Flop counting convention: 1 flop = 1 real number operation of type (multiply/divide/add/subtract)
                            e.g., VecAXPY() for real vectors of length N --> 2N flops
                            and VecAXPY() for complex vectors of length N --> 8N flops

Summary of Stages:   ----- Time ------  ----- Flops -----  --- Messages ---  -- Message Lengths --  -- Reductions --
                        Avg     %Total     Avg     %Total   counts   %Total     Avg         %Total   counts   %Total 
 0:      Main Stage: 2.1084e-04   0.0%  0.0000e+00   0.0%  0.000e+00   0.0%  0.000e+00        0.0%  0.000e+00   0.0% 
 1:   Loading Files: 5.9423e+00  15.1%  0.0000e+00   0.0%  2.220e+02   0.0%  1.500e-01        0.0%  3.069e+04  25.9% 
 2:      Setting up: 2.0468e-02   0.1%  0.0000e+00   0.0%  1.320e+02   0.0%  7.889e-02        0.0%  1.700e+01   0.0% 
 3:         Solving: 3.3471e+01  84.9%  5.8097e+10 100.0%  4.185e+06 100.0%  2.765e+03      100.0%  8.760e+04  74.0% 
 4:  Destroying obj: 1.0440e-03   0.0%  0.0000e+00   0.0%  0.000e+00   0.0%  0.000e+00        0.0%  0.000e+00   0.0% 

------------------------------------------------------------------------------------------------------------------------
See the 'Profiling' chapter of the users' manual for details on interpreting output.
Phase summary info:
   Count: number of times phase was executed
   Time and Flops: Max - maximum over all processors
                   Ratio - ratio of maximum to minimum over all processors
   Mess: number of messages sent
   Avg. len: average message length (bytes)
   Reduct: number of global reductions
   Global: entire computation
   Stage: stages of a computation. Set stages with PetscLogStagePush() and PetscLogStagePop().
      %T - percent time in this phase         %F - percent flops in this phase
      %M - percent messages in this phase     %L - percent message lengths in this phase
      %R - percent reductions in this phase
   Total Mflop/s: 10e-6 * (sum of flops over all processors)/(max time over all processors)
------------------------------------------------------------------------------------------------------------------------
Event                Count      Time (sec)     Flops                             --- Global ---  --- Stage ---   Total
                   Max Ratio  Max     Ratio   Max  Ratio  Mess   Avg len Reduct  %T %F %M %L %R  %T %F %M %L %R Mflop/s
------------------------------------------------------------------------------------------------------------------------

--- Event Stage 0: Main Stage


--- Event Stage 1: Loading Files

GetGeometry            1 1.0 4.2415e-03 1.0 0.00e+00 0.0 8.8e+01 1.3e+03 1.3e+01  0  0  0  0  0   0  0 40 18  0     0
VecView                1 1.0 2.5396e-03 1.1 0.00e+00 0.0 0.0e+00 0.0e+00 0.0e+00  0  0  0  0  0   0  0  0  0  0     0
VecMax                 2 1.0 4.8161e-05 4.1 0.00e+00 0.0 0.0e+00 0.0e+00 0.0e+00  0  0  0  0  0   0  0  0  0  0     0
VecCopy                2 1.0 6.4373e-06 2.1 0.00e+00 0.0 0.0e+00 0.0e+00 0.0e+00  0  0  0  0  0   0  0  0  0  0     0
VecSet                 8 1.0 7.5340e-05 2.5 0.00e+00 0.0 0.0e+00 0.0e+00 0.0e+00  0  0  0  0  0   0  0  0  0  0     0
VecAssemblyBegin    5845 1.0 1.6056e-01 1.2 0.00e+00 0.0 4.4e+01 3.9e+03 1.8e+04  0  0  0  0 15   2  0 20 27 57     0
VecAssemblyEnd      5845 1.0 5.2037e-03 2.1 0.00e+00 0.0 0.0e+00 0.0e+00 0.0e+00  0  0  0  0  0   0  0  0  0  0     0
VecScatterBegin        2 1.0 1.0681e-04 3.2 0.00e+00 0.0 4.4e+01 5.0e+03 0.0e+00  0  0  0  0  0   0  0 20 35  0     0
VecScatterEnd          2 1.0 8.5354e-05 4.8 0.00e+00 0.0 0.0e+00 0.0e+00 0.0e+00  0  0  0  0  0   0  0  0  0  0     0
GetProrperties         1 1.0 1.9083e-02 1.0 0.00e+00 0.0 1.3e+02 3.9e+03 2.1e+01  0  0  0  0  0   0  0 60 82  0     0
GetConductivity        1 1.0 3.5596e-04 2.0 0.00e+00 0.0 0.0e+00 0.0e+00 0.0e+00  0  0  0  0  0   0  0  0  0  0     0
GetSpecificStorage       1 1.0 2.7251e-03 1.1 0.00e+00 0.0 0.0e+00 0.0e+00 2.0e+00  0  0  0  0  0   0  0  0  0  0     0
GetBC                  1 1.0 5.9190e+00 1.0 0.00e+00 0.0 0.0e+00 0.0e+00 3.1e+04 15  0  0  0 26 100  0  0  0100     0

--- Event Stage 2: Setting up

BuildTwoSided          1 1.0 1.5926e-04 3.9 0.00e+00 0.0 0.0e+00 0.0e+00 0.0e+00  0  0  0  0  0   1  0  0  0  0     0
VecSet                 2 1.0 9.2983e-06 5.6 0.00e+00 0.0 0.0e+00 0.0e+00 0.0e+00  0  0  0  0  0   0  0  0  0  0     0
VecScatterBegin        1 1.0 1.7166e-05 2.5 0.00e+00 0.0 4.4e+01 5.0e+03 0.0e+00  0  0  0  0  0   0  0 33 67  0     0
VecScatterEnd          1 1.0 2.3603e-05 2.5 0.00e+00 0.0 0.0e+00 0.0e+00 0.0e+00  0  0  0  0  0   0  0  0  0  0     0
MatAssemblyBegin       2 1.0 1.2133e-02137.9 0.00e+00 0.0 0.0e+00 0.0e+00 4.0e+00  0  0  0  0  0  42  0  0  0 24     0
MatAssemblyEnd         2 1.0 2.4967e-03 1.1 0.00e+00 0.0 8.8e+01 1.3e+03 8.0e+00  0  0  0  0  0  12  0 67 33 47     0
SFSetGraph             1 1.0 1.3590e-05 2.7 0.00e+00 0.0 0.0e+00 0.0e+00 0.0e+00  0  0  0  0  0   0  0  0  0  0     0
SFReduceBegin          1 1.0 2.1124e-04 3.0 0.00e+00 0.0 0.0e+00 0.0e+00 0.0e+00  0  0  0  0  0   1  0  0  0  0     0
SFReduceEnd            1 1.0 2.8610e-06 1.5 0.00e+00 0.0 0.0e+00 0.0e+00 0.0e+00  0  0  0  0  0   0  0  0  0  0     0
BuildSystem            1 1.0 2.0485e-02 1.0 0.00e+00 0.0 1.3e+02 2.5e+03 1.7e+01  0  0  0  0  0 100  0100100100     0

--- Event Stage 3: Solving

BuildTwoSided       1460 1.0 4.4090e-01 2.5 0.00e+00 0.0 3.9e+05 4.0e+00 0.0e+00  1  0  9  0  0   1  0  9  0  0     0
VecView             1461 1.0 2.1703e+00 1.2 0.00e+00 0.0 0.0e+00 0.0e+00 0.0e+00  5  0  0  0  0   6  0  0  0  0     0
VecMDot            14600 1.0 4.1810e+00 4.6 2.01e+08 2.0 0.0e+00 0.0e+00 1.5e+04  9  4  0  0 12  10  4  0  0 17   600
VecTDot            17520 1.0 1.4265e+00 4.4 4.38e+07 2.0 0.0e+00 0.0e+00 1.8e+04  3  1  0  0 15   3  1  0  0 20   384
VecNorm            26280 1.0 7.1618e+00 6.8 6.57e+07 2.0 0.0e+00 0.0e+00 2.6e+04 15  1  0  0 22  18  1  0  0 30   115
VecScale           16060 1.0 2.4144e-02 1.4 2.01e+07 2.0 0.0e+00 0.0e+00 0.0e+00  0  0  0  0  0   0  0  0  0  0 10393
VecCopy            14600 1.0 2.1984e-02 1.5 0.00e+00 0.0 0.0e+00 0.0e+00 0.0e+00  0  0  0  0  0   0  0  0  0  0     0
VecSet             30661 1.0 3.2893e-02 1.5 0.00e+00 0.0 0.0e+00 0.0e+00 0.0e+00  0  0  0  0  0   0  0  0  0  0     0
VecAXPY            20440 1.0 3.6670e-02 1.6 5.11e+07 2.0 0.0e+00 0.0e+00 0.0e+00  0  1  0  0  0   0  1  0  0  0 17419
VecAYPX            37960 1.0 2.5544e-01 2.0 6.94e+07 2.0 0.0e+00 0.0e+00 0.0e+00  0  1  0  0  0   0  1  0  0  0  3394
VecAXPBYCZ         20440 1.0 1.8490e-01 2.1 1.28e+08 2.0 0.0e+00 0.0e+00 0.0e+00  0  3  0  0  0   0  3  0  0  0  8636
VecMAXPY           16060 1.0 3.1664e-01 2.0 2.37e+08 2.0 0.0e+00 0.0e+00 0.0e+00  0  5  0  0  0   1  5  0  0  0  9366
VecPointwiseMult    5840 1.0 2.4972e-02 1.8 3.65e+06 2.0 0.0e+00 0.0e+00 0.0e+00  0  0  0  0  0   0  0  0  0  0  1827
VecLoad                1 1.0 5.2166e-04 1.3 0.00e+00 0.0 0.0e+00 0.0e+00 0.0e+00  0  0  0  0  0   0  0  0  0  0     0
VecScatterBegin    52560 1.0 7.4226e-01 2.7 0.00e+00 0.0 2.0e+06 5.1e+03 0.0e+00  1  0 48 89  0   1  0 48 89  0     0
VecScatterEnd      52560 1.0 4.8584e+00 7.3 0.00e+00 0.0 0.0e+00 0.0e+00 0.0e+00  7  0  0  0  0   8  0  0  0  0     0
VecNormalize       16060 1.0 6.2935e-01 2.5 6.02e+07 2.0 0.0e+00 0.0e+00 1.6e+04  1  1  0  0 14   2  1  0  0 18  1196
MatMult            43800 1.0 9.9119e+00 2.3 2.75e+09 3.0 1.9e+06 5.0e+03 0.0e+00 16 57 46 83  0  19 57 46 83  0  3369
MatSOR             46720 1.0 7.4214e+00 3.4 1.99e+09 4.0 0.0e+00 0.0e+00 0.0e+00  7 25  0  0  0   8 25  0  0  0  1949
MatCopy             1460 1.0 3.9425e-01 1.5 0.00e+00 0.0 0.0e+00 0.0e+00 0.0e+00  1  0  0  0  0   1  0  0  0  0     0
MatConvert             1 1.0 6.9308e-04 2.1 0.00e+00 0.0 0.0e+00 0.0e+00 0.0e+00  0  0  0  0  0   0  0  0  0  0     0
SFSetGraph          1460 1.0 1.6886e-01 1.1 0.00e+00 0.0 0.0e+00 0.0e+00 0.0e+00  0  0  0  0  0   0  0  0  0  0     0
SFReduceBegin       1460 1.0 5.5296e-01 2.0 0.00e+00 0.0 1.9e+06 1.7e+02 0.0e+00  1  0 46  3  0   1  0 46  3  0     0
SFReduceEnd         1460 1.0 3.8117e-02 1.5 0.00e+00 0.0 0.0e+00 0.0e+00 0.0e+00  0  0  0  0  0   0  0  0  0  0     0
SolveSystem            1 1.0 3.3471e+01 1.0 5.56e+09 3.1 4.2e+06 2.8e+03 8.8e+04 85100100100 74 100100100100100  1736
KSPGMRESOrthog     14600 1.0 4.3559e+00 3.6 4.01e+08 2.0 0.0e+00 0.0e+00 1.5e+04  9  9  0  0 12  11  9  0  0 17  1152
KSPSetUp            4380 1.0 5.6209e-01 1.9 0.00e+00 0.0 0.0e+00 0.0e+00 5.8e+03  1  0  0  0  5   2  0  0  0  7     0
KSPSolve            1460 1.0 2.0891e+01 1.0 5.55e+09 3.1 1.9e+06 5.0e+03 5.8e+04 53100 46 83 49  62100 46 83 67  2777
PCSetUp             1460 1.0 4.2409e-01 1.0 0.00e+00 0.0 0.0e+00 0.0e+00 2.9e+03  1  0  0  0  2   1  0  0  0  3     0
PCApply            10220 1.0 1.7731e+01 1.5 4.87e+09 3.1 1.5e+06 5.0e+03 3.1e+04 33 86 37 67 26  39 86 37 67 35  2802

--- Event Stage 4: Destroying obj

DestroyBC              1 1.0 1.0331e-03 1.4 0.00e+00 0.0 0.0e+00 0.0e+00 0.0e+00  0  0  0  0  0  86  0  0  0  0     0
DestroyProperties       1 1.0 1.1826e-0413.4 0.00e+00 0.0 0.0e+00 0.0e+00 0.0e+00  0  0  0  0  0   2  0  0  0  0     0
DestroyGeometry        1 1.0 1.2517e-04 6.0 0.00e+00 0.0 0.0e+00 0.0e+00 0.0e+00  0  0  0  0  0   3  0  0  0  0     0
------------------------------------------------------------------------------------------------------------------------

Memory usage is given in bytes:

Object Type          Creations   Destructions     Memory  Descendants' Mem.
Reports information only for process 0.

--- Event Stage 0: Main Stage

              Viewer     1              0            0     0.

--- Event Stage 1: Loading Files

              Vector  5852              5        28024     0.
      Vector Scatter     2              1        11072     0.
    Distributed Mesh     1              0            0     0.
Star Forest Bipartite Graph     2              0            0     0.
     Discrete System     1              0            0     0.
           Index Set  4387              4        20604     0.
   IS L to G Mapping     1              0            0     0.
   Application Order     1              0            0     0.
              Viewer     1              1          776     0.

--- Event Stage 2: Setting up

              Vector     4              3        19824     0.
      Vector Scatter     1              0            0     0.
              Matrix     3              0            0     0.
Star Forest Bipartite Graph     1              1          848     0.
           Index Set     2              2         4052     0.

--- Event Stage 3: Solving

              Vector 42343          37961    427582104     0.
      Vector Scatter  5841           5841     60257824     0.
              Matrix     3              3       371392     0.
Star Forest Bipartite Graph  1460           1460      1238080     0.
           Index Set  5840           5840      4531840     0.
              Viewer  1462           1462      1134512     0.
       Krylov Solver  4381           4381     47784040     0.
      Preconditioner  4380           4380      3936160     0.

--- Event Stage 4: Destroying obj

              Vector     0             11        76480     0.
      Vector Scatter     0              1         1072     0.
              Matrix     0              3       401388     0.
           Index Set     0              3         7328     0.
========================================================================================================================
Average time to get PetscTime(): 7.15256e-08
Average time for MPI_Barrier(): 5.38826e-06
Average time for zero size MPI_Send(): 4.2397e-06
#PETSc Option Table entries:
-Input_file_bc 25x25x25_bc.txt
-Input_file_gmtry 25x25x25_gmtry.txt
-Input_file_init_sol 25x25x25_Sol.h5
-Input_file_ppt 25x25x25_properties.txt
-Input_file_ppt_by_zones 25x25x25_zones.txt
-Input_type_bc 2
-Input_type_gmtry 2
-Input_type_init_sol 3
-Input_type_tplgy 0
-ksp_type cg
-log_view ascii:25x25x25_NP23_KSPcg_PCmg.log
-Output_type_ppt 3
-pc_type mg
-Project_name 25x25x25
-Run_options_scheme 2
-Run_options_time 1
#End of PETSc Option Table entries
Compiled without FORTRAN kernels
Compiled with full precision matrices (default)
sizeof(short) 2 sizeof(int) 4 sizeof(long) 8 sizeof(void*) 8 sizeof(PetscScalar) 8 sizeof(PetscInt) 4
Configure options: --with-shared-libraries --with-debugging=0 --with-mpi-dir=/MyLibs/MPICH/mpich-3.2/arch-centos-opt --with-cxx=0 --with-hdf5-dir=/MyLibs/HDF5/hdf5-1.8.17/arch-centos-parallel-opt/ PETSC_ARCH=arch-centos-opt-v3.7.2-mpich-v3.2-hdf5-v1.8.17 FOPTFLAGS="optimization flags" COPTFLAGS="optimization flags"
-----------------------------------------
Libraries compiled on Wed Aug 17 12:00:13 2016 on poroso-medellin-unal-edu-co 
Machine characteristics: Linux-3.10.0-327.28.2.el7.x86_64-x86_64-with-centos-7.2.1511-Core
Using PETSc directory: /MyLibs/PETSc
Using PETSc arch: arch-centos-opt-v3.7.2-mpich-v3.2-hdf5-v1.8.17
-----------------------------------------

Using C compiler: /MyLibs/MPICH/mpich-3.2/arch-centos-opt/bin/mpicc  -fPIC  -Wall -Wwrite-strings -Wno-strict-aliasing -Wno-unknown-pragmas -fvisibility=hidden  ${COPTFLAGS} ${CFLAGS}
Using Fortran compiler: /MyLibs/MPICH/mpich-3.2/arch-centos-opt/bin/mpif90  -fPIC -Wall -ffree-line-length-0 -Wno-unused-dummy-argument   ${FOPTFLAGS} ${FFLAGS} 
-----------------------------------------

Using include paths: -I/MyLibs/PETSc/arch-centos-opt-v3.7.2-mpich-v3.2-hdf5-v1.8.17/include -I/MyLibs/PETSc/include -I/MyLibs/PETSc/include -I/MyLibs/PETSc/arch-centos-opt-v3.7.2-mpich-v3.2-hdf5-v1.8.17/include -I/MyLibs/HDF5/hdf5-1.8.17/arch-centos-parallel-opt/include -I/MyLibs/MPICH/mpich-3.2/arch-centos-opt/include
-----------------------------------------

Using C linker: /MyLibs/MPICH/mpich-3.2/arch-centos-opt/bin/mpicc
Using Fortran linker: /MyLibs/MPICH/mpich-3.2/arch-centos-opt/bin/mpif90
Using libraries: -Wl,-rpath,/MyLibs/PETSc/arch-centos-opt-v3.7.2-mpich-v3.2-hdf5-v1.8.17/lib -L/MyLibs/PETSc/arch-centos-opt-v3.7.2-mpich-v3.2-hdf5-v1.8.17/lib -lpetsc -llapack -lblas -Wl,-rpath,/MyLibs/HDF5/hdf5-1.8.17/arch-centos-parallel-opt/lib -L/MyLibs/HDF5/hdf5-1.8.17/arch-centos-parallel-opt/lib -lhdf5hl_fortran -lhdf5_fortran -lhdf5_hl -lhdf5 -lpthread -lm -Wl,-rpath,/MyLibs/MPICH/mpich-3.2/arch-centos-opt/lib -L/MyLibs/MPICH/mpich-3.2/arch-centos-opt/lib -Wl,-rpath,/usr/lib/gcc/x86_64-redhat-linux/4.8.5 -L/usr/lib/gcc/x86_64-redhat-linux/4.8.5 -lmpifort -lgfortran -lm -lgfortran -lm -lquadmath -lm -Wl,-rpath,/MyLibs/MPICH/mpich-3.2/arch-centos-opt/lib -L/MyLibs/MPICH/mpich-3.2/arch-centos-opt/lib -Wl,-rpath,/usr/lib/gcc/x86_64-redhat-linux/4.8.5 -L/usr/lib/gcc/x86_64-redhat-linux/4.8.5 -ldl -Wl,-rpath,/MyLibs/MPICH/mpich-3.2/arch-centos-opt/lib -lmpi -lgcc_s -ldl 
-----------------------------------------

