************************************************************************************************************************
***             WIDEN YOUR WINDOW TO 120 CHARACTERS.  Use 'enscript -r -fCourier9' to print this document            ***
************************************************************************************************************************

---------------------------------------------- PETSc Performance Summary: ----------------------------------------------

../../src/ANISOFLOW                                                                                                                                                                                                                                             ˻d on a arch-centos-opt-v3.7.2-mpich-v3.2-hdf5-v1.8.17 named poroso-medellin-unal-edu-co with 3 processors, by sospinar Sat Oct 15 17:06:40 2016
Using Petsc Release Version 3.7.3, unknown 

                         Max       Max/Min        Avg      Total 
Time (sec):           2.813e+01      1.00001   2.813e+01
Objects:              5.407e+04      1.00000   5.407e+04
Flops:                5.593e+09      1.13838   5.162e+09  1.549e+10
Flops/sec:            1.988e+08      1.13837   1.835e+08  5.505e+08
MPI Messages:         3.724e+04      1.54529   3.043e+04  9.128e+04
MPI Message Lengths:  1.451e+08      1.83024   3.647e+03  3.329e+08
MPI Reductions:       7.598e+04      1.00000

Flop counting convention: 1 flop = 1 real number operation of type (multiply/divide/add/subtract)
                            e.g., VecAXPY() for real vectors of length N --> 2N flops
                            and VecAXPY() for complex vectors of length N --> 8N flops

Summary of Stages:   ----- Time ------  ----- Flops -----  --- Messages ---  -- Message Lengths --  -- Reductions --
                        Avg     %Total     Avg     %Total   counts   %Total     Avg         %Total   counts   %Total 
 0:      Main Stage: 1.7627e-04   0.0%  0.0000e+00   0.0%  0.000e+00   0.0%  0.000e+00        0.0%  0.000e+00   0.0% 
 1:   Loading Files: 3.0866e+00  11.0%  0.0000e+00   0.0%  2.200e+01   0.0%  3.013e+00        0.1%  3.069e+04  40.4% 
 2:      Setting up: 4.2307e-02   0.2%  0.0000e+00   0.0%  1.200e+01   0.0%  3.288e-01        0.0%  1.700e+01   0.0% 
 3:         Solving: 2.5003e+01  88.9%  1.5486e+10 100.0%  9.125e+04 100.0%  3.644e+03       99.9%  4.526e+04  59.6% 
 4:  Destroying obj: 4.1032e-04   0.0%  0.0000e+00   0.0%  0.000e+00   0.0%  0.000e+00        0.0%  0.000e+00   0.0% 

------------------------------------------------------------------------------------------------------------------------
See the 'Profiling' chapter of the users' manual for details on interpreting output.
Phase summary info:
   Count: number of times phase was executed
   Time and Flops: Max - maximum over all processors
                   Ratio - ratio of maximum to minimum over all processors
   Mess: number of messages sent
   Avg. len: average message length (bytes)
   Reduct: number of global reductions
   Global: entire computation
   Stage: stages of a computation. Set stages with PetscLogStagePush() and PetscLogStagePop().
      %T - percent time in this phase         %F - percent flops in this phase
      %M - percent messages in this phase     %L - percent message lengths in this phase
      %R - percent reductions in this phase
   Total Mflop/s: 10e-6 * (sum of flops over all processors)/(max time over all processors)
------------------------------------------------------------------------------------------------------------------------
Event                Count      Time (sec)     Flops                             --- Global ---  --- Stage ---   Total
                   Max Ratio  Max     Ratio   Max  Ratio  Mess   Avg len Reduct  %T %F %M %L %R  %T %F %M %L %R Mflop/s
------------------------------------------------------------------------------------------------------------------------

--- Event Stage 0: Main Stage


--- Event Stage 1: Loading Files

GetGeometry            1 1.0 3.0520e-03 1.0 0.00e+00 0.0 8.0e+00 1.3e+03 1.3e+01  0  0  0  0  0   0  0 36  4  0     0
VecView                1 1.0 2.0266e-03 1.2 0.00e+00 0.0 0.0e+00 0.0e+00 0.0e+00  0  0  0  0  0   0  0  0  0  0     0
VecMax                 2 1.0 7.6056e-05 1.8 0.00e+00 0.0 0.0e+00 0.0e+00 0.0e+00  0  0  0  0  0   0  0  0  0  0     0
VecCopy                2 1.0 1.4782e-05 1.6 0.00e+00 0.0 0.0e+00 0.0e+00 0.0e+00  0  0  0  0  0   0  0  0  0  0     0
VecSet                 8 1.0 1.5283e-04 1.7 0.00e+00 0.0 0.0e+00 0.0e+00 0.0e+00  0  0  0  0  0   0  0  0  0  0     0
VecAssemblyBegin    5845 1.0 4.1820e-02 1.2 0.00e+00 0.0 4.0e+00 3.0e+04 1.8e+04  0  0  0  0 23   1  0 18 44 57     0
VecAssemblyEnd      5845 1.0 2.0401e-03 1.0 0.00e+00 0.0 0.0e+00 0.0e+00 0.0e+00  0  0  0  0  0   0  0  0  0  0     0
VecScatterBegin        2 1.0 7.5340e-05 2.1 0.00e+00 0.0 4.0e+00 5.0e+03 0.0e+00  0  0  0  0  0   0  0 18  7  0     0
VecScatterEnd          2 1.0 2.0504e-05 1.6 0.00e+00 0.0 0.0e+00 0.0e+00 0.0e+00  0  0  0  0  0   0  0  0  0  0     0
GetProrperties         1 1.0 1.5766e-02 1.0 0.00e+00 0.0 1.4e+01 1.9e+04 2.1e+01  0  0  0  0  0   1  0 64 96  0     0
GetConductivity        1 1.0 1.2112e-04 1.3 0.00e+00 0.0 0.0e+00 0.0e+00 0.0e+00  0  0  0  0  0   0  0  0  0  0     0
GetSpecificStorage       1 1.0 2.5272e-04 1.1 0.00e+00 0.0 0.0e+00 0.0e+00 2.0e+00  0  0  0  0  0   0  0  0  0  0     0
GetBC                  1 1.0 3.0678e+00 1.0 0.00e+00 0.0 0.0e+00 0.0e+00 3.1e+04 11  0  0  0 40  99  0  0  0100     0

--- Event Stage 2: Setting up

BuildTwoSided          1 1.0 5.9605e-05 2.3 0.00e+00 0.0 0.0e+00 0.0e+00 0.0e+00  0  0  0  0  0   0  0  0  0  0     0
VecSet                 2 1.0 3.5763e-06 1.7 0.00e+00 0.0 0.0e+00 0.0e+00 0.0e+00  0  0  0  0  0   0  0  0  0  0     0
VecScatterBegin        1 1.0 7.3910e-06 1.6 0.00e+00 0.0 4.0e+00 5.0e+03 0.0e+00  0  0  0  0  0   0  0 33 67  0     0
VecScatterEnd          1 1.0 9.0599e-06 1.4 0.00e+00 0.0 0.0e+00 0.0e+00 0.0e+00  0  0  0  0  0   0  0  0  0  0     0
MatAssemblyBegin       2 1.0 5.0159e-03157.0 0.00e+00 0.0 0.0e+00 0.0e+00 4.0e+00  0  0  0  0  0   8  0  0  0 24     0
MatAssemblyEnd         2 1.0 2.0618e-03 1.1 0.00e+00 0.0 8.0e+00 1.3e+03 8.0e+00  0  0  0  0  0   5  0 67 33 47     0
SFSetGraph             1 1.0 7.6294e-06 1.7 0.00e+00 0.0 0.0e+00 0.0e+00 0.0e+00  0  0  0  0  0   0  0  0  0  0     0
SFReduceBegin          1 1.0 8.3447e-05 1.8 0.00e+00 0.0 0.0e+00 0.0e+00 0.0e+00  0  0  0  0  0   0  0  0  0  0     0
SFReduceEnd            1 1.0 2.3842e-06 1.0 0.00e+00 0.0 0.0e+00 0.0e+00 0.0e+00  0  0  0  0  0   0  0  0  0  0     0
BuildSystem            1 1.0 4.2293e-02 1.0 0.00e+00 0.0 1.2e+01 2.5e+03 1.7e+01  0  0  0  0  0 100  0100100100     0

--- Event Stage 3: Solving

BuildTwoSided       1460 1.0 8.7265e-02 3.5 0.00e+00 0.0 6.6e+03 4.0e+00 0.0e+00  0  0  7  0  0   0  0  7  0  0     0
VecView             1461 1.0 1.2045e+00 1.0 0.00e+00 0.0 0.0e+00 0.0e+00 0.0e+00  4  0  0  0  0   5  0  0  0  0     0
VecTDot            11680 1.0 9.7629e-01 7.1 1.31e+08 1.1 0.0e+00 0.0e+00 1.2e+04  2  2  0  0 15   3  2  0  0 26   374
VecNorm             7300 1.0 3.8281e+0022.4 8.21e+07 1.1 0.0e+00 0.0e+00 7.3e+03  9  1  0  0 10  10  1  0  0 16    60
VecCopy             2920 1.0 1.3470e-02 1.3 0.00e+00 0.0 0.0e+00 0.0e+00 0.0e+00  0  0  0  0  0   0  0  0  0  0     0
VecSet             14601 1.0 5.4996e-02 1.3 0.00e+00 0.0 0.0e+00 0.0e+00 0.0e+00  0  0  0  0  0   0  0  0  0  0     0
VecAXPY            13140 1.0 7.1755e-02 1.4 1.48e+08 1.1 0.0e+00 0.0e+00 0.0e+00  0  3  0  0  0   0  3  0  0  0  5723
VecAYPX             4380 1.0 9.8189e-02 1.3 4.93e+07 1.1 0.0e+00 0.0e+00 0.0e+00  0  1  0  0  0   0  1  0  0  0  1394
VecPointwiseMult    5840 1.0 6.6640e-02 1.2 1.64e+07 1.1 0.0e+00 0.0e+00 0.0e+00  0  0  0  0  0   0  0  0  0  0   685
VecLoad                1 1.0 2.3007e-04 1.0 0.00e+00 0.0 0.0e+00 0.0e+00 0.0e+00  0  0  0  0  0   0  0  0  0  0     0
VecScatterBegin    14600 1.0 8.0620e-02 3.1 0.00e+00 0.0 2.9e+04 5.9e+03 0.0e+00  0  0 32 52  0   0  0 32 52  0     0
VecScatterEnd      14600 1.0 2.0792e-01 7.7 0.00e+00 0.0 0.0e+00 0.0e+00 0.0e+00  1  0  0  0  0   1  0  0  0  0     0
MatMult             5840 1.0 3.6105e+00 1.3 1.59e+09 1.1 2.3e+04 5.0e+03 0.0e+00 11 29 26 35  0  13 29 26 35  0  1233
MatSolve            7300 1.0 4.4830e+00 1.3 1.90e+09 1.1 0.0e+00 0.0e+00 0.0e+00 13 34  0  0  0  15 34  0  0  0  1172
MatLUFactorNum      1460 1.0 9.8905e+00 1.3 1.68e+09 1.2 0.0e+00 0.0e+00 0.0e+00 30 30  0  0  0  33 30  0  0  0   464
MatILUFactorSym     1460 1.0 9.9242e-01 1.2 0.00e+00 0.0 0.0e+00 0.0e+00 0.0e+00  3  0  0  0  0   3  0  0  0  0     0
MatCopy             1460 1.0 2.0274e-01 1.3 0.00e+00 0.0 0.0e+00 0.0e+00 0.0e+00  1  0  0  0  0   1  0  0  0  0     0
MatConvert             1 1.0 9.9730e-04 1.4 0.00e+00 0.0 0.0e+00 0.0e+00 0.0e+00  0  0  0  0  0   0  0  0  0  0     0
MatGetRowIJ         1460 1.0 4.0030e-04 1.1 0.00e+00 0.0 0.0e+00 0.0e+00 0.0e+00  0  0  0  0  0   0  0  0  0  0     0
MatGetOrdering      1460 1.0 1.7390e-01 1.3 0.00e+00 0.0 0.0e+00 0.0e+00 0.0e+00  1  0  0  0  0   1  0  0  0  0     0
SFSetGraph          1460 1.0 9.8557e-02 1.1 0.00e+00 0.0 0.0e+00 0.0e+00 0.0e+00  0  0  0  0  0   0  0  0  0  0     0
SFReduceBegin       1460 1.0 1.1900e-01 2.0 0.00e+00 0.0 3.3e+04 1.3e+03 0.0e+00  0  0 36 13  0   0  0 36 13  0     0
SFReduceEnd         1460 1.0 1.3967e-02 1.2 0.00e+00 0.0 0.0e+00 0.0e+00 0.0e+00  0  0  0  0  0   0  0  0  0  0     0
SolveSystem            1 1.0 2.5003e+01 1.0 5.59e+09 1.1 9.1e+04 3.6e+03 4.5e+04 89100100100 60 100100100100100   619
KSPSetUp            2920 1.0 1.9396e-01 3.3 0.00e+00 0.0 0.0e+00 0.0e+00 2.9e+03  1  0  0  0  4   1  0  0  0  6     0
KSPSolve            1460 1.0 1.9861e+01 1.0 5.56e+09 1.1 2.3e+04 5.0e+03 1.9e+04 71 99 26 35 25  79 99 26 35 42   775
PCSetUp             2920 1.0 1.1150e+01 1.3 1.68e+09 1.2 0.0e+00 0.0e+00 0.0e+00 34 30  0  0  0  38 30  0  0  0   412
PCSetUpOnBlocks     1460 1.0 1.1091e+01 1.3 1.68e+09 1.2 0.0e+00 0.0e+00 0.0e+00 33 30  0  0  0  38 30  0  0  0   414
PCApply             7300 1.0 4.6272e+00 1.3 1.90e+09 1.1 0.0e+00 0.0e+00 0.0e+00 14 34  0  0  0  16 34  0  0  0  1136

--- Event Stage 4: Destroying obj

DestroyBC              1 1.0 3.5501e-04 1.1 0.00e+00 0.0 0.0e+00 0.0e+00 0.0e+00  0  0  0  0  0  83  0  0  0  0     0
DestroyProperties       1 1.0 7.8678e-06 1.2 0.00e+00 0.0 0.0e+00 0.0e+00 0.0e+00  0  0  0  0  0   2  0  0  0  0     0
DestroyGeometry        1 1.0 1.3828e-05 1.1 0.00e+00 0.0 0.0e+00 0.0e+00 0.0e+00  0  0  0  0  0   3  0  0  0  0     0
------------------------------------------------------------------------------------------------------------------------

Memory usage is given in bytes:

Object Type          Creations   Destructions     Memory  Descendants' Mem.
Reports information only for process 0.

--- Event Stage 0: Main Stage

              Viewer     1              0            0     0.

--- Event Stage 1: Loading Files

              Vector  5852              5        98024     0.
      Vector Scatter     2              1        46072     0.
    Distributed Mesh     1              0            0     0.
Star Forest Bipartite Graph     2              0            0     0.
     Discrete System     1              0            0     0.
           Index Set  4387              4        73104     0.
   IS L to G Mapping     1              0            0     0.
   Application Order     1              0            0     0.
              Viewer     1              1          776     0.

--- Event Stage 2: Setting up

              Vector     4              3        54824     0.
      Vector Scatter     1              0            0     0.
              Matrix     3              0            0     0.
Star Forest Bipartite Graph     1              1          848     0.
           Index Set     2              2         4052     0.

--- Event Stage 3: Solving

              Vector 17523          13141    364428344     0.
      Vector Scatter  5841           5841     37832544     0.
              Matrix  1463           1463   2471911500     0.
Star Forest Bipartite Graph  1460           1460      1238080     0.
           Index Set 10220          10220     73630720     0.
              Viewer  1462           1462      1134512     0.
       Krylov Solver  2921           2921      3493480     0.
      Preconditioner  2920           2920      2768160     0.

--- Event Stage 4: Destroying obj

              Vector     0             11       187304     0.
      Vector Scatter     0              1         1072     0.
              Matrix     0              3      1854296     0.
           Index Set     0              3         7328     0.
========================================================================================================================
Average time to get PetscTime(): 4.76837e-08
Average time for MPI_Barrier(): 1.57356e-06
Average time for zero size MPI_Send(): 3.25839e-06
#PETSc Option Table entries:
-Input_file_bc 25x25x25_bc.txt
-Input_file_gmtry 25x25x25_gmtry.txt
-Input_file_init_sol 25x25x25_Sol.h5
-Input_file_ppt 25x25x25_properties.txt
-Input_file_ppt_by_zones 25x25x25_zones.txt
-Input_type_bc 2
-Input_type_gmtry 2
-Input_type_init_sol 3
-Input_type_tplgy 0
-ksp_type cg
-log_view ascii:25x25x25_NP3_KSPcg_PCbjacobi.log
-Output_type_ppt 3
-pc_type bjacobi
-Project_name 25x25x25
-Run_options_scheme 2
-Run_options_time 1
#End of PETSc Option Table entries
Compiled without FORTRAN kernels
Compiled with full precision matrices (default)
sizeof(short) 2 sizeof(int) 4 sizeof(long) 8 sizeof(void*) 8 sizeof(PetscScalar) 8 sizeof(PetscInt) 4
Configure options: --with-shared-libraries --with-debugging=0 --with-mpi-dir=/MyLibs/MPICH/mpich-3.2/arch-centos-opt --with-cxx=0 --with-hdf5-dir=/MyLibs/HDF5/hdf5-1.8.17/arch-centos-parallel-opt/ PETSC_ARCH=arch-centos-opt-v3.7.2-mpich-v3.2-hdf5-v1.8.17 FOPTFLAGS="optimization flags" COPTFLAGS="optimization flags"
-----------------------------------------
Libraries compiled on Wed Aug 17 12:00:13 2016 on poroso-medellin-unal-edu-co 
Machine characteristics: Linux-3.10.0-327.28.2.el7.x86_64-x86_64-with-centos-7.2.1511-Core
Using PETSc directory: /MyLibs/PETSc
Using PETSc arch: arch-centos-opt-v3.7.2-mpich-v3.2-hdf5-v1.8.17
-----------------------------------------

Using C compiler: /MyLibs/MPICH/mpich-3.2/arch-centos-opt/bin/mpicc  -fPIC  -Wall -Wwrite-strings -Wno-strict-aliasing -Wno-unknown-pragmas -fvisibility=hidden  ${COPTFLAGS} ${CFLAGS}
Using Fortran compiler: /MyLibs/MPICH/mpich-3.2/arch-centos-opt/bin/mpif90  -fPIC -Wall -ffree-line-length-0 -Wno-unused-dummy-argument   ${FOPTFLAGS} ${FFLAGS} 
-----------------------------------------

Using include paths: -I/MyLibs/PETSc/arch-centos-opt-v3.7.2-mpich-v3.2-hdf5-v1.8.17/include -I/MyLibs/PETSc/include -I/MyLibs/PETSc/include -I/MyLibs/PETSc/arch-centos-opt-v3.7.2-mpich-v3.2-hdf5-v1.8.17/include -I/MyLibs/HDF5/hdf5-1.8.17/arch-centos-parallel-opt/include -I/MyLibs/MPICH/mpich-3.2/arch-centos-opt/include
-----------------------------------------

Using C linker: /MyLibs/MPICH/mpich-3.2/arch-centos-opt/bin/mpicc
Using Fortran linker: /MyLibs/MPICH/mpich-3.2/arch-centos-opt/bin/mpif90
Using libraries: -Wl,-rpath,/MyLibs/PETSc/arch-centos-opt-v3.7.2-mpich-v3.2-hdf5-v1.8.17/lib -L/MyLibs/PETSc/arch-centos-opt-v3.7.2-mpich-v3.2-hdf5-v1.8.17/lib -lpetsc -llapack -lblas -Wl,-rpath,/MyLibs/HDF5/hdf5-1.8.17/arch-centos-parallel-opt/lib -L/MyLibs/HDF5/hdf5-1.8.17/arch-centos-parallel-opt/lib -lhdf5hl_fortran -lhdf5_fortran -lhdf5_hl -lhdf5 -lpthread -lm -Wl,-rpath,/MyLibs/MPICH/mpich-3.2/arch-centos-opt/lib -L/MyLibs/MPICH/mpich-3.2/arch-centos-opt/lib -Wl,-rpath,/usr/lib/gcc/x86_64-redhat-linux/4.8.5 -L/usr/lib/gcc/x86_64-redhat-linux/4.8.5 -lmpifort -lgfortran -lm -lgfortran -lm -lquadmath -lm -Wl,-rpath,/MyLibs/MPICH/mpich-3.2/arch-centos-opt/lib -L/MyLibs/MPICH/mpich-3.2/arch-centos-opt/lib -Wl,-rpath,/usr/lib/gcc/x86_64-redhat-linux/4.8.5 -L/usr/lib/gcc/x86_64-redhat-linux/4.8.5 -ldl -Wl,-rpath,/MyLibs/MPICH/mpich-3.2/arch-centos-opt/lib -lmpi -lgcc_s -ldl 
-----------------------------------------

