************************************************************************************************************************
***             WIDEN YOUR WINDOW TO 120 CHARACTERS.  Use 'enscript -r -fCourier9' to print this document            ***
************************************************************************************************************************

---------------------------------------------- PETSc Performance Summary: ----------------------------------------------

../../src/ANISOFLOW                                                                                                                                                                                                                                             ˻d on a arch-centos-opt-v3.7.2-mpich-v3.2-hdf5-v1.8.17 named poroso-medellin-unal-edu-co with 6 processors, by sospinar Sat Oct 15 17:23:01 2016
Using Petsc Release Version 3.7.3, unknown 

                         Max       Max/Min        Avg      Total 
Time (sec):           3.753e+01      1.00001   3.753e+01
Objects:              9.349e+04      1.00000   9.349e+04
Flops:                1.319e+10      1.23014   1.175e+10  7.049e+10
Flops/sec:            3.514e+08      1.23013   3.130e+08  1.878e+09
MPI Messages:         2.257e+05      1.53432   1.792e+05  1.075e+06
MPI Message Lengths:  4.064e+08      1.88920   1.601e+03  1.721e+09
MPI Reductions:       1.358e+05      1.00000

Flop counting convention: 1 flop = 1 real number operation of type (multiply/divide/add/subtract)
                            e.g., VecAXPY() for real vectors of length N --> 2N flops
                            and VecAXPY() for complex vectors of length N --> 8N flops

Summary of Stages:   ----- Time ------  ----- Flops -----  --- Messages ---  -- Message Lengths --  -- Reductions --
                        Avg     %Total     Avg     %Total   counts   %Total     Avg         %Total   counts   %Total 
 0:      Main Stage: 1.6566e-04   0.0%  0.0000e+00   0.0%  0.000e+00   0.0%  0.000e+00        0.0%  0.000e+00   0.0% 
 1:   Loading Files: 3.1885e+00   8.5%  0.0000e+00   0.0%  1.180e+02   0.0%  3.849e-01        0.0%  3.069e+04  22.6% 
 2:      Setting up: 2.2292e-02   0.1%  0.0000e+00   0.0%  6.600e+01   0.0%  4.417e-02        0.0%  1.700e+01   0.0% 
 3:         Solving: 3.4321e+01  91.4%  7.0493e+10 100.0%  1.075e+06 100.0%  1.601e+03      100.0%  1.050e+05  77.4% 
 4:  Destroying obj: 4.3952e-04   0.0%  0.0000e+00   0.0%  0.000e+00   0.0%  0.000e+00        0.0%  0.000e+00   0.0% 

------------------------------------------------------------------------------------------------------------------------
See the 'Profiling' chapter of the users' manual for details on interpreting output.
Phase summary info:
   Count: number of times phase was executed
   Time and Flops: Max - maximum over all processors
                   Ratio - ratio of maximum to minimum over all processors
   Mess: number of messages sent
   Avg. len: average message length (bytes)
   Reduct: number of global reductions
   Global: entire computation
   Stage: stages of a computation. Set stages with PetscLogStagePush() and PetscLogStagePop().
      %T - percent time in this phase         %F - percent flops in this phase
      %M - percent messages in this phase     %L - percent message lengths in this phase
      %R - percent reductions in this phase
   Total Mflop/s: 10e-6 * (sum of flops over all processors)/(max time over all processors)
------------------------------------------------------------------------------------------------------------------------
Event                Count      Time (sec)     Flops                             --- Global ---  --- Stage ---   Total
                   Max Ratio  Max     Ratio   Max  Ratio  Mess   Avg len Reduct  %T %F %M %L %R  %T %F %M %L %R Mflop/s
------------------------------------------------------------------------------------------------------------------------

--- Event Stage 0: Main Stage


--- Event Stage 1: Loading Files

GetGeometry            1 1.0 3.6080e-03 1.0 0.00e+00 0.0 4.4e+01 3.6e+02 1.3e+01  0  0  0  0  0   0  0 37  4  0     0
VecView                1 1.0 2.3575e-03 1.2 0.00e+00 0.0 0.0e+00 0.0e+00 0.0e+00  0  0  0  0  0   0  0  0  0  0     0
VecMax                 2 1.0 5.7220e-05 2.6 0.00e+00 0.0 0.0e+00 0.0e+00 0.0e+00  0  0  0  0  0   0  0  0  0  0     0
VecCopy                2 1.0 1.0014e-05 1.9 0.00e+00 0.0 0.0e+00 0.0e+00 0.0e+00  0  0  0  0  0   0  0  0  0  0     0
VecSet                 8 1.0 8.5592e-05 1.7 0.00e+00 0.0 0.0e+00 0.0e+00 0.0e+00  0  0  0  0  0   0  0  0  0  0     0
VecAssemblyBegin    5845 1.0 5.8011e-02 1.2 0.00e+00 0.0 1.0e+01 1.5e+04 1.8e+04  0  0  0  0 13   2  0  8 37 57     0
VecAssemblyEnd      5845 1.0 2.4645e-03 1.4 0.00e+00 0.0 0.0e+00 0.0e+00 0.0e+00  0  0  0  0  0   0  0  0  0  0     0
VecScatterBegin        2 1.0 7.1287e-05 1.9 0.00e+00 0.0 2.8e+01 3.2e+03 0.0e+00  0  0  0  0  0   0  0 24 22  0     0
VecScatterEnd          2 1.0 7.9632e-05 3.5 0.00e+00 0.0 0.0e+00 0.0e+00 0.0e+00  0  0  0  0  0   0  0  0  0  0     0
GetProrperties         1 1.0 1.5202e-02 1.0 0.00e+00 0.0 7.4e+01 5.4e+03 2.1e+01  0  0  0  0  0   0  0 63 96  0     0
GetConductivity        1 1.0 3.1972e-04 1.3 0.00e+00 0.0 0.0e+00 0.0e+00 0.0e+00  0  0  0  0  0   0  0  0  0  0     0
GetSpecificStorage       1 1.0 3.4618e-04 1.1 0.00e+00 0.0 0.0e+00 0.0e+00 2.0e+00  0  0  0  0  0   0  0  0  0  0     0
GetBC                  1 1.0 3.1697e+00 1.0 0.00e+00 0.0 0.0e+00 0.0e+00 3.1e+04  8  0  0  0 23  99  0  0  0100     0

--- Event Stage 2: Setting up

BuildTwoSided          1 1.0 6.5565e-05 2.5 0.00e+00 0.0 0.0e+00 0.0e+00 0.0e+00  0  0  0  0  0   0  0  0  0  0     0
VecSet                 2 1.0 2.1458e-06 1.5 0.00e+00 0.0 0.0e+00 0.0e+00 0.0e+00  0  0  0  0  0   0  0  0  0  0     0
VecScatterBegin        1 1.0 8.1062e-06 1.6 0.00e+00 0.0 2.2e+01 1.4e+03 0.0e+00  0  0  0  0  0   0  0 33 67  0     0
VecScatterEnd          1 1.0 8.8215e-06 1.7 0.00e+00 0.0 0.0e+00 0.0e+00 0.0e+00  0  0  0  0  0   0  0  0  0  0     0
MatAssemblyBegin       2 1.0 3.6836e-03117.9 0.00e+00 0.0 0.0e+00 0.0e+00 4.0e+00  0  0  0  0  0   9  0  0  0 24     0
MatAssemblyEnd         2 1.0 1.1995e-03 1.0 0.00e+00 0.0 4.4e+01 3.6e+02 8.0e+00  0  0  0  0  0   5  0 67 33 47     0
SFSetGraph             1 1.0 6.9141e-06 1.6 0.00e+00 0.0 0.0e+00 0.0e+00 0.0e+00  0  0  0  0  0   0  0  0  0  0     0
SFReduceBegin          1 1.0 9.2983e-05 1.9 0.00e+00 0.0 0.0e+00 0.0e+00 0.0e+00  0  0  0  0  0   0  0  0  0  0     0
SFReduceEnd            1 1.0 2.6226e-06 1.6 0.00e+00 0.0 0.0e+00 0.0e+00 0.0e+00  0  0  0  0  0   0  0  0  0  0     0
BuildSystem            1 1.0 2.2284e-02 1.0 0.00e+00 0.0 6.6e+01 7.2e+02 1.7e+01  0  0  0  0  0 100  0100100100     0

--- Event Stage 3: Solving

BuildTwoSided       1460 1.0 9.3691e-02 2.1 0.00e+00 0.0 2.6e+04 4.0e+00 0.0e+00  0  0  2  0  0   0  0  2  0  0     0
VecView             1461 1.0 1.3272e+00 1.1 0.00e+00 0.0 0.0e+00 0.0e+00 0.0e+00  3  0  0  0  0   4  0  0  0  0     0
VecMDot            21860 1.0 6.7367e+00 4.7 5.97e+08 1.2 0.0e+00 0.0e+00 2.2e+04 12  5  0  0 16  13  5  0  0 21   473
VecNorm            24780 1.0 1.1942e+00 3.7 1.45e+08 1.2 0.0e+00 0.0e+00 2.5e+04  2  1  0  0 18   2  1  0  0 24   648
VecScale           24780 1.0 4.3131e-02 1.3 7.25e+07 1.2 0.0e+00 0.0e+00 0.0e+00  0  1  0  0  0   0  1  0  0  0  8977
VecCopy            11640 1.0 2.7467e-02 1.3 0.00e+00 0.0 0.0e+00 0.0e+00 0.0e+00  0  0  0  0  0   0  0  0  0  0     0
VecSet             29121 1.0 4.7830e-02 1.3 0.00e+00 0.0 0.0e+00 0.0e+00 0.0e+00  0  0  0  0  0   0  0  0  0  0     0
VecAXPY             4380 1.0 1.1517e-02 1.3 2.56e+07 1.2 0.0e+00 0.0e+00 0.0e+00  0  0  0  0  0   0  0  0  0  0 11884
VecAYPX            26160 1.0 2.7804e-01 1.3 1.02e+08 1.2 0.0e+00 0.0e+00 0.0e+00  1  1  0  0  0   1  1  0  0  0  1960
VecAXPBYCZ         17440 1.0 2.2800e-01 1.3 2.55e+08 1.2 0.0e+00 0.0e+00 0.0e+00  1  2  0  0  0   1  2  0  0  0  5976
VecMAXPY           24780 1.0 6.3994e-01 1.3 7.25e+08 1.2 0.0e+00 0.0e+00 0.0e+00  1  5  0  0  0   2  5  0  0  0  6048
VecPointwiseMult    5840 1.0 3.4287e-02 1.3 8.54e+06 1.2 0.0e+00 0.0e+00 0.0e+00  0  0  0  0  0   0  0  0  0  0  1331
VecLoad                1 1.0 3.7766e-04 1.0 0.00e+00 0.0 0.0e+00 0.0e+00 0.0e+00  0  0  0  0  0   0  0  0  0  0     0
VecScatterBegin    48060 1.0 2.6732e-01 1.6 0.00e+00 0.0 8.8e+05 1.6e+03 0.0e+00  1  0 82 80  0   1  0 82 81  0     0
VecScatterEnd      48060 1.0 1.6317e+00 5.0 0.00e+00 0.0 0.0e+00 0.0e+00 0.0e+00  3  0  0  0  0   3  0  0  0  0     0
VecNormalize       24780 1.0 1.2480e+00 3.2 2.17e+08 1.2 0.0e+00 0.0e+00 2.5e+04  2  2  0  0 18   3  2  0  0 24   931
MatMult            39300 1.0 1.2065e+01 1.3 5.55e+09 1.2 8.6e+05 1.4e+03 0.0e+00 29 43 80 72  0  32 43 80 72  0  2483
MatSOR             42220 1.0 1.3369e+01 1.3 5.71e+09 1.2 0.0e+00 0.0e+00 0.0e+00 30 43  0  0  0  33 43  0  0  0  2261
MatCopy             1460 1.0 8.5182e-02 1.2 0.00e+00 0.0 0.0e+00 0.0e+00 0.0e+00  0  0  0  0  0   0  0  0  0  0     0
MatConvert             1 1.0 6.6614e-04 1.6 0.00e+00 0.0 0.0e+00 0.0e+00 0.0e+00  0  0  0  0  0   0  0  0  0  0     0
SFSetGraph          1460 1.0 1.0318e-01 1.1 0.00e+00 0.0 0.0e+00 0.0e+00 0.0e+00  0  0  0  0  0   0  0  0  0  0     0
SFReduceBegin       1460 1.0 1.2993e-01 1.6 0.00e+00 0.0 1.3e+05 6.7e+02 0.0e+00  0  0 12  5  0   0  0 12  5  0     0
SFReduceEnd         1460 1.0 1.4786e-02 1.2 0.00e+00 0.0 0.0e+00 0.0e+00 0.0e+00  0  0  0  0  0   0  0  0  0  0     0
SolveSystem            1 1.0 3.4321e+01 1.0 1.32e+10 1.2 1.1e+06 1.6e+03 1.1e+05 91100100100 77 100100100100100  2054
KSPGMRESOrthog     21860 1.0 7.1629e+00 3.6 1.19e+09 1.2 0.0e+00 0.0e+00 2.2e+04 13  9  0  0 16  14  9  0  0 21   890
KSPSetUp            4380 1.0 2.9498e-01 1.6 0.00e+00 0.0 0.0e+00 0.0e+00 5.8e+03  1  0  0  0  4   1  0  0  0  6     0
KSPSolve            1460 1.0 2.9173e+01 1.0 1.32e+10 1.2 8.6e+05 1.4e+03 7.6e+04 78100 80 72 56  85100 80 72 72  2413
PCSetUp             1460 1.0 2.7573e-01 1.0 0.00e+00 0.0 0.0e+00 0.0e+00 2.9e+03  1  0  0  0  2   1  0  0  0  3     0
PCApply             8720 1.0 2.5740e+01 1.1 1.18e+10 1.2 7.0e+05 1.4e+03 3.1e+04 64 89 66 59 23  70 89 66 59 29  2441

--- Event Stage 4: Destroying obj

DestroyBC              1 1.0 3.9673e-04 1.1 0.00e+00 0.0 0.0e+00 0.0e+00 0.0e+00  0  0  0  0  0  83  0  0  0  0     0
DestroyProperties       1 1.0 8.1062e-06 1.3 0.00e+00 0.0 0.0e+00 0.0e+00 0.0e+00  0  0  0  0  0   2  0  0  0  0     0
DestroyGeometry        1 1.0 1.8597e-05 1.4 0.00e+00 0.0 0.0e+00 0.0e+00 0.0e+00  0  0  0  0  0   3  0  0  0  0     0
------------------------------------------------------------------------------------------------------------------------

Memory usage is given in bytes:

Object Type          Creations   Destructions     Memory  Descendants' Mem.
Reports information only for process 0.

--- Event Stage 0: Main Stage

              Viewer     1              0            0     0.

--- Event Stage 1: Loading Files

              Vector  5852              5        54824     0.
      Vector Scatter     2              1        14072     0.
    Distributed Mesh     1              0            0     0.
Star Forest Bipartite Graph     2              0            0     0.
     Discrete System     1              0            0     0.
           Index Set  4387              4        40504     0.
   IS L to G Mapping     1              0            0     0.
   Application Order     1              0            0     0.
              Viewer     1              1          776     0.

--- Event Stage 2: Setting up

              Vector     4              3        32824     0.
      Vector Scatter     1              0            0     0.
              Matrix     3              0            0     0.
Star Forest Bipartite Graph     1              1          848     0.
           Index Set     2              2         3852     0.

--- Event Stage 3: Solving

              Vector 59863          55481   1335958664     0.
      Vector Scatter  5841           5841     37867536     0.
              Matrix     3              3       970540     0.
Star Forest Bipartite Graph  1460           1460      1238080     0.
           Index Set  5840           5840      4531840     0.
              Viewer  1462           1462      1134512     0.
       Krylov Solver  4381           4381     72849320     0.
      Preconditioner  4380           4380      3936160     0.

--- Event Stage 4: Destroying obj

              Vector     0             11       115192     0.
      Vector Scatter     0              1         1072     0.
              Matrix     0              3      1040736     0.
           Index Set     0              3         7328     0.
========================================================================================================================
Average time to get PetscTime(): 7.15256e-08
Average time for MPI_Barrier(): 2.0504e-06
Average time for zero size MPI_Send(): 2.86102e-06
#PETSc Option Table entries:
-Input_file_bc 25x25x25_bc.txt
-Input_file_gmtry 25x25x25_gmtry.txt
-Input_file_init_sol 25x25x25_Sol.h5
-Input_file_ppt 25x25x25_properties.txt
-Input_file_ppt_by_zones 25x25x25_zones.txt
-Input_type_bc 2
-Input_type_gmtry 2
-Input_type_init_sol 3
-Input_type_tplgy 0
-ksp_type gmres
-log_view ascii:25x25x25_NP6_KSPgmres_PCmg.log
-Output_type_ppt 3
-pc_type mg
-Project_name 25x25x25
-Run_options_scheme 2
-Run_options_time 1
#End of PETSc Option Table entries
Compiled without FORTRAN kernels
Compiled with full precision matrices (default)
sizeof(short) 2 sizeof(int) 4 sizeof(long) 8 sizeof(void*) 8 sizeof(PetscScalar) 8 sizeof(PetscInt) 4
Configure options: --with-shared-libraries --with-debugging=0 --with-mpi-dir=/MyLibs/MPICH/mpich-3.2/arch-centos-opt --with-cxx=0 --with-hdf5-dir=/MyLibs/HDF5/hdf5-1.8.17/arch-centos-parallel-opt/ PETSC_ARCH=arch-centos-opt-v3.7.2-mpich-v3.2-hdf5-v1.8.17 FOPTFLAGS="optimization flags" COPTFLAGS="optimization flags"
-----------------------------------------
Libraries compiled on Wed Aug 17 12:00:13 2016 on poroso-medellin-unal-edu-co 
Machine characteristics: Linux-3.10.0-327.28.2.el7.x86_64-x86_64-with-centos-7.2.1511-Core
Using PETSc directory: /MyLibs/PETSc
Using PETSc arch: arch-centos-opt-v3.7.2-mpich-v3.2-hdf5-v1.8.17
-----------------------------------------

Using C compiler: /MyLibs/MPICH/mpich-3.2/arch-centos-opt/bin/mpicc  -fPIC  -Wall -Wwrite-strings -Wno-strict-aliasing -Wno-unknown-pragmas -fvisibility=hidden  ${COPTFLAGS} ${CFLAGS}
Using Fortran compiler: /MyLibs/MPICH/mpich-3.2/arch-centos-opt/bin/mpif90  -fPIC -Wall -ffree-line-length-0 -Wno-unused-dummy-argument   ${FOPTFLAGS} ${FFLAGS} 
-----------------------------------------

Using include paths: -I/MyLibs/PETSc/arch-centos-opt-v3.7.2-mpich-v3.2-hdf5-v1.8.17/include -I/MyLibs/PETSc/include -I/MyLibs/PETSc/include -I/MyLibs/PETSc/arch-centos-opt-v3.7.2-mpich-v3.2-hdf5-v1.8.17/include -I/MyLibs/HDF5/hdf5-1.8.17/arch-centos-parallel-opt/include -I/MyLibs/MPICH/mpich-3.2/arch-centos-opt/include
-----------------------------------------

Using C linker: /MyLibs/MPICH/mpich-3.2/arch-centos-opt/bin/mpicc
Using Fortran linker: /MyLibs/MPICH/mpich-3.2/arch-centos-opt/bin/mpif90
Using libraries: -Wl,-rpath,/MyLibs/PETSc/arch-centos-opt-v3.7.2-mpich-v3.2-hdf5-v1.8.17/lib -L/MyLibs/PETSc/arch-centos-opt-v3.7.2-mpich-v3.2-hdf5-v1.8.17/lib -lpetsc -llapack -lblas -Wl,-rpath,/MyLibs/HDF5/hdf5-1.8.17/arch-centos-parallel-opt/lib -L/MyLibs/HDF5/hdf5-1.8.17/arch-centos-parallel-opt/lib -lhdf5hl_fortran -lhdf5_fortran -lhdf5_hl -lhdf5 -lpthread -lm -Wl,-rpath,/MyLibs/MPICH/mpich-3.2/arch-centos-opt/lib -L/MyLibs/MPICH/mpich-3.2/arch-centos-opt/lib -Wl,-rpath,/usr/lib/gcc/x86_64-redhat-linux/4.8.5 -L/usr/lib/gcc/x86_64-redhat-linux/4.8.5 -lmpifort -lgfortran -lm -lgfortran -lm -lquadmath -lm -Wl,-rpath,/MyLibs/MPICH/mpich-3.2/arch-centos-opt/lib -L/MyLibs/MPICH/mpich-3.2/arch-centos-opt/lib -Wl,-rpath,/usr/lib/gcc/x86_64-redhat-linux/4.8.5 -L/usr/lib/gcc/x86_64-redhat-linux/4.8.5 -ldl -Wl,-rpath,/MyLibs/MPICH/mpich-3.2/arch-centos-opt/lib -lmpi -lgcc_s -ldl 
-----------------------------------------

