************************************************************************************************************************
***             WIDEN YOUR WINDOW TO 120 CHARACTERS.  Use 'enscript -r -fCourier9' to print this document            ***
************************************************************************************************************************

---------------------------------------------- PETSc Performance Summary: ----------------------------------------------

../../src/ANISOFLOW                                                                                                                                                                                                                                             ˻d on a arch-centos-opt-v3.7.2-mpich-v3.2-hdf5-v1.8.17 named poroso-medellin-unal-edu-co with 18 processors, by sospinar Sat Oct 15 18:02:38 2016
Using Petsc Release Version 3.7.3, unknown 

                         Max       Max/Min        Avg      Total 
Time (sec):           3.590e+01      1.00002   3.589e+01
Objects:              9.349e+04      1.00000   9.349e+04
Flops:                4.640e+09      1.39255   3.835e+09  6.903e+10
Flops/sec:            1.293e+08      1.39254   1.068e+08  1.923e+09
MPI Messages:         7.148e+05      2.08729   4.511e+05  8.120e+06
MPI Message Lengths:  7.649e+08      5.14267   4.606e+02  3.740e+09
MPI Reductions:       1.358e+05      1.00000

Flop counting convention: 1 flop = 1 real number operation of type (multiply/divide/add/subtract)
                            e.g., VecAXPY() for real vectors of length N --> 2N flops
                            and VecAXPY() for complex vectors of length N --> 8N flops

Summary of Stages:   ----- Time ------  ----- Flops -----  --- Messages ---  -- Message Lengths --  -- Reductions --
                        Avg     %Total     Avg     %Total   counts   %Total     Avg         %Total   counts   %Total 
 0:      Main Stage: 1.7018e-04   0.0%  0.0000e+00   0.0%  0.000e+00   0.0%  0.000e+00        0.0%  0.000e+00   0.0% 
 1:   Loading Files: 6.2414e+00  17.4%  0.0000e+00   0.0%  1.054e+03   0.0%  6.660e-02        0.0%  3.069e+04  22.6% 
 2:      Setting up: 1.6355e-02   0.0%  0.0000e+00   0.0%  5.340e+02   0.0%  1.055e-02        0.0%  1.700e+01   0.0% 
 3:         Solving: 2.9636e+01  82.6%  6.9034e+10 100.0%  8.118e+06 100.0%  4.605e+02      100.0%  1.051e+05  77.4% 
 4:  Destroying obj: 8.5319e-04   0.0%  0.0000e+00   0.0%  0.000e+00   0.0%  0.000e+00        0.0%  0.000e+00   0.0% 

------------------------------------------------------------------------------------------------------------------------
See the 'Profiling' chapter of the users' manual for details on interpreting output.
Phase summary info:
   Count: number of times phase was executed
   Time and Flops: Max - maximum over all processors
                   Ratio - ratio of maximum to minimum over all processors
   Mess: number of messages sent
   Avg. len: average message length (bytes)
   Reduct: number of global reductions
   Global: entire computation
   Stage: stages of a computation. Set stages with PetscLogStagePush() and PetscLogStagePop().
      %T - percent time in this phase         %F - percent flops in this phase
      %M - percent messages in this phase     %L - percent message lengths in this phase
      %R - percent reductions in this phase
   Total Mflop/s: 10e-6 * (sum of flops over all processors)/(max time over all processors)
------------------------------------------------------------------------------------------------------------------------
Event                Count      Time (sec)     Flops                             --- Global ---  --- Stage ---   Total
                   Max Ratio  Max     Ratio   Max  Ratio  Mess   Avg len Reduct  %T %F %M %L %R  %T %F %M %L %R Mflop/s
------------------------------------------------------------------------------------------------------------------------

--- Event Stage 0: Main Stage


--- Event Stage 1: Loading Files

GetGeometry            1 1.0 3.0565e-03 1.0 0.00e+00 0.0 3.6e+02 8.2e+01 1.3e+01  0  0  0  0  0   0  0 34  5  0     0
VecView                1 1.0 3.1233e-03 1.0 0.00e+00 0.0 0.0e+00 0.0e+00 0.0e+00  0  0  0  0  0   0  0  0  0  0     0
VecMax                 2 1.0 1.3351e-05 1.8 0.00e+00 0.0 0.0e+00 0.0e+00 0.0e+00  0  0  0  0  0   0  0  0  0  0     0
VecCopy                2 1.0 4.5300e-06 1.7 0.00e+00 0.0 0.0e+00 0.0e+00 0.0e+00  0  0  0  0  0   0  0  0  0  0     0
VecSet                 8 1.0 3.2663e-05 1.7 0.00e+00 0.0 0.0e+00 0.0e+00 0.0e+00  0  0  0  0  0   0  0  0  0  0     0
VecAssemblyBegin    5845 1.0 1.5061e-01 1.3 0.00e+00 0.0 3.4e+01 5.1e+03 1.8e+04  0  0  0  0 13   2  0  3 32 57     0
VecAssemblyEnd      5845 1.0 5.3108e-03 2.3 0.00e+00 0.0 0.0e+00 0.0e+00 0.0e+00  0  0  0  0  0   0  0  0  0  0     0
VecScatterBegin        2 1.0 1.0347e-04 1.9 0.00e+00 0.0 2.7e+02 6.0e+02 0.0e+00  0  0  0  0  0   0  0 25 30  0     0
VecScatterEnd          2 1.0 4.4823e-05 2.1 0.00e+00 0.0 0.0e+00 0.0e+00 0.0e+00  0  0  0  0  0   0  0  0  0  0     0
GetProrperties         1 1.0 2.3289e-02 1.0 0.00e+00 0.0 7.0e+02 7.3e+02 2.1e+01  0  0  0  0  0   0  0 66 95  0     0
GetConductivity        1 1.0 1.9431e-04 1.3 0.00e+00 0.0 0.0e+00 0.0e+00 0.0e+00  0  0  0  0  0   0  0  0  0  0     0
GetSpecificStorage       1 1.0 2.5725e-04 1.1 0.00e+00 0.0 0.0e+00 0.0e+00 2.0e+00  0  0  0  0  0   0  0  0  0  0     0
GetBC                  1 1.0 6.2151e+00 1.0 0.00e+00 0.0 0.0e+00 0.0e+00 3.1e+04 17  0  0  0 23 100  0  0  0100     0

--- Event Stage 2: Setting up

BuildTwoSided          1 1.0 1.1277e-04 3.0 0.00e+00 0.0 0.0e+00 0.0e+00 0.0e+00  0  0  0  0  0   1  0  0  0  0     0
VecSet                 2 1.0 2.3842e-06 2.5 0.00e+00 0.0 0.0e+00 0.0e+00 0.0e+00  0  0  0  0  0   0  0  0  0  0     0
VecScatterBegin        1 1.0 2.0742e-05 2.2 0.00e+00 0.0 1.8e+02 3.2e+02 0.0e+00  0  0  0  0  0   0  0 33 66  0     0
VecScatterEnd          1 1.0 2.6226e-05 2.7 0.00e+00 0.0 0.0e+00 0.0e+00 0.0e+00  0  0  0  0  0   0  0  0  0  0     0
MatAssemblyBegin       2 1.0 8.3599e-0398.8 0.00e+00 0.0 0.0e+00 0.0e+00 4.0e+00  0  0  0  0  0  39  0  0  0 24     0
MatAssemblyEnd         2 1.0 9.7084e-04 1.1 0.00e+00 0.0 3.6e+02 8.2e+01 8.0e+00  0  0  0  0  0   6  0 67 34 47     0
SFSetGraph             1 1.0 1.8358e-05 3.7 0.00e+00 0.0 0.0e+00 0.0e+00 0.0e+00  0  0  0  0  0   0  0  0  0  0     0
SFReduceBegin          1 1.0 1.5950e-04 1.9 0.00e+00 0.0 0.0e+00 0.0e+00 0.0e+00  0  0  0  0  0   1  0  0  0  0     0
SFReduceEnd            1 1.0 3.0994e-06 1.9 0.00e+00 0.0 0.0e+00 0.0e+00 0.0e+00  0  0  0  0  0   0  0  0  0  0     0
BuildSystem            1 1.0 1.6356e-02 1.0 0.00e+00 0.0 5.3e+02 1.6e+02 1.7e+01  0  0  0  0  0 100  0100100100     0

--- Event Stage 3: Solving

BuildTwoSided       1460 1.0 1.3428e+0012.8 0.00e+00 0.0 1.8e+05 4.0e+00 0.0e+00  1  0  2  0  0   2  0  2  0  0     0
VecView             1461 1.0 2.6140e+00 1.0 0.00e+00 0.0 0.0e+00 0.0e+00 0.0e+00  7  0  0  0  0   9  0  0  0  0     0
VecMDot            21900 1.0 5.6628e+00 4.5 2.15e+08 1.4 0.0e+00 0.0e+00 2.2e+04 12  5  0  0 16  14  5  0  0 21   564
VecNorm            24820 1.0 1.0497e+00 3.2 5.23e+07 1.4 0.0e+00 0.0e+00 2.5e+04  2  1  0  0 18   3  1  0  0 24   739
VecScale           24820 1.0 3.6558e-02 1.7 2.61e+07 1.4 0.0e+00 0.0e+00 0.0e+00  0  1  0  0  0   0  1  0  0  0 10608
VecCopy            11680 1.0 1.5670e-02 1.5 0.00e+00 0.0 0.0e+00 0.0e+00 0.0e+00  0  0  0  0  0   0  0  0  0  0     0
VecSet             29201 1.0 2.9912e-02 1.4 0.00e+00 0.0 0.0e+00 0.0e+00 0.0e+00  0  0  0  0  0   0  0  0  0  0     0
VecAXPY             4380 1.0 7.0267e-03 1.3 9.22e+06 1.4 0.0e+00 0.0e+00 0.0e+00  0  0  0  0  0   0  0  0  0  0 19479
VecAYPX            26280 1.0 1.5427e-01 1.7 3.69e+07 1.4 0.0e+00 0.0e+00 0.0e+00  0  1  0  0  0   0  1  0  0  0  3549
VecAXPBYCZ         17520 1.0 1.4136e-01 1.8 9.22e+07 1.4 0.0e+00 0.0e+00 0.0e+00  0  2  0  0  0   0  2  0  0  0  9683
VecMAXPY           24820 1.0 3.7666e-01 1.8 2.61e+08 1.4 0.0e+00 0.0e+00 0.0e+00  1  6  0  0  0   1  6  0  0  0 10296
VecPointwiseMult    5840 1.0 2.0566e-02 1.5 3.07e+06 1.4 0.0e+00 0.0e+00 0.0e+00  0  0  0  0  0   0  0  0  0  0  2218
VecLoad                1 1.0 1.2672e-03 1.1 0.00e+00 0.0 0.0e+00 0.0e+00 0.0e+00  0  0  0  0  0   0  0  0  0  0     0
VecScatterBegin    48180 1.0 7.0060e-01 2.7 0.00e+00 0.0 7.1e+06 3.8e+02 0.0e+00  1  0 87 72  0   1  0 87 72  0     0
VecScatterEnd      48180 1.0 3.4188e+00 5.4 0.00e+00 0.0 0.0e+00 0.0e+00 0.0e+00  7  0  0  0  0   9  0  0  0  0     0
VecNormalize       24820 1.0 1.1002e+00 2.8 7.84e+07 1.4 0.0e+00 0.0e+00 2.5e+04  2  2  0  0 18   3  2  0  0 24  1057
MatMult            39420 1.0 7.4839e+00 1.3 1.98e+09 1.4 7.0e+06 3.2e+02 0.0e+00 19 44 86 60  0  23 44 86 60  0  4016
MatSOR             42340 1.0 7.2642e+00 1.8 1.96e+09 1.4 0.0e+00 0.0e+00 0.0e+00 14 41  0  0  0  17 41  0  0  0  3944
MatCopy             1460 1.0 2.7795e-01 1.3 0.00e+00 0.0 0.0e+00 0.0e+00 0.0e+00  1  0  0  0  0   1  0  0  0  0     0
MatConvert             1 1.0 8.8048e-04 2.2 0.00e+00 0.0 0.0e+00 0.0e+00 0.0e+00  0  0  0  0  0   0  0  0  0  0     0
SFSetGraph          1460 1.0 1.4597e-01 1.2 0.00e+00 0.0 0.0e+00 0.0e+00 0.0e+00  0  0  0  0  0   0  0  0  0  0     0
SFReduceBegin       1460 1.0 1.3889e+00 7.8 0.00e+00 0.0 8.9e+05 3.0e+02 0.0e+00  2  0 11  7  0   2  0 11  7  0     0
SFReduceEnd         1460 1.0 3.6220e-0214.2 0.00e+00 0.0 0.0e+00 0.0e+00 0.0e+00  0  0  0  0  0   0  0  0  0  0     0
SolveSystem            1 1.0 2.9636e+01 1.0 4.64e+09 1.4 8.1e+06 4.6e+02 1.1e+05 83100100100 77 100100100100100  2329
KSPGMRESOrthog     21900 1.0 5.8786e+00 3.6 4.30e+08 1.4 0.0e+00 0.0e+00 2.2e+04 12  9  0  0 16  15  9  0  0 21  1086
KSPSetUp            4380 1.0 4.6468e-01 1.5 0.00e+00 0.0 0.0e+00 0.0e+00 5.8e+03  1  0  0  0  4   1  0  0  0  6     0
KSPSolve            1460 1.0 1.8218e+01 1.0 4.63e+09 1.4 7.0e+06 3.2e+02 7.6e+04 51100 86 60 56  61100 86 60 72  3784
PCSetUp             1460 1.0 4.1359e-01 1.0 0.00e+00 0.0 0.0e+00 0.0e+00 2.9e+03  1  0  0  0  2   1  0  0  0  3     0
PCApply             8760 1.0 1.5691e+01 1.2 4.13e+09 1.4 5.7e+06 3.2e+02 3.1e+04 40 89 70 49 23  48 89 70 49 29  3908

--- Event Stage 4: Destroying obj

DestroyBC              1 1.0 8.6451e-04 1.4 0.00e+00 0.0 0.0e+00 0.0e+00 0.0e+00  0  0  0  0  0  85  0  0  0  0     0
DestroyProperties       1 1.0 1.1206e-05 1.5 0.00e+00 0.0 0.0e+00 0.0e+00 0.0e+00  0  0  0  0  0   1  0  0  0  0     0
DestroyGeometry        1 1.0 2.3365e-05 1.3 0.00e+00 0.0 0.0e+00 0.0e+00 0.0e+00  0  0  0  0  0   2  0  0  0  0     0
------------------------------------------------------------------------------------------------------------------------

Memory usage is given in bytes:

Object Type          Creations   Destructions     Memory  Descendants' Mem.
Reports information only for process 0.

--- Event Stage 0: Main Stage

              Viewer     1              0            0     0.

--- Event Stage 1: Loading Files

              Vector  5852              5        24872     0.
      Vector Scatter     2              1         2944     0.
    Distributed Mesh     1              0            0     0.
Star Forest Bipartite Graph     2              0            0     0.
     Discrete System     1              0            0     0.
           Index Set  4387              4        17128     0.
   IS L to G Mapping     1              0            0     0.
   Application Order     1              0            0     0.
              Viewer     1              1          776     0.

--- Event Stage 2: Setting up

              Vector     4              3        16024     0.
      Vector Scatter     1              0            0     0.
              Matrix     3              0            0     0.
Star Forest Bipartite Graph     1              1          848     0.
           Index Set     2              2         2940     0.

--- Event Stage 3: Solving

              Vector 59863          55481    548818280     0.
      Vector Scatter  5841           5841     55457712     0.
              Matrix     3              3       352492     0.
Star Forest Bipartite Graph  1460           1460      1238080     0.
           Index Set  5840           5840      4531840     0.
              Viewer  1462           1462      1134512     0.
       Krylov Solver  4381           4381     72849320     0.
      Preconditioner  4380           4380      3936160     0.

--- Event Stage 4: Destroying obj

              Vector     0             11        62296     0.
      Vector Scatter     0              1         1072     0.
              Matrix     0              3       377760     0.
           Index Set     0              3         7328     0.
========================================================================================================================
Average time to get PetscTime(): 7.15256e-08
Average time for MPI_Barrier(): 4.52995e-06
Average time for zero size MPI_Send(): 3.44382e-06
#PETSc Option Table entries:
-Input_file_bc 25x25x25_bc.txt
-Input_file_gmtry 25x25x25_gmtry.txt
-Input_file_init_sol 25x25x25_Sol.h5
-Input_file_ppt 25x25x25_properties.txt
-Input_file_ppt_by_zones 25x25x25_zones.txt
-Input_type_bc 2
-Input_type_gmtry 2
-Input_type_init_sol 3
-Input_type_tplgy 0
-ksp_type gmres
-log_view ascii:25x25x25_NP18_KSPgmres_PCmg.log
-Output_type_ppt 3
-pc_type mg
-Project_name 25x25x25
-Run_options_scheme 2
-Run_options_time 1
#End of PETSc Option Table entries
Compiled without FORTRAN kernels
Compiled with full precision matrices (default)
sizeof(short) 2 sizeof(int) 4 sizeof(long) 8 sizeof(void*) 8 sizeof(PetscScalar) 8 sizeof(PetscInt) 4
Configure options: --with-shared-libraries --with-debugging=0 --with-mpi-dir=/MyLibs/MPICH/mpich-3.2/arch-centos-opt --with-cxx=0 --with-hdf5-dir=/MyLibs/HDF5/hdf5-1.8.17/arch-centos-parallel-opt/ PETSC_ARCH=arch-centos-opt-v3.7.2-mpich-v3.2-hdf5-v1.8.17 FOPTFLAGS="optimization flags" COPTFLAGS="optimization flags"
-----------------------------------------
Libraries compiled on Wed Aug 17 12:00:13 2016 on poroso-medellin-unal-edu-co 
Machine characteristics: Linux-3.10.0-327.28.2.el7.x86_64-x86_64-with-centos-7.2.1511-Core
Using PETSc directory: /MyLibs/PETSc
Using PETSc arch: arch-centos-opt-v3.7.2-mpich-v3.2-hdf5-v1.8.17
-----------------------------------------

Using C compiler: /MyLibs/MPICH/mpich-3.2/arch-centos-opt/bin/mpicc  -fPIC  -Wall -Wwrite-strings -Wno-strict-aliasing -Wno-unknown-pragmas -fvisibility=hidden  ${COPTFLAGS} ${CFLAGS}
Using Fortran compiler: /MyLibs/MPICH/mpich-3.2/arch-centos-opt/bin/mpif90  -fPIC -Wall -ffree-line-length-0 -Wno-unused-dummy-argument   ${FOPTFLAGS} ${FFLAGS} 
-----------------------------------------

Using include paths: -I/MyLibs/PETSc/arch-centos-opt-v3.7.2-mpich-v3.2-hdf5-v1.8.17/include -I/MyLibs/PETSc/include -I/MyLibs/PETSc/include -I/MyLibs/PETSc/arch-centos-opt-v3.7.2-mpich-v3.2-hdf5-v1.8.17/include -I/MyLibs/HDF5/hdf5-1.8.17/arch-centos-parallel-opt/include -I/MyLibs/MPICH/mpich-3.2/arch-centos-opt/include
-----------------------------------------

Using C linker: /MyLibs/MPICH/mpich-3.2/arch-centos-opt/bin/mpicc
Using Fortran linker: /MyLibs/MPICH/mpich-3.2/arch-centos-opt/bin/mpif90
Using libraries: -Wl,-rpath,/MyLibs/PETSc/arch-centos-opt-v3.7.2-mpich-v3.2-hdf5-v1.8.17/lib -L/MyLibs/PETSc/arch-centos-opt-v3.7.2-mpich-v3.2-hdf5-v1.8.17/lib -lpetsc -llapack -lblas -Wl,-rpath,/MyLibs/HDF5/hdf5-1.8.17/arch-centos-parallel-opt/lib -L/MyLibs/HDF5/hdf5-1.8.17/arch-centos-parallel-opt/lib -lhdf5hl_fortran -lhdf5_fortran -lhdf5_hl -lhdf5 -lpthread -lm -Wl,-rpath,/MyLibs/MPICH/mpich-3.2/arch-centos-opt/lib -L/MyLibs/MPICH/mpich-3.2/arch-centos-opt/lib -Wl,-rpath,/usr/lib/gcc/x86_64-redhat-linux/4.8.5 -L/usr/lib/gcc/x86_64-redhat-linux/4.8.5 -lmpifort -lgfortran -lm -lgfortran -lm -lquadmath -lm -Wl,-rpath,/MyLibs/MPICH/mpich-3.2/arch-centos-opt/lib -L/MyLibs/MPICH/mpich-3.2/arch-centos-opt/lib -Wl,-rpath,/usr/lib/gcc/x86_64-redhat-linux/4.8.5 -L/usr/lib/gcc/x86_64-redhat-linux/4.8.5 -ldl -Wl,-rpath,/MyLibs/MPICH/mpich-3.2/arch-centos-opt/lib -lmpi -lgcc_s -ldl 
-----------------------------------------

