************************************************************************************************************************
***             WIDEN YOUR WINDOW TO 120 CHARACTERS.  Use 'enscript -r -fCourier9' to print this document            ***
************************************************************************************************************************

---------------------------------------------- PETSc Performance Summary: ----------------------------------------------

../../src/ANISOFLOW                                                                                                                                                                                                                                             ˻d on a arch-centos-opt-v3.7.2-mpich-v3.2-hdf5-v1.8.17 named poroso-medellin-unal-edu-co with 23 processors, by sospinar Sat Oct 15 18:19:45 2016
Using Petsc Release Version 3.7.3, unknown 

                         Max       Max/Min        Avg      Total 
Time (sec):           2.263e+01      1.00002   2.263e+01
Objects:              5.407e+04      1.00000   5.407e+04
Flops:                1.333e+09      3.53626   5.373e+08  1.236e+10
Flops/sec:            5.889e+07      3.53625   2.374e+07  5.461e+08
MPI Messages:         2.592e+05      2.59131   1.149e+05  2.644e+06
MPI Message Lengths:  8.797e+08      9.46289   1.463e+03  3.866e+09
MPI Reductions:       8.474e+04      1.00000

Flop counting convention: 1 flop = 1 real number operation of type (multiply/divide/add/subtract)
                            e.g., VecAXPY() for real vectors of length N --> 2N flops
                            and VecAXPY() for complex vectors of length N --> 8N flops

Summary of Stages:   ----- Time ------  ----- Flops -----  --- Messages ---  -- Message Lengths --  -- Reductions --
                        Avg     %Total     Avg     %Total   counts   %Total     Avg         %Total   counts   %Total 
 0:      Main Stage: 2.2208e-04   0.0%  0.0000e+00   0.0%  0.000e+00   0.0%  0.000e+00        0.0%  0.000e+00   0.0% 
 1:   Loading Files: 3.8020e+00  16.8%  0.0000e+00   0.0%  2.220e+02   0.0%  2.375e-01        0.0%  3.069e+04  36.2% 
 2:      Setting up: 2.4696e-02   0.1%  0.0000e+00   0.0%  1.320e+02   0.0%  1.249e-01        0.0%  1.700e+01   0.0% 
 3:         Solving: 1.8800e+01  83.1%  1.2357e+10 100.0%  2.643e+06 100.0%  1.462e+03      100.0%  5.402e+04  63.8% 
 4:  Destroying obj: 1.0365e-03   0.0%  0.0000e+00   0.0%  0.000e+00   0.0%  0.000e+00        0.0%  0.000e+00   0.0% 

------------------------------------------------------------------------------------------------------------------------
See the 'Profiling' chapter of the users' manual for details on interpreting output.
Phase summary info:
   Count: number of times phase was executed
   Time and Flops: Max - maximum over all processors
                   Ratio - ratio of maximum to minimum over all processors
   Mess: number of messages sent
   Avg. len: average message length (bytes)
   Reduct: number of global reductions
   Global: entire computation
   Stage: stages of a computation. Set stages with PetscLogStagePush() and PetscLogStagePop().
      %T - percent time in this phase         %F - percent flops in this phase
      %M - percent messages in this phase     %L - percent message lengths in this phase
      %R - percent reductions in this phase
   Total Mflop/s: 10e-6 * (sum of flops over all processors)/(max time over all processors)
------------------------------------------------------------------------------------------------------------------------
Event                Count      Time (sec)     Flops                             --- Global ---  --- Stage ---   Total
                   Max Ratio  Max     Ratio   Max  Ratio  Mess   Avg len Reduct  %T %F %M %L %R  %T %F %M %L %R Mflop/s
------------------------------------------------------------------------------------------------------------------------

--- Event Stage 0: Main Stage


--- Event Stage 1: Loading Files

GetGeometry            1 1.0 3.3011e-03 1.0 0.00e+00 0.0 8.8e+01 1.3e+03 1.3e+01  0  0  0  0  0   0  0 40 18  0     0
VecView                1 1.0 2.5916e-03 1.1 0.00e+00 0.0 0.0e+00 0.0e+00 0.0e+00  0  0  0  0  0   0  0  0  0  0     0
VecMax                 2 1.0 1.8120e-05 1.5 0.00e+00 0.0 0.0e+00 0.0e+00 0.0e+00  0  0  0  0  0   0  0  0  0  0     0
VecCopy                2 1.0 8.5831e-06 3.0 0.00e+00 0.0 0.0e+00 0.0e+00 0.0e+00  0  0  0  0  0   0  0  0  0  0     0
VecSet                 8 1.0 6.0797e-05 2.0 0.00e+00 0.0 0.0e+00 0.0e+00 0.0e+00  0  0  0  0  0   0  0  0  0  0     0
VecAssemblyBegin    5845 1.0 1.6505e-01 1.2 0.00e+00 0.0 4.4e+01 3.9e+03 1.8e+04  1  0  0  0 21   4  0 20 27 57     0
VecAssemblyEnd      5845 1.0 5.1987e-03 2.3 0.00e+00 0.0 0.0e+00 0.0e+00 0.0e+00  0  0  0  0  0   0  0  0  0  0     0
VecScatterBegin        2 1.0 1.1253e-04 4.0 0.00e+00 0.0 4.4e+01 5.0e+03 0.0e+00  0  0  0  0  0   0  0 20 35  0     0
VecScatterEnd          2 1.0 7.5579e-05 5.0 0.00e+00 0.0 0.0e+00 0.0e+00 0.0e+00  0  0  0  0  0   0  0  0  0  0     0
GetProrperties         1 1.0 1.8042e-02 1.1 0.00e+00 0.0 1.3e+02 3.9e+03 2.1e+01  0  0  0  0  0   0  0 60 82  0     0
GetConductivity        1 1.0 1.6427e-04 1.7 0.00e+00 0.0 0.0e+00 0.0e+00 0.0e+00  0  0  0  0  0   0  0  0  0  0     0
GetSpecificStorage       1 1.0 1.4558e-03 7.4 0.00e+00 0.0 0.0e+00 0.0e+00 2.0e+00  0  0  0  0  0   0  0  0  0  0     0
GetBC                  1 1.0 3.7820e+00 1.0 0.00e+00 0.0 0.0e+00 0.0e+00 3.1e+04 17  0  0  0 36  99  0  0  0100     0

--- Event Stage 2: Setting up

BuildTwoSided          1 1.0 1.5354e-04 4.0 0.00e+00 0.0 0.0e+00 0.0e+00 0.0e+00  0  0  0  0  0   0  0  0  0  0     0
VecSet                 2 1.0 1.1444e-05 4.8 0.00e+00 0.0 0.0e+00 0.0e+00 0.0e+00  0  0  0  0  0   0  0  0  0  0     0
VecScatterBegin        1 1.0 1.7881e-05 2.6 0.00e+00 0.0 4.4e+01 5.0e+03 0.0e+00  0  0  0  0  0   0  0 33 67  0     0
VecScatterEnd          1 1.0 2.5272e-05 2.3 0.00e+00 0.0 0.0e+00 0.0e+00 0.0e+00  0  0  0  0  0   0  0  0  0  0     0
MatAssemblyBegin       2 1.0 1.0841e-02106.2 0.00e+00 0.0 0.0e+00 0.0e+00 4.0e+00  0  0  0  0  0  30  0  0  0 24     0
MatAssemblyEnd         2 1.0 1.8969e-03 1.1 0.00e+00 0.0 8.8e+01 1.3e+03 8.0e+00  0  0  0  0  0   7  0 67 33 47     0
SFSetGraph             1 1.0 1.4067e-05 2.5 0.00e+00 0.0 0.0e+00 0.0e+00 0.0e+00  0  0  0  0  0   0  0  0  0  0     0
SFReduceBegin          1 1.0 2.1386e-04 2.4 0.00e+00 0.0 0.0e+00 0.0e+00 0.0e+00  0  0  0  0  0   1  0  0  0  0     0
SFReduceEnd            1 1.0 2.8610e-06 1.5 0.00e+00 0.0 0.0e+00 0.0e+00 0.0e+00  0  0  0  0  0   0  0  0  0  0     0
BuildSystem            1 1.0 2.4735e-02 1.0 0.00e+00 0.0 1.3e+02 2.5e+03 1.7e+01  0  0  0  0  0 100  0100100100     0

--- Event Stage 3: Solving

BuildTwoSided       1460 1.0 4.1081e-01 3.0 0.00e+00 0.0 3.9e+05 4.0e+00 0.0e+00  1  0 15  0  0   2  0 15  0  0     0
VecView             1461 1.0 2.0594e+00 1.1 0.00e+00 0.0 0.0e+00 0.0e+00 0.0e+00  8  0  0  0  0  10  0  0  0  0     0
VecTDot            17520 1.0 1.4505e+00 4.2 4.38e+07 2.0 0.0e+00 0.0e+00 1.8e+04  5  4  0  0 21   6  4  0  0 32   377
VecNorm            10220 1.0 3.3955e+00 8.1 2.56e+07 2.0 0.0e+00 0.0e+00 1.0e+04 14  3  0  0 12  16  3  0  0 19    94
VecCopy             2920 1.0 5.4431e-03 1.4 0.00e+00 0.0 0.0e+00 0.0e+00 0.0e+00  0  0  0  0  0   0  0  0  0  0     0
VecSet             17521 1.0 2.3290e-02 1.6 0.00e+00 0.0 0.0e+00 0.0e+00 0.0e+00  0  0  0  0  0   0  0  0  0  0     0
VecAXPY            18980 1.0 3.5228e-02 1.7 4.74e+07 2.0 0.0e+00 0.0e+00 0.0e+00  0  5  0  0  0   0  5  0  0  0 16837
VecAYPX             7300 1.0 5.0512e-02 2.0 1.82e+07 2.0 0.0e+00 0.0e+00 0.0e+00  0  2  0  0  0   0  2  0  0  0  4516
VecPointwiseMult    5840 1.0 2.5218e-02 1.9 3.65e+06 2.0 0.0e+00 0.0e+00 0.0e+00  0  0  0  0  0   0  0  0  0  0  1809
VecLoad                1 1.0 5.2214e-04 1.3 0.00e+00 0.0 0.0e+00 0.0e+00 0.0e+00  0  0  0  0  0   0  0  0  0  0     0
VecScatterBegin    17520 1.0 5.6624e-01 7.6 0.00e+00 0.0 4.5e+05 5.7e+03 0.0e+00  1  0 17 66  0   1  0 17 66  0     0
VecScatterEnd      17520 1.0 2.1095e+0036.6 0.00e+00 0.0 0.0e+00 0.0e+00 0.0e+00  8  0  0  0  0  10  0  0  0  0     0
MatMult             8760 1.0 1.9145e+00 2.3 5.49e+08 3.0 3.9e+05 5.0e+03 0.0e+00  5 54 15 50  0   6 54 15 50  0  3488
MatSolve           10220 1.0 1.4975e+00 3.7 4.23e+08 4.1 0.0e+00 0.0e+00 0.0e+00  2 24  0  0  0   3 24  0  0  0  2003
MatLUFactorNum      1460 1.0 2.0619e+00 5.2 2.25e+08 9.6 0.0e+00 0.0e+00 0.0e+00  2  8  0  0  0   3  8  0  0  0   459
MatILUFactorSym     1460 1.0 2.8569e-01 2.2 0.00e+00 0.0 0.0e+00 0.0e+00 0.0e+00  1  0  0  0  0   1  0  0  0  0     0
MatCopy             1460 1.0 3.6338e-01 1.7 0.00e+00 0.0 0.0e+00 0.0e+00 0.0e+00  1  0  0  0  0   1  0  0  0  0     0
MatConvert             1 1.0 9.5391e-04 2.4 0.00e+00 0.0 0.0e+00 0.0e+00 0.0e+00  0  0  0  0  0   0  0  0  0  0     0
MatGetRowIJ         1460 1.0 5.2404e-04 1.3 0.00e+00 0.0 0.0e+00 0.0e+00 0.0e+00  0  0  0  0  0   0  0  0  0  0     0
MatGetOrdering      1460 1.0 6.2876e-02 1.5 0.00e+00 0.0 0.0e+00 0.0e+00 0.0e+00  0  0  0  0  0   0  0  0  0  0     0
SFSetGraph          1460 1.0 1.6885e-01 1.1 0.00e+00 0.0 0.0e+00 0.0e+00 0.0e+00  1  0  0  0  0   1  0  0  0  0     0
SFReduceBegin       1460 1.0 5.0741e-01 2.2 0.00e+00 0.0 1.9e+06 1.7e+02 0.0e+00  2  0 73  9  0   2  0 73  9  0     0
SFReduceEnd         1460 1.0 3.8903e-02 1.6 0.00e+00 0.0 0.0e+00 0.0e+00 0.0e+00  0  0  0  0  0   0  0  0  0  0     0
SolveSystem            1 1.0 1.8800e+01 1.0 1.33e+09 3.5 2.6e+06 1.5e+03 5.4e+04 83100100100 64 100100100100100   657
KSPSetUp            2920 1.0 3.2525e-01 3.3 0.00e+00 0.0 0.0e+00 0.0e+00 2.9e+03  1  0  0  0  3   2  0  0  0  5     0
KSPSolve            1460 1.0 7.0207e+00 1.0 1.33e+09 3.6 3.9e+05 5.0e+03 2.8e+04 31 99 15 50 33  37 99 15 50 51  1747
PCSetUp             2920 1.0 2.5240e+00 3.7 2.25e+08 9.6 0.0e+00 0.0e+00 0.0e+00  4  8  0  0  0   5  8  0  0  0   375
PCSetUpOnBlocks     1460 1.0 2.4422e+00 4.0 2.25e+08 9.6 0.0e+00 0.0e+00 0.0e+00  4  8  0  0  0   4  8  0  0  0   387
PCApply            10220 1.0 1.7523e+00 2.8 4.23e+08 4.1 0.0e+00 0.0e+00 0.0e+00  3 24  0  0  0   4 24  0  0  0  1712

--- Event Stage 4: Destroying obj

DestroyBC              1 1.0 1.0126e-03 1.4 0.00e+00 0.0 0.0e+00 0.0e+00 0.0e+00  0  0  0  0  0  86  0  0  0  0     0
DestroyProperties       1 1.0 1.4305e-05 1.7 0.00e+00 0.0 0.0e+00 0.0e+00 0.0e+00  0  0  0  0  0   1  0  0  0  0     0
DestroyGeometry        1 1.0 4.0531e-05 2.1 0.00e+00 0.0 0.0e+00 0.0e+00 0.0e+00  0  0  0  0  0   3  0  0  0  0     0
------------------------------------------------------------------------------------------------------------------------

Memory usage is given in bytes:

Object Type          Creations   Destructions     Memory  Descendants' Mem.
Reports information only for process 0.

--- Event Stage 0: Main Stage

              Viewer     1              0            0     0.

--- Event Stage 1: Loading Files

              Vector  5852              5        28024     0.
      Vector Scatter     2              1        11072     0.
    Distributed Mesh     1              0            0     0.
Star Forest Bipartite Graph     2              0            0     0.
     Discrete System     1              0            0     0.
           Index Set  4387              4        20604     0.
   IS L to G Mapping     1              0            0     0.
   Application Order     1              0            0     0.
              Viewer     1              1          776     0.

--- Event Stage 2: Setting up

              Vector     4              3        19824     0.
      Vector Scatter     1              0            0     0.
              Matrix     3              0            0     0.
Star Forest Bipartite Graph     1              1          848     0.
           Index Set     2              2         4052     0.

--- Event Stage 3: Solving

              Vector 17523          13141    108928344     0.
      Vector Scatter  5841           5841     60257824     0.
              Matrix  1463           1463    407582912     0.
Star Forest Bipartite Graph  1460           1460      1238080     0.
           Index Set 10220          10220     22530720     0.
              Viewer  1462           1462      1134512     0.
       Krylov Solver  2921           2921      3493480     0.
      Preconditioner  2920           2920      2768160     0.

--- Event Stage 4: Destroying obj

              Vector     0             11        76480     0.
      Vector Scatter     0              1         1072     0.
              Matrix     0              3       371388     0.
           Index Set     0              3         7328     0.
========================================================================================================================
Average time to get PetscTime(): 4.76837e-08
Average time for MPI_Barrier(): 4.95911e-06
Average time for zero size MPI_Send(): 4.15678e-06
#PETSc Option Table entries:
-Input_file_bc 25x25x25_bc.txt
-Input_file_gmtry 25x25x25_gmtry.txt
-Input_file_init_sol 25x25x25_Sol.h5
-Input_file_ppt 25x25x25_properties.txt
-Input_file_ppt_by_zones 25x25x25_zones.txt
-Input_type_bc 2
-Input_type_gmtry 2
-Input_type_init_sol 3
-Input_type_tplgy 0
-ksp_type cg
-log_view ascii:25x25x25_NP23_KSPcg_PCbjacobi.log
-Output_type_ppt 3
-pc_type bjacobi
-Project_name 25x25x25
-Run_options_scheme 2
-Run_options_time 1
#End of PETSc Option Table entries
Compiled without FORTRAN kernels
Compiled with full precision matrices (default)
sizeof(short) 2 sizeof(int) 4 sizeof(long) 8 sizeof(void*) 8 sizeof(PetscScalar) 8 sizeof(PetscInt) 4
Configure options: --with-shared-libraries --with-debugging=0 --with-mpi-dir=/MyLibs/MPICH/mpich-3.2/arch-centos-opt --with-cxx=0 --with-hdf5-dir=/MyLibs/HDF5/hdf5-1.8.17/arch-centos-parallel-opt/ PETSC_ARCH=arch-centos-opt-v3.7.2-mpich-v3.2-hdf5-v1.8.17 FOPTFLAGS="optimization flags" COPTFLAGS="optimization flags"
-----------------------------------------
Libraries compiled on Wed Aug 17 12:00:13 2016 on poroso-medellin-unal-edu-co 
Machine characteristics: Linux-3.10.0-327.28.2.el7.x86_64-x86_64-with-centos-7.2.1511-Core
Using PETSc directory: /MyLibs/PETSc
Using PETSc arch: arch-centos-opt-v3.7.2-mpich-v3.2-hdf5-v1.8.17
-----------------------------------------

Using C compiler: /MyLibs/MPICH/mpich-3.2/arch-centos-opt/bin/mpicc  -fPIC  -Wall -Wwrite-strings -Wno-strict-aliasing -Wno-unknown-pragmas -fvisibility=hidden  ${COPTFLAGS} ${CFLAGS}
Using Fortran compiler: /MyLibs/MPICH/mpich-3.2/arch-centos-opt/bin/mpif90  -fPIC -Wall -ffree-line-length-0 -Wno-unused-dummy-argument   ${FOPTFLAGS} ${FFLAGS} 
-----------------------------------------

Using include paths: -I/MyLibs/PETSc/arch-centos-opt-v3.7.2-mpich-v3.2-hdf5-v1.8.17/include -I/MyLibs/PETSc/include -I/MyLibs/PETSc/include -I/MyLibs/PETSc/arch-centos-opt-v3.7.2-mpich-v3.2-hdf5-v1.8.17/include -I/MyLibs/HDF5/hdf5-1.8.17/arch-centos-parallel-opt/include -I/MyLibs/MPICH/mpich-3.2/arch-centos-opt/include
-----------------------------------------

Using C linker: /MyLibs/MPICH/mpich-3.2/arch-centos-opt/bin/mpicc
Using Fortran linker: /MyLibs/MPICH/mpich-3.2/arch-centos-opt/bin/mpif90
Using libraries: -Wl,-rpath,/MyLibs/PETSc/arch-centos-opt-v3.7.2-mpich-v3.2-hdf5-v1.8.17/lib -L/MyLibs/PETSc/arch-centos-opt-v3.7.2-mpich-v3.2-hdf5-v1.8.17/lib -lpetsc -llapack -lblas -Wl,-rpath,/MyLibs/HDF5/hdf5-1.8.17/arch-centos-parallel-opt/lib -L/MyLibs/HDF5/hdf5-1.8.17/arch-centos-parallel-opt/lib -lhdf5hl_fortran -lhdf5_fortran -lhdf5_hl -lhdf5 -lpthread -lm -Wl,-rpath,/MyLibs/MPICH/mpich-3.2/arch-centos-opt/lib -L/MyLibs/MPICH/mpich-3.2/arch-centos-opt/lib -Wl,-rpath,/usr/lib/gcc/x86_64-redhat-linux/4.8.5 -L/usr/lib/gcc/x86_64-redhat-linux/4.8.5 -lmpifort -lgfortran -lm -lgfortran -lm -lquadmath -lm -Wl,-rpath,/MyLibs/MPICH/mpich-3.2/arch-centos-opt/lib -L/MyLibs/MPICH/mpich-3.2/arch-centos-opt/lib -Wl,-rpath,/usr/lib/gcc/x86_64-redhat-linux/4.8.5 -L/usr/lib/gcc/x86_64-redhat-linux/4.8.5 -ldl -Wl,-rpath,/MyLibs/MPICH/mpich-3.2/arch-centos-opt/lib -lmpi -lgcc_s -ldl 
-----------------------------------------

