************************************************************************************************************************
***             WIDEN YOUR WINDOW TO 120 CHARACTERS.  Use 'enscript -r -fCourier9' to print this document            ***
************************************************************************************************************************

---------------------------------------------- PETSc Performance Summary: ----------------------------------------------

../../src/ANISOFLOW                                                                                                                                                                                                                                             ˻d on a arch-centos-opt-v3.7.2-mpich-v3.2-hdf5-v1.8.17 named poroso-medellin-unal-edu-co with 2 processors, by sospinar Sat Oct 15 16:59:37 2016
Using Petsc Release Version 3.7.3, unknown 

                         Max       Max/Min        Avg      Total 
Time (sec):           7.303e+01      1.00000   7.303e+01
Objects:              9.349e+04      1.00000   9.349e+04
Flops:                3.380e+10      1.08650   3.245e+10  6.491e+10
Flops/sec:            4.628e+08      1.08650   4.444e+08  8.888e+08
MPI Messages:         5.549e+04      1.11763   5.257e+04  1.051e+05
MPI Message Lengths:  2.552e+08      1.13244   4.570e+03  4.805e+08
MPI Reductions:       1.329e+05      1.00000

Flop counting convention: 1 flop = 1 real number operation of type (multiply/divide/add/subtract)
                            e.g., VecAXPY() for real vectors of length N --> 2N flops
                            and VecAXPY() for complex vectors of length N --> 8N flops

Summary of Stages:   ----- Time ------  ----- Flops -----  --- Messages ---  -- Message Lengths --  -- Reductions --
                        Avg     %Total     Avg     %Total   counts   %Total     Avg         %Total   counts   %Total 
 0:      Main Stage: 2.1052e-04   0.0%  0.0000e+00   0.0%  0.000e+00   0.0%  0.000e+00        0.0%  0.000e+00   0.0% 
 1:   Loading Files: 3.0579e+00   4.2%  0.0000e+00   0.0%  1.200e+01   0.0%  2.188e+00        0.0%  3.069e+04  23.1% 
 2:      Setting up: 5.7677e-02   0.1%  0.0000e+00   0.0%  6.000e+00   0.0%  1.427e-01        0.0%  1.700e+01   0.0% 
 3:         Solving: 6.9915e+01  95.7%  6.4907e+10 100.0%  1.051e+05 100.0%  4.568e+03       99.9%  1.022e+05  76.9% 
 4:  Destroying obj: 4.1568e-04   0.0%  0.0000e+00   0.0%  0.000e+00   0.0%  0.000e+00        0.0%  0.000e+00   0.0% 

------------------------------------------------------------------------------------------------------------------------
See the 'Profiling' chapter of the users' manual for details on interpreting output.
Phase summary info:
   Count: number of times phase was executed
   Time and Flops: Max - maximum over all processors
                   Ratio - ratio of maximum to minimum over all processors
   Mess: number of messages sent
   Avg. len: average message length (bytes)
   Reduct: number of global reductions
   Global: entire computation
   Stage: stages of a computation. Set stages with PetscLogStagePush() and PetscLogStagePop().
      %T - percent time in this phase         %F - percent flops in this phase
      %M - percent messages in this phase     %L - percent message lengths in this phase
      %R - percent reductions in this phase
   Total Mflop/s: 10e-6 * (sum of flops over all processors)/(max time over all processors)
------------------------------------------------------------------------------------------------------------------------
Event                Count      Time (sec)     Flops                             --- Global ---  --- Stage ---   Total
                   Max Ratio  Max     Ratio   Max  Ratio  Mess   Avg len Reduct  %T %F %M %L %R  %T %F %M %L %R Mflop/s
------------------------------------------------------------------------------------------------------------------------

--- Event Stage 0: Main Stage


--- Event Stage 1: Loading Files

GetGeometry            1 1.0 2.8410e-03 1.0 0.00e+00 0.0 4.0e+00 1.3e+03 1.3e+01  0  0  0  0  0   0  0 33  2  0     0
VecView                1 1.0 1.8861e-03 1.1 0.00e+00 0.0 0.0e+00 0.0e+00 0.0e+00  0  0  0  0  0   0  0  0  0  0     0
VecMax                 2 1.0 1.0753e-04 1.9 0.00e+00 0.0 0.0e+00 0.0e+00 0.0e+00  0  0  0  0  0   0  0  0  0  0     0
VecCopy                2 1.0 1.9789e-05 1.3 0.00e+00 0.0 0.0e+00 0.0e+00 0.0e+00  0  0  0  0  0   0  0  0  0  0     0
VecSet                 8 1.0 2.2435e-04 2.0 0.00e+00 0.0 0.0e+00 0.0e+00 0.0e+00  0  0  0  0  0   0  0  0  0  0     0
VecAssemblyBegin    5845 1.0 3.0949e-02 1.3 0.00e+00 0.0 2.0e+00 4.5e+04 1.8e+04  0  0  0  0 13   1  0 17 39 57     0
VecAssemblyEnd      5845 1.0 2.1088e-03 1.1 0.00e+00 0.0 0.0e+00 0.0e+00 0.0e+00  0  0  0  0  0   0  0  0  0  0     0
VecScatterBegin        2 1.0 8.2254e-05 1.7 0.00e+00 0.0 2.0e+00 5.0e+03 0.0e+00  0  0  0  0  0   0  0 17  4  0     0
VecScatterEnd          2 1.0 1.5259e-05 1.5 0.00e+00 0.0 0.0e+00 0.0e+00 0.0e+00  0  0  0  0  0   0  0  0  0  0     0
GetProrperties         1 1.0 1.4536e-02 1.0 0.00e+00 0.0 8.0e+00 2.8e+04 2.1e+01  0  0  0  0  0   0  0 67 98  0     0
GetConductivity        1 1.0 1.3614e-04 1.1 0.00e+00 0.0 0.0e+00 0.0e+00 0.0e+00  0  0  0  0  0   0  0  0  0  0     0
GetSpecificStorage       1 1.0 3.1376e-04 1.2 0.00e+00 0.0 0.0e+00 0.0e+00 2.0e+00  0  0  0  0  0   0  0  0  0  0     0
GetBC                  1 1.0 3.0405e+00 1.0 0.00e+00 0.0 0.0e+00 0.0e+00 3.1e+04  4  0  0  0 23  99  0  0  0100     0

--- Event Stage 2: Setting up

BuildTwoSided          1 1.0 6.9380e-05 2.5 0.00e+00 0.0 0.0e+00 0.0e+00 0.0e+00  0  0  0  0  0   0  0  0  0  0     0
VecSet                 2 1.0 1.4305e-06 1.0 0.00e+00 0.0 0.0e+00 0.0e+00 0.0e+00  0  0  0  0  0   0  0  0  0  0     0
VecScatterBegin        1 1.0 5.2452e-06 1.3 0.00e+00 0.0 2.0e+00 5.0e+03 0.0e+00  0  0  0  0  0   0  0 33 67  0     0
VecScatterEnd          1 1.0 6.4373e-06 1.5 0.00e+00 0.0 0.0e+00 0.0e+00 0.0e+00  0  0  0  0  0   0  0  0  0  0     0
MatAssemblyBegin       2 1.0 3.7296e-03144.8 0.00e+00 0.0 0.0e+00 0.0e+00 4.0e+00  0  0  0  0  0   3  0  0  0 24     0
MatAssemblyEnd         2 1.0 2.1954e-03 1.0 0.00e+00 0.0 4.0e+00 1.3e+03 8.0e+00  0  0  0  0  0   4  0 67 33 47     0
SFSetGraph             1 1.0 7.3910e-06 1.6 0.00e+00 0.0 0.0e+00 0.0e+00 0.0e+00  0  0  0  0  0   0  0  0  0  0     0
SFReduceBegin          1 1.0 9.1791e-05 2.0 0.00e+00 0.0 0.0e+00 0.0e+00 0.0e+00  0  0  0  0  0   0  0  0  0  0     0
SFReduceEnd            1 1.0 2.3842e-06 1.0 0.00e+00 0.0 0.0e+00 0.0e+00 0.0e+00  0  0  0  0  0   0  0  0  0  0     0
BuildSystem            1 1.0 5.7661e-02 1.0 0.00e+00 0.0 6.0e+00 2.5e+03 1.7e+01  0  0  0  0  0 100  0100100100     0

--- Event Stage 3: Solving

BuildTwoSided       1460 1.0 4.7588e-02 2.6 0.00e+00 0.0 2.9e+03 4.0e+00 0.0e+00  0  0  3  0  0   0  0  3  0  0     0
VecView             1461 1.0 1.1703e+00 1.1 0.00e+00 0.0 0.0e+00 0.0e+00 0.0e+00  2  0  0  0  0   2  0  0  0  0     0
VecMDot            20440 1.0 6.5616e+00 6.9 1.54e+09 1.1 0.0e+00 0.0e+00 2.0e+04  5  5  0  0 15   5  5  0  0 20   452
VecNorm            23360 1.0 1.3175e+00 4.8 3.80e+08 1.1 0.0e+00 0.0e+00 2.3e+04  1  1  0  0 18   1  1  0  0 23   554
VecScale           23360 1.0 9.2980e-02 1.1 1.90e+08 1.1 0.0e+00 0.0e+00 0.0e+00  0  1  0  0  0   0  1  0  0  0  3926
VecCopy            10220 1.0 6.2087e-02 1.1 0.00e+00 0.0 0.0e+00 0.0e+00 0.0e+00  0  0  0  0  0   0  0  0  0  0     0
VecSet             26281 1.0 1.0526e-01 1.1 0.00e+00 0.0 0.0e+00 0.0e+00 0.0e+00  0  0  0  0  0   0  0  0  0  0     0
VecAXPY             4380 1.0 2.9182e-02 1.1 7.12e+07 1.1 0.0e+00 0.0e+00 0.0e+00  0  0  0  0  0   0  0  0  0  0  4690
VecAYPX            21900 1.0 5.9109e-01 1.1 2.37e+08 1.1 0.0e+00 0.0e+00 0.0e+00  1  1  0  0  0   1  1  0  0  0   772
VecAXPBYCZ         14600 1.0 4.8830e-01 1.1 5.93e+08 1.1 0.0e+00 0.0e+00 0.0e+00  1  2  0  0  0   1  2  0  0  0  2336
VecMAXPY           23360 1.0 1.5088e+00 1.1 1.87e+09 1.1 0.0e+00 0.0e+00 0.0e+00  2  6  0  0  0   2  6  0  0  0  2389
VecPointwiseMult    5840 1.0 8.5868e-02 1.1 2.37e+07 1.1 0.0e+00 0.0e+00 0.0e+00  0  0  0  0  0   0  0  0  0  0   531
VecLoad                1 1.0 2.2483e-04 1.0 0.00e+00 0.0 0.0e+00 0.0e+00 0.0e+00  0  0  0  0  0   0  0  0  0  0     0
VecScatterBegin    43800 1.0 1.5616e-01 1.2 0.00e+00 0.0 7.3e+04 5.2e+03 0.0e+00  0  0 69 79  0   0  0 69 79  0     0
VecScatterEnd      43800 1.0 7.0393e-01 5.7 0.00e+00 0.0 0.0e+00 0.0e+00 0.0e+00  1  0  0  0  0   1  0  0  0  0     0
VecNormalize       23360 1.0 1.4209e+00 3.7 5.69e+08 1.1 0.0e+00 0.0e+00 2.3e+04  1  2  0  0 18   1  2  0  0 23   771
MatMult            35040 1.0 2.6965e+01 1.1 1.39e+10 1.1 7.0e+04 5.0e+03 0.0e+00 35 41 67 73  0  37 41 67 73  0   991
MatSOR             37960 1.0 3.2600e+01 1.1 1.50e+10 1.1 0.0e+00 0.0e+00 0.0e+00 42 44  0  0  0  44 44  0  0  0   882
MatCopy             1460 1.0 2.7661e-01 1.1 0.00e+00 0.0 0.0e+00 0.0e+00 0.0e+00  0  0  0  0  0   0  0  0  0  0     0
MatConvert             1 1.0 1.1899e-03 1.3 0.00e+00 0.0 0.0e+00 0.0e+00 0.0e+00  0  0  0  0  0   0  0  0  0  0     0
SFSetGraph          1460 1.0 8.1261e-02 1.0 0.00e+00 0.0 0.0e+00 0.0e+00 0.0e+00  0  0  0  0  0   0  0  0  0  0     0
SFReduceBegin       1460 1.0 7.5819e-02 1.6 0.00e+00 0.0 1.5e+04 2.0e+03 0.0e+00  0  0 14  6  0   0  0 14  6  0     0
SFReduceEnd         1460 1.0 1.1619e-02 1.0 0.00e+00 0.0 0.0e+00 0.0e+00 0.0e+00  0  0  0  0  0   0  0  0  0  0     0
SolveSystem            1 1.0 6.9915e+01 1.0 3.38e+10 1.1 1.1e+05 4.6e+03 1.0e+05 96100100100 77 100100100100100   928
KSPGMRESOrthog     20440 1.0 7.6961e+00 3.4 3.08e+09 1.1 0.0e+00 0.0e+00 2.0e+04  7  9  0  0 15   7  9  0  0 20   771
KSPSetUp            4380 1.0 2.8031e-01 1.6 0.00e+00 0.0 0.0e+00 0.0e+00 5.8e+03  0  0  0  0  4   0  0  0  0  6     0
KSPSolve            1460 1.0 6.4288e+01 1.0 3.38e+10 1.1 7.0e+04 5.0e+03 7.3e+04 88100 67 73 55  92100 67 73 71  1008
PCSetUp             1460 1.0 2.4233e-01 1.0 0.00e+00 0.0 0.0e+00 0.0e+00 2.9e+03  0  0  0  0  2   0  0  0  0  3     0
PCApply             7300 1.0 5.8999e+01 1.1 3.07e+10 1.1 5.8e+04 5.0e+03 3.1e+04 79 91 56 61 23  82 91 56 61 30   998

--- Event Stage 4: Destroying obj

DestroyBC              1 1.0 3.5977e-04 1.1 0.00e+00 0.0 0.0e+00 0.0e+00 0.0e+00  0  0  0  0  0  83  0  0  0  0     0
DestroyProperties       1 1.0 7.8678e-06 1.3 0.00e+00 0.0 0.0e+00 0.0e+00 0.0e+00  0  0  0  0  0   2  0  0  0  0     0
DestroyGeometry        1 1.0 1.5497e-05 1.2 0.00e+00 0.0 0.0e+00 0.0e+00 0.0e+00  0  0  0  0  0   3  0  0  0  0     0
------------------------------------------------------------------------------------------------------------------------

Memory usage is given in bytes:

Object Type          Creations   Destructions     Memory  Descendants' Mem.
Reports information only for process 0.

--- Event Stage 0: Main Stage

              Viewer     1              0            0     0.

--- Event Stage 1: Loading Files

              Vector  5852              5       138024     0.
      Vector Scatter     2              1        66072     0.
    Distributed Mesh     1              0            0     0.
Star Forest Bipartite Graph     2              0            0     0.
     Discrete System     1              0            0     0.
           Index Set  4387              4       103104     0.
   IS L to G Mapping     1              0            0     0.
   Application Order     1              0            0     0.
              Viewer     1              1          776     0.

--- Event Stage 2: Setting up

              Vector     4              3        74824     0.
      Vector Scatter     1              0            0     0.
              Matrix     3              0            0     0.
Star Forest Bipartite Graph     1              1          848     0.
           Index Set     2              2         4052     0.

--- Event Stage 3: Solving

              Vector 59863          55481   3522455064     0.
      Vector Scatter  5841           5841     36676208     0.
              Matrix     3              3      2701676     0.
Star Forest Bipartite Graph  1460           1460      1238080     0.
           Index Set  5840           5840      4531840     0.
              Viewer  1462           1462      1134512     0.
       Krylov Solver  4381           4381     72849320     0.
      Preconditioner  4380           4380      3936160     0.

--- Event Stage 4: Destroying obj

              Vector     0             11       250632     0.
      Vector Scatter     0              1         1072     0.
              Matrix     0              3      2896672     0.
           Index Set     0              3         7328     0.
========================================================================================================================
Average time to get PetscTime(): 4.76837e-08
Average time for MPI_Barrier(): 9.05991e-07
Average time for zero size MPI_Send(): 3.09944e-06
#PETSc Option Table entries:
-Input_file_bc 25x25x25_bc.txt
-Input_file_gmtry 25x25x25_gmtry.txt
-Input_file_init_sol 25x25x25_Sol.h5
-Input_file_ppt 25x25x25_properties.txt
-Input_file_ppt_by_zones 25x25x25_zones.txt
-Input_type_bc 2
-Input_type_gmtry 2
-Input_type_init_sol 3
-Input_type_tplgy 0
-ksp_type gmres
-log_view ascii:25x25x25_NP2_KSPgmres_PCmg.log
-Output_type_ppt 3
-pc_type mg
-Project_name 25x25x25
-Run_options_scheme 2
-Run_options_time 1
#End of PETSc Option Table entries
Compiled without FORTRAN kernels
Compiled with full precision matrices (default)
sizeof(short) 2 sizeof(int) 4 sizeof(long) 8 sizeof(void*) 8 sizeof(PetscScalar) 8 sizeof(PetscInt) 4
Configure options: --with-shared-libraries --with-debugging=0 --with-mpi-dir=/MyLibs/MPICH/mpich-3.2/arch-centos-opt --with-cxx=0 --with-hdf5-dir=/MyLibs/HDF5/hdf5-1.8.17/arch-centos-parallel-opt/ PETSC_ARCH=arch-centos-opt-v3.7.2-mpich-v3.2-hdf5-v1.8.17 FOPTFLAGS="optimization flags" COPTFLAGS="optimization flags"
-----------------------------------------
Libraries compiled on Wed Aug 17 12:00:13 2016 on poroso-medellin-unal-edu-co 
Machine characteristics: Linux-3.10.0-327.28.2.el7.x86_64-x86_64-with-centos-7.2.1511-Core
Using PETSc directory: /MyLibs/PETSc
Using PETSc arch: arch-centos-opt-v3.7.2-mpich-v3.2-hdf5-v1.8.17
-----------------------------------------

Using C compiler: /MyLibs/MPICH/mpich-3.2/arch-centos-opt/bin/mpicc  -fPIC  -Wall -Wwrite-strings -Wno-strict-aliasing -Wno-unknown-pragmas -fvisibility=hidden  ${COPTFLAGS} ${CFLAGS}
Using Fortran compiler: /MyLibs/MPICH/mpich-3.2/arch-centos-opt/bin/mpif90  -fPIC -Wall -ffree-line-length-0 -Wno-unused-dummy-argument   ${FOPTFLAGS} ${FFLAGS} 
-----------------------------------------

Using include paths: -I/MyLibs/PETSc/arch-centos-opt-v3.7.2-mpich-v3.2-hdf5-v1.8.17/include -I/MyLibs/PETSc/include -I/MyLibs/PETSc/include -I/MyLibs/PETSc/arch-centos-opt-v3.7.2-mpich-v3.2-hdf5-v1.8.17/include -I/MyLibs/HDF5/hdf5-1.8.17/arch-centos-parallel-opt/include -I/MyLibs/MPICH/mpich-3.2/arch-centos-opt/include
-----------------------------------------

Using C linker: /MyLibs/MPICH/mpich-3.2/arch-centos-opt/bin/mpicc
Using Fortran linker: /MyLibs/MPICH/mpich-3.2/arch-centos-opt/bin/mpif90
Using libraries: -Wl,-rpath,/MyLibs/PETSc/arch-centos-opt-v3.7.2-mpich-v3.2-hdf5-v1.8.17/lib -L/MyLibs/PETSc/arch-centos-opt-v3.7.2-mpich-v3.2-hdf5-v1.8.17/lib -lpetsc -llapack -lblas -Wl,-rpath,/MyLibs/HDF5/hdf5-1.8.17/arch-centos-parallel-opt/lib -L/MyLibs/HDF5/hdf5-1.8.17/arch-centos-parallel-opt/lib -lhdf5hl_fortran -lhdf5_fortran -lhdf5_hl -lhdf5 -lpthread -lm -Wl,-rpath,/MyLibs/MPICH/mpich-3.2/arch-centos-opt/lib -L/MyLibs/MPICH/mpich-3.2/arch-centos-opt/lib -Wl,-rpath,/usr/lib/gcc/x86_64-redhat-linux/4.8.5 -L/usr/lib/gcc/x86_64-redhat-linux/4.8.5 -lmpifort -lgfortran -lm -lgfortran -lm -lquadmath -lm -Wl,-rpath,/MyLibs/MPICH/mpich-3.2/arch-centos-opt/lib -L/MyLibs/MPICH/mpich-3.2/arch-centos-opt/lib -Wl,-rpath,/usr/lib/gcc/x86_64-redhat-linux/4.8.5 -L/usr/lib/gcc/x86_64-redhat-linux/4.8.5 -ldl -Wl,-rpath,/MyLibs/MPICH/mpich-3.2/arch-centos-opt/lib -lmpi -lgcc_s -ldl 
-----------------------------------------

