************************************************************************************************************************
***             WIDEN YOUR WINDOW TO 120 CHARACTERS.  Use 'enscript -r -fCourier9' to print this document            ***
************************************************************************************************************************

---------------------------------------------- PETSc Performance Summary: ----------------------------------------------

../../src/ANISOFLOW                                                                                                                                                                                                                                             ˻d on a arch-centos-opt-v3.7.2-mpich-v3.2-hdf5-v1.8.17 named poroso-medellin-unal-edu-co with 26 processors, by sospinar Sat Oct 15 18:33:56 2016
Using Petsc Release Version 3.7.3, unknown 

                         Max       Max/Min        Avg      Total 
Time (sec):           3.471e+01      1.00002   3.471e+01
Objects:              7.597e+04      1.00000   7.597e+04
Flops:                2.604e+09      3.30913   2.355e+09  6.123e+10
Flops/sec:            7.502e+07      3.30916   6.786e+07  1.764e+09
MPI Messages:         4.016e+05      1.82125   2.942e+05  7.648e+06
MPI Message Lengths:  1.083e+09      7.34051   1.012e+03  7.741e+09
MPI Reductions:       1.139e+05      1.00000

Flop counting convention: 1 flop = 1 real number operation of type (multiply/divide/add/subtract)
                            e.g., VecAXPY() for real vectors of length N --> 2N flops
                            and VecAXPY() for complex vectors of length N --> 8N flops

Summary of Stages:   ----- Time ------  ----- Flops -----  --- Messages ---  -- Message Lengths --  -- Reductions --
                        Avg     %Total     Avg     %Total   counts   %Total     Avg         %Total   counts   %Total 
 0:      Main Stage: 2.5960e-04   0.0%  0.0000e+00   0.0%  0.000e+00   0.0%  0.000e+00        0.0%  0.000e+00   0.0% 
 1:   Loading Files: 4.4449e+00  12.8%  0.0000e+00   0.0%  5.880e+02   0.0%  7.862e-02        0.0%  3.069e+04  26.9% 
 2:      Setting up: 1.2023e-02   0.0%  0.0000e+00   0.0%  3.660e+02   0.0%  2.744e-02        0.0%  1.700e+01   0.0% 
 3:         Solving: 3.0247e+01  87.2%  6.1230e+10 100.0%  7.647e+06 100.0%  1.012e+03      100.0%  8.322e+04  73.0% 
 4:  Destroying obj: 1.1810e-03   0.0%  0.0000e+00   0.0%  0.000e+00   0.0%  0.000e+00        0.0%  0.000e+00   0.0% 

------------------------------------------------------------------------------------------------------------------------
See the 'Profiling' chapter of the users' manual for details on interpreting output.
Phase summary info:
   Count: number of times phase was executed
   Time and Flops: Max - maximum over all processors
                   Ratio - ratio of maximum to minimum over all processors
   Mess: number of messages sent
   Avg. len: average message length (bytes)
   Reduct: number of global reductions
   Global: entire computation
   Stage: stages of a computation. Set stages with PetscLogStagePush() and PetscLogStagePop().
      %T - percent time in this phase         %F - percent flops in this phase
      %M - percent messages in this phase     %L - percent message lengths in this phase
      %R - percent reductions in this phase
   Total Mflop/s: 10e-6 * (sum of flops over all processors)/(max time over all processors)
------------------------------------------------------------------------------------------------------------------------
Event                Count      Time (sec)     Flops                             --- Global ---  --- Stage ---   Total
                   Max Ratio  Max     Ratio   Max  Ratio  Mess   Avg len Reduct  %T %F %M %L %R  %T %F %M %L %R Mflop/s
------------------------------------------------------------------------------------------------------------------------

--- Event Stage 0: Main Stage


--- Event Stage 1: Loading Files

GetGeometry            1 1.0 4.3323e-03 1.0 0.00e+00 0.0 2.4e+02 2.9e+02 1.3e+01  0  0  0  0  0   0  0 41 12  0     0
VecView                1 1.0 4.0295e-03 1.3 0.00e+00 0.0 0.0e+00 0.0e+00 0.0e+00  0  0  0  0  0   0  0  0  0  0     0
VecMax                 2 1.0 1.3828e-05 1.7 0.00e+00 0.0 0.0e+00 0.0e+00 0.0e+00  0  0  0  0  0   0  0  0  0  0     0
VecCopy                2 1.0 5.0068e-06 1.9 0.00e+00 0.0 0.0e+00 0.0e+00 0.0e+00  0  0  0  0  0   0  0  0  0  0     0
VecSet                 8 1.0 5.1260e-05 2.9 0.00e+00 0.0 0.0e+00 0.0e+00 0.0e+00  0  0  0  0  0   0  0  0  0  0     0
VecAssemblyBegin    5845 1.0 1.7621e-01 1.1 0.00e+00 0.0 5.0e+01 3.6e+03 1.8e+04  0  0  0  0 15   4  0  9 30 57     0
VecAssemblyEnd      5845 1.0 5.1260e-03 2.0 0.00e+00 0.0 0.0e+00 0.0e+00 0.0e+00  0  0  0  0  0   0  0  0  0  0     0
VecScatterBegin        2 1.0 7.9632e-05 2.9 0.00e+00 0.0 1.5e+02 1.4e+03 0.0e+00  0  0  0  0  0   0  0 25 33  0     0
VecScatterEnd          2 1.0 1.5662e-0398.0 0.00e+00 0.0 0.0e+00 0.0e+00 0.0e+00  0  0  0  0  0   0  0  0  0  0     0
GetProrperties         1 1.0 2.0789e-02 1.0 0.00e+00 0.0 3.4e+02 1.5e+03 2.1e+01  0  0  0  0  0   0  0 59 88  0     0
GetConductivity        1 1.0 1.5383e-0334.0 0.00e+00 0.0 0.0e+00 0.0e+00 0.0e+00  0  0  0  0  0   0  0  0  0  0     0
GetSpecificStorage       1 1.0 1.4408e-03 8.1 0.00e+00 0.0 0.0e+00 0.0e+00 2.0e+00  0  0  0  0  0   0  0  0  0  0     0
GetBC                  1 1.0 4.4199e+00 1.0 0.00e+00 0.0 0.0e+00 0.0e+00 3.1e+04 13  0  0  0 27  99  0  0  0100     0

--- Event Stage 2: Setting up

BuildTwoSided          1 1.0 1.3399e-04 3.5 0.00e+00 0.0 0.0e+00 0.0e+00 0.0e+00  0  0  0  0  0   1  0  0  0  0     0
VecSet                 2 1.0 5.4836e-06 3.8 0.00e+00 0.0 0.0e+00 0.0e+00 0.0e+00  0  0  0  0  0   0  0  0  0  0     0
VecScatterBegin        1 1.0 1.7405e-05 2.6 0.00e+00 0.0 1.2e+02 1.1e+03 0.0e+00  0  0  0  0  0   0  0 33 67  0     0
VecScatterEnd          1 1.0 2.0981e-05 3.0 0.00e+00 0.0 0.0e+00 0.0e+00 0.0e+00  0  0  0  0  0   0  0  0  0  0     0
MatAssemblyBegin       2 1.0 7.2086e-0381.7 0.00e+00 0.0 0.0e+00 0.0e+00 4.0e+00  0  0  0  0  0  16  0  0  0 24     0
MatAssemblyEnd         2 1.0 1.4136e-03 1.1 0.00e+00 0.0 2.4e+02 2.9e+02 8.0e+00  0  0  0  0  0  12  0 67 33 47     0
SFSetGraph             1 1.0 8.5831e-06 1.7 0.00e+00 0.0 0.0e+00 0.0e+00 0.0e+00  0  0  0  0  0   0  0  0  0  0     0
SFReduceBegin          1 1.0 1.8930e-04 2.0 0.00e+00 0.0 0.0e+00 0.0e+00 0.0e+00  0  0  0  0  0   1  0  0  0  0     0
SFReduceEnd            1 1.0 3.0994e-06 1.6 0.00e+00 0.0 0.0e+00 0.0e+00 0.0e+00  0  0  0  0  0   0  0  0  0  0     0
BuildSystem            1 1.0 1.2053e-02 1.0 0.00e+00 0.0 3.7e+02 5.7e+02 1.7e+01  0  0  0  0  0 100  0100100100     0

--- Event Stage 3: Solving

BuildTwoSided       1460 1.0 4.8634e-01 2.9 0.00e+00 0.0 4.9e+05 4.0e+00 0.0e+00  1  0  6  0  0   1  0  6  0  0     0
VecView             1461 1.0 2.8654e+00 1.1 0.00e+00 0.0 0.0e+00 0.0e+00 0.0e+00  8  0  0  0  0   9  0  0  0  0     0
VecMDot            14600 1.0 2.9101e+00 4.4 1.04e+08 2.2 0.0e+00 0.0e+00 1.5e+04  3  4  0  0 13   3  4  0  0 18   862
VecTDot            14600 1.0 8.8885e-01 3.7 1.90e+07 2.2 0.0e+00 0.0e+00 1.5e+04  1  1  0  0 13   1  1  0  0 18   513
VecNorm            24820 1.0 2.5203e+00 3.4 3.23e+07 2.2 0.0e+00 0.0e+00 2.5e+04  3  1  0  0 22   4  1  0  0 30   308
VecScale           16060 1.0 2.0494e-02 1.4 1.04e+07 2.2 0.0e+00 0.0e+00 0.0e+00  0  0  0  0  0   0  0  0  0  0 12244
VecCopy            13140 1.0 1.6576e-02 1.4 0.00e+00 0.0 0.0e+00 0.0e+00 0.0e+00  0  0  0  0  0   0  0  0  0  0     0
VecSet             27741 1.0 2.4960e-02 1.4 0.00e+00 0.0 0.0e+00 0.0e+00 0.0e+00  0  0  0  0  0   0  0  0  0  0     0
VecAXPY            17520 1.0 2.2780e-02 1.5 2.28e+07 2.2 0.0e+00 0.0e+00 0.0e+00  0  1  0  0  0   0  1  0  0  0 24034
VecAYPX            32120 1.0 1.2952e-01 1.9 3.04e+07 2.2 0.0e+00 0.0e+00 0.0e+00  0  1  0  0  0   0  1  0  0  0  5636
VecAXPBYCZ         17520 1.0 9.6194e-02 2.0 5.69e+07 2.2 0.0e+00 0.0e+00 0.0e+00  0  2  0  0  0   0  2  0  0  0 14229
VecMAXPY           16060 1.0 1.9446e-01 2.1 1.23e+08 2.2 0.0e+00 0.0e+00 0.0e+00  0  5  0  0  0   1  5  0  0  0 15251
VecPointwiseMult    5840 1.0 1.9600e-02 1.8 1.90e+06 2.2 0.0e+00 0.0e+00 0.0e+00  0  0  0  0  0   0  0  0  0  0  2328
VecLoad                1 1.0 9.0671e-04 1.2 0.00e+00 0.0 0.0e+00 0.0e+00 0.0e+00  0  0  0  0  0   0  0  0  0  0     0
VecScatterBegin    48180 1.0 8.4305e-01 3.5 0.00e+00 0.0 4.9e+06 1.3e+03 0.0e+00  1  0 64 81  0   1  0 64 81  0     0
VecScatterEnd      48180 1.0 4.6784e+0012.4 0.00e+00 0.0 0.0e+00 0.0e+00 0.0e+00  8  0  0  0  0  10  0  0  0  0     0
VecNormalize       16060 1.0 5.2293e-01 1.9 3.13e+07 2.2 0.0e+00 0.0e+00 1.6e+04  1  1  0  0 14   1  1  0  0 19  1440
MatMult            39420 1.0 5.6796e+00 1.4 1.29e+09 3.3 4.8e+06 1.1e+03 0.0e+00 15 49 63 71  0  17 49 63 71  0  5292
MatSOR             42340 1.0 3.9229e+00 3.6 9.16e+08 4.3 0.0e+00 0.0e+00 0.0e+00 10 35  0  0  0  11 35  0  0  0  5488
MatCopy             1460 1.0 4.3495e-01 2.4 0.00e+00 0.0 0.0e+00 0.0e+00 0.0e+00  1  0  0  0  0   1  0  0  0  0     0
MatConvert             1 1.0 1.1775e-03 3.4 0.00e+00 0.0 0.0e+00 0.0e+00 0.0e+00  0  0  0  0  0   0  0  0  0  0     0
SFSetGraph          1460 1.0 1.8615e-01 1.1 0.00e+00 0.0 0.0e+00 0.0e+00 0.0e+00  1  0  0  0  0   1  0  0  0  0     0
SFReduceBegin       1460 1.0 6.2170e-01 2.2 0.00e+00 0.0 2.5e+06 1.5e+02 0.0e+00  1  0 32  5  0   2  0 32  5  0     0
SFReduceEnd         1460 1.0 4.0806e-02 1.3 0.00e+00 0.0 0.0e+00 0.0e+00 0.0e+00  0  0  0  0  0   0  0  0  0  0     0
SolveSystem            1 1.0 3.0248e+01 1.0 2.60e+09 3.3 7.6e+06 1.0e+03 8.3e+04 87100100100 73 100100100100100  2024
KSPGMRESOrthog     14600 1.0 3.0183e+00 3.5 2.09e+08 2.2 0.0e+00 0.0e+00 1.5e+04  4  8  0  0 13   4  8  0  0 18  1662
KSPSetUp            4380 1.0 1.0909e+00 3.2 0.00e+00 0.0 0.0e+00 0.0e+00 5.8e+03  3  0  0  0  5   3  0  0  0  7     0
KSPSolve            1460 1.0 1.2500e+01 1.0 2.60e+09 3.3 4.8e+06 1.1e+03 5.4e+04 36100 63 71 47  41100 63 71 65  4891
PCSetUp             1460 1.0 4.4641e-01 1.0 0.00e+00 0.0 0.0e+00 0.0e+00 2.9e+03  1  0  0  0  3   1  0  0  0  4     0
PCApply             8760 1.0 1.0666e+01 1.2 2.30e+09 3.4 3.9e+06 1.1e+03 3.1e+04 30 89 51 58 27  34 89 51 58 37  5082

--- Event Stage 4: Destroying obj

DestroyBC              1 1.0 1.0974e-03 1.5 0.00e+00 0.0 0.0e+00 0.0e+00 0.0e+00  0  0  0  0  0  85  0  0  0  0     0
DestroyProperties       1 1.0 2.7180e-05 3.3 0.00e+00 0.0 0.0e+00 0.0e+00 0.0e+00  0  0  0  0  0   1  0  0  0  0     0
DestroyGeometry        1 1.0 4.3154e-05 1.9 0.00e+00 0.0 0.0e+00 0.0e+00 0.0e+00  0  0  0  0  0   3  0  0  0  0     0
------------------------------------------------------------------------------------------------------------------------

Memory usage is given in bytes:

Object Type          Creations   Destructions     Memory  Descendants' Mem.
Reports information only for process 0.

--- Event Stage 0: Main Stage

              Viewer     1              0            0     0.

--- Event Stage 1: Loading Files

              Vector  5852              5        18424     0.
      Vector Scatter     2              1         3872     0.
    Distributed Mesh     1              0            0     0.
Star Forest Bipartite Graph     2              0            0     0.
     Discrete System     1              0            0     0.
           Index Set  4387              4        12504     0.
   IS L to G Mapping     1              0            0     0.
   Application Order     1              0            0     0.
              Viewer     1              1          776     0.

--- Event Stage 2: Setting up

              Vector     4              3        13224     0.
      Vector Scatter     1              0            0     0.
              Matrix     3              0            0     0.
Star Forest Bipartite Graph     1              1          848     0.
           Index Set     2              2         3152     0.

--- Event Stage 3: Solving

              Vector 42343          37961    259388304     0.
      Vector Scatter  5841           5841     36932816     0.
              Matrix     3              3       197992     0.
Star Forest Bipartite Graph  1460           1460      1238080     0.
           Index Set  5840           5840      4531840     0.
              Viewer  1462           1462      1134512     0.
       Krylov Solver  4381           4381     47784040     0.
      Preconditioner  4380           4380      3936160     0.

--- Event Stage 4: Destroying obj

              Vector     0             11        54712     0.
      Vector Scatter     0              1         1072     0.
              Matrix     0              3       213588     0.
           Index Set     0              3         7328     0.
========================================================================================================================
Average time to get PetscTime(): 7.15256e-08
Average time for MPI_Barrier(): 5.53131e-06
Average time for zero size MPI_Send(): 4.3007e-06
#PETSc Option Table entries:
-Input_file_bc 25x25x25_bc.txt
-Input_file_gmtry 25x25x25_gmtry.txt
-Input_file_init_sol 25x25x25_Sol.h5
-Input_file_ppt 25x25x25_properties.txt
-Input_file_ppt_by_zones 25x25x25_zones.txt
-Input_type_bc 2
-Input_type_gmtry 2
-Input_type_init_sol 3
-Input_type_tplgy 0
-ksp_type cg
-log_view ascii:25x25x25_NP26_KSPcg_PCmg.log
-Output_type_ppt 3
-pc_type mg
-Project_name 25x25x25
-Run_options_scheme 2
-Run_options_time 1
#End of PETSc Option Table entries
Compiled without FORTRAN kernels
Compiled with full precision matrices (default)
sizeof(short) 2 sizeof(int) 4 sizeof(long) 8 sizeof(void*) 8 sizeof(PetscScalar) 8 sizeof(PetscInt) 4
Configure options: --with-shared-libraries --with-debugging=0 --with-mpi-dir=/MyLibs/MPICH/mpich-3.2/arch-centos-opt --with-cxx=0 --with-hdf5-dir=/MyLibs/HDF5/hdf5-1.8.17/arch-centos-parallel-opt/ PETSC_ARCH=arch-centos-opt-v3.7.2-mpich-v3.2-hdf5-v1.8.17 FOPTFLAGS="optimization flags" COPTFLAGS="optimization flags"
-----------------------------------------
Libraries compiled on Wed Aug 17 12:00:13 2016 on poroso-medellin-unal-edu-co 
Machine characteristics: Linux-3.10.0-327.28.2.el7.x86_64-x86_64-with-centos-7.2.1511-Core
Using PETSc directory: /MyLibs/PETSc
Using PETSc arch: arch-centos-opt-v3.7.2-mpich-v3.2-hdf5-v1.8.17
-----------------------------------------

Using C compiler: /MyLibs/MPICH/mpich-3.2/arch-centos-opt/bin/mpicc  -fPIC  -Wall -Wwrite-strings -Wno-strict-aliasing -Wno-unknown-pragmas -fvisibility=hidden  ${COPTFLAGS} ${CFLAGS}
Using Fortran compiler: /MyLibs/MPICH/mpich-3.2/arch-centos-opt/bin/mpif90  -fPIC -Wall -ffree-line-length-0 -Wno-unused-dummy-argument   ${FOPTFLAGS} ${FFLAGS} 
-----------------------------------------

Using include paths: -I/MyLibs/PETSc/arch-centos-opt-v3.7.2-mpich-v3.2-hdf5-v1.8.17/include -I/MyLibs/PETSc/include -I/MyLibs/PETSc/include -I/MyLibs/PETSc/arch-centos-opt-v3.7.2-mpich-v3.2-hdf5-v1.8.17/include -I/MyLibs/HDF5/hdf5-1.8.17/arch-centos-parallel-opt/include -I/MyLibs/MPICH/mpich-3.2/arch-centos-opt/include
-----------------------------------------

Using C linker: /MyLibs/MPICH/mpich-3.2/arch-centos-opt/bin/mpicc
Using Fortran linker: /MyLibs/MPICH/mpich-3.2/arch-centos-opt/bin/mpif90
Using libraries: -Wl,-rpath,/MyLibs/PETSc/arch-centos-opt-v3.7.2-mpich-v3.2-hdf5-v1.8.17/lib -L/MyLibs/PETSc/arch-centos-opt-v3.7.2-mpich-v3.2-hdf5-v1.8.17/lib -lpetsc -llapack -lblas -Wl,-rpath,/MyLibs/HDF5/hdf5-1.8.17/arch-centos-parallel-opt/lib -L/MyLibs/HDF5/hdf5-1.8.17/arch-centos-parallel-opt/lib -lhdf5hl_fortran -lhdf5_fortran -lhdf5_hl -lhdf5 -lpthread -lm -Wl,-rpath,/MyLibs/MPICH/mpich-3.2/arch-centos-opt/lib -L/MyLibs/MPICH/mpich-3.2/arch-centos-opt/lib -Wl,-rpath,/usr/lib/gcc/x86_64-redhat-linux/4.8.5 -L/usr/lib/gcc/x86_64-redhat-linux/4.8.5 -lmpifort -lgfortran -lm -lgfortran -lm -lquadmath -lm -Wl,-rpath,/MyLibs/MPICH/mpich-3.2/arch-centos-opt/lib -L/MyLibs/MPICH/mpich-3.2/arch-centos-opt/lib -Wl,-rpath,/usr/lib/gcc/x86_64-redhat-linux/4.8.5 -L/usr/lib/gcc/x86_64-redhat-linux/4.8.5 -ldl -Wl,-rpath,/MyLibs/MPICH/mpich-3.2/arch-centos-opt/lib -lmpi -lgcc_s -ldl 
-----------------------------------------

