************************************************************************************************************************
***             WIDEN YOUR WINDOW TO 120 CHARACTERS.  Use 'enscript -r -fCourier9' to print this document            ***
************************************************************************************************************************

---------------------------------------------- PETSc Performance Summary: ----------------------------------------------

../../src/ANISOFLOW                                                                                                                                                                                                                                             ˻d on a arch-centos-opt-v3.7.2-mpich-v3.2-hdf5-v1.8.17 named poroso-medellin-unal-edu-co with 19 processors, by sospinar Sat Oct 15 18:06:28 2016
Using Petsc Release Version 3.7.3, unknown 

                         Max       Max/Min        Avg      Total 
Time (sec):           3.636e+01      1.00002   3.636e+01
Objects:              9.349e+04      1.00000   9.349e+04
Flops:                5.645e+09      3.03877   3.324e+09  6.315e+10
Flops/sec:            1.553e+08      3.03880   9.142e+07  1.737e+09
MPI Messages:         2.504e+05      2.07885   1.665e+05  3.163e+06
MPI Message Lengths:  9.133e+08      3.46711   2.999e+03  9.486e+09
MPI Reductions:       1.388e+05      1.00000

Flop counting convention: 1 flop = 1 real number operation of type (multiply/divide/add/subtract)
                            e.g., VecAXPY() for real vectors of length N --> 2N flops
                            and VecAXPY() for complex vectors of length N --> 8N flops

Summary of Stages:   ----- Time ------  ----- Flops -----  --- Messages ---  -- Message Lengths --  -- Reductions --
                        Avg     %Total     Avg     %Total   counts   %Total     Avg         %Total   counts   %Total 
 0:      Main Stage: 1.8052e-04   0.0%  0.0000e+00   0.0%  0.000e+00   0.0%  0.000e+00        0.0%  0.000e+00   0.0% 
 1:   Loading Files: 3.9815e+00  11.0%  0.0000e+00   0.0%  1.820e+02   0.0%  1.795e-01        0.0%  3.069e+04  22.1% 
 2:      Setting up: 2.0513e-02   0.1%  0.0000e+00   0.0%  1.080e+02   0.0%  8.540e-02        0.0%  1.700e+01   0.0% 
 3:         Solving: 3.2356e+01  89.0%  6.3153e+10 100.0%  3.163e+06 100.0%  2.998e+03      100.0%  1.080e+05  77.9% 
 4:  Destroying obj: 8.9619e-04   0.0%  0.0000e+00   0.0%  0.000e+00   0.0%  0.000e+00        0.0%  0.000e+00   0.0% 

------------------------------------------------------------------------------------------------------------------------
See the 'Profiling' chapter of the users' manual for details on interpreting output.
Phase summary info:
   Count: number of times phase was executed
   Time and Flops: Max - maximum over all processors
                   Ratio - ratio of maximum to minimum over all processors
   Mess: number of messages sent
   Avg. len: average message length (bytes)
   Reduct: number of global reductions
   Global: entire computation
   Stage: stages of a computation. Set stages with PetscLogStagePush() and PetscLogStagePop().
      %T - percent time in this phase         %F - percent flops in this phase
      %M - percent messages in this phase     %L - percent message lengths in this phase
      %R - percent reductions in this phase
   Total Mflop/s: 10e-6 * (sum of flops over all processors)/(max time over all processors)
------------------------------------------------------------------------------------------------------------------------
Event                Count      Time (sec)     Flops                             --- Global ---  --- Stage ---   Total
                   Max Ratio  Max     Ratio   Max  Ratio  Mess   Avg len Reduct  %T %F %M %L %R  %T %F %M %L %R Mflop/s
------------------------------------------------------------------------------------------------------------------------

--- Event Stage 0: Main Stage


--- Event Stage 1: Loading Files

GetGeometry            1 1.0 3.7751e-03 1.0 0.00e+00 0.0 7.2e+01 1.3e+03 1.3e+01  0  0  0  0  0   0  0 40 16  0     0
VecView                1 1.0 2.6522e-03 1.1 0.00e+00 0.0 0.0e+00 0.0e+00 0.0e+00  0  0  0  0  0   0  0  0  0  0     0
VecMax                 2 1.0 3.0994e-05 2.7 0.00e+00 0.0 0.0e+00 0.0e+00 0.0e+00  0  0  0  0  0   0  0  0  0  0     0
VecCopy                2 1.0 6.4373e-06 2.1 0.00e+00 0.0 0.0e+00 0.0e+00 0.0e+00  0  0  0  0  0   0  0  0  0  0     0
VecSet                 8 1.0 7.2718e-05 2.6 0.00e+00 0.0 0.0e+00 0.0e+00 0.0e+00  0  0  0  0  0   0  0  0  0  0     0
VecAssemblyBegin    5845 1.0 1.4943e-01 1.2 0.00e+00 0.0 3.6e+01 4.8e+03 1.8e+04  0  0  0  0 13   3  0 20 30 57     0
VecAssemblyEnd      5845 1.0 4.9405e-03 2.2 0.00e+00 0.0 0.0e+00 0.0e+00 0.0e+00  0  0  0  0  0   0  0  0  0  0     0
VecScatterBegin        2 1.0 8.0109e-05 2.8 0.00e+00 0.0 3.6e+01 5.0e+03 0.0e+00  0  0  0  0  0   0  0 20 32  0     0
VecScatterEnd          2 1.0 6.4135e-05 4.6 0.00e+00 0.0 0.0e+00 0.0e+00 0.0e+00  0  0  0  0  0   0  0  0  0  0     0
GetProrperties         1 1.0 2.5110e-02 1.0 0.00e+00 0.0 1.1e+02 4.3e+03 2.1e+01  0  0  0  0  0   1  0 60 84  0     0
GetConductivity        1 1.0 2.1887e-04 1.5 0.00e+00 0.0 0.0e+00 0.0e+00 0.0e+00  0  0  0  0  0   0  0  0  0  0     0
GetSpecificStorage       1 1.0 2.5177e-04 1.1 0.00e+00 0.0 0.0e+00 0.0e+00 2.0e+00  0  0  0  0  0   0  0  0  0  0     0
GetBC                  1 1.0 3.9526e+00 1.0 0.00e+00 0.0 0.0e+00 0.0e+00 3.1e+04 11  0  0  0 22  99  0  0  0100     0

--- Event Stage 2: Setting up

BuildTwoSided          1 1.0 1.5283e-04 3.8 0.00e+00 0.0 0.0e+00 0.0e+00 0.0e+00  0  0  0  0  0   1  0  0  0  0     0
VecSet                 2 1.0 1.0729e-05 6.4 0.00e+00 0.0 0.0e+00 0.0e+00 0.0e+00  0  0  0  0  0   0  0  0  0  0     0
VecScatterBegin        1 1.0 2.0504e-05 3.2 0.00e+00 0.0 3.6e+01 5.0e+03 0.0e+00  0  0  0  0  0   0  0 33 67  0     0
VecScatterEnd          1 1.0 1.9073e-05 2.5 0.00e+00 0.0 0.0e+00 0.0e+00 0.0e+00  0  0  0  0  0   0  0  0  0  0     0
MatAssemblyBegin       2 1.0 1.1780e-02133.5 0.00e+00 0.0 0.0e+00 0.0e+00 4.0e+00  0  0  0  0  0  43  0  0  0 24     0
MatAssemblyEnd         2 1.0 2.4519e-03 1.1 0.00e+00 0.0 7.2e+01 1.3e+03 8.0e+00  0  0  0  0  0  12  0 67 33 47     0
SFSetGraph             1 1.0 2.0027e-05 4.0 0.00e+00 0.0 0.0e+00 0.0e+00 0.0e+00  0  0  0  0  0   0  0  0  0  0     0
SFReduceBegin          1 1.0 2.0552e-04 3.0 0.00e+00 0.0 0.0e+00 0.0e+00 0.0e+00  0  0  0  0  0   1  0  0  0  0     0
SFReduceEnd            1 1.0 5.7220e-06 3.4 0.00e+00 0.0 0.0e+00 0.0e+00 0.0e+00  0  0  0  0  0   0  0  0  0  0     0
BuildSystem            1 1.0 2.0519e-02 1.0 0.00e+00 0.0 1.1e+02 2.5e+03 1.7e+01  0  0  0  0  0 100  0100100100     0

--- Event Stage 3: Solving

BuildTwoSided       1460 1.0 3.2222e-01 2.4 0.00e+00 0.0 2.6e+05 4.0e+00 0.0e+00  1  0  8  0  0   1  0  8  0  0     0
VecView             1461 1.0 1.9074e+00 1.2 0.00e+00 0.0 0.0e+00 0.0e+00 0.0e+00  5  0  0  0  0   5  0  0  0  0     0
VecMDot            23360 1.0 1.3066e+01 4.3 2.77e+08 2.0 0.0e+00 0.0e+00 2.3e+04 25  5  0  0 17  28  5  0  0 22   265
VecNorm            26280 1.0 1.9416e+00 3.2 6.57e+07 2.0 0.0e+00 0.0e+00 2.6e+04  4  1  0  0 19   5  1  0  0 24   423
VecScale           26280 1.0 3.7388e-02 1.5 3.28e+07 2.0 0.0e+00 0.0e+00 0.0e+00  0  1  0  0  0   0  1  0  0  0 10983
VecCopy            13140 1.0 1.9582e-02 1.7 0.00e+00 0.0 0.0e+00 0.0e+00 0.0e+00  0  0  0  0  0   0  0  0  0  0     0
VecSet             32121 1.0 3.4146e-02 1.6 0.00e+00 0.0 0.0e+00 0.0e+00 0.0e+00  0  0  0  0  0   0  0  0  0  0     0
VecAXPY             4380 1.0 8.0585e-03 1.6 1.10e+07 2.0 0.0e+00 0.0e+00 0.0e+00  0  0  0  0  0   0  0  0  0  0 16985
VecAYPX            30660 1.0 1.9764e-01 2.1 5.11e+07 2.0 0.0e+00 0.0e+00 0.0e+00  0  1  0  0  0   0  1  0  0  0  3232
VecAXPBYCZ         20440 1.0 1.7569e-01 2.2 1.28e+08 2.0 0.0e+00 0.0e+00 0.0e+00  0  3  0  0  0   0  3  0  0  0  9089
VecMAXPY           26280 1.0 4.4073e-01 2.2 3.36e+08 2.0 0.0e+00 0.0e+00 0.0e+00  1  7  0  0  0   1  7  0  0  0  9524
VecPointwiseMult    5840 1.0 2.2838e-02 1.9 3.65e+06 2.0 0.0e+00 0.0e+00 0.0e+00  0  0  0  0  0   0  0  0  0  0  1998
VecLoad                1 1.0 4.6849e-04 1.3 0.00e+00 0.0 0.0e+00 0.0e+00 0.0e+00  0  0  0  0  0   0  0  0  0  0     0
VecScatterBegin    52560 1.0 5.8375e-01 2.7 0.00e+00 0.0 1.6e+06 5.2e+03 0.0e+00  1  0 52 88  0   1  0 52 89  0     0
VecScatterEnd      52560 1.0 5.9747e+00 6.4 0.00e+00 0.0 0.0e+00 0.0e+00 0.0e+00  7  0  0  0  0   8  0  0  0  0     0
VecNormalize       26280 1.0 1.9943e+00 3.0 9.86e+07 2.0 0.0e+00 0.0e+00 2.6e+04  4  2  0  0 19   5  2  0  0 24   618
MatMult            43800 1.0 9.8970e+00 2.4 2.75e+09 3.0 1.6e+06 5.0e+03 0.0e+00 19 53 50 83  0  22 53 50 83  0  3374
MatSOR             46720 1.0 7.1398e+00 3.7 1.99e+09 4.0 0.0e+00 0.0e+00 0.0e+00  9 29  0  0  0  11 29  0  0  0  2584
MatCopy             1460 1.0 3.1427e-01 2.0 0.00e+00 0.0 0.0e+00 0.0e+00 0.0e+00  1  0  0  0  0   1  0  0  0  0     0
MatConvert             1 1.0 1.0490e-03 2.8 0.00e+00 0.0 0.0e+00 0.0e+00 0.0e+00  0  0  0  0  0   0  0  0  0  0     0
SFSetGraph          1460 1.0 1.5793e-01 1.2 0.00e+00 0.0 0.0e+00 0.0e+00 0.0e+00  0  0  0  0  0   0  0  0  0  0     0
SFReduceBegin       1460 1.0 3.9550e-01 1.9 0.00e+00 0.0 1.3e+06 2.1e+02 0.0e+00  1  0 42  3  0   1  0 42  3  0     0
SFReduceEnd         1460 1.0 3.1743e-02 1.4 0.00e+00 0.0 0.0e+00 0.0e+00 0.0e+00  0  0  0  0  0   0  0  0  0  0     0
SolveSystem            1 1.0 3.2356e+01 1.0 5.64e+09 3.0 3.2e+06 3.0e+03 1.1e+05 89100100100 78 100100100100100  1952
KSPGMRESOrthog     23360 1.0 1.3281e+01 3.9 5.55e+08 2.0 0.0e+00 0.0e+00 2.3e+04 26 11  0  0 17  29 11  0  0 22   522
KSPSetUp            4380 1.0 4.5193e-01 1.4 0.00e+00 0.0 0.0e+00 0.0e+00 5.8e+03  1  0  0  0  4   1  0  0  0  5     0
KSPSolve            1460 1.0 2.2781e+01 1.0 5.64e+09 3.0 1.6e+06 5.0e+03 7.9e+04 63100 50 83 57  70100 50 83 73  2768
PCSetUp             1460 1.0 4.0549e-01 1.0 0.00e+00 0.0 0.0e+00 0.0e+00 2.9e+03  1  0  0  0  2   1  0  0  0  3     0
PCApply            10220 1.0 1.8213e+01 1.5 4.87e+09 3.1 1.3e+06 5.0e+03 3.1e+04 40 85 40 66 22  45 85 40 66 28  2947

--- Event Stage 4: Destroying obj

DestroyBC              1 1.0 9.1720e-04 1.5 0.00e+00 0.0 0.0e+00 0.0e+00 0.0e+00  0  0  0  0  0  86  0  0  0  0     0
DestroyProperties       1 1.0 1.2875e-05 1.8 0.00e+00 0.0 0.0e+00 0.0e+00 0.0e+00  0  0  0  0  0   1  0  0  0  0     0
DestroyGeometry        1 1.0 3.4094e-05 1.9 0.00e+00 0.0 0.0e+00 0.0e+00 0.0e+00  0  0  0  0  0   3  0  0  0  0     0
------------------------------------------------------------------------------------------------------------------------

Memory usage is given in bytes:

Object Type          Creations   Destructions     Memory  Descendants' Mem.
Reports information only for process 0.

--- Event Stage 0: Main Stage

              Viewer     1              0            0     0.

--- Event Stage 1: Loading Files

              Vector  5852              5        28024     0.
      Vector Scatter     2              1        11072     0.
    Distributed Mesh     1              0            0     0.
Star Forest Bipartite Graph     2              0            0     0.
     Discrete System     1              0            0     0.
           Index Set  4387              4        20604     0.
   IS L to G Mapping     1              0            0     0.
   Application Order     1              0            0     0.
              Viewer     1              1          776     0.

--- Event Stage 2: Setting up

              Vector     4              3        19824     0.
      Vector Scatter     1              0            0     0.
              Matrix     3              0            0     0.
Star Forest Bipartite Graph     1              1          848     0.
           Index Set     2              2         4052     0.

--- Event Stage 3: Solving

              Vector 59863          55481    631655064     0.
      Vector Scatter  5841           5841     50867168     0.
              Matrix     3              3       371392     0.
Star Forest Bipartite Graph  1460           1460      1238080     0.
           Index Set  5840           5840      4531840     0.
              Viewer  1462           1462      1134512     0.
       Krylov Solver  4381           4381     72849320     0.
      Preconditioner  4380           4380      3936160     0.

--- Event Stage 4: Destroying obj

              Vector     0             11        76480     0.
      Vector Scatter     0              1         1072     0.
              Matrix     0              3       401388     0.
           Index Set     0              3         7328     0.
========================================================================================================================
Average time to get PetscTime(): 7.15256e-08
Average time for MPI_Barrier(): 5.14984e-06
Average time for zero size MPI_Send(): 4.1786e-06
#PETSc Option Table entries:
-Input_file_bc 25x25x25_bc.txt
-Input_file_gmtry 25x25x25_gmtry.txt
-Input_file_init_sol 25x25x25_Sol.h5
-Input_file_ppt 25x25x25_properties.txt
-Input_file_ppt_by_zones 25x25x25_zones.txt
-Input_type_bc 2
-Input_type_gmtry 2
-Input_type_init_sol 3
-Input_type_tplgy 0
-ksp_type gmres
-log_view ascii:25x25x25_NP19_KSPgmres_PCmg.log
-Output_type_ppt 3
-pc_type mg
-Project_name 25x25x25
-Run_options_scheme 2
-Run_options_time 1
#End of PETSc Option Table entries
Compiled without FORTRAN kernels
Compiled with full precision matrices (default)
sizeof(short) 2 sizeof(int) 4 sizeof(long) 8 sizeof(void*) 8 sizeof(PetscScalar) 8 sizeof(PetscInt) 4
Configure options: --with-shared-libraries --with-debugging=0 --with-mpi-dir=/MyLibs/MPICH/mpich-3.2/arch-centos-opt --with-cxx=0 --with-hdf5-dir=/MyLibs/HDF5/hdf5-1.8.17/arch-centos-parallel-opt/ PETSC_ARCH=arch-centos-opt-v3.7.2-mpich-v3.2-hdf5-v1.8.17 FOPTFLAGS="optimization flags" COPTFLAGS="optimization flags"
-----------------------------------------
Libraries compiled on Wed Aug 17 12:00:13 2016 on poroso-medellin-unal-edu-co 
Machine characteristics: Linux-3.10.0-327.28.2.el7.x86_64-x86_64-with-centos-7.2.1511-Core
Using PETSc directory: /MyLibs/PETSc
Using PETSc arch: arch-centos-opt-v3.7.2-mpich-v3.2-hdf5-v1.8.17
-----------------------------------------

Using C compiler: /MyLibs/MPICH/mpich-3.2/arch-centos-opt/bin/mpicc  -fPIC  -Wall -Wwrite-strings -Wno-strict-aliasing -Wno-unknown-pragmas -fvisibility=hidden  ${COPTFLAGS} ${CFLAGS}
Using Fortran compiler: /MyLibs/MPICH/mpich-3.2/arch-centos-opt/bin/mpif90  -fPIC -Wall -ffree-line-length-0 -Wno-unused-dummy-argument   ${FOPTFLAGS} ${FFLAGS} 
-----------------------------------------

Using include paths: -I/MyLibs/PETSc/arch-centos-opt-v3.7.2-mpich-v3.2-hdf5-v1.8.17/include -I/MyLibs/PETSc/include -I/MyLibs/PETSc/include -I/MyLibs/PETSc/arch-centos-opt-v3.7.2-mpich-v3.2-hdf5-v1.8.17/include -I/MyLibs/HDF5/hdf5-1.8.17/arch-centos-parallel-opt/include -I/MyLibs/MPICH/mpich-3.2/arch-centos-opt/include
-----------------------------------------

Using C linker: /MyLibs/MPICH/mpich-3.2/arch-centos-opt/bin/mpicc
Using Fortran linker: /MyLibs/MPICH/mpich-3.2/arch-centos-opt/bin/mpif90
Using libraries: -Wl,-rpath,/MyLibs/PETSc/arch-centos-opt-v3.7.2-mpich-v3.2-hdf5-v1.8.17/lib -L/MyLibs/PETSc/arch-centos-opt-v3.7.2-mpich-v3.2-hdf5-v1.8.17/lib -lpetsc -llapack -lblas -Wl,-rpath,/MyLibs/HDF5/hdf5-1.8.17/arch-centos-parallel-opt/lib -L/MyLibs/HDF5/hdf5-1.8.17/arch-centos-parallel-opt/lib -lhdf5hl_fortran -lhdf5_fortran -lhdf5_hl -lhdf5 -lpthread -lm -Wl,-rpath,/MyLibs/MPICH/mpich-3.2/arch-centos-opt/lib -L/MyLibs/MPICH/mpich-3.2/arch-centos-opt/lib -Wl,-rpath,/usr/lib/gcc/x86_64-redhat-linux/4.8.5 -L/usr/lib/gcc/x86_64-redhat-linux/4.8.5 -lmpifort -lgfortran -lm -lgfortran -lm -lquadmath -lm -Wl,-rpath,/MyLibs/MPICH/mpich-3.2/arch-centos-opt/lib -L/MyLibs/MPICH/mpich-3.2/arch-centos-opt/lib -Wl,-rpath,/usr/lib/gcc/x86_64-redhat-linux/4.8.5 -L/usr/lib/gcc/x86_64-redhat-linux/4.8.5 -ldl -Wl,-rpath,/MyLibs/MPICH/mpich-3.2/arch-centos-opt/lib -lmpi -lgcc_s -ldl 
-----------------------------------------

