************************************************************************************************************************
***             WIDEN YOUR WINDOW TO 120 CHARACTERS.  Use 'enscript -r -fCourier9' to print this document            ***
************************************************************************************************************************

---------------------------------------------- PETSc Performance Summary: ----------------------------------------------

../../src/ANISOFLOW                                                                                                                                                                                                                                             ˻d on a arch-centos-opt-v3.7.2-mpich-v3.2-hdf5-v1.8.17 named poroso-medellin-unal-edu-co with 19 processors, by sospinar Sat Oct 15 18:05:47 2016
Using Petsc Release Version 3.7.3, unknown 

                         Max       Max/Min        Avg      Total 
Time (sec):           2.068e+01      1.00002   2.068e+01
Objects:              7.159e+04      1.00000   7.159e+04
Flops:                1.418e+09      3.37937   7.890e+08  1.499e+10
Flops/sec:            6.858e+07      3.37936   3.815e+07  7.248e+08
MPI Messages:         2.154e+05      2.52141   1.001e+05  1.902e+06
MPI Message Lengths:  7.381e+08      8.36605   1.671e+03  3.179e+09
MPI Reductions:       1.052e+05      1.00000

Flop counting convention: 1 flop = 1 real number operation of type (multiply/divide/add/subtract)
                            e.g., VecAXPY() for real vectors of length N --> 2N flops
                            and VecAXPY() for complex vectors of length N --> 8N flops

Summary of Stages:   ----- Time ------  ----- Flops -----  --- Messages ---  -- Message Lengths --  -- Reductions --
                        Avg     %Total     Avg     %Total   counts   %Total     Avg         %Total   counts   %Total 
 0:      Main Stage: 1.8111e-04   0.0%  0.0000e+00   0.0%  0.000e+00   0.0%  0.000e+00        0.0%  0.000e+00   0.0% 
 1:   Loading Files: 3.4375e+00  16.6%  0.0000e+00   0.0%  1.820e+02   0.0%  2.985e-01        0.0%  3.069e+04  29.2% 
 2:      Setting up: 2.0239e-02   0.1%  0.0000e+00   0.0%  1.080e+02   0.0%  1.420e-01        0.0%  1.700e+01   0.0% 
 3:         Solving: 1.7223e+01  83.3%  1.4991e+10 100.0%  1.902e+06 100.0%  1.671e+03      100.0%  7.446e+04  70.8% 
 4:  Destroying obj: 8.9087e-04   0.0%  0.0000e+00   0.0%  0.000e+00   0.0%  0.000e+00        0.0%  0.000e+00   0.0% 

------------------------------------------------------------------------------------------------------------------------
See the 'Profiling' chapter of the users' manual for details on interpreting output.
Phase summary info:
   Count: number of times phase was executed
   Time and Flops: Max - maximum over all processors
                   Ratio - ratio of maximum to minimum over all processors
   Mess: number of messages sent
   Avg. len: average message length (bytes)
   Reduct: number of global reductions
   Global: entire computation
   Stage: stages of a computation. Set stages with PetscLogStagePush() and PetscLogStagePop().
      %T - percent time in this phase         %F - percent flops in this phase
      %M - percent messages in this phase     %L - percent message lengths in this phase
      %R - percent reductions in this phase
   Total Mflop/s: 10e-6 * (sum of flops over all processors)/(max time over all processors)
------------------------------------------------------------------------------------------------------------------------
Event                Count      Time (sec)     Flops                             --- Global ---  --- Stage ---   Total
                   Max Ratio  Max     Ratio   Max  Ratio  Mess   Avg len Reduct  %T %F %M %L %R  %T %F %M %L %R Mflop/s
------------------------------------------------------------------------------------------------------------------------

--- Event Stage 0: Main Stage


--- Event Stage 1: Loading Files

GetGeometry            1 1.0 2.9268e-03 1.0 0.00e+00 0.0 7.2e+01 1.3e+03 1.3e+01  0  0  0  0  0   0  0 40 16  0     0
VecView                1 1.0 2.2700e-03 1.1 0.00e+00 0.0 0.0e+00 0.0e+00 0.0e+00  0  0  0  0  0   0  0  0  0  0     0
VecMax                 2 1.0 2.1696e-05 1.8 0.00e+00 0.0 0.0e+00 0.0e+00 0.0e+00  0  0  0  0  0   0  0  0  0  0     0
VecCopy                2 1.0 5.0068e-06 1.8 0.00e+00 0.0 0.0e+00 0.0e+00 0.0e+00  0  0  0  0  0   0  0  0  0  0     0
VecSet                 8 1.0 5.4121e-05 2.0 0.00e+00 0.0 0.0e+00 0.0e+00 0.0e+00  0  0  0  0  0   0  0  0  0  0     0
VecAssemblyBegin    5845 1.0 1.4225e-01 1.2 0.00e+00 0.0 3.6e+01 4.8e+03 1.8e+04  1  0  0  0 17   4  0 20 30 57     0
VecAssemblyEnd      5845 1.0 4.8203e-03 2.1 0.00e+00 0.0 0.0e+00 0.0e+00 0.0e+00  0  0  0  0  0   0  0  0  0  0     0
VecScatterBegin        2 1.0 7.5102e-05 1.9 0.00e+00 0.0 3.6e+01 5.0e+03 0.0e+00  0  0  0  0  0   0  0 20 32  0     0
VecScatterEnd          2 1.0 6.0558e-05 3.0 0.00e+00 0.0 0.0e+00 0.0e+00 0.0e+00  0  0  0  0  0   0  0  0  0  0     0
GetProrperties         1 1.0 1.5845e-02 1.0 0.00e+00 0.0 1.1e+02 4.3e+03 2.1e+01  0  0  0  0  0   0  0 60 84  0     0
GetConductivity        1 1.0 1.5903e-04 1.4 0.00e+00 0.0 0.0e+00 0.0e+00 0.0e+00  0  0  0  0  0   0  0  0  0  0     0
GetSpecificStorage       1 1.0 2.5225e-04 1.1 0.00e+00 0.0 0.0e+00 0.0e+00 2.0e+00  0  0  0  0  0   0  0  0  0  0     0
GetBC                  1 1.0 3.4188e+00 1.0 0.00e+00 0.0 0.0e+00 0.0e+00 3.1e+04 17  0  0  0 29  99  0  0  0100     0

--- Event Stage 2: Setting up

BuildTwoSided          1 1.0 1.5593e-04 3.9 0.00e+00 0.0 0.0e+00 0.0e+00 0.0e+00  0  0  0  0  0   1  0  0  0  0     0
VecSet                 2 1.0 9.0599e-06 4.8 0.00e+00 0.0 0.0e+00 0.0e+00 0.0e+00  0  0  0  0  0   0  0  0  0  0     0
VecScatterBegin        1 1.0 1.6689e-05 3.3 0.00e+00 0.0 3.6e+01 5.0e+03 0.0e+00  0  0  0  0  0   0  0 33 67  0     0
VecScatterEnd          1 1.0 1.9312e-05 1.9 0.00e+00 0.0 0.0e+00 0.0e+00 0.0e+00  0  0  0  0  0   0  0  0  0  0     0
MatAssemblyBegin       2 1.0 1.1630e-02144.3 0.00e+00 0.0 0.0e+00 0.0e+00 4.0e+00  0  0  0  0  0  43  0  0  0 24     0
MatAssemblyEnd         2 1.0 2.4419e-03 1.1 0.00e+00 0.0 7.2e+01 1.3e+03 8.0e+00  0  0  0  0  0  12  0 67 33 47     0
SFSetGraph             1 1.0 1.9312e-05 3.9 0.00e+00 0.0 0.0e+00 0.0e+00 0.0e+00  0  0  0  0  0   0  0  0  0  0     0
SFReduceBegin          1 1.0 1.9765e-04 2.5 0.00e+00 0.0 0.0e+00 0.0e+00 0.0e+00  0  0  0  0  0   1  0  0  0  0     0
SFReduceEnd            1 1.0 2.8610e-06 1.5 0.00e+00 0.0 0.0e+00 0.0e+00 0.0e+00  0  0  0  0  0   0  0  0  0  0     0
BuildSystem            1 1.0 2.0239e-02 1.0 0.00e+00 0.0 1.1e+02 2.5e+03 1.7e+01  0  0  0  0  0 100  0100100100     0

--- Event Stage 3: Solving

BuildTwoSided       1460 1.0 3.2707e-01 2.7 0.00e+00 0.0 2.6e+05 4.0e+00 0.0e+00  1  0 14  0  0   1  0 14  0  0     0
VecView             1461 1.0 1.8359e+00 1.1 0.00e+00 0.0 0.0e+00 0.0e+00 0.0e+00  8  0  0  0  0  10  0  0  0  0     0
VecMDot             8760 1.0 2.8721e+00 2.7 7.66e+07 2.0 0.0e+00 0.0e+00 8.8e+03 11  6  0  0  8  13  6  0  0 12   333
VecNorm            10220 1.0 2.5649e+00 4.3 2.56e+07 2.0 0.0e+00 0.0e+00 1.0e+04 10  2  0  0 10  11  2  0  0 14   125
VecScale           10220 1.0 1.5620e-02 1.7 1.28e+07 2.0 0.0e+00 0.0e+00 0.0e+00  0  1  0  0  0   0  1  0  0  0 10224
VecCopy             1460 1.0 2.7118e-03 1.5 0.00e+00 0.0 0.0e+00 0.0e+00 0.0e+00  0  0  0  0  0   0  0  0  0  0     0
VecSet             18981 1.0 2.4123e-02 1.6 0.00e+00 0.0 0.0e+00 0.0e+00 0.0e+00  0  0  0  0  0   0  0  0  0  0     0
VecAXPY             2920 1.0 5.8548e-03 1.7 7.30e+06 2.0 0.0e+00 0.0e+00 0.0e+00  0  1  0  0  0   0  1  0  0  0 15585
VecMAXPY           10220 1.0 1.3679e-01 2.2 9.86e+07 2.0 0.0e+00 0.0e+00 0.0e+00  0  8  0  0  0   0  8  0  0  0  9006
VecPointwiseMult    5840 1.0 2.2796e-02 1.9 3.65e+06 2.0 0.0e+00 0.0e+00 0.0e+00  0  0  0  0  0   0  0  0  0  0  2001
VecLoad                1 1.0 4.7851e-04 1.3 0.00e+00 0.0 0.0e+00 0.0e+00 0.0e+00  0  0  0  0  0   0  0  0  0  0     0
VecScatterBegin    17520 1.0 4.4700e-01 7.3 0.00e+00 0.0 3.7e+05 5.7e+03 0.0e+00  1  0 19 66  0   1  0 19 66  0     0
VecScatterEnd      17520 1.0 1.6169e+0030.1 0.00e+00 0.0 0.0e+00 0.0e+00 0.0e+00  7  0  0  0  0   8  0  0  0  0     0
VecNormalize       10220 1.0 2.5857e+00 4.1 3.83e+07 2.0 0.0e+00 0.0e+00 1.0e+04 10  3  0  0 10  12  3  0  0 14   185
MatMult             8760 1.0 1.7804e+00 2.4 5.49e+08 3.0 3.2e+05 5.0e+03 0.0e+00  6 45 17 50  0   7 45 17 50  0  3751
MatSolve           10220 1.0 1.3862e+00 3.9 4.23e+08 4.1 0.0e+00 0.0e+00 0.0e+00  3 26  0  0  0   4 26  0  0  0  2792
MatLUFactorNum      1460 1.0 1.9137e+00 5.5 2.25e+08 9.6 0.0e+00 0.0e+00 0.0e+00  4 11  0  0  0   5 11  0  0  0   855
MatILUFactorSym     1460 1.0 2.5140e-01 2.6 0.00e+00 0.0 0.0e+00 0.0e+00 0.0e+00  1  0  0  0  0   1  0  0  0  0     0
MatCopy             1460 1.0 2.7264e-01 2.0 0.00e+00 0.0 0.0e+00 0.0e+00 0.0e+00  1  0  0  0  0   1  0  0  0  0     0
MatConvert             1 1.0 1.2863e-03 2.5 0.00e+00 0.0 0.0e+00 0.0e+00 0.0e+00  0  0  0  0  0   0  0  0  0  0     0
MatGetRowIJ         1460 1.0 4.7803e-04 1.2 0.00e+00 0.0 0.0e+00 0.0e+00 0.0e+00  0  0  0  0  0   0  0  0  0  0     0
MatGetOrdering      1460 1.0 6.0790e-02 1.6 0.00e+00 0.0 0.0e+00 0.0e+00 0.0e+00  0  0  0  0  0   0  0  0  0  0     0
SFSetGraph          1460 1.0 1.6093e-01 1.2 0.00e+00 0.0 0.0e+00 0.0e+00 0.0e+00  1  0  0  0  0   1  0  0  0  0     0
SFReduceBegin       1460 1.0 4.0164e-01 2.0 0.00e+00 0.0 1.3e+06 2.1e+02 0.0e+00  2  0 69  9  0   2  0 69  9  0     0
SFReduceEnd         1460 1.0 3.0347e-02 1.4 0.00e+00 0.0 0.0e+00 0.0e+00 0.0e+00  0  0  0  0  0   0  0  0  0  0     0
SolveSystem            1 1.0 1.7223e+01 1.0 1.42e+09 3.4 1.9e+06 1.7e+03 7.4e+04 83100100100 71 100100100100100   870
KSPGMRESOrthog      8760 1.0 2.9441e+00 2.5 1.53e+08 2.0 0.0e+00 0.0e+00 8.8e+03 11 13  0  0  8  13 13  0  0 12   651
KSPSetUp            2920 1.0 2.2773e-01 1.8 0.00e+00 0.0 0.0e+00 0.0e+00 2.9e+03  1  0  0  0  3   1  0  0  0  4     0
KSPSolve            1460 1.0 7.8030e+00 1.0 1.41e+09 3.4 3.2e+05 5.0e+03 4.8e+04 38 99 17 50 46  45 99 17 50 65  1909
PCSetUp             2920 1.0 2.3374e+00 3.9 2.25e+08 9.6 0.0e+00 0.0e+00 0.0e+00  5 11  0  0  0   6 11  0  0  0   700
PCSetUpOnBlocks     1460 1.0 2.2614e+00 4.3 2.25e+08 9.6 0.0e+00 0.0e+00 0.0e+00  5 11  0  0  0   6 11  0  0  0   724
PCApply            10220 1.0 1.6273e+00 2.9 4.23e+08 4.1 0.0e+00 0.0e+00 0.0e+00  4 26  0  0  0   5 26  0  0  0  2379

--- Event Stage 4: Destroying obj

DestroyBC              1 1.0 9.2387e-04 1.5 0.00e+00 0.0 0.0e+00 0.0e+00 0.0e+00  0  0  0  0  0  87  0  0  0  0     0
DestroyProperties       1 1.0 1.4067e-05 2.0 0.00e+00 0.0 0.0e+00 0.0e+00 0.0e+00  0  0  0  0  0   1  0  0  0  0     0
DestroyGeometry        1 1.0 3.7193e-05 1.9 0.00e+00 0.0 0.0e+00 0.0e+00 0.0e+00  0  0  0  0  0   3  0  0  0  0     0
------------------------------------------------------------------------------------------------------------------------

Memory usage is given in bytes:

Object Type          Creations   Destructions     Memory  Descendants' Mem.
Reports information only for process 0.

--- Event Stage 0: Main Stage

              Viewer     1              0            0     0.

--- Event Stage 1: Loading Files

              Vector  5852              5        28024     0.
      Vector Scatter     2              1        11072     0.
    Distributed Mesh     1              0            0     0.
Star Forest Bipartite Graph     2              0            0     0.
     Discrete System     1              0            0     0.
           Index Set  4387              4        20604     0.
   IS L to G Mapping     1              0            0     0.
   Application Order     1              0            0     0.
              Viewer     1              1          776     0.

--- Event Stage 2: Setting up

              Vector     4              3        19824     0.
      Vector Scatter     1              0            0     0.
              Matrix     3              0            0     0.
Star Forest Bipartite Graph     1              1          848     0.
           Index Set     2              2         4052     0.

--- Event Stage 3: Solving

              Vector 35043          30661    313001304     0.
      Vector Scatter  5841           5841     50867168     0.
              Matrix  1463           1463    407582912     0.
Star Forest Bipartite Graph  1460           1460      1238080     0.
           Index Set 10220          10220     22530720     0.
              Viewer  1462           1462      1134512     0.
       Krylov Solver  2921           2921     28558760     0.
      Preconditioner  2920           2920      2768160     0.

--- Event Stage 4: Destroying obj

              Vector     0             11        76480     0.
      Vector Scatter     0              1         1072     0.
              Matrix     0              3       371388     0.
           Index Set     0              3         7328     0.
========================================================================================================================
Average time to get PetscTime(): 4.76837e-08
Average time for MPI_Barrier(): 4.62532e-06
Average time for zero size MPI_Send(): 3.82725e-06
#PETSc Option Table entries:
-Input_file_bc 25x25x25_bc.txt
-Input_file_gmtry 25x25x25_gmtry.txt
-Input_file_init_sol 25x25x25_Sol.h5
-Input_file_ppt 25x25x25_properties.txt
-Input_file_ppt_by_zones 25x25x25_zones.txt
-Input_type_bc 2
-Input_type_gmtry 2
-Input_type_init_sol 3
-Input_type_tplgy 0
-ksp_type gmres
-log_view ascii:25x25x25_NP19_KSPgmres_PCbjacobi.log
-Output_type_ppt 3
-pc_type bjacobi
-Project_name 25x25x25
-Run_options_scheme 2
-Run_options_time 1
#End of PETSc Option Table entries
Compiled without FORTRAN kernels
Compiled with full precision matrices (default)
sizeof(short) 2 sizeof(int) 4 sizeof(long) 8 sizeof(void*) 8 sizeof(PetscScalar) 8 sizeof(PetscInt) 4
Configure options: --with-shared-libraries --with-debugging=0 --with-mpi-dir=/MyLibs/MPICH/mpich-3.2/arch-centos-opt --with-cxx=0 --with-hdf5-dir=/MyLibs/HDF5/hdf5-1.8.17/arch-centos-parallel-opt/ PETSC_ARCH=arch-centos-opt-v3.7.2-mpich-v3.2-hdf5-v1.8.17 FOPTFLAGS="optimization flags" COPTFLAGS="optimization flags"
-----------------------------------------
Libraries compiled on Wed Aug 17 12:00:13 2016 on poroso-medellin-unal-edu-co 
Machine characteristics: Linux-3.10.0-327.28.2.el7.x86_64-x86_64-with-centos-7.2.1511-Core
Using PETSc directory: /MyLibs/PETSc
Using PETSc arch: arch-centos-opt-v3.7.2-mpich-v3.2-hdf5-v1.8.17
-----------------------------------------

Using C compiler: /MyLibs/MPICH/mpich-3.2/arch-centos-opt/bin/mpicc  -fPIC  -Wall -Wwrite-strings -Wno-strict-aliasing -Wno-unknown-pragmas -fvisibility=hidden  ${COPTFLAGS} ${CFLAGS}
Using Fortran compiler: /MyLibs/MPICH/mpich-3.2/arch-centos-opt/bin/mpif90  -fPIC -Wall -ffree-line-length-0 -Wno-unused-dummy-argument   ${FOPTFLAGS} ${FFLAGS} 
-----------------------------------------

Using include paths: -I/MyLibs/PETSc/arch-centos-opt-v3.7.2-mpich-v3.2-hdf5-v1.8.17/include -I/MyLibs/PETSc/include -I/MyLibs/PETSc/include -I/MyLibs/PETSc/arch-centos-opt-v3.7.2-mpich-v3.2-hdf5-v1.8.17/include -I/MyLibs/HDF5/hdf5-1.8.17/arch-centos-parallel-opt/include -I/MyLibs/MPICH/mpich-3.2/arch-centos-opt/include
-----------------------------------------

Using C linker: /MyLibs/MPICH/mpich-3.2/arch-centos-opt/bin/mpicc
Using Fortran linker: /MyLibs/MPICH/mpich-3.2/arch-centos-opt/bin/mpif90
Using libraries: -Wl,-rpath,/MyLibs/PETSc/arch-centos-opt-v3.7.2-mpich-v3.2-hdf5-v1.8.17/lib -L/MyLibs/PETSc/arch-centos-opt-v3.7.2-mpich-v3.2-hdf5-v1.8.17/lib -lpetsc -llapack -lblas -Wl,-rpath,/MyLibs/HDF5/hdf5-1.8.17/arch-centos-parallel-opt/lib -L/MyLibs/HDF5/hdf5-1.8.17/arch-centos-parallel-opt/lib -lhdf5hl_fortran -lhdf5_fortran -lhdf5_hl -lhdf5 -lpthread -lm -Wl,-rpath,/MyLibs/MPICH/mpich-3.2/arch-centos-opt/lib -L/MyLibs/MPICH/mpich-3.2/arch-centos-opt/lib -Wl,-rpath,/usr/lib/gcc/x86_64-redhat-linux/4.8.5 -L/usr/lib/gcc/x86_64-redhat-linux/4.8.5 -lmpifort -lgfortran -lm -lgfortran -lm -lquadmath -lm -Wl,-rpath,/MyLibs/MPICH/mpich-3.2/arch-centos-opt/lib -L/MyLibs/MPICH/mpich-3.2/arch-centos-opt/lib -Wl,-rpath,/usr/lib/gcc/x86_64-redhat-linux/4.8.5 -L/usr/lib/gcc/x86_64-redhat-linux/4.8.5 -ldl -Wl,-rpath,/MyLibs/MPICH/mpich-3.2/arch-centos-opt/lib -lmpi -lgcc_s -ldl 
-----------------------------------------

