************************************************************************************************************************
***             WIDEN YOUR WINDOW TO 120 CHARACTERS.  Use 'enscript -r -fCourier9' to print this document            ***
************************************************************************************************************************

---------------------------------------------- PETSc Performance Summary: ----------------------------------------------

../../src/ANISOFLOW                                                                                                                                                                                                                                             ˻d on a arch-centos-opt-v3.7.2-mpich-v3.2-hdf5-v1.8.17 named poroso-medellin-unal-edu-co with 26 processors, by sospinar Sat Oct 15 18:35:33 2016
Using Petsc Release Version 3.7.3, unknown 

                         Max       Max/Min        Avg      Total 
Time (sec):           2.548e+01      1.00006   2.548e+01
Objects:              7.159e+04      1.00000   7.159e+04
Flops:                7.238e+08      3.66805   6.513e+08  1.694e+10
Flops/sec:            2.840e+07      3.66804   2.556e+07  6.645e+08
MPI Messages:         3.094e+05      2.41139   1.500e+05  3.899e+06
MPI Message Lengths:  9.850e+08     16.00559   8.850e+02  3.451e+09
MPI Reductions:       1.050e+05      1.00000

Flop counting convention: 1 flop = 1 real number operation of type (multiply/divide/add/subtract)
                            e.g., VecAXPY() for real vectors of length N --> 2N flops
                            and VecAXPY() for complex vectors of length N --> 8N flops

Summary of Stages:   ----- Time ------  ----- Flops -----  --- Messages ---  -- Message Lengths --  -- Reductions --
                        Avg     %Total     Avg     %Total   counts   %Total     Avg         %Total   counts   %Total 
 0:      Main Stage: 2.4386e-04   0.0%  0.0000e+00   0.0%  0.000e+00   0.0%  0.000e+00        0.0%  0.000e+00   0.0% 
 1:   Loading Files: 3.5833e+00  14.1%  0.0000e+00   0.0%  5.880e+02   0.0%  1.542e-01        0.0%  3.069e+04  29.2% 
 2:      Setting up: 1.1732e-02   0.0%  0.0000e+00   0.0%  3.660e+02   0.0%  5.383e-02        0.0%  1.700e+01   0.0% 
 3:         Solving: 2.1887e+01  85.9%  1.6935e+10 100.0%  3.898e+06 100.0%  8.848e+02      100.0%  7.432e+04  70.8% 
 4:  Destroying obj: 1.1750e-03   0.0%  0.0000e+00   0.0%  0.000e+00   0.0%  0.000e+00        0.0%  0.000e+00   0.0% 

------------------------------------------------------------------------------------------------------------------------
See the 'Profiling' chapter of the users' manual for details on interpreting output.
Phase summary info:
   Count: number of times phase was executed
   Time and Flops: Max - maximum over all processors
                   Ratio - ratio of maximum to minimum over all processors
   Mess: number of messages sent
   Avg. len: average message length (bytes)
   Reduct: number of global reductions
   Global: entire computation
   Stage: stages of a computation. Set stages with PetscLogStagePush() and PetscLogStagePop().
      %T - percent time in this phase         %F - percent flops in this phase
      %M - percent messages in this phase     %L - percent message lengths in this phase
      %R - percent reductions in this phase
   Total Mflop/s: 10e-6 * (sum of flops over all processors)/(max time over all processors)
------------------------------------------------------------------------------------------------------------------------
Event                Count      Time (sec)     Flops                             --- Global ---  --- Stage ---   Total
                   Max Ratio  Max     Ratio   Max  Ratio  Mess   Avg len Reduct  %T %F %M %L %R  %T %F %M %L %R Mflop/s
------------------------------------------------------------------------------------------------------------------------

--- Event Stage 0: Main Stage


--- Event Stage 1: Loading Files

GetGeometry            1 1.0 4.4444e-03 1.0 0.00e+00 0.0 2.4e+02 2.9e+02 1.3e+01  0  0  0  0  0   0  0 41 12  0     0
VecView                1 1.0 3.4590e-03 1.0 0.00e+00 0.0 0.0e+00 0.0e+00 0.0e+00  0  0  0  0  0   0  0  0  0  0     0
VecMax                 2 1.0 1.2875e-05 1.5 0.00e+00 0.0 0.0e+00 0.0e+00 0.0e+00  0  0  0  0  0   0  0  0  0  0     0
VecCopy                2 1.0 5.2452e-06 2.0 0.00e+00 0.0 0.0e+00 0.0e+00 0.0e+00  0  0  0  0  0   0  0  0  0  0     0
VecSet                 8 1.0 3.8624e-05 2.0 0.00e+00 0.0 0.0e+00 0.0e+00 0.0e+00  0  0  0  0  0   0  0  0  0  0     0
VecAssemblyBegin    5845 1.0 1.8329e-01 1.1 0.00e+00 0.0 5.0e+01 3.6e+03 1.8e+04  1  0  0  0 17   5  0  9 30 57     0
VecAssemblyEnd      5845 1.0 5.1668e-03 1.9 0.00e+00 0.0 0.0e+00 0.0e+00 0.0e+00  0  0  0  0  0   0  0  0  0  0     0
VecScatterBegin        2 1.0 9.3937e-05 2.7 0.00e+00 0.0 1.5e+02 1.4e+03 0.0e+00  0  0  0  0  0   0  0 25 33  0     0
VecScatterEnd          2 1.0 1.7858e-0414.4 0.00e+00 0.0 0.0e+00 0.0e+00 0.0e+00  0  0  0  0  0   0  0  0  0  0     0
GetProrperties         1 1.0 2.5628e-02 1.0 0.00e+00 0.0 3.4e+02 1.5e+03 2.1e+01  0  0  0  0  0   1  0 59 88  0     0
GetConductivity        1 1.0 3.9101e-04 1.6 0.00e+00 0.0 0.0e+00 0.0e+00 0.0e+00  0  0  0  0  0   0  0  0  0  0     0
GetSpecificStorage       1 1.0 4.2915e-04 1.2 0.00e+00 0.0 0.0e+00 0.0e+00 2.0e+00  0  0  0  0  0   0  0  0  0  0     0
GetBC                  1 1.0 3.5534e+00 1.0 0.00e+00 0.0 0.0e+00 0.0e+00 3.1e+04 14  0  0  0 29  99  0  0  0100     0

--- Event Stage 2: Setting up

BuildTwoSided          1 1.0 1.7667e-04 4.3 0.00e+00 0.0 0.0e+00 0.0e+00 0.0e+00  0  0  0  0  0   1  0  0  0  0     0
VecSet                 2 1.0 8.1062e-06 5.7 0.00e+00 0.0 0.0e+00 0.0e+00 0.0e+00  0  0  0  0  0   0  0  0  0  0     0
VecScatterBegin        1 1.0 1.5020e-05 2.3 0.00e+00 0.0 1.2e+02 1.1e+03 0.0e+00  0  0  0  0  0   0  0 33 67  0     0
VecScatterEnd          1 1.0 1.5974e-05 2.2 0.00e+00 0.0 0.0e+00 0.0e+00 0.0e+00  0  0  0  0  0   0  0  0  0  0     0
MatAssemblyBegin       2 1.0 6.9599e-0329.0 0.00e+00 0.0 0.0e+00 0.0e+00 4.0e+00  0  0  0  0  0  12  0  0  0 24     0
MatAssemblyEnd         2 1.0 1.2565e-03 1.1 0.00e+00 0.0 2.4e+02 2.9e+02 8.0e+00  0  0  0  0  0  10  0 67 33 47     0
SFSetGraph             1 1.0 8.1062e-06 1.7 0.00e+00 0.0 0.0e+00 0.0e+00 0.0e+00  0  0  0  0  0   0  0  0  0  0     0
SFReduceBegin          1 1.0 2.4772e-04 2.9 0.00e+00 0.0 0.0e+00 0.0e+00 0.0e+00  0  0  0  0  0   1  0  0  0  0     0
SFReduceEnd            1 1.0 2.8610e-06 1.5 0.00e+00 0.0 0.0e+00 0.0e+00 0.0e+00  0  0  0  0  0   0  0  0  0  0     0
BuildSystem            1 1.0 1.1844e-02 1.0 0.00e+00 0.0 3.7e+02 5.7e+02 1.7e+01  0  0  0  0  0 100  0100100100     0

--- Event Stage 3: Solving

BuildTwoSided       1460 1.0 4.8241e-01 2.6 0.00e+00 0.0 4.9e+05 4.0e+00 0.0e+00  1  0 13  0  0   2  0 13  0  0     0
VecView             1461 1.0 2.7605e+00 1.1 0.00e+00 0.0 0.0e+00 0.0e+00 0.0e+00 10  0  0  0  0  11  0  0  0  0     0
VecMDot             8690 1.0 1.6430e+00 4.8 3.93e+07 2.2 0.0e+00 0.0e+00 8.7e+03  2  6  0  0  8   3  6  0  0 12   575
VecNorm            10150 1.0 1.4893e+00 5.2 1.32e+07 2.2 0.0e+00 0.0e+00 1.0e+04  2  2  0  0 10   2  2  0  0 14   213
VecScale           10150 1.0 1.3166e-02 1.4 6.60e+06 2.2 0.0e+00 0.0e+00 0.0e+00  0  1  0  0  0   0  1  0  0  0 12046
VecCopy             1460 1.0 2.1715e-03 1.1 0.00e+00 0.0 0.0e+00 0.0e+00 0.0e+00  0  0  0  0  0   0  0  0  0  0     0
VecSet             18911 1.0 1.9922e-02 1.4 0.00e+00 0.0 0.0e+00 0.0e+00 0.0e+00  0  0  0  0  0   0  0  0  0  0     0
VecAXPY             2920 1.0 4.5638e-03 1.4 3.80e+06 2.2 0.0e+00 0.0e+00 0.0e+00  0  1  0  0  0   0  1  0  0  0 19994
VecMAXPY           10150 1.0 8.5478e-02 2.0 5.06e+07 2.2 0.0e+00 0.0e+00 0.0e+00  0  7  0  0  0   0  7  0  0  0 14233
VecPointwiseMult    5840 1.0 2.0071e-02 2.0 1.90e+06 2.2 0.0e+00 0.0e+00 0.0e+00  0  0  0  0  0   0  0  0  0  0  2273
VecLoad                1 1.0 9.5081e-04 1.2 0.00e+00 0.0 0.0e+00 0.0e+00 0.0e+00  0  0  0  0  0   0  0  0  0  0     0
VecScatterBegin    17450 1.0 6.4852e-01 9.0 0.00e+00 0.0 1.1e+06 1.7e+03 0.0e+00  1  0 29 56  0   1  0 29 56  0     0
VecScatterEnd      17450 1.0 2.4802e+0043.4 0.00e+00 0.0 0.0e+00 0.0e+00 0.0e+00  9  0  0  0  0  10  0  0  0  0     0
VecNormalize       10150 1.0 1.5147e+00 4.8 1.98e+07 2.2 0.0e+00 0.0e+00 1.0e+04  2  3  0  0 10   2  3  0  0 14   314
MatMult             8690 1.0 1.2568e+00 2.6 2.84e+08 3.3 1.1e+06 1.1e+03 0.0e+00  4 39 27 35  0   5 39 27 35  0  5272
MatSolve           10150 1.0 8.3279e-01 3.6 2.13e+08 4.5 0.0e+00 0.0e+00 0.0e+00  3 30  0  0  0   3 30  0  0  0  6000
MatLUFactorNum      1460 1.0 1.1334e+00 4.8 1.15e+0810.9 0.0e+00 0.0e+00 0.0e+00  4 15  0  0  0   4 15  0  0  0  2241
MatILUFactorSym     1460 1.0 2.7909e-01 2.9 0.00e+00 0.0 0.0e+00 0.0e+00 0.0e+00  1  0  0  0  0   1  0  0  0  0     0
MatCopy             1460 1.0 4.5486e-01 2.6 0.00e+00 0.0 0.0e+00 0.0e+00 0.0e+00  2  0  0  0  0   2  0  0  0  0     0
MatConvert             1 1.0 1.2157e-03 4.1 0.00e+00 0.0 0.0e+00 0.0e+00 0.0e+00  0  0  0  0  0   0  0  0  0  0     0
MatGetRowIJ         1460 1.0 4.9019e-04 1.2 0.00e+00 0.0 0.0e+00 0.0e+00 0.0e+00  0  0  0  0  0   0  0  0  0  0     0
MatGetOrdering      1460 1.0 4.6592e-02 1.4 0.00e+00 0.0 0.0e+00 0.0e+00 0.0e+00  0  0  0  0  0   0  0  0  0  0     0
SFSetGraph          1460 1.0 1.8661e-01 1.1 0.00e+00 0.0 0.0e+00 0.0e+00 0.0e+00  1  0  0  0  0   1  0  0  0  0     0
SFReduceBegin       1460 1.0 6.1611e-01 2.0 0.00e+00 0.0 2.5e+06 1.5e+02 0.0e+00  2  0 63 11  0   2  0 63 11  0     0
SFReduceEnd         1460 1.0 4.2128e-02 1.4 0.00e+00 0.0 0.0e+00 0.0e+00 0.0e+00  0  0  0  0  0   0  0  0  0  0     0
SolveSystem            1 1.0 2.1888e+01 1.0 7.24e+08 3.7 3.9e+06 8.8e+02 7.4e+04 86100100100 71 100100100100100   774
KSPGMRESOrthog      8690 1.0 1.6948e+00 4.0 7.86e+07 2.2 0.0e+00 0.0e+00 8.7e+03  3 11  0  0  8   3 11  0  0 12  1115
KSPSetUp            2920 1.0 7.7543e-01 4.9 0.00e+00 0.0 0.0e+00 0.0e+00 2.9e+03  3  0  0  0  3   3  0  0  0  4     0
KSPSolve            1460 1.0 5.0643e+00 1.0 7.20e+08 3.7 1.1e+06 1.1e+03 4.8e+04 20 99 27 35 46  23 99 27 35 65  3326
PCSetUp             2920 1.0 1.6020e+00 3.1 1.15e+0810.9 0.0e+00 0.0e+00 0.0e+00  6 15  0  0  0   6 15  0  0  0  1585
PCSetUpOnBlocks     1460 1.0 1.5176e+00 3.6 1.15e+0810.9 0.0e+00 0.0e+00 0.0e+00  5 15  0  0  0   6 15  0  0  0  1673
PCApply            10150 1.0 1.0884e+00 2.2 2.13e+08 4.5 0.0e+00 0.0e+00 0.0e+00  4 30  0  0  0   4 30  0  0  0  4591

--- Event Stage 4: Destroying obj

DestroyBC              1 1.0 1.1048e-03 1.4 0.00e+00 0.0 0.0e+00 0.0e+00 0.0e+00  0  0  0  0  0  84  0  0  0  0     0
DestroyProperties       1 1.0 1.4710e-0414.7 0.00e+00 0.0 0.0e+00 0.0e+00 0.0e+00  0  0  0  0  0   2  0  0  0  0     0
DestroyGeometry        1 1.0 1.5545e-04 7.0 0.00e+00 0.0 0.0e+00 0.0e+00 0.0e+00  0  0  0  0  0   3  0  0  0  0     0
------------------------------------------------------------------------------------------------------------------------

Memory usage is given in bytes:

Object Type          Creations   Destructions     Memory  Descendants' Mem.
Reports information only for process 0.

--- Event Stage 0: Main Stage

              Viewer     1              0            0     0.

--- Event Stage 1: Loading Files

              Vector  5852              5        18424     0.
      Vector Scatter     2              1         3872     0.
    Distributed Mesh     1              0            0     0.
Star Forest Bipartite Graph     2              0            0     0.
     Discrete System     1              0            0     0.
           Index Set  4387              4        12504     0.
   IS L to G Mapping     1              0            0     0.
   Application Order     1              0            0     0.
              Viewer     1              1          776     0.

--- Event Stage 2: Setting up

              Vector     4              3        13224     0.
      Vector Scatter     1              0            0     0.
              Matrix     3              0            0     0.
Star Forest Bipartite Graph     1              1          848     0.
           Index Set     2              2         3152     0.

--- Event Stage 3: Solving

              Vector 35043          30661    193863504     0.
      Vector Scatter  5841           5841     36932816     0.
              Matrix  1463           1463    209223272     0.
Star Forest Bipartite Graph  1460           1460      1238080     0.
           Index Set 10220          10220     15522720     0.
              Viewer  1462           1462      1134512     0.
       Krylov Solver  2921           2921     28558760     0.
      Preconditioner  2920           2920      2768160     0.

--- Event Stage 4: Destroying obj

              Vector     0             11        54712     0.
      Vector Scatter     0              1         1072     0.
              Matrix     0              3       197988     0.
           Index Set     0              3         7328     0.
========================================================================================================================
Average time to get PetscTime(): 7.15256e-08
Average time for MPI_Barrier(): 6.62804e-06
Average time for zero size MPI_Send(): 4.35572e-06
#PETSc Option Table entries:
-Input_file_bc 25x25x25_bc.txt
-Input_file_gmtry 25x25x25_gmtry.txt
-Input_file_init_sol 25x25x25_Sol.h5
-Input_file_ppt 25x25x25_properties.txt
-Input_file_ppt_by_zones 25x25x25_zones.txt
-Input_type_bc 2
-Input_type_gmtry 2
-Input_type_init_sol 3
-Input_type_tplgy 0
-ksp_type gmres
-log_view ascii:25x25x25_NP26_KSPgmres_PCbjacobi.log
-Output_type_ppt 3
-pc_type bjacobi
-Project_name 25x25x25
-Run_options_scheme 2
-Run_options_time 1
#End of PETSc Option Table entries
Compiled without FORTRAN kernels
Compiled with full precision matrices (default)
sizeof(short) 2 sizeof(int) 4 sizeof(long) 8 sizeof(void*) 8 sizeof(PetscScalar) 8 sizeof(PetscInt) 4
Configure options: --with-shared-libraries --with-debugging=0 --with-mpi-dir=/MyLibs/MPICH/mpich-3.2/arch-centos-opt --with-cxx=0 --with-hdf5-dir=/MyLibs/HDF5/hdf5-1.8.17/arch-centos-parallel-opt/ PETSC_ARCH=arch-centos-opt-v3.7.2-mpich-v3.2-hdf5-v1.8.17 FOPTFLAGS="optimization flags" COPTFLAGS="optimization flags"
-----------------------------------------
Libraries compiled on Wed Aug 17 12:00:13 2016 on poroso-medellin-unal-edu-co 
Machine characteristics: Linux-3.10.0-327.28.2.el7.x86_64-x86_64-with-centos-7.2.1511-Core
Using PETSc directory: /MyLibs/PETSc
Using PETSc arch: arch-centos-opt-v3.7.2-mpich-v3.2-hdf5-v1.8.17
-----------------------------------------

Using C compiler: /MyLibs/MPICH/mpich-3.2/arch-centos-opt/bin/mpicc  -fPIC  -Wall -Wwrite-strings -Wno-strict-aliasing -Wno-unknown-pragmas -fvisibility=hidden  ${COPTFLAGS} ${CFLAGS}
Using Fortran compiler: /MyLibs/MPICH/mpich-3.2/arch-centos-opt/bin/mpif90  -fPIC -Wall -ffree-line-length-0 -Wno-unused-dummy-argument   ${FOPTFLAGS} ${FFLAGS} 
-----------------------------------------

Using include paths: -I/MyLibs/PETSc/arch-centos-opt-v3.7.2-mpich-v3.2-hdf5-v1.8.17/include -I/MyLibs/PETSc/include -I/MyLibs/PETSc/include -I/MyLibs/PETSc/arch-centos-opt-v3.7.2-mpich-v3.2-hdf5-v1.8.17/include -I/MyLibs/HDF5/hdf5-1.8.17/arch-centos-parallel-opt/include -I/MyLibs/MPICH/mpich-3.2/arch-centos-opt/include
-----------------------------------------

Using C linker: /MyLibs/MPICH/mpich-3.2/arch-centos-opt/bin/mpicc
Using Fortran linker: /MyLibs/MPICH/mpich-3.2/arch-centos-opt/bin/mpif90
Using libraries: -Wl,-rpath,/MyLibs/PETSc/arch-centos-opt-v3.7.2-mpich-v3.2-hdf5-v1.8.17/lib -L/MyLibs/PETSc/arch-centos-opt-v3.7.2-mpich-v3.2-hdf5-v1.8.17/lib -lpetsc -llapack -lblas -Wl,-rpath,/MyLibs/HDF5/hdf5-1.8.17/arch-centos-parallel-opt/lib -L/MyLibs/HDF5/hdf5-1.8.17/arch-centos-parallel-opt/lib -lhdf5hl_fortran -lhdf5_fortran -lhdf5_hl -lhdf5 -lpthread -lm -Wl,-rpath,/MyLibs/MPICH/mpich-3.2/arch-centos-opt/lib -L/MyLibs/MPICH/mpich-3.2/arch-centos-opt/lib -Wl,-rpath,/usr/lib/gcc/x86_64-redhat-linux/4.8.5 -L/usr/lib/gcc/x86_64-redhat-linux/4.8.5 -lmpifort -lgfortran -lm -lgfortran -lm -lquadmath -lm -Wl,-rpath,/MyLibs/MPICH/mpich-3.2/arch-centos-opt/lib -L/MyLibs/MPICH/mpich-3.2/arch-centos-opt/lib -Wl,-rpath,/usr/lib/gcc/x86_64-redhat-linux/4.8.5 -L/usr/lib/gcc/x86_64-redhat-linux/4.8.5 -ldl -Wl,-rpath,/MyLibs/MPICH/mpich-3.2/arch-centos-opt/lib -lmpi -lgcc_s -ldl 
-----------------------------------------

