************************************************************************************************************************
***             WIDEN YOUR WINDOW TO 120 CHARACTERS.  Use 'enscript -r -fCourier9' to print this document            ***
************************************************************************************************************************

---------------------------------------------- PETSc Performance Summary: ----------------------------------------------

../../src/ANISOFLOW                                                                                                                                                                                                                                             ˻d on a arch-centos-opt-v3.7.2-mpich-v3.2-hdf5-v1.8.17 named poroso-medellin-unal-edu-co with 20 processors, by sospinar Sat Oct 15 18:09:36 2016
Using Petsc Release Version 3.7.3, unknown 

                         Max       Max/Min        Avg      Total 
Time (sec):           2.089e+01      1.00004   2.089e+01
Objects:              7.159e+04      1.00000   7.159e+04
Flops:                9.399e+08      1.20959   8.566e+08  1.713e+10
Flops/sec:            4.498e+07      1.20957   4.100e+07  8.199e+08
MPI Messages:         2.687e+05      2.04410   1.559e+05  3.117e+06
MPI Message Lengths:  7.572e+08     11.26475   7.067e+02  2.203e+09
MPI Reductions:       1.023e+05      1.00000

Flop counting convention: 1 flop = 1 real number operation of type (multiply/divide/add/subtract)
                            e.g., VecAXPY() for real vectors of length N --> 2N flops
                            and VecAXPY() for complex vectors of length N --> 8N flops

Summary of Stages:   ----- Time ------  ----- Flops -----  --- Messages ---  -- Message Lengths --  -- Reductions --
                        Avg     %Total     Avg     %Total   counts   %Total     Avg         %Total   counts   %Total 
 0:      Main Stage: 1.9413e-04   0.0%  0.0000e+00   0.0%  0.000e+00   0.0%  0.000e+00        0.0%  0.000e+00   0.0% 
 1:   Loading Files: 3.2903e+00  15.7%  0.0000e+00   0.0%  9.420e+02   0.0%  1.722e-01        0.0%  3.069e+04  30.0% 
 2:      Setting up: 1.3263e-02   0.1%  0.0000e+00   0.0%  5.640e+02   0.0%  3.270e-02        0.0%  1.700e+01   0.0% 
 3:         Solving: 1.7588e+01  84.2%  1.7131e+10 100.0%  3.116e+06 100.0%  7.065e+02      100.0%  7.154e+04  70.0% 
 4:  Destroying obj: 9.4079e-04   0.0%  0.0000e+00   0.0%  0.000e+00   0.0%  0.000e+00        0.0%  0.000e+00   0.0% 

------------------------------------------------------------------------------------------------------------------------
See the 'Profiling' chapter of the users' manual for details on interpreting output.
Phase summary info:
   Count: number of times phase was executed
   Time and Flops: Max - maximum over all processors
                   Ratio - ratio of maximum to minimum over all processors
   Mess: number of messages sent
   Avg. len: average message length (bytes)
   Reduct: number of global reductions
   Global: entire computation
   Stage: stages of a computation. Set stages with PetscLogStagePush() and PetscLogStagePop().
      %T - percent time in this phase         %F - percent flops in this phase
      %M - percent messages in this phase     %L - percent message lengths in this phase
      %R - percent reductions in this phase
   Total Mflop/s: 10e-6 * (sum of flops over all processors)/(max time over all processors)
------------------------------------------------------------------------------------------------------------------------
Event                Count      Time (sec)     Flops                             --- Global ---  --- Stage ---   Total
                   Max Ratio  Max     Ratio   Max  Ratio  Mess   Avg len Reduct  %T %F %M %L %R  %T %F %M %L %R Mflop/s
------------------------------------------------------------------------------------------------------------------------

--- Event Stage 0: Main Stage


--- Event Stage 1: Loading Files

GetGeometry            1 1.0 3.0119e-03 1.0 0.00e+00 0.0 3.8e+02 9.2e+01 1.3e+01  0  0  0  0  0   0  0 40  6  0     0
VecView                1 1.0 5.2204e-03 1.9 0.00e+00 0.0 0.0e+00 0.0e+00 0.0e+00  0  0  0  0  0   0  0  0  0  0     0
VecMax                 2 1.0 1.2159e-05 1.4 0.00e+00 0.0 0.0e+00 0.0e+00 0.0e+00  0  0  0  0  0   0  0  0  0  0     0
VecCopy                2 1.0 4.0531e-06 1.5 0.00e+00 0.0 0.0e+00 0.0e+00 0.0e+00  0  0  0  0  0   0  0  0  0  0     0
VecSet                 8 1.0 5.0783e-05 2.7 0.00e+00 0.0 0.0e+00 0.0e+00 0.0e+00  0  0  0  0  0   0  0  0  0  0     0
VecAssemblyBegin    5845 1.0 1.4765e-01 1.2 0.00e+00 0.0 3.8e+01 4.7e+03 1.8e+04  1  0  0  0 17   4  0  4 33 57     0
VecAssemblyEnd      5845 1.0 5.0406e-03 2.1 0.00e+00 0.0 0.0e+00 0.0e+00 0.0e+00  0  0  0  0  0   0  0  0  0  0     0
VecScatterBegin        2 1.0 1.1683e-04 2.2 0.00e+00 0.0 2.5e+02 6.3e+02 0.0e+00  0  0  0  0  0   0  0 26 29  0     0
VecScatterEnd          2 1.0 7.6056e-05 3.3 0.00e+00 0.0 0.0e+00 0.0e+00 0.0e+00  0  0  0  0  0   0  0  0  0  0     0
GetProrperties         1 1.0 1.8380e-02 1.0 0.00e+00 0.0 5.7e+02 8.9e+02 2.1e+01  0  0  0  0  0   1  0 60 94  0     0
GetConductivity        1 1.0 1.4687e-04 1.6 0.00e+00 0.0 0.0e+00 0.0e+00 0.0e+00  0  0  0  0  0   0  0  0  0  0     0
GetSpecificStorage       1 1.0 2.4605e-04 1.3 0.00e+00 0.0 0.0e+00 0.0e+00 2.0e+00  0  0  0  0  0   0  0  0  0  0     0
GetBC                  1 1.0 3.2689e+00 1.0 0.00e+00 0.0 0.0e+00 0.0e+00 3.1e+04 16  0  0  0 30  99  0  0  0100     0

--- Event Stage 2: Setting up

BuildTwoSided          1 1.0 1.2016e-04 3.4 0.00e+00 0.0 0.0e+00 0.0e+00 0.0e+00  0  0  0  0  0   1  0  0  0  0     0
VecSet                 2 1.0 2.1458e-06 2.2 0.00e+00 0.0 0.0e+00 0.0e+00 0.0e+00  0  0  0  0  0   0  0  0  0  0     0
VecScatterBegin        1 1.0 2.0981e-05 2.1 0.00e+00 0.0 1.9e+02 3.6e+02 0.0e+00  0  0  0  0  0   0  0 33 66  0     0
VecScatterEnd          1 1.0 2.4080e-05 3.7 0.00e+00 0.0 0.0e+00 0.0e+00 0.0e+00  0  0  0  0  0   0  0  0  0  0     0
MatAssemblyBegin       2 1.0 5.5206e-0355.3 0.00e+00 0.0 0.0e+00 0.0e+00 4.0e+00  0  0  0  0  0  24  0  0  0 24     0
MatAssemblyEnd         2 1.0 9.8848e-04 1.1 0.00e+00 0.0 3.8e+02 9.2e+01 8.0e+00  0  0  0  0  0   7  0 67 34 47     0
SFSetGraph             1 1.0 1.5974e-05 3.0 0.00e+00 0.0 0.0e+00 0.0e+00 0.0e+00  0  0  0  0  0   0  0  0  0  0     0
SFReduceBegin          1 1.0 1.8740e-04 2.0 0.00e+00 0.0 0.0e+00 0.0e+00 0.0e+00  0  0  0  0  0   1  0  0  0  0     0
SFReduceEnd            1 1.0 3.3379e-06 1.8 0.00e+00 0.0 0.0e+00 0.0e+00 0.0e+00  0  0  0  0  0   0  0  0  0  0     0
BuildSystem            1 1.0 1.3301e-02 1.0 0.00e+00 0.0 5.6e+02 1.8e+02 1.7e+01  0  0  0  0  0 100  0100100100     0

--- Event Stage 3: Solving

BuildTwoSided       1460 1.0 3.6235e-01 2.4 0.00e+00 0.0 2.9e+05 4.0e+00 0.0e+00  1  0  9  0  0   1  0  9  0  0     0
VecView             1461 1.0 2.7153e+00 1.1 0.00e+00 0.0 0.0e+00 0.0e+00 0.0e+00 12  0  0  0  0  15  0  0  0  0     0
VecMDot             7300 1.0 1.1135e+00 2.1 3.70e+07 1.2 0.0e+00 0.0e+00 7.3e+03  4  4  0  0  7   5  4  0  0 10   614
VecNorm             8760 1.0 1.0755e+00 1.9 1.48e+07 1.2 0.0e+00 0.0e+00 8.8e+03  4  2  0  0  9   5  2  0  0 12   255
VecScale            8760 1.0 1.1366e-02 1.3 7.40e+06 1.2 0.0e+00 0.0e+00 0.0e+00  0  1  0  0  0   0  1  0  0  0 12042
VecCopy             1460 1.0 2.1853e-03 1.1 0.00e+00 0.0 0.0e+00 0.0e+00 0.0e+00  0  0  0  0  0   0  0  0  0  0     0
VecSet             17521 1.0 1.8617e-02 1.2 0.00e+00 0.0 0.0e+00 0.0e+00 0.0e+00  0  0  0  0  0   0  0  0  0  0     0
VecAXPY             2920 1.0 4.4272e-03 1.2 4.93e+06 1.2 0.0e+00 0.0e+00 0.0e+00  0  1  0  0  0   0  1  0  0  0 20611
VecMAXPY            8760 1.0 7.3268e-02 1.3 4.93e+07 1.2 0.0e+00 0.0e+00 0.0e+00  0  5  0  0  0   0  5  0  0  0 12454
VecPointwiseMult    5840 1.0 1.9900e-02 1.4 2.47e+06 1.2 0.0e+00 0.0e+00 0.0e+00  0  0  0  0  0   0  0  0  0  0  2293
VecLoad                1 1.0 1.1773e-03 1.1 0.00e+00 0.0 0.0e+00 0.0e+00 0.0e+00  0  0  0  0  0   0  0  0  0  0     0
VecScatterBegin    16060 1.0 4.7293e-01 7.5 0.00e+00 0.0 1.4e+06 7.3e+02 0.0e+00  0  0 46 48  0   1  0 46 48  0     0
VecScatterEnd      16060 1.0 1.6606e+0029.3 0.00e+00 0.0 0.0e+00 0.0e+00 0.0e+00  7  0  0  0  0   8  0  0  0  0     0
VecNormalize        8760 1.0 1.0952e+00 1.8 2.22e+07 1.2 0.0e+00 0.0e+00 8.8e+03  4  2  0  0  9   5  2  0  0 12   375
MatMult             7300 1.0 1.1591e+00 1.5 3.10e+08 1.3 1.4e+06 3.6e+02 0.0e+00  5 32 44 22  0   6 32 44 22  0  4802
MatSolve            8760 1.0 9.6941e-01 1.3 3.04e+08 1.2 0.0e+00 0.0e+00 0.0e+00  4 33  0  0  0   5 33  0  0  0  5781
MatLUFactorNum      1460 1.0 1.7103e+00 1.3 2.16e+08 1.3 0.0e+00 0.0e+00 0.0e+00  7 22  0  0  0   8 22  0  0  0  2232
MatILUFactorSym     1460 1.0 2.5765e-01 1.3 0.00e+00 0.0 0.0e+00 0.0e+00 0.0e+00  1  0  0  0  0   1  0  0  0  0     0
MatCopy             1460 1.0 3.2547e-01 1.3 0.00e+00 0.0 0.0e+00 0.0e+00 0.0e+00  1  0  0  0  0   2  0  0  0  0     0
MatConvert             1 1.0 7.0333e-04 1.4 0.00e+00 0.0 0.0e+00 0.0e+00 0.0e+00  0  0  0  0  0   0  0  0  0  0     0
MatGetRowIJ         1460 1.0 5.5528e-04 1.4 0.00e+00 0.0 0.0e+00 0.0e+00 0.0e+00  0  0  0  0  0   0  0  0  0  0     0
MatGetOrdering      1460 1.0 4.9781e-02 1.2 0.00e+00 0.0 0.0e+00 0.0e+00 0.0e+00  0  0  0  0  0   0  0  0  0  0     0
SFSetGraph          1460 1.0 1.6634e-01 1.2 0.00e+00 0.0 0.0e+00 0.0e+00 0.0e+00  1  0  0  0  0   1  0  0  0  0     0
SFReduceBegin       1460 1.0 4.4558e-01 1.9 0.00e+00 0.0 1.5e+06 2.0e+02 0.0e+00  2  0 47 13  0   2  0 47 13  0     0
SFReduceEnd         1460 1.0 3.2837e-02 1.5 0.00e+00 0.0 0.0e+00 0.0e+00 0.0e+00  0  0  0  0  0   0  0  0  0  0     0
SolveSystem            1 1.0 1.7589e+01 1.0 9.40e+08 1.2 3.1e+06 7.1e+02 7.2e+04 84100100100 70 100100100100100   974
KSPGMRESOrthog      7300 1.0 1.1683e+00 1.9 7.40e+07 1.2 0.0e+00 0.0e+00 7.3e+03  4  8  0  0  7   5  8  0  0 10  1171
KSPSetUp            2920 1.0 2.0790e-01 1.4 0.00e+00 0.0 0.0e+00 0.0e+00 2.9e+03  1  0  0  0  3   1  0  0  0  4     0
KSPSolve            1460 1.0 5.9510e+00 1.0 9.35e+08 1.2 1.4e+06 3.6e+02 4.5e+04 28 99 44 22 44  34 99 44 22 63  2863
PCSetUp             2920 1.0 2.1059e+00 1.3 2.16e+08 1.3 0.0e+00 0.0e+00 0.0e+00  9 22  0  0  0  11 22  0  0  0  1813
PCSetUpOnBlocks     1460 1.0 2.0269e+00 1.3 2.16e+08 1.3 0.0e+00 0.0e+00 0.0e+00  9 22  0  0  0  10 22  0  0  0  1884
PCApply             8760 1.0 1.1719e+00 1.3 3.04e+08 1.2 0.0e+00 0.0e+00 0.0e+00  5 33  0  0  0   6 33  0  0  0  4782

--- Event Stage 4: Destroying obj

DestroyBC              1 1.0 1.0638e-03 1.6 0.00e+00 0.0 0.0e+00 0.0e+00 0.0e+00  0  0  0  0  0  85  0  0  0  0     0
DestroyProperties       1 1.0 1.9550e-05 2.6 0.00e+00 0.0 0.0e+00 0.0e+00 0.0e+00  0  0  0  0  0   1  0  0  0  0     0
DestroyGeometry        1 1.0 3.5286e-05 1.8 0.00e+00 0.0 0.0e+00 0.0e+00 0.0e+00  0  0  0  0  0   2  0  0  0  0     0
------------------------------------------------------------------------------------------------------------------------

Memory usage is given in bytes:

Object Type          Creations   Destructions     Memory  Descendants' Mem.
Reports information only for process 0.

--- Event Stage 0: Main Stage

              Viewer     1              0            0     0.

--- Event Stage 1: Loading Files

              Vector  5852              5        21544     0.
      Vector Scatter     2              1         3360     0.
    Distributed Mesh     1              0            0     0.
Star Forest Bipartite Graph     2              0            0     0.
     Discrete System     1              0            0     0.
           Index Set  4387              4        14568     0.
   IS L to G Mapping     1              0            0     0.
   Application Order     1              0            0     0.
              Viewer     1              1          776     0.

--- Event Stage 2: Setting up

              Vector     4              3        14232     0.
      Vector Scatter     1              0            0     0.
              Matrix     3              0            0     0.
Star Forest Bipartite Graph     1              1          848     0.
           Index Set     2              2         2876     0.

--- Event Stage 3: Solving

              Vector 35043          30661    232582152     0.
      Vector Scatter  5841           5841     36862832     0.
              Matrix  1463           1463    336377948     0.
Star Forest Bipartite Graph  1460           1460      1238080     0.
           Index Set 10220          10220     17800320     0.
              Viewer  1462           1462      1134512     0.
       Krylov Solver  2921           2921     28558760     0.
      Preconditioner  2920           2920      2768160     0.

--- Event Stage 4: Destroying obj

              Vector     0             11        56920     0.
      Vector Scatter     0              1         1072     0.
              Matrix     0              3       280104     0.
           Index Set     0              3         7328     0.
========================================================================================================================
Average time to get PetscTime(): 7.15256e-08
Average time for MPI_Barrier(): 4.81606e-06
Average time for zero size MPI_Send(): 3.88622e-06
#PETSc Option Table entries:
-Input_file_bc 25x25x25_bc.txt
-Input_file_gmtry 25x25x25_gmtry.txt
-Input_file_init_sol 25x25x25_Sol.h5
-Input_file_ppt 25x25x25_properties.txt
-Input_file_ppt_by_zones 25x25x25_zones.txt
-Input_type_bc 2
-Input_type_gmtry 2
-Input_type_init_sol 3
-Input_type_tplgy 0
-ksp_type gmres
-log_view ascii:25x25x25_NP20_KSPgmres_PCbjacobi.log
-Output_type_ppt 3
-pc_type bjacobi
-Project_name 25x25x25
-Run_options_scheme 2
-Run_options_time 1
#End of PETSc Option Table entries
Compiled without FORTRAN kernels
Compiled with full precision matrices (default)
sizeof(short) 2 sizeof(int) 4 sizeof(long) 8 sizeof(void*) 8 sizeof(PetscScalar) 8 sizeof(PetscInt) 4
Configure options: --with-shared-libraries --with-debugging=0 --with-mpi-dir=/MyLibs/MPICH/mpich-3.2/arch-centos-opt --with-cxx=0 --with-hdf5-dir=/MyLibs/HDF5/hdf5-1.8.17/arch-centos-parallel-opt/ PETSC_ARCH=arch-centos-opt-v3.7.2-mpich-v3.2-hdf5-v1.8.17 FOPTFLAGS="optimization flags" COPTFLAGS="optimization flags"
-----------------------------------------
Libraries compiled on Wed Aug 17 12:00:13 2016 on poroso-medellin-unal-edu-co 
Machine characteristics: Linux-3.10.0-327.28.2.el7.x86_64-x86_64-with-centos-7.2.1511-Core
Using PETSc directory: /MyLibs/PETSc
Using PETSc arch: arch-centos-opt-v3.7.2-mpich-v3.2-hdf5-v1.8.17
-----------------------------------------

Using C compiler: /MyLibs/MPICH/mpich-3.2/arch-centos-opt/bin/mpicc  -fPIC  -Wall -Wwrite-strings -Wno-strict-aliasing -Wno-unknown-pragmas -fvisibility=hidden  ${COPTFLAGS} ${CFLAGS}
Using Fortran compiler: /MyLibs/MPICH/mpich-3.2/arch-centos-opt/bin/mpif90  -fPIC -Wall -ffree-line-length-0 -Wno-unused-dummy-argument   ${FOPTFLAGS} ${FFLAGS} 
-----------------------------------------

Using include paths: -I/MyLibs/PETSc/arch-centos-opt-v3.7.2-mpich-v3.2-hdf5-v1.8.17/include -I/MyLibs/PETSc/include -I/MyLibs/PETSc/include -I/MyLibs/PETSc/arch-centos-opt-v3.7.2-mpich-v3.2-hdf5-v1.8.17/include -I/MyLibs/HDF5/hdf5-1.8.17/arch-centos-parallel-opt/include -I/MyLibs/MPICH/mpich-3.2/arch-centos-opt/include
-----------------------------------------

Using C linker: /MyLibs/MPICH/mpich-3.2/arch-centos-opt/bin/mpicc
Using Fortran linker: /MyLibs/MPICH/mpich-3.2/arch-centos-opt/bin/mpif90
Using libraries: -Wl,-rpath,/MyLibs/PETSc/arch-centos-opt-v3.7.2-mpich-v3.2-hdf5-v1.8.17/lib -L/MyLibs/PETSc/arch-centos-opt-v3.7.2-mpich-v3.2-hdf5-v1.8.17/lib -lpetsc -llapack -lblas -Wl,-rpath,/MyLibs/HDF5/hdf5-1.8.17/arch-centos-parallel-opt/lib -L/MyLibs/HDF5/hdf5-1.8.17/arch-centos-parallel-opt/lib -lhdf5hl_fortran -lhdf5_fortran -lhdf5_hl -lhdf5 -lpthread -lm -Wl,-rpath,/MyLibs/MPICH/mpich-3.2/arch-centos-opt/lib -L/MyLibs/MPICH/mpich-3.2/arch-centos-opt/lib -Wl,-rpath,/usr/lib/gcc/x86_64-redhat-linux/4.8.5 -L/usr/lib/gcc/x86_64-redhat-linux/4.8.5 -lmpifort -lgfortran -lm -lgfortran -lm -lquadmath -lm -Wl,-rpath,/MyLibs/MPICH/mpich-3.2/arch-centos-opt/lib -L/MyLibs/MPICH/mpich-3.2/arch-centos-opt/lib -Wl,-rpath,/usr/lib/gcc/x86_64-redhat-linux/4.8.5 -L/usr/lib/gcc/x86_64-redhat-linux/4.8.5 -ldl -Wl,-rpath,/MyLibs/MPICH/mpich-3.2/arch-centos-opt/lib -lmpi -lgcc_s -ldl 
-----------------------------------------

