************************************************************************************************************************
***             WIDEN YOUR WINDOW TO 120 CHARACTERS.  Use 'enscript -r -fCourier9' to print this document            ***
************************************************************************************************************************

---------------------------------------------- PETSc Performance Summary: ----------------------------------------------

../../src/ANISOFLOW                                                                                                                                                                                                                                             ˻d on a arch-centos-opt-v3.7.2-mpich-v3.2-hdf5-v1.8.17 named poroso-medellin-unal-edu-co with 3 processors, by sospinar Sat Oct 15 17:10:03 2016
Using Petsc Release Version 3.7.3, unknown 

                         Max       Max/Min        Avg      Total 
Time (sec):           5.238e+01      1.00000   5.238e+01
Objects:              9.349e+04      1.00000   9.349e+04
Flops:                2.304e+10      1.13227   2.137e+10  6.410e+10
Flops/sec:            4.398e+08      1.13226   4.079e+08  1.224e+09
MPI Messages:         8.834e+04      1.65754   6.936e+04  2.081e+05
MPI Message Lengths:  4.005e+08      1.77770   4.407e+03  9.169e+08
MPI Reductions:       1.329e+05      1.00000

Flop counting convention: 1 flop = 1 real number operation of type (multiply/divide/add/subtract)
                            e.g., VecAXPY() for real vectors of length N --> 2N flops
                            and VecAXPY() for complex vectors of length N --> 8N flops

Summary of Stages:   ----- Time ------  ----- Flops -----  --- Messages ---  -- Message Lengths --  -- Reductions --
                        Avg     %Total     Avg     %Total   counts   %Total     Avg         %Total   counts   %Total 
 0:      Main Stage: 1.9113e-04   0.0%  0.0000e+00   0.0%  0.000e+00   0.0%  0.000e+00        0.0%  0.000e+00   0.0% 
 1:   Loading Files: 3.4624e+00   6.6%  0.0000e+00   0.0%  2.200e+01   0.0%  1.322e+00        0.0%  3.069e+04  23.1% 
 2:      Setting up: 4.0957e-02   0.1%  0.0000e+00   0.0%  1.200e+01   0.0%  1.442e-01        0.0%  1.700e+01   0.0% 
 3:         Solving: 4.8876e+01  93.3%  6.4098e+10 100.0%  2.080e+05 100.0%  4.405e+03      100.0%  1.022e+05  76.9% 
 4:  Destroying obj: 4.2351e-04   0.0%  0.0000e+00   0.0%  0.000e+00   0.0%  0.000e+00        0.0%  0.000e+00   0.0% 

------------------------------------------------------------------------------------------------------------------------
See the 'Profiling' chapter of the users' manual for details on interpreting output.
Phase summary info:
   Count: number of times phase was executed
   Time and Flops: Max - maximum over all processors
                   Ratio - ratio of maximum to minimum over all processors
   Mess: number of messages sent
   Avg. len: average message length (bytes)
   Reduct: number of global reductions
   Global: entire computation
   Stage: stages of a computation. Set stages with PetscLogStagePush() and PetscLogStagePop().
      %T - percent time in this phase         %F - percent flops in this phase
      %M - percent messages in this phase     %L - percent message lengths in this phase
      %R - percent reductions in this phase
   Total Mflop/s: 10e-6 * (sum of flops over all processors)/(max time over all processors)
------------------------------------------------------------------------------------------------------------------------
Event                Count      Time (sec)     Flops                             --- Global ---  --- Stage ---   Total
                   Max Ratio  Max     Ratio   Max  Ratio  Mess   Avg len Reduct  %T %F %M %L %R  %T %F %M %L %R Mflop/s
------------------------------------------------------------------------------------------------------------------------

--- Event Stage 0: Main Stage


--- Event Stage 1: Loading Files

GetGeometry            1 1.0 3.4060e-03 1.0 0.00e+00 0.0 8.0e+00 1.3e+03 1.3e+01  0  0  0  0  0   0  0 36  4  0     0
VecView                1 1.0 2.2566e-03 1.1 0.00e+00 0.0 0.0e+00 0.0e+00 0.0e+00  0  0  0  0  0   0  0  0  0  0     0
VecMax                 2 1.0 9.8705e-05 2.6 0.00e+00 0.0 0.0e+00 0.0e+00 0.0e+00  0  0  0  0  0   0  0  0  0  0     0
VecCopy                2 1.0 1.7405e-05 2.4 0.00e+00 0.0 0.0e+00 0.0e+00 0.0e+00  0  0  0  0  0   0  0  0  0  0     0
VecSet                 8 1.0 1.8668e-04 2.3 0.00e+00 0.0 0.0e+00 0.0e+00 0.0e+00  0  0  0  0  0   0  0  0  0  0     0
VecAssemblyBegin    5845 1.0 5.8259e-02 1.6 0.00e+00 0.0 4.0e+00 3.0e+04 1.8e+04  0  0  0  0 13   1  0 18 44 57     0
VecAssemblyEnd      5845 1.0 2.3026e-03 1.3 0.00e+00 0.0 0.0e+00 0.0e+00 0.0e+00  0  0  0  0  0   0  0  0  0  0     0
VecScatterBegin        2 1.0 7.9870e-05 2.4 0.00e+00 0.0 4.0e+00 5.0e+03 0.0e+00  0  0  0  0  0   0  0 18  7  0     0
VecScatterEnd          2 1.0 3.2425e-05 2.0 0.00e+00 0.0 0.0e+00 0.0e+00 0.0e+00  0  0  0  0  0   0  0  0  0  0     0
GetProrperties         1 1.0 2.6297e-02 1.0 0.00e+00 0.0 1.4e+01 1.9e+04 2.1e+01  0  0  0  0  0   1  0 64 96  0     0
GetConductivity        1 1.0 3.1543e-04 1.3 0.00e+00 0.0 0.0e+00 0.0e+00 0.0e+00  0  0  0  0  0   0  0  0  0  0     0
GetSpecificStorage       1 1.0 3.9291e-04 1.2 0.00e+00 0.0 0.0e+00 0.0e+00 2.0e+00  0  0  0  0  0   0  0  0  0  0     0
GetBC                  1 1.0 3.4327e+00 1.0 0.00e+00 0.0 0.0e+00 0.0e+00 3.1e+04  7  0  0  0 23  99  0  0  0100     0

--- Event Stage 2: Setting up

BuildTwoSided          1 1.0 5.7936e-05 2.3 0.00e+00 0.0 0.0e+00 0.0e+00 0.0e+00  0  0  0  0  0   0  0  0  0  0     0
VecSet                 2 1.0 3.5763e-06 1.5 0.00e+00 0.0 0.0e+00 0.0e+00 0.0e+00  0  0  0  0  0   0  0  0  0  0     0
VecScatterBegin        1 1.0 7.1526e-06 1.8 0.00e+00 0.0 4.0e+00 5.0e+03 0.0e+00  0  0  0  0  0   0  0 33 67  0     0
VecScatterEnd          1 1.0 9.5367e-06 2.1 0.00e+00 0.0 0.0e+00 0.0e+00 0.0e+00  0  0  0  0  0   0  0  0  0  0     0
MatAssemblyBegin       2 1.0 4.3211e-03125.0 0.00e+00 0.0 0.0e+00 0.0e+00 4.0e+00  0  0  0  0  0   6  0  0  0 24     0
MatAssemblyEnd         2 1.0 2.0940e-03 1.1 0.00e+00 0.0 8.0e+00 1.3e+03 8.0e+00  0  0  0  0  0   5  0 67 33 47     0
SFSetGraph             1 1.0 7.1526e-06 1.7 0.00e+00 0.0 0.0e+00 0.0e+00 0.0e+00  0  0  0  0  0   0  0  0  0  0     0
SFReduceBegin          1 1.0 7.8917e-05 1.8 0.00e+00 0.0 0.0e+00 0.0e+00 0.0e+00  0  0  0  0  0   0  0  0  0  0     0
SFReduceEnd            1 1.0 2.6226e-06 1.6 0.00e+00 0.0 0.0e+00 0.0e+00 0.0e+00  0  0  0  0  0   0  0  0  0  0     0
BuildSystem            1 1.0 4.0943e-02 1.0 0.00e+00 0.0 1.2e+01 2.5e+03 1.7e+01  0  0  0  0  0 100  0100100100     0

--- Event Stage 3: Solving

BuildTwoSided       1460 1.0 5.4205e-02 2.2 0.00e+00 0.0 6.6e+03 4.0e+00 0.0e+00  0  0  3  0  0   0  0  3  0  0     0
VecView             1461 1.0 1.1603e+00 1.1 0.00e+00 0.0 0.0e+00 0.0e+00 0.0e+00  2  0  0  0  0   2  0  0  0  0     0
VecMDot            20440 1.0 4.7773e+00 3.4 1.07e+09 1.1 0.0e+00 0.0e+00 2.0e+04  6  5  0  0 15   7  5  0  0 20   621
VecNorm            23360 1.0 9.6724e-01 2.9 2.63e+08 1.1 0.0e+00 0.0e+00 2.3e+04  1  1  0  0 18   1  1  0  0 23   755
VecScale           23360 1.0 6.5127e-02 1.1 1.31e+08 1.1 0.0e+00 0.0e+00 0.0e+00  0  1  0  0  0   0  1  0  0  0  5604
VecCopy            10220 1.0 4.0936e-02 1.1 0.00e+00 0.0 0.0e+00 0.0e+00 0.0e+00  0  0  0  0  0   0  0  0  0  0     0
VecSet             26281 1.0 7.1813e-02 1.1 0.00e+00 0.0 0.0e+00 0.0e+00 0.0e+00  0  0  0  0  0   0  0  0  0  0     0
VecAXPY             4380 1.0 1.8454e-02 1.1 4.93e+07 1.1 0.0e+00 0.0e+00 0.0e+00  0  0  0  0  0   0  0  0  0  0  7417
VecAYPX            21900 1.0 4.0157e-01 1.1 1.64e+08 1.1 0.0e+00 0.0e+00 0.0e+00  1  1  0  0  0   1  1  0  0  0  1136
VecAXPBYCZ         14600 1.0 3.3254e-01 1.1 4.11e+08 1.1 0.0e+00 0.0e+00 0.0e+00  1  2  0  0  0   1  2  0  0  0  3430
VecMAXPY           23360 1.0 1.0172e+00 1.1 1.30e+09 1.1 0.0e+00 0.0e+00 0.0e+00  2  6  0  0  0   2  6  0  0  0  3544
VecPointwiseMult    5840 1.0 5.8100e-02 1.1 1.64e+07 1.1 0.0e+00 0.0e+00 0.0e+00  0  0  0  0  0   0  0  0  0  0   785
VecLoad                1 1.0 2.1696e-04 1.0 0.00e+00 0.0 0.0e+00 0.0e+00 0.0e+00  0  0  0  0  0   0  0  0  0  0     0
VecScatterBegin    43800 1.0 2.3855e-01 1.9 0.00e+00 0.0 1.5e+05 5.2e+03 0.0e+00  0  0 70 83  0   0  0 70 83  0     0
VecScatterEnd      43800 1.0 4.0019e-01 2.7 0.00e+00 0.0 0.0e+00 0.0e+00 0.0e+00  1  0  0  0  0   1  0  0  0  0     0
VecNormalize       23360 1.0 1.0464e+00 2.5 3.94e+08 1.1 0.0e+00 0.0e+00 2.3e+04  2  2  0  0 18   2  2  0  0 23  1046
MatMult            35040 1.0 1.8153e+01 1.1 9.51e+09 1.1 1.4e+05 5.0e+03 0.0e+00 33 42 67 76  0  36 42 67 76  0  1472
MatSOR             37960 1.0 2.1534e+01 1.1 1.01e+10 1.1 0.0e+00 0.0e+00 0.0e+00 38 44  0  0  0  41 44  0  0  0  1297
MatCopy             1460 1.0 1.8456e-01 1.1 0.00e+00 0.0 0.0e+00 0.0e+00 0.0e+00  0  0  0  0  0   0  0  0  0  0     0
MatConvert             1 1.0 1.0221e-03 1.2 0.00e+00 0.0 0.0e+00 0.0e+00 0.0e+00  0  0  0  0  0   0  0  0  0  0     0
SFSetGraph          1460 1.0 9.1699e-02 1.0 0.00e+00 0.0 0.0e+00 0.0e+00 0.0e+00  0  0  0  0  0   0  0  0  0  0     0
SFReduceBegin       1460 1.0 8.4694e-02 1.6 0.00e+00 0.0 3.3e+04 1.3e+03 0.0e+00  0  0 16  5  0   0  0 16  5  0     0
SFReduceEnd         1460 1.0 1.1977e-02 1.1 0.00e+00 0.0 0.0e+00 0.0e+00 0.0e+00  0  0  0  0  0   0  0  0  0  0     0
SolveSystem            1 1.0 4.8876e+01 1.0 2.30e+10 1.1 2.1e+05 4.4e+03 1.0e+05 93100100100 77 100100100100100  1311
KSPGMRESOrthog     20440 1.0 5.5699e+00 2.4 2.14e+09 1.1 0.0e+00 0.0e+00 2.0e+04  8  9  0  0 15   8  9  0  0 20  1065
KSPSetUp            4380 1.0 2.2598e-01 1.3 0.00e+00 0.0 0.0e+00 0.0e+00 5.8e+03  0  0  0  0  4   0  0  0  0  6     0
KSPSolve            1460 1.0 4.3978e+01 1.0 2.30e+10 1.1 1.4e+05 5.0e+03 7.3e+04 84100 67 76 55  90100 67 76 71  1455
PCSetUp             1460 1.0 2.3711e-01 1.0 0.00e+00 0.0 0.0e+00 0.0e+00 2.9e+03  0  0  0  0  2   0  0  0  0  3     0
PCApply             7300 1.0 3.9858e+01 1.1 2.09e+10 1.1 1.2e+05 5.0e+03 3.1e+04 74 91 56 64 23  79 91 56 64 30  1457

--- Event Stage 4: Destroying obj

DestroyBC              1 1.0 3.6573e-04 1.1 0.00e+00 0.0 0.0e+00 0.0e+00 0.0e+00  0  0  0  0  0  82  0  0  0  0     0
DestroyProperties       1 1.0 1.8358e-05 2.9 0.00e+00 0.0 0.0e+00 0.0e+00 0.0e+00  0  0  0  0  0   2  0  0  0  0     0
DestroyGeometry        1 1.0 1.3113e-05 1.1 0.00e+00 0.0 0.0e+00 0.0e+00 0.0e+00  0  0  0  0  0   3  0  0  0  0     0
------------------------------------------------------------------------------------------------------------------------

Memory usage is given in bytes:

Object Type          Creations   Destructions     Memory  Descendants' Mem.
Reports information only for process 0.

--- Event Stage 0: Main Stage

              Viewer     1              0            0     0.

--- Event Stage 1: Loading Files

              Vector  5852              5        98024     0.
      Vector Scatter     2              1        46072     0.
    Distributed Mesh     1              0            0     0.
Star Forest Bipartite Graph     2              0            0     0.
     Discrete System     1              0            0     0.
           Index Set  4387              4        73104     0.
   IS L to G Mapping     1              0            0     0.
   Application Order     1              0            0     0.
              Viewer     1              1          776     0.

--- Event Stage 2: Setting up

              Vector     4              3        54824     0.
      Vector Scatter     1              0            0     0.
              Matrix     3              0            0     0.
Star Forest Bipartite Graph     1              1          848     0.
           Index Set     2              2         4052     0.

--- Event Stage 3: Solving

              Vector 59863          55481   2471255064     0.
      Vector Scatter  5841           5841     37832544     0.
              Matrix     3              3      1854300     0.
Star Forest Bipartite Graph  1460           1460      1238080     0.
           Index Set  5840           5840      4531840     0.
              Viewer  1462           1462      1134512     0.
       Krylov Solver  4381           4381     72849320     0.
      Preconditioner  4380           4380      3936160     0.

--- Event Stage 4: Destroying obj

              Vector     0             11       187304     0.
      Vector Scatter     0              1         1072     0.
              Matrix     0              3      1989296     0.
           Index Set     0              3         7328     0.
========================================================================================================================
Average time to get PetscTime(): 4.76837e-08
Average time for MPI_Barrier(): 1.43051e-06
Average time for zero size MPI_Send(): 2.86102e-06
#PETSc Option Table entries:
-Input_file_bc 25x25x25_bc.txt
-Input_file_gmtry 25x25x25_gmtry.txt
-Input_file_init_sol 25x25x25_Sol.h5
-Input_file_ppt 25x25x25_properties.txt
-Input_file_ppt_by_zones 25x25x25_zones.txt
-Input_type_bc 2
-Input_type_gmtry 2
-Input_type_init_sol 3
-Input_type_tplgy 0
-ksp_type gmres
-log_view ascii:25x25x25_NP3_KSPgmres_PCmg.log
-Output_type_ppt 3
-pc_type mg
-Project_name 25x25x25
-Run_options_scheme 2
-Run_options_time 1
#End of PETSc Option Table entries
Compiled without FORTRAN kernels
Compiled with full precision matrices (default)
sizeof(short) 2 sizeof(int) 4 sizeof(long) 8 sizeof(void*) 8 sizeof(PetscScalar) 8 sizeof(PetscInt) 4
Configure options: --with-shared-libraries --with-debugging=0 --with-mpi-dir=/MyLibs/MPICH/mpich-3.2/arch-centos-opt --with-cxx=0 --with-hdf5-dir=/MyLibs/HDF5/hdf5-1.8.17/arch-centos-parallel-opt/ PETSC_ARCH=arch-centos-opt-v3.7.2-mpich-v3.2-hdf5-v1.8.17 FOPTFLAGS="optimization flags" COPTFLAGS="optimization flags"
-----------------------------------------
Libraries compiled on Wed Aug 17 12:00:13 2016 on poroso-medellin-unal-edu-co 
Machine characteristics: Linux-3.10.0-327.28.2.el7.x86_64-x86_64-with-centos-7.2.1511-Core
Using PETSc directory: /MyLibs/PETSc
Using PETSc arch: arch-centos-opt-v3.7.2-mpich-v3.2-hdf5-v1.8.17
-----------------------------------------

Using C compiler: /MyLibs/MPICH/mpich-3.2/arch-centos-opt/bin/mpicc  -fPIC  -Wall -Wwrite-strings -Wno-strict-aliasing -Wno-unknown-pragmas -fvisibility=hidden  ${COPTFLAGS} ${CFLAGS}
Using Fortran compiler: /MyLibs/MPICH/mpich-3.2/arch-centos-opt/bin/mpif90  -fPIC -Wall -ffree-line-length-0 -Wno-unused-dummy-argument   ${FOPTFLAGS} ${FFLAGS} 
-----------------------------------------

Using include paths: -I/MyLibs/PETSc/arch-centos-opt-v3.7.2-mpich-v3.2-hdf5-v1.8.17/include -I/MyLibs/PETSc/include -I/MyLibs/PETSc/include -I/MyLibs/PETSc/arch-centos-opt-v3.7.2-mpich-v3.2-hdf5-v1.8.17/include -I/MyLibs/HDF5/hdf5-1.8.17/arch-centos-parallel-opt/include -I/MyLibs/MPICH/mpich-3.2/arch-centos-opt/include
-----------------------------------------

Using C linker: /MyLibs/MPICH/mpich-3.2/arch-centos-opt/bin/mpicc
Using Fortran linker: /MyLibs/MPICH/mpich-3.2/arch-centos-opt/bin/mpif90
Using libraries: -Wl,-rpath,/MyLibs/PETSc/arch-centos-opt-v3.7.2-mpich-v3.2-hdf5-v1.8.17/lib -L/MyLibs/PETSc/arch-centos-opt-v3.7.2-mpich-v3.2-hdf5-v1.8.17/lib -lpetsc -llapack -lblas -Wl,-rpath,/MyLibs/HDF5/hdf5-1.8.17/arch-centos-parallel-opt/lib -L/MyLibs/HDF5/hdf5-1.8.17/arch-centos-parallel-opt/lib -lhdf5hl_fortran -lhdf5_fortran -lhdf5_hl -lhdf5 -lpthread -lm -Wl,-rpath,/MyLibs/MPICH/mpich-3.2/arch-centos-opt/lib -L/MyLibs/MPICH/mpich-3.2/arch-centos-opt/lib -Wl,-rpath,/usr/lib/gcc/x86_64-redhat-linux/4.8.5 -L/usr/lib/gcc/x86_64-redhat-linux/4.8.5 -lmpifort -lgfortran -lm -lgfortran -lm -lquadmath -lm -Wl,-rpath,/MyLibs/MPICH/mpich-3.2/arch-centos-opt/lib -L/MyLibs/MPICH/mpich-3.2/arch-centos-opt/lib -Wl,-rpath,/usr/lib/gcc/x86_64-redhat-linux/4.8.5 -L/usr/lib/gcc/x86_64-redhat-linux/4.8.5 -ldl -Wl,-rpath,/MyLibs/MPICH/mpich-3.2/arch-centos-opt/lib -lmpi -lgcc_s -ldl 
-----------------------------------------

