************************************************************************************************************************
***             WIDEN YOUR WINDOW TO 120 CHARACTERS.  Use 'enscript -r -fCourier9' to print this document            ***
************************************************************************************************************************

---------------------------------------------- PETSc Performance Summary: ----------------------------------------------

../../src/ANISOFLOW                                                                                                                                                                                                                                             ˻d on a arch-centos-opt-v3.7.2-mpich-v3.2-hdf5-v1.8.17 named poroso-medellin-unal-edu-co with 24 processors, by sospinar Sat Oct 15 18:25:53 2016
Using Petsc Release Version 3.7.3, unknown 

                         Max       Max/Min        Avg      Total 
Time (sec):           2.296e+01      1.00006   2.296e+01
Objects:              6.137e+04      1.00000   6.137e+04
Flops:                8.150e+08      1.43610   6.612e+08  1.587e+10
Flops/sec:            3.550e+07      1.43605   2.880e+07  6.912e+08
MPI Messages:         3.168e+05      1.80792   2.180e+05  5.233e+06
MPI Message Lengths:  9.060e+08     15.73459   5.643e+02  2.953e+09
MPI Reductions:       1.172e+05      1.00000

Flop counting convention: 1 flop = 1 real number operation of type (multiply/divide/add/subtract)
                            e.g., VecAXPY() for real vectors of length N --> 2N flops
                            and VecAXPY() for complex vectors of length N --> 8N flops

Summary of Stages:   ----- Time ------  ----- Flops -----  --- Messages ---  -- Message Lengths --  -- Reductions --
                        Avg     %Total     Avg     %Total   counts   %Total     Avg         %Total   counts   %Total 
 0:      Main Stage: 2.2489e-04   0.0%  0.0000e+00   0.0%  0.000e+00   0.0%  0.000e+00        0.0%  0.000e+00   0.0% 
 1:   Loading Files: 4.0261e+00  17.5%  0.0000e+00   0.0%  1.462e+03   0.0%  1.072e-01        0.0%  3.069e+04  26.2% 
 2:      Setting up: 1.2414e-02   0.1%  0.0000e+00   0.0%  7.680e+02   0.0%  2.003e-02        0.0%  1.700e+01   0.0% 
 3:         Solving: 1.8918e+01  82.4%  1.5869e+10 100.0%  5.231e+06 100.0%  5.642e+02      100.0%  8.653e+04  73.8% 
 4:  Destroying obj: 1.1524e-03   0.0%  0.0000e+00   0.0%  0.000e+00   0.0%  0.000e+00        0.0%  0.000e+00   0.0% 

------------------------------------------------------------------------------------------------------------------------
See the 'Profiling' chapter of the users' manual for details on interpreting output.
Phase summary info:
   Count: number of times phase was executed
   Time and Flops: Max - maximum over all processors
                   Ratio - ratio of maximum to minimum over all processors
   Mess: number of messages sent
   Avg. len: average message length (bytes)
   Reduct: number of global reductions
   Global: entire computation
   Stage: stages of a computation. Set stages with PetscLogStagePush() and PetscLogStagePop().
      %T - percent time in this phase         %F - percent flops in this phase
      %M - percent messages in this phase     %L - percent message lengths in this phase
      %R - percent reductions in this phase
   Total Mflop/s: 10e-6 * (sum of flops over all processors)/(max time over all processors)
------------------------------------------------------------------------------------------------------------------------
Event                Count      Time (sec)     Flops                             --- Global ---  --- Stage ---   Total
                   Max Ratio  Max     Ratio   Max  Ratio  Mess   Avg len Reduct  %T %F %M %L %R  %T %F %M %L %R Mflop/s
------------------------------------------------------------------------------------------------------------------------

--- Event Stage 0: Main Stage


--- Event Stage 1: Loading Files

GetGeometry            1 1.0 3.5503e-03 1.0 0.00e+00 0.0 5.1e+02 7.0e+01 1.3e+01  0  0  0  0  0   0  0 35  6  0     0
VecView                1 1.0 3.7334e-03 1.0 0.00e+00 0.0 0.0e+00 0.0e+00 0.0e+00  0  0  0  0  0   0  0  0  0  0     0
VecMax                 2 1.0 1.1444e-05 1.8 0.00e+00 0.0 0.0e+00 0.0e+00 0.0e+00  0  0  0  0  0   0  0  0  0  0     0
VecCopy                2 1.0 4.5300e-06 1.9 0.00e+00 0.0 0.0e+00 0.0e+00 0.0e+00  0  0  0  0  0   0  0  0  0  0     0
VecSet                 8 1.0 3.9816e-05 2.8 0.00e+00 0.0 0.0e+00 0.0e+00 0.0e+00  0  0  0  0  0   0  0  0  0  0     0
VecAssemblyBegin    5845 1.0 1.7812e-01 1.2 0.00e+00 0.0 4.6e+01 3.9e+03 1.8e+04  1  0  0  0 15   4  0  3 32 57     0
VecAssemblyEnd      5845 1.0 5.2383e-03 2.0 0.00e+00 0.0 0.0e+00 0.0e+00 0.0e+00  0  0  0  0  0   0  0  0  0  0     0
VecScatterBegin        2 1.0 1.2207e-04 2.3 0.00e+00 0.0 3.8e+02 4.5e+02 0.0e+00  0  0  0  0  0   0  0 26 30  0     0
VecScatterEnd          2 1.0 1.1778e-04 5.1 0.00e+00 0.0 0.0e+00 0.0e+00 0.0e+00  0  0  0  0  0   0  0  0  0  0     0
GetProrperties         1 1.0 2.5057e-02 1.0 0.00e+00 0.0 9.5e+02 5.5e+02 2.1e+01  0  0  0  0  0   1  0 65 94  0     0
GetConductivity        1 1.0 2.0766e-04 1.3 0.00e+00 0.0 0.0e+00 0.0e+00 0.0e+00  0  0  0  0  0   0  0  0  0  0     0
GetSpecificStorage       1 1.0 3.1376e-04 1.5 0.00e+00 0.0 0.0e+00 0.0e+00 2.0e+00  0  0  0  0  0   0  0  0  0  0     0
GetBC                  1 1.0 3.9976e+00 1.0 0.00e+00 0.0 0.0e+00 0.0e+00 3.1e+04 17  0  0  0 26  99  0  0  0100     0

--- Event Stage 2: Setting up

BuildTwoSided          1 1.0 9.3460e-05 2.2 0.00e+00 0.0 0.0e+00 0.0e+00 0.0e+00  0  0  0  0  0   1  0  0  0  0     0
VecSet                 2 1.0 2.1458e-06 1.8 0.00e+00 0.0 0.0e+00 0.0e+00 0.0e+00  0  0  0  0  0   0  0  0  0  0     0
VecScatterBegin        1 1.0 3.1948e-05 3.4 0.00e+00 0.0 2.6e+02 2.7e+02 0.0e+00  0  0  0  0  0   0  0 33 66  0     0
VecScatterEnd          1 1.0 2.5749e-05 3.5 0.00e+00 0.0 0.0e+00 0.0e+00 0.0e+00  0  0  0  0  0   0  0  0  0  0     0
MatAssemblyBegin       2 1.0 5.7909e-0343.5 0.00e+00 0.0 0.0e+00 0.0e+00 4.0e+00  0  0  0  0  0  21  0  0  0 24     0
MatAssemblyEnd         2 1.0 1.0705e-03 1.1 0.00e+00 0.0 5.1e+02 7.0e+01 8.0e+00  0  0  0  0  0   8  0 67 34 47     0
SFSetGraph             1 1.0 1.5974e-05 2.8 0.00e+00 0.0 0.0e+00 0.0e+00 0.0e+00  0  0  0  0  0   0  0  0  0  0     0
SFReduceBegin          1 1.0 1.6761e-04 2.3 0.00e+00 0.0 0.0e+00 0.0e+00 0.0e+00  0  0  0  0  0   1  0  0  0  0     0
SFReduceEnd            1 1.0 2.8610e-06 1.5 0.00e+00 0.0 0.0e+00 0.0e+00 0.0e+00  0  0  0  0  0   0  0  0  0  0     0
BuildSystem            1 1.0 1.2433e-02 1.0 0.00e+00 0.0 7.7e+02 1.4e+02 1.7e+01  0  0  0  0  0 100  0100100100     0

--- Event Stage 3: Solving

BuildTwoSided       1460 1.0 1.7688e+0012.8 0.00e+00 0.0 3.1e+05 4.0e+00 0.0e+00  3  0  6  0  0   4  0  6  0  0     0
VecView             1461 1.0 3.1753e+00 1.1 0.00e+00 0.0 0.0e+00 0.0e+00 0.0e+00 13  0  0  0  0  16  0  0  0  0     0
VecMDot            13333 1.0 1.0958e+00 2.1 1.11e+08 1.4 0.0e+00 0.0e+00 1.3e+04  3 13  0  0 11   4 13  0  0 15  1927
VecNorm            14793 1.0 2.1115e-01 1.6 2.42e+07 1.4 0.0e+00 0.0e+00 1.5e+04  1  3  0  0 13   1  3  0  0 17  2189
VecScale           14793 1.0 1.9493e-02 1.4 1.21e+07 1.4 0.0e+00 0.0e+00 0.0e+00  0  1  0  0  0   0  1  0  0  0 11857
VecCopy             1460 1.0 2.4152e-03 1.3 0.00e+00 0.0 0.0e+00 0.0e+00 0.0e+00  0  0  0  0  0   0  0  0  0  0     0
VecSet             10221 1.0 1.4041e-02 1.3 0.00e+00 0.0 0.0e+00 0.0e+00 0.0e+00  0  0  0  0  0   0  0  0  0  0     0
VecAXPY             2920 1.0 4.5459e-03 1.2 4.78e+06 1.4 0.0e+00 0.0e+00 0.0e+00  0  1  0  0  0   0  1  0  0  0 20073
VecMAXPY           14793 1.0 1.9132e-01 1.4 1.33e+08 1.4 0.0e+00 0.0e+00 0.0e+00  1 16  0  0  0   1 16  0  0  0 13224
VecPointwiseMult   20633 1.0 8.6907e-02 1.4 1.45e+07 1.4 0.0e+00 0.0e+00 0.0e+00  0  2  0  0  0   0  2  0  0  0  3185
VecLoad                1 1.0 1.0495e-03 1.2 0.00e+00 0.0 0.0e+00 0.0e+00 0.0e+00  0  0  0  0  0   0  0  0  0  0     0
VecScatterBegin    22093 1.0 6.3602e-01 5.8 0.00e+00 0.0 3.5e+06 4.5e+02 0.0e+00  1  0 66 53  0   1  0 66 53  0     0
VecScatterEnd      22093 1.0 2.1667e+0023.0 0.00e+00 0.0 0.0e+00 0.0e+00 0.0e+00  6  0  0  0  0   8  0  0  0  0     0
VecNormalize       14793 1.0 2.4391e-01 1.4 3.63e+07 1.4 0.0e+00 0.0e+00 1.5e+04  1  4  0  0 13   1  4  0  0 17  2843
MatMult            13333 1.0 1.9357e+00 1.4 5.16e+08 1.4 3.4e+06 2.7e+02 0.0e+00  8 64 65 31  0   9 64 65 31  0  5251
MatCopy             1460 1.0 3.2368e-01 1.3 0.00e+00 0.0 0.0e+00 0.0e+00 0.0e+00  1  0  0  0  0   2  0  0  0  0     0
MatConvert             1 1.0 7.5436e-04 1.6 0.00e+00 0.0 0.0e+00 0.0e+00 0.0e+00  0  0  0  0  0   0  0  0  0  0     0
SFSetGraph          1460 1.0 1.6727e-01 1.1 0.00e+00 0.0 0.0e+00 0.0e+00 0.0e+00  1  0  0  0  0   1  0  0  0  0     0
SFReduceBegin       1460 1.0 1.8320e+00 8.0 0.00e+00 0.0 1.5e+06 2.3e+02 0.0e+00  3  0 29 12  0   4  0 29 12  0     0
SFReduceEnd         1460 1.0 4.0452e-0212.6 0.00e+00 0.0 0.0e+00 0.0e+00 0.0e+00  0  0  0  0  0   0  0  0  0  0     0
SolveSystem            1 1.0 1.8918e+01 1.0 8.15e+08 1.4 5.2e+06 5.6e+02 8.7e+04 82100100100 74 100100100100100   839
KSPGMRESOrthog     13333 1.0 1.2316e+00 1.8 2.21e+08 1.4 0.0e+00 0.0e+00 1.3e+04  4 27  0  0 11   5 27  0  0 15  3431
KSPSetUp            1460 1.0 6.0544e-01 3.9 0.00e+00 0.0 0.0e+00 0.0e+00 2.9e+03  2  0  0  0  2   3  0  0  0  3     0
KSPSolve            1460 1.0 3.5234e+00 1.0 8.10e+08 1.4 3.4e+06 2.7e+02 6.0e+04 15 99 65 31 51  19 99 65 31 70  4478
PCSetUp             1460 1.0 6.7258e-04 1.1 0.00e+00 0.0 0.0e+00 0.0e+00 0.0e+00  0  0  0  0  0   0  0  0  0  0     0
PCApply            14793 1.0 2.5365e-01 1.3 1.21e+07 1.4 0.0e+00 0.0e+00 2.9e+03  1  1  0  0  2   1  1  0  0  3   911

--- Event Stage 4: Destroying obj

DestroyBC              1 1.0 1.0839e-03 1.4 0.00e+00 0.0 0.0e+00 0.0e+00 0.0e+00  0  0  0  0  0  82  0  0  0  0     0
DestroyProperties       1 1.0 1.3304e-0418.0 0.00e+00 0.0 0.0e+00 0.0e+00 0.0e+00  0  0  0  0  0   1  0  0  0  0     0
DestroyGeometry        1 1.0 1.4043e-04 6.8 0.00e+00 0.0 0.0e+00 0.0e+00 0.0e+00  0  0  0  0  0   3  0  0  0  0     0
------------------------------------------------------------------------------------------------------------------------

Memory usage is given in bytes:

Object Type          Creations   Destructions     Memory  Descendants' Mem.
Reports information only for process 0.

--- Event Stage 0: Main Stage

              Viewer     1              0            0     0.

--- Event Stage 1: Loading Files

              Vector  5852              5        21128     0.
      Vector Scatter     2              1         2840     0.
    Distributed Mesh     1              0            0     0.
Star Forest Bipartite Graph     2              0            0     0.
     Discrete System     1              0            0     0.
           Index Set  4387              4        14136     0.
   IS L to G Mapping     1              0            0     0.
   Application Order     1              0            0     0.
              Viewer     1              1          776     0.

--- Event Stage 2: Setting up

              Vector     4              3        13784     0.
      Vector Scatter     1              0            0     0.
              Matrix     3              0            0     0.
Star Forest Bipartite Graph     1              1          848     0.
           Index Set     2              2         2756     0.

--- Event Stage 3: Solving

              Vector 33583          29201    234929592     0.
      Vector Scatter  5841           5841     57279792     0.
              Matrix     3              3       273684     0.
Star Forest Bipartite Graph  1460           1460      1238080     0.
           Index Set  5840           5840      4531840     0.
              Viewer  1462           1462      1134512     0.
       Krylov Solver  1461           1461     26865160     0.
      Preconditioner  1460           1460      1238080     0.

--- Event Stage 4: Destroying obj

              Vector     0             11        55544     0.
      Vector Scatter     0              1         1072     0.
              Matrix     0              3       273680     0.
           Index Set     0              3         7328     0.
========================================================================================================================
Average time to get PetscTime(): 9.53674e-08
Average time for MPI_Barrier(): 4.86374e-06
Average time for zero size MPI_Send(): 3.93391e-06
#PETSc Option Table entries:
-Input_file_bc 25x25x25_bc.txt
-Input_file_gmtry 25x25x25_gmtry.txt
-Input_file_init_sol 25x25x25_Sol.h5
-Input_file_ppt 25x25x25_properties.txt
-Input_file_ppt_by_zones 25x25x25_zones.txt
-Input_type_bc 2
-Input_type_gmtry 2
-Input_type_init_sol 3
-Input_type_tplgy 0
-ksp_type gmres
-log_view ascii:25x25x25_NP24_KSPgmres_PCjacobi.log
-Output_type_ppt 3
-pc_type jacobi
-Project_name 25x25x25
-Run_options_scheme 2
-Run_options_time 1
#End of PETSc Option Table entries
Compiled without FORTRAN kernels
Compiled with full precision matrices (default)
sizeof(short) 2 sizeof(int) 4 sizeof(long) 8 sizeof(void*) 8 sizeof(PetscScalar) 8 sizeof(PetscInt) 4
Configure options: --with-shared-libraries --with-debugging=0 --with-mpi-dir=/MyLibs/MPICH/mpich-3.2/arch-centos-opt --with-cxx=0 --with-hdf5-dir=/MyLibs/HDF5/hdf5-1.8.17/arch-centos-parallel-opt/ PETSC_ARCH=arch-centos-opt-v3.7.2-mpich-v3.2-hdf5-v1.8.17 FOPTFLAGS="optimization flags" COPTFLAGS="optimization flags"
-----------------------------------------
Libraries compiled on Wed Aug 17 12:00:13 2016 on poroso-medellin-unal-edu-co 
Machine characteristics: Linux-3.10.0-327.28.2.el7.x86_64-x86_64-with-centos-7.2.1511-Core
Using PETSc directory: /MyLibs/PETSc
Using PETSc arch: arch-centos-opt-v3.7.2-mpich-v3.2-hdf5-v1.8.17
-----------------------------------------

Using C compiler: /MyLibs/MPICH/mpich-3.2/arch-centos-opt/bin/mpicc  -fPIC  -Wall -Wwrite-strings -Wno-strict-aliasing -Wno-unknown-pragmas -fvisibility=hidden  ${COPTFLAGS} ${CFLAGS}
Using Fortran compiler: /MyLibs/MPICH/mpich-3.2/arch-centos-opt/bin/mpif90  -fPIC -Wall -ffree-line-length-0 -Wno-unused-dummy-argument   ${FOPTFLAGS} ${FFLAGS} 
-----------------------------------------

Using include paths: -I/MyLibs/PETSc/arch-centos-opt-v3.7.2-mpich-v3.2-hdf5-v1.8.17/include -I/MyLibs/PETSc/include -I/MyLibs/PETSc/include -I/MyLibs/PETSc/arch-centos-opt-v3.7.2-mpich-v3.2-hdf5-v1.8.17/include -I/MyLibs/HDF5/hdf5-1.8.17/arch-centos-parallel-opt/include -I/MyLibs/MPICH/mpich-3.2/arch-centos-opt/include
-----------------------------------------

Using C linker: /MyLibs/MPICH/mpich-3.2/arch-centos-opt/bin/mpicc
Using Fortran linker: /MyLibs/MPICH/mpich-3.2/arch-centos-opt/bin/mpif90
Using libraries: -Wl,-rpath,/MyLibs/PETSc/arch-centos-opt-v3.7.2-mpich-v3.2-hdf5-v1.8.17/lib -L/MyLibs/PETSc/arch-centos-opt-v3.7.2-mpich-v3.2-hdf5-v1.8.17/lib -lpetsc -llapack -lblas -Wl,-rpath,/MyLibs/HDF5/hdf5-1.8.17/arch-centos-parallel-opt/lib -L/MyLibs/HDF5/hdf5-1.8.17/arch-centos-parallel-opt/lib -lhdf5hl_fortran -lhdf5_fortran -lhdf5_hl -lhdf5 -lpthread -lm -Wl,-rpath,/MyLibs/MPICH/mpich-3.2/arch-centos-opt/lib -L/MyLibs/MPICH/mpich-3.2/arch-centos-opt/lib -Wl,-rpath,/usr/lib/gcc/x86_64-redhat-linux/4.8.5 -L/usr/lib/gcc/x86_64-redhat-linux/4.8.5 -lmpifort -lgfortran -lm -lgfortran -lm -lquadmath -lm -Wl,-rpath,/MyLibs/MPICH/mpich-3.2/arch-centos-opt/lib -L/MyLibs/MPICH/mpich-3.2/arch-centos-opt/lib -Wl,-rpath,/usr/lib/gcc/x86_64-redhat-linux/4.8.5 -L/usr/lib/gcc/x86_64-redhat-linux/4.8.5 -ldl -Wl,-rpath,/MyLibs/MPICH/mpich-3.2/arch-centos-opt/lib -lmpi -lgcc_s -ldl 
-----------------------------------------

