************************************************************************************************************************
***             WIDEN YOUR WINDOW TO 120 CHARACTERS.  Use 'enscript -r -fCourier9' to print this document            ***
************************************************************************************************************************

---------------------------------------------- PETSc Performance Summary: ----------------------------------------------

../../src/ANISOFLOW                                                                                                                                                                                                                                             ˻d on a arch-centos-opt-v3.7.2-mpich-v3.2-hdf5-v1.8.17 named poroso-medellin-unal-edu-co with 27 processors, by sospinar Sat Oct 15 18:40:42 2016
Using Petsc Release Version 3.7.3, unknown 

                         Max       Max/Min        Avg      Total 
Time (sec):           3.394e+01      1.00004   3.394e+01
Objects:              7.159e+04      1.00000   7.159e+04
Flops:                9.266e+08      1.46171   7.337e+08  1.981e+10
Flops/sec:            2.730e+07      1.46167   2.162e+07  5.837e+08
MPI Messages:         3.118e+05      2.43874   1.856e+05  5.012e+06
MPI Message Lengths:  1.003e+09     23.40346   5.802e+02  2.908e+09
MPI Reductions:       1.052e+05      1.00000

Flop counting convention: 1 flop = 1 real number operation of type (multiply/divide/add/subtract)
                            e.g., VecAXPY() for real vectors of length N --> 2N flops
                            and VecAXPY() for complex vectors of length N --> 8N flops

Summary of Stages:   ----- Time ------  ----- Flops -----  --- Messages ---  -- Message Lengths --  -- Reductions --
                        Avg     %Total     Avg     %Total   counts   %Total     Avg         %Total   counts   %Total 
 0:      Main Stage: 2.5749e-04   0.0%  0.0000e+00   0.0%  0.000e+00   0.0%  0.000e+00        0.0%  0.000e+00   0.0% 
 1:   Loading Files: 6.8391e+00  20.2%  0.0000e+00   0.0%  2.134e+03   0.0%  1.152e-01        0.0%  3.069e+04  29.2% 
 2:      Setting up: 1.2724e-02   0.0%  0.0000e+00   0.0%  9.480e+02   0.0%  2.123e-02        0.0%  1.700e+01   0.0% 
 3:         Solving: 2.7084e+01  79.8%  1.9810e+10 100.0%  5.009e+06  99.9%  5.801e+02      100.0%  7.446e+04  70.8% 
 4:  Destroying obj: 1.1858e-03   0.0%  0.0000e+00   0.0%  0.000e+00   0.0%  0.000e+00        0.0%  0.000e+00   0.0% 

------------------------------------------------------------------------------------------------------------------------
See the 'Profiling' chapter of the users' manual for details on interpreting output.
Phase summary info:
   Count: number of times phase was executed
   Time and Flops: Max - maximum over all processors
                   Ratio - ratio of maximum to minimum over all processors
   Mess: number of messages sent
   Avg. len: average message length (bytes)
   Reduct: number of global reductions
   Global: entire computation
   Stage: stages of a computation. Set stages with PetscLogStagePush() and PetscLogStagePop().
      %T - percent time in this phase         %F - percent flops in this phase
      %M - percent messages in this phase     %L - percent message lengths in this phase
      %R - percent reductions in this phase
   Total Mflop/s: 10e-6 * (sum of flops over all processors)/(max time over all processors)
------------------------------------------------------------------------------------------------------------------------
Event                Count      Time (sec)     Flops                             --- Global ---  --- Stage ---   Total
                   Max Ratio  Max     Ratio   Max  Ratio  Mess   Avg len Reduct  %T %F %M %L %R  %T %F %M %L %R Mflop/s
------------------------------------------------------------------------------------------------------------------------

--- Event Stage 0: Main Stage


--- Event Stage 1: Loading Files

GetGeometry            1 1.0 4.2100e-03 1.0 0.00e+00 0.0 6.3e+02 5.7e+01 1.3e+01  0  0  0  0  0   0  0 30  6  0     0
VecView                1 1.0 6.8500e-03 1.0 0.00e+00 0.0 0.0e+00 0.0e+00 0.0e+00  0  0  0  0  0   0  0  0  0  0     0
VecMax                 2 1.0 1.1683e-05 1.7 0.00e+00 0.0 0.0e+00 0.0e+00 0.0e+00  0  0  0  0  0   0  0  0  0  0     0
VecCopy                2 1.0 4.7684e-06 1.8 0.00e+00 0.0 0.0e+00 0.0e+00 0.0e+00  0  0  0  0  0   0  0  0  0  0     0
VecSet                 8 1.0 4.0770e-05 2.7 0.00e+00 0.0 0.0e+00 0.0e+00 0.0e+00  0  0  0  0  0   0  0  0  0  0     0
VecAssemblyBegin    5845 1.0 1.8588e-01 1.2 0.00e+00 0.0 5.2e+01 3.4e+03 1.8e+04  1  0  0  0 17   2  0  2 31 57     0
VecAssemblyEnd      5845 1.0 5.4417e-03 1.8 0.00e+00 0.0 0.0e+00 0.0e+00 0.0e+00  0  0  0  0  0   0  0  0  0  0     0
VecScatterBegin        2 1.0 1.4949e-04 3.5 0.00e+00 0.0 5.3e+02 3.4e+02 0.0e+00  0  0  0  0  0   0  0 25 31  0     0
VecScatterEnd          2 1.0 2.1243e-04 8.9 0.00e+00 0.0 0.0e+00 0.0e+00 0.0e+00  0  0  0  0  0   0  0  0  0  0     0
GetProrperties         1 1.0 3.5473e-02 1.0 0.00e+00 0.0 1.5e+03 3.6e+02 2.1e+01  0  0  0  0  0   1  0 70 94  0     0
GetConductivity        1 1.0 4.6229e-04 1.6 0.00e+00 0.0 0.0e+00 0.0e+00 0.0e+00  0  0  0  0  0   0  0  0  0  0     0
GetSpecificStorage       1 1.0 3.4764e-0316.5 0.00e+00 0.0 0.0e+00 0.0e+00 2.0e+00  0  0  0  0  0   0  0  0  0  0     0
GetBC                  1 1.0 6.7995e+00 1.0 0.00e+00 0.0 0.0e+00 0.0e+00 3.1e+04 20  0  0  0 29  99  0  0  0100     0

--- Event Stage 2: Setting up

BuildTwoSided          1 1.0 1.0800e-04 2.2 0.00e+00 0.0 0.0e+00 0.0e+00 0.0e+00  0  0  0  0  0   1  0  0  0  0     0
VecSet                 2 1.0 2.3842e-06 2.0 0.00e+00 0.0 0.0e+00 0.0e+00 0.0e+00  0  0  0  0  0   0  0  0  0  0     0
VecScatterBegin        1 1.0 4.5538e-05 4.2 0.00e+00 0.0 3.2e+02 2.2e+02 0.0e+00  0  0  0  0  0   0  0 33 66  0     0
VecScatterEnd          1 1.0 4.3869e-05 4.4 0.00e+00 0.0 0.0e+00 0.0e+00 0.0e+00  0  0  0  0  0   0  0  0  0  0     0
MatAssemblyBegin       2 1.0 6.3589e-0378.2 0.00e+00 0.0 0.0e+00 0.0e+00 4.0e+00  0  0  0  0  0  24  0  0  0 24     0
MatAssemblyEnd         2 1.0 1.1060e-03 1.1 0.00e+00 0.0 6.3e+02 5.7e+01 8.0e+00  0  0  0  0  0   8  0 67 34 47     0
SFSetGraph             1 1.0 2.1458e-05 4.1 0.00e+00 0.0 0.0e+00 0.0e+00 0.0e+00  0  0  0  0  0   0  0  0  0  0     0
SFReduceBegin          1 1.0 1.8430e-04 1.7 0.00e+00 0.0 0.0e+00 0.0e+00 0.0e+00  0  0  0  0  0   1  0  0  0  0     0
SFReduceEnd            1 1.0 2.8610e-06 1.5 0.00e+00 0.0 0.0e+00 0.0e+00 0.0e+00  0  0  0  0  0   0  0  0  0  0     0
BuildSystem            1 1.0 1.2772e-02 1.0 0.00e+00 0.0 9.5e+02 1.1e+02 1.7e+01  0  0  0  0  0 100  0100100100     0

--- Event Stage 3: Solving

BuildTwoSided       1460 1.0 2.0797e+0014.6 0.00e+00 0.0 3.8e+05 4.0e+00 0.0e+00  2  0  8  0  0   3  0  8  0  0     0
VecView             1461 1.0 3.8568e+00 1.1 0.00e+00 0.0 0.0e+00 0.0e+00 0.0e+00 11  0  0  0  0  13  0  0  0  0     0
VecMDot             8760 1.0 9.4451e-01 3.0 4.47e+07 1.4 0.0e+00 0.0e+00 8.8e+03  2  5  0  0  8   2  5  0  0 12  1014
VecNorm            10220 1.0 9.6123e-01 3.9 1.49e+07 1.4 0.0e+00 0.0e+00 1.0e+04  2  2  0  0 10   3  2  0  0 14   332
VecScale           10220 1.0 1.4496e-02 1.4 7.45e+06 1.4 0.0e+00 0.0e+00 0.0e+00  0  1  0  0  0   0  1  0  0  0 11016
VecCopy             1460 1.0 2.3148e-03 1.2 0.00e+00 0.0 0.0e+00 0.0e+00 0.0e+00  0  0  0  0  0   0  0  0  0  0     0
VecSet             18981 1.0 2.0683e-02 1.2 0.00e+00 0.0 0.0e+00 0.0e+00 0.0e+00  0  0  0  0  0   0  0  0  0  0     0
VecAXPY             2920 1.0 4.4267e-03 1.2 4.26e+06 1.4 0.0e+00 0.0e+00 0.0e+00  0  0  0  0  0   0  0  0  0  0 20613
VecMAXPY           10220 1.0 9.4463e-02 1.4 5.75e+07 1.4 0.0e+00 0.0e+00 0.0e+00  0  6  0  0  0   0  6  0  0  0 13041
VecPointwiseMult    5840 1.0 2.3409e-02 1.7 2.13e+06 1.4 0.0e+00 0.0e+00 0.0e+00  0  0  0  0  0   0  0  0  0  0  1949
VecLoad                1 1.0 1.6644e-03 1.1 0.00e+00 0.0 0.0e+00 0.0e+00 0.0e+00  0  0  0  0  0   0  0  0  0  0     0
VecScatterBegin    17520 1.0 7.1501e-01 7.8 0.00e+00 0.0 2.8e+06 4.8e+02 0.0e+00  0  0 56 47  0   1  0 56 47  0     0
VecScatterEnd      17520 1.0 2.5555e+0035.4 0.00e+00 0.0 0.0e+00 0.0e+00 0.0e+00  5  0  0  0  0   6  0  0  0  0     0
VecNormalize       10220 1.0 9.8836e-01 3.6 2.24e+07 1.4 0.0e+00 0.0e+00 1.0e+04  2  2  0  0 10   3  2  0  0 14   485
MatMult             8760 1.0 1.3667e+00 1.5 3.02e+08 1.4 2.8e+06 2.2e+02 0.0e+00  3 34 55 21  0   4 34 55 21  0  4887
MatSolve           10220 1.0 1.1566e+00 1.5 3.12e+08 1.5 0.0e+00 0.0e+00 0.0e+00  3 33  0  0  0   3 33  0  0  0  5668
MatLUFactorNum      1460 1.0 1.7045e+00 1.6 1.82e+08 1.6 0.0e+00 0.0e+00 0.0e+00  4 19  0  0  0   5 19  0  0  0  2212
MatILUFactorSym     1460 1.0 3.1907e-01 1.3 0.00e+00 0.0 0.0e+00 0.0e+00 0.0e+00  1  0  0  0  0   1  0  0  0  0     0
MatCopy             1460 1.0 4.9626e-01 2.0 0.00e+00 0.0 0.0e+00 0.0e+00 0.0e+00  1  0  0  0  0   2  0  0  0  0     0
MatConvert             1 1.0 9.2292e-04 1.5 0.00e+00 0.0 0.0e+00 0.0e+00 0.0e+00  0  0  0  0  0   0  0  0  0  0     0
MatGetRowIJ         1460 1.0 5.1475e-04 1.3 0.00e+00 0.0 0.0e+00 0.0e+00 0.0e+00  0  0  0  0  0   0  0  0  0  0     0
MatGetOrdering      1460 1.0 4.9326e-02 1.2 0.00e+00 0.0 0.0e+00 0.0e+00 0.0e+00  0  0  0  0  0   0  0  0  0  0     0
SFSetGraph          1460 1.0 1.7325e-01 1.0 0.00e+00 0.0 0.0e+00 0.0e+00 0.0e+00  0  0  0  0  0   1  0  0  0  0     0
SFReduceBegin       1460 1.0 2.1528e+00 8.8 0.00e+00 0.0 1.9e+06 2.1e+02 0.0e+00  3  0 38 14  0   3  0 38 14  0     0
SFReduceEnd         1460 1.0 4.7061e-0213.1 0.00e+00 0.0 0.0e+00 0.0e+00 0.0e+00  0  0  0  0  0   0  0  0  0  0     0
SolveSystem            1 1.0 2.7085e+01 1.0 9.27e+08 1.5 5.0e+06 5.8e+02 7.4e+04 80100100100 71 100100100100100   731
KSPGMRESOrthog      8760 1.0 1.0162e+00 2.5 8.94e+07 1.4 0.0e+00 0.0e+00 8.8e+03  2 10  0  0  8   3 10  0  0 12  1885
KSPSetUp            2920 1.0 9.3482e-01 6.2 0.00e+00 0.0 0.0e+00 0.0e+00 2.9e+03  3  0  0  0  3   3  0  0  0  4     0
KSPSolve            1460 1.0 5.8883e+00 1.0 9.22e+08 1.5 2.8e+06 2.2e+02 4.8e+04 17100 55 21 46  22100 55 21 65  3349
PCSetUp             2920 1.0 2.1755e+00 1.4 1.82e+08 1.6 0.0e+00 0.0e+00 0.0e+00  5 19  0  0  0   7 19  0  0  0  1733
PCSetUpOnBlocks     1460 1.0 2.0877e+00 1.4 1.82e+08 1.6 0.0e+00 0.0e+00 0.0e+00  5 19  0  0  0   6 19  0  0  0  1806
PCApply            10220 1.0 1.4170e+00 1.4 3.12e+08 1.5 0.0e+00 0.0e+00 0.0e+00  3 33  0  0  0   4 33  0  0  0  4626

--- Event Stage 4: Destroying obj

DestroyBC              1 1.0 1.0555e-03 1.4 0.00e+00 0.0 0.0e+00 0.0e+00 0.0e+00  0  0  0  0  0  82  0  0  0  0     0
DestroyProperties       1 1.0 1.4114e-0418.5 0.00e+00 0.0 0.0e+00 0.0e+00 0.0e+00  0  0  0  0  0   1  0  0  0  0     0
DestroyGeometry        1 1.0 1.4997e-04 6.6 0.00e+00 0.0 0.0e+00 0.0e+00 0.0e+00  0  0  0  0  0   3  0  0  0  0     0
------------------------------------------------------------------------------------------------------------------------

Memory usage is given in bytes:

Object Type          Creations   Destructions     Memory  Descendants' Mem.
Reports information only for process 0.

--- Event Stage 0: Main Stage

              Viewer     1              0            0     0.

--- Event Stage 1: Loading Files

              Vector  5852              5        19688     0.
      Vector Scatter     2              1         2040     0.
    Distributed Mesh     1              0            0     0.
Star Forest Bipartite Graph     2              0            0     0.
     Discrete System     1              0            0     0.
           Index Set  4387              4        12936     0.
   IS L to G Mapping     1              0            0     0.
   Application Order     1              0            0     0.
              Viewer     1              1          776     0.

--- Event Stage 2: Setting up

              Vector     4              3        12824     0.
      Vector Scatter     1              0            0     0.
              Matrix     3              0            0     0.
Star Forest Bipartite Graph     1              1          848     0.
           Index Set     2              2         2636     0.

--- Event Stage 3: Solving

              Vector 35043          30661    209548712     0.
      Vector Scatter  5841           5841     57349872     0.
              Matrix  1463           1463    295579116     0.
Star Forest Bipartite Graph  1460           1460      1238080     0.
           Index Set 10220          10220     16445440     0.
              Viewer  1462           1462      1134512     0.
       Krylov Solver  2921           2921     28558760     0.
      Preconditioner  2920           2920      2768160     0.

--- Event Stage 4: Destroying obj

              Vector     0             11        52632     0.
      Vector Scatter     0              1         1072     0.
              Matrix     0              3       244472     0.
           Index Set     0              3         7328     0.
========================================================================================================================
Average time to get PetscTime(): 7.15256e-08
Average time for MPI_Barrier(): 5.96046e-06
Average time for zero size MPI_Send(): 4.16791e-06
#PETSc Option Table entries:
-Input_file_bc 25x25x25_bc.txt
-Input_file_gmtry 25x25x25_gmtry.txt
-Input_file_init_sol 25x25x25_Sol.h5
-Input_file_ppt 25x25x25_properties.txt
-Input_file_ppt_by_zones 25x25x25_zones.txt
-Input_type_bc 2
-Input_type_gmtry 2
-Input_type_init_sol 3
-Input_type_tplgy 0
-ksp_type gmres
-log_view ascii:25x25x25_NP27_KSPgmres_PCbjacobi.log
-Output_type_ppt 3
-pc_type bjacobi
-Project_name 25x25x25
-Run_options_scheme 2
-Run_options_time 1
#End of PETSc Option Table entries
Compiled without FORTRAN kernels
Compiled with full precision matrices (default)
sizeof(short) 2 sizeof(int) 4 sizeof(long) 8 sizeof(void*) 8 sizeof(PetscScalar) 8 sizeof(PetscInt) 4
Configure options: --with-shared-libraries --with-debugging=0 --with-mpi-dir=/MyLibs/MPICH/mpich-3.2/arch-centos-opt --with-cxx=0 --with-hdf5-dir=/MyLibs/HDF5/hdf5-1.8.17/arch-centos-parallel-opt/ PETSC_ARCH=arch-centos-opt-v3.7.2-mpich-v3.2-hdf5-v1.8.17 FOPTFLAGS="optimization flags" COPTFLAGS="optimization flags"
-----------------------------------------
Libraries compiled on Wed Aug 17 12:00:13 2016 on poroso-medellin-unal-edu-co 
Machine characteristics: Linux-3.10.0-327.28.2.el7.x86_64-x86_64-with-centos-7.2.1511-Core
Using PETSc directory: /MyLibs/PETSc
Using PETSc arch: arch-centos-opt-v3.7.2-mpich-v3.2-hdf5-v1.8.17
-----------------------------------------

Using C compiler: /MyLibs/MPICH/mpich-3.2/arch-centos-opt/bin/mpicc  -fPIC  -Wall -Wwrite-strings -Wno-strict-aliasing -Wno-unknown-pragmas -fvisibility=hidden  ${COPTFLAGS} ${CFLAGS}
Using Fortran compiler: /MyLibs/MPICH/mpich-3.2/arch-centos-opt/bin/mpif90  -fPIC -Wall -ffree-line-length-0 -Wno-unused-dummy-argument   ${FOPTFLAGS} ${FFLAGS} 
-----------------------------------------

Using include paths: -I/MyLibs/PETSc/arch-centos-opt-v3.7.2-mpich-v3.2-hdf5-v1.8.17/include -I/MyLibs/PETSc/include -I/MyLibs/PETSc/include -I/MyLibs/PETSc/arch-centos-opt-v3.7.2-mpich-v3.2-hdf5-v1.8.17/include -I/MyLibs/HDF5/hdf5-1.8.17/arch-centos-parallel-opt/include -I/MyLibs/MPICH/mpich-3.2/arch-centos-opt/include
-----------------------------------------

Using C linker: /MyLibs/MPICH/mpich-3.2/arch-centos-opt/bin/mpicc
Using Fortran linker: /MyLibs/MPICH/mpich-3.2/arch-centos-opt/bin/mpif90
Using libraries: -Wl,-rpath,/MyLibs/PETSc/arch-centos-opt-v3.7.2-mpich-v3.2-hdf5-v1.8.17/lib -L/MyLibs/PETSc/arch-centos-opt-v3.7.2-mpich-v3.2-hdf5-v1.8.17/lib -lpetsc -llapack -lblas -Wl,-rpath,/MyLibs/HDF5/hdf5-1.8.17/arch-centos-parallel-opt/lib -L/MyLibs/HDF5/hdf5-1.8.17/arch-centos-parallel-opt/lib -lhdf5hl_fortran -lhdf5_fortran -lhdf5_hl -lhdf5 -lpthread -lm -Wl,-rpath,/MyLibs/MPICH/mpich-3.2/arch-centos-opt/lib -L/MyLibs/MPICH/mpich-3.2/arch-centos-opt/lib -Wl,-rpath,/usr/lib/gcc/x86_64-redhat-linux/4.8.5 -L/usr/lib/gcc/x86_64-redhat-linux/4.8.5 -lmpifort -lgfortran -lm -lgfortran -lm -lquadmath -lm -Wl,-rpath,/MyLibs/MPICH/mpich-3.2/arch-centos-opt/lib -L/MyLibs/MPICH/mpich-3.2/arch-centos-opt/lib -Wl,-rpath,/usr/lib/gcc/x86_64-redhat-linux/4.8.5 -L/usr/lib/gcc/x86_64-redhat-linux/4.8.5 -ldl -Wl,-rpath,/MyLibs/MPICH/mpich-3.2/arch-centos-opt/lib -lmpi -lgcc_s -ldl 
-----------------------------------------

