************************************************************************************************************************
***             WIDEN YOUR WINDOW TO 120 CHARACTERS.  Use 'enscript -r -fCourier9' to print this document            ***
************************************************************************************************************************

---------------------------------------------- PETSc Performance Summary: ----------------------------------------------

../../src/ANISOFLOW                                                                                                                                                                                                                                             ˻d on a arch-centos-opt-v3.7.2-mpich-v3.2-hdf5-v1.8.17 named poroso-medellin-unal-edu-co with 28 processors, by sospinar Sat Oct 15 18:44:58 2016
Using Petsc Release Version 3.7.3, unknown 

                         Max       Max/Min        Avg      Total 
Time (sec):           3.799e+01      1.00004   3.799e+01
Objects:              8.765e+04      1.00000   8.765e+04
Flops:                2.502e+09      1.65750   2.036e+09  5.702e+10
Flops/sec:            6.586e+07      1.65750   5.361e+07  1.501e+09
MPI Messages:         5.505e+05      1.55142   4.620e+05  1.293e+07
MPI Message Lengths:  1.114e+09      9.77114   4.321e+02  5.589e+09
MPI Reductions:       2.132e+05      1.00000

Flop counting convention: 1 flop = 1 real number operation of type (multiply/divide/add/subtract)
                            e.g., VecAXPY() for real vectors of length N --> 2N flops
                            and VecAXPY() for complex vectors of length N --> 8N flops

Summary of Stages:   ----- Time ------  ----- Flops -----  --- Messages ---  -- Message Lengths --  -- Reductions --
                        Avg     %Total     Avg     %Total   counts   %Total     Avg         %Total   counts   %Total 
 0:      Main Stage: 2.7903e-04   0.0%  0.0000e+00   0.0%  0.000e+00   0.0%  0.000e+00        0.0%  0.000e+00   0.0% 
 1:   Loading Files: 6.1385e+00  16.2%  0.0000e+00   0.0%  1.358e+03   0.0%  4.458e-02        0.0%  3.069e+04  14.4% 
 2:      Setting up: 1.4269e-02   0.0%  0.0000e+00   0.0%  8.280e+02   0.0%  1.061e-02        0.0%  1.700e+01   0.0% 
 3:         Solving: 3.1831e+01  83.8%  5.7020e+10 100.0%  1.293e+07 100.0%  4.320e+02      100.0%  1.825e+05  85.6% 
 4:  Destroying obj: 1.2243e-03   0.0%  0.0000e+00   0.0%  0.000e+00   0.0%  0.000e+00        0.0%  0.000e+00   0.0% 

------------------------------------------------------------------------------------------------------------------------
See the 'Profiling' chapter of the users' manual for details on interpreting output.
Phase summary info:
   Count: number of times phase was executed
   Time and Flops: Max - maximum over all processors
                   Ratio - ratio of maximum to minimum over all processors
   Mess: number of messages sent
   Avg. len: average message length (bytes)
   Reduct: number of global reductions
   Global: entire computation
   Stage: stages of a computation. Set stages with PetscLogStagePush() and PetscLogStagePop().
      %T - percent time in this phase         %F - percent flops in this phase
      %M - percent messages in this phase     %L - percent message lengths in this phase
      %R - percent reductions in this phase
   Total Mflop/s: 10e-6 * (sum of flops over all processors)/(max time over all processors)
------------------------------------------------------------------------------------------------------------------------
Event                Count      Time (sec)     Flops                             --- Global ---  --- Stage ---   Total
                   Max Ratio  Max     Ratio   Max  Ratio  Mess   Avg len Reduct  %T %F %M %L %R  %T %F %M %L %R Mflop/s
------------------------------------------------------------------------------------------------------------------------

--- Event Stage 0: Main Stage


--- Event Stage 1: Loading Files

GetGeometry            1 1.0 4.3349e-03 1.0 0.00e+00 0.0 5.5e+02 8.4e+01 1.3e+01  0  0  0  0  0   0  0 41  8  0     0
VecView                1 1.0 1.7407e-02 1.8 0.00e+00 0.0 0.0e+00 0.0e+00 0.0e+00  0  0  0  0  0   0  0  0  0  0     0
VecMax                 2 1.0 1.4544e-05 2.0 0.00e+00 0.0 0.0e+00 0.0e+00 0.0e+00  0  0  0  0  0   0  0  0  0  0     0
VecCopy                2 1.0 4.2915e-06 1.6 0.00e+00 0.0 0.0e+00 0.0e+00 0.0e+00  0  0  0  0  0   0  0  0  0  0     0
VecSet                 8 1.0 4.3869e-05 2.5 0.00e+00 0.0 0.0e+00 0.0e+00 0.0e+00  0  0  0  0  0   0  0  0  0  0     0
VecAssemblyBegin    5845 1.0 2.0772e-01 1.2 0.00e+00 0.0 5.4e+01 3.3e+03 1.8e+04  0  0  0  0  8   3  0  4 31 57     0
VecAssemblyEnd      5845 1.0 5.4777e-03 1.9 0.00e+00 0.0 0.0e+00 0.0e+00 0.0e+00  0  0  0  0  0   0  0  0  0  0     0
VecScatterBegin        2 1.0 1.2589e-04 2.7 0.00e+00 0.0 3.6e+02 5.0e+02 0.0e+00  0  0  0  0  0   0  0 27 31  0     0
VecScatterEnd          2 1.0 9.6655e-0453.3 0.00e+00 0.0 0.0e+00 0.0e+00 0.0e+00  0  0  0  0  0   0  0  0  0  0     0
GetProrperties         1 1.0 4.6304e-02 1.0 0.00e+00 0.0 8.1e+02 6.6e+02 2.1e+01  0  0  0  0  0   1  0 59 92  0     0
GetConductivity        1 1.0 4.2892e-04 9.1 0.00e+00 0.0 0.0e+00 0.0e+00 0.0e+00  0  0  0  0  0   0  0  0  0  0     0
GetSpecificStorage       1 1.0 6.2656e-03 1.1 0.00e+00 0.0 0.0e+00 0.0e+00 2.0e+00  0  0  0  0  0   0  0  0  0  0     0
GetBC                  1 1.0 6.0909e+00 1.0 0.00e+00 0.0 0.0e+00 0.0e+00 3.1e+04 16  0  0  0 14  99  0  0  0100     0

--- Event Stage 2: Setting up

BuildTwoSided          1 1.0 1.1945e-04 2.9 0.00e+00 0.0 0.0e+00 0.0e+00 0.0e+00  0  0  0  0  0   1  0  0  0  0     0
VecSet                 2 1.0 2.3842e-06 1.7 0.00e+00 0.0 0.0e+00 0.0e+00 0.0e+00  0  0  0  0  0   0  0  0  0  0     0
VecScatterBegin        1 1.0 2.9802e-05 2.8 0.00e+00 0.0 2.8e+02 3.3e+02 0.0e+00  0  0  0  0  0   0  0 33 66  0     0
VecScatterEnd          1 1.0 2.3603e-05 2.5 0.00e+00 0.0 0.0e+00 0.0e+00 0.0e+00  0  0  0  0  0   0  0  0  0  0     0
MatAssemblyBegin       2 1.0 5.8236e-0341.6 0.00e+00 0.0 0.0e+00 0.0e+00 4.0e+00  0  0  0  0  0  15  0  0  0 24     0
MatAssemblyEnd         2 1.0 1.0085e-03 1.1 0.00e+00 0.0 5.5e+02 8.4e+01 8.0e+00  0  0  0  0  0   7  0 67 34 47     0
SFSetGraph             1 1.0 1.3113e-05 2.6 0.00e+00 0.0 0.0e+00 0.0e+00 0.0e+00  0  0  0  0  0   0  0  0  0  0     0
SFReduceBegin          1 1.0 2.0242e-04 2.5 0.00e+00 0.0 0.0e+00 0.0e+00 0.0e+00  0  0  0  0  0   1  0  0  0  0     0
SFReduceEnd            1 1.0 2.8610e-06 1.5 0.00e+00 0.0 0.0e+00 0.0e+00 0.0e+00  0  0  0  0  0   0  0  0  0  0     0
BuildSystem            1 1.0 1.4467e-02 1.3 0.00e+00 0.0 8.3e+02 1.7e+02 1.7e+01  0  0  0  0  0 100  0100100100     0

--- Event Stage 3: Solving

BuildTwoSided       1460 1.0 5.2990e-01 2.8 0.00e+00 0.0 5.7e+05 4.0e+00 0.0e+00  1  0  4  0  0   1  0  4  0  0     0
VecView             1461 1.0 3.7862e+00 1.1 0.00e+00 0.0 0.0e+00 0.0e+00 0.0e+00  9  0  0  0  0  11  0  0  0  0     0
VecMDot            35040 1.0 3.4862e+00 2.7 5.92e+08 1.6 0.0e+00 0.0e+00 3.5e+04  6 24  0  0 16   7 24  0  0 19  3923
VecNorm            36500 1.0 7.1157e-01 1.7 4.93e+07 1.6 0.0e+00 0.0e+00 3.6e+04  1  2  0  0 17   2  2  0  0 20  1603
VecScale           36500 1.0 4.6843e-02 1.3 2.47e+07 1.6 0.0e+00 0.0e+00 0.0e+00  0  1  0  0  0   0  1  0  0  0 12175
VecCopy            37960 1.0 3.3210e-02 1.2 0.00e+00 0.0 0.0e+00 0.0e+00 0.0e+00  0  0  0  0  0   0  0  0  0  0     0
VecSet              8761 1.0 1.2649e-02 1.3 0.00e+00 0.0 0.0e+00 0.0e+00 0.0e+00  0  0  0  0  0   0  0  0  0  0     0
VecAXPY             2920 1.0 4.8239e-03 1.3 3.95e+06 1.6 0.0e+00 0.0e+00 0.0e+00  0  0  0  0  0   0  0  0  0  0 18916
VecMAXPY           36500 1.0 9.3717e-01 1.6 6.40e+08 1.6 0.0e+00 0.0e+00 0.0e+00  2 26  0  0  0   2 26  0  0  0 15774
VecPointwiseMult    5840 1.0 2.2012e-02 1.6 1.97e+06 1.6 0.0e+00 0.0e+00 0.0e+00  0  0  0  0  0   0  0  0  0  0  2073
VecLoad                1 1.0 1.5378e-03 1.2 0.00e+00 0.0 0.0e+00 0.0e+00 0.0e+00  0  0  0  0  0   0  0  0  0  0     0
VecScatterBegin    43800 1.0 9.6130e-01 3.3 0.00e+00 0.0 9.7e+06 4.1e+02 0.0e+00  1  0 75 71  0   1  0 75 71  0     0
VecScatterEnd      43800 1.0 3.0409e+0011.6 0.00e+00 0.0 0.0e+00 0.0e+00 0.0e+00  7  0  0  0  0   9  0  0  0  0     0
VecNormalize       36500 1.0 7.9625e-01 1.6 7.40e+07 1.6 0.0e+00 0.0e+00 3.6e+04  2  3  0  0 17   2  3  0  0 20  2149
MatMult            35040 1.0 5.3287e+00 1.7 1.19e+09 1.8 9.7e+06 3.3e+02 0.0e+00 11 47 75 57  0  14 47 75 57  0  5013
MatCopy             1460 1.0 5.0799e-01 2.6 0.00e+00 0.0 0.0e+00 0.0e+00 0.0e+00  1  0  0  0  0   1  0  0  0  0     0
MatConvert             1 1.0 6.5827e-04 3.3 0.00e+00 0.0 0.0e+00 0.0e+00 0.0e+00  0  0  0  0  0   0  0  0  0  0     0
SFSetGraph          1460 1.0 1.9264e-01 1.0 0.00e+00 0.0 0.0e+00 0.0e+00 0.0e+00  0  0  0  0  0   1  0  0  0  0     0
SFReduceBegin       1460 1.0 6.7944e-01 2.1 0.00e+00 0.0 2.9e+06 1.4e+02 0.0e+00  1  0 22  7  0   2  0 22  7  0     0
SFReduceEnd         1460 1.0 4.5969e-02 1.2 0.00e+00 0.0 0.0e+00 0.0e+00 0.0e+00  0  0  0  0  0   0  0  0  0  0     0
SolveSystem            1 1.0 3.1832e+01 1.0 2.50e+09 1.7 1.3e+07 4.3e+02 1.8e+05 84100100100 86 100100100100100  1791
KSPGMRESOrthog     35040 1.0 4.1365e+00 1.8 1.18e+09 1.6 0.0e+00 0.0e+00 3.5e+04  8 48  0  0 16  10 48  0  0 19  6615
KSPSetUp            1460 1.0 1.0179e+00 7.5 0.00e+00 0.0 0.0e+00 0.0e+00 2.9e+03  3  0  0  0  1   3  0  0  0  2     0
KSPSolve            1460 1.0 9.5559e+00 1.0 2.50e+09 1.7 9.7e+06 3.3e+02 1.6e+05 25100 75 57 73  30100 75 57 86  5957
PCSetUp             1460 1.0 6.5875e-04 1.7 0.00e+00 0.0 0.0e+00 0.0e+00 0.0e+00  0  0  0  0  0   0  0  0  0  0     0
PCApply            36500 1.0 5.2198e-02 1.1 0.00e+00 0.0 0.0e+00 0.0e+00 0.0e+00  0  0  0  0  0   0  0  0  0  0     0

--- Event Stage 4: Destroying obj

DestroyBC              1 1.0 1.1215e-03 1.4 0.00e+00 0.0 0.0e+00 0.0e+00 0.0e+00  0  0  0  0  0  82  0  0  0  0     0
DestroyProperties       1 1.0 1.4877e-0418.9 0.00e+00 0.0 0.0e+00 0.0e+00 0.0e+00  0  0  0  0  0   1  0  0  0  0     0
DestroyGeometry        1 1.0 1.7929e-04 8.0 0.00e+00 0.0 0.0e+00 0.0e+00 0.0e+00  0  0  0  0  0   3  0  0  0  0     0
------------------------------------------------------------------------------------------------------------------------

Memory usage is given in bytes:

Object Type          Creations   Destructions     Memory  Descendants' Mem.
Reports information only for process 0.

--- Event Stage 0: Main Stage

              Viewer     1              0            0     0.

--- Event Stage 1: Loading Files

              Vector  5852              5        18840     0.
      Vector Scatter     2              1         2640     0.
    Distributed Mesh     1              0            0     0.
Star Forest Bipartite Graph     2              0            0     0.
     Discrete System     1              0            0     0.
           Index Set  4387              4        12432     0.
   IS L to G Mapping     1              0            0     0.
   Application Order     1              0            0     0.
              Viewer     1              1          776     0.

--- Event Stage 2: Setting up

              Vector     4              3        12664     0.
      Vector Scatter     1              0            0     0.
              Matrix     3              0            0     0.
Star Forest Bipartite Graph     1              1          848     0.
           Index Set     2              2         2768     0.

--- Event Stage 3: Solving

              Vector 59863          55481    390296976     0.
      Vector Scatter  5841           5841     40600304     0.
              Matrix     3              3       222608     0.
Star Forest Bipartite Graph  1460           1460      1238080     0.
           Index Set  5840           5840      4531840     0.
              Viewer  1462           1462      1134512     0.
       Krylov Solver  1461           1461     26865160     0.
      Preconditioner  1460           1460      1191360     0.

--- Event Stage 4: Destroying obj

              Vector     0             11        52200     0.
      Vector Scatter     0              1         1072     0.
              Matrix     0              3       222604     0.
           Index Set     0              3         7328     0.
========================================================================================================================
Average time to get PetscTime(): 4.76837e-08
Average time for MPI_Barrier(): 5.19753e-06
Average time for zero size MPI_Send(): 4.70877e-06
#PETSc Option Table entries:
-Input_file_bc 25x25x25_bc.txt
-Input_file_gmtry 25x25x25_gmtry.txt
-Input_file_init_sol 25x25x25_Sol.h5
-Input_file_ppt 25x25x25_properties.txt
-Input_file_ppt_by_zones 25x25x25_zones.txt
-Input_type_bc 2
-Input_type_gmtry 2
-Input_type_init_sol 3
-Input_type_tplgy 0
-ksp_type gmres
-log_view ascii:25x25x25_NP28_KSPgmres_PCnone.log
-Output_type_ppt 3
-pc_type none
-Project_name 25x25x25
-Run_options_scheme 2
-Run_options_time 1
#End of PETSc Option Table entries
Compiled without FORTRAN kernels
Compiled with full precision matrices (default)
sizeof(short) 2 sizeof(int) 4 sizeof(long) 8 sizeof(void*) 8 sizeof(PetscScalar) 8 sizeof(PetscInt) 4
Configure options: --with-shared-libraries --with-debugging=0 --with-mpi-dir=/MyLibs/MPICH/mpich-3.2/arch-centos-opt --with-cxx=0 --with-hdf5-dir=/MyLibs/HDF5/hdf5-1.8.17/arch-centos-parallel-opt/ PETSC_ARCH=arch-centos-opt-v3.7.2-mpich-v3.2-hdf5-v1.8.17 FOPTFLAGS="optimization flags" COPTFLAGS="optimization flags"
-----------------------------------------
Libraries compiled on Wed Aug 17 12:00:13 2016 on poroso-medellin-unal-edu-co 
Machine characteristics: Linux-3.10.0-327.28.2.el7.x86_64-x86_64-with-centos-7.2.1511-Core
Using PETSc directory: /MyLibs/PETSc
Using PETSc arch: arch-centos-opt-v3.7.2-mpich-v3.2-hdf5-v1.8.17
-----------------------------------------

Using C compiler: /MyLibs/MPICH/mpich-3.2/arch-centos-opt/bin/mpicc  -fPIC  -Wall -Wwrite-strings -Wno-strict-aliasing -Wno-unknown-pragmas -fvisibility=hidden  ${COPTFLAGS} ${CFLAGS}
Using Fortran compiler: /MyLibs/MPICH/mpich-3.2/arch-centos-opt/bin/mpif90  -fPIC -Wall -ffree-line-length-0 -Wno-unused-dummy-argument   ${FOPTFLAGS} ${FFLAGS} 
-----------------------------------------

Using include paths: -I/MyLibs/PETSc/arch-centos-opt-v3.7.2-mpich-v3.2-hdf5-v1.8.17/include -I/MyLibs/PETSc/include -I/MyLibs/PETSc/include -I/MyLibs/PETSc/arch-centos-opt-v3.7.2-mpich-v3.2-hdf5-v1.8.17/include -I/MyLibs/HDF5/hdf5-1.8.17/arch-centos-parallel-opt/include -I/MyLibs/MPICH/mpich-3.2/arch-centos-opt/include
-----------------------------------------

Using C linker: /MyLibs/MPICH/mpich-3.2/arch-centos-opt/bin/mpicc
Using Fortran linker: /MyLibs/MPICH/mpich-3.2/arch-centos-opt/bin/mpif90
Using libraries: -Wl,-rpath,/MyLibs/PETSc/arch-centos-opt-v3.7.2-mpich-v3.2-hdf5-v1.8.17/lib -L/MyLibs/PETSc/arch-centos-opt-v3.7.2-mpich-v3.2-hdf5-v1.8.17/lib -lpetsc -llapack -lblas -Wl,-rpath,/MyLibs/HDF5/hdf5-1.8.17/arch-centos-parallel-opt/lib -L/MyLibs/HDF5/hdf5-1.8.17/arch-centos-parallel-opt/lib -lhdf5hl_fortran -lhdf5_fortran -lhdf5_hl -lhdf5 -lpthread -lm -Wl,-rpath,/MyLibs/MPICH/mpich-3.2/arch-centos-opt/lib -L/MyLibs/MPICH/mpich-3.2/arch-centos-opt/lib -Wl,-rpath,/usr/lib/gcc/x86_64-redhat-linux/4.8.5 -L/usr/lib/gcc/x86_64-redhat-linux/4.8.5 -lmpifort -lgfortran -lm -lgfortran -lm -lquadmath -lm -Wl,-rpath,/MyLibs/MPICH/mpich-3.2/arch-centos-opt/lib -L/MyLibs/MPICH/mpich-3.2/arch-centos-opt/lib -Wl,-rpath,/usr/lib/gcc/x86_64-redhat-linux/4.8.5 -L/usr/lib/gcc/x86_64-redhat-linux/4.8.5 -ldl -Wl,-rpath,/MyLibs/MPICH/mpich-3.2/arch-centos-opt/lib -lmpi -lgcc_s -ldl 
-----------------------------------------

