************************************************************************************************************************
***             WIDEN YOUR WINDOW TO 120 CHARACTERS.  Use 'enscript -r -fCourier9' to print this document            ***
************************************************************************************************************************

---------------------------------------------- PETSc Performance Summary: ----------------------------------------------

../../src/ANISOFLOW                                                                                                                                                                                                                                             ˻d on a arch-centos-opt-v3.7.2-mpich-v3.2-hdf5-v1.8.17 named poroso-medellin-unal-edu-co with 23 processors, by sospinar Sun Oct 16 04:41:00 2016
Using Petsc Release Version 3.7.3, unknown 

                         Max       Max/Min        Avg      Total 
Time (sec):           1.360e+02      1.00001   1.360e+02
Objects:              7.159e+04      1.00000   7.159e+04
Flops:                1.086e+10      1.75590   7.322e+09  1.684e+11
Flops/sec:            7.986e+07      1.75589   5.384e+07  1.238e+09
MPI Messages:         2.605e+05      2.57115   1.174e+05  2.700e+06
MPI Message Lengths:  3.568e+09      9.00039   6.172e+03  1.666e+10
MPI Reductions:       1.077e+05      1.00000

Flop counting convention: 1 flop = 1 real number operation of type (multiply/divide/add/subtract)
                            e.g., VecAXPY() for real vectors of length N --> 2N flops
                            and VecAXPY() for complex vectors of length N --> 8N flops

Summary of Stages:   ----- Time ------  ----- Flops -----  --- Messages ---  -- Message Lengths --  -- Reductions --
                        Avg     %Total     Avg     %Total   counts   %Total     Avg         %Total   counts   %Total 
 0:      Main Stage: 2.3191e-04   0.0%  0.0000e+00   0.0%  0.000e+00   0.0%  0.000e+00        0.0%  0.000e+00   0.0% 
 1:   Loading Files: 2.5090e+01  18.5%  0.0000e+00   0.0%  2.220e+02   0.0%  1.382e+00        0.0%  3.069e+04  28.5% 
 2:      Setting up: 1.1794e-01   0.1%  0.0000e+00   0.0%  1.320e+02   0.0%  4.889e-01        0.0%  1.700e+01   0.0% 
 3:         Solving: 1.1078e+02  81.5%  1.6840e+11 100.0%  2.700e+06 100.0%  6.170e+03      100.0%  7.703e+04  71.5% 
 4:  Destroying obj: 1.0156e-03   0.0%  0.0000e+00   0.0%  0.000e+00   0.0%  0.000e+00        0.0%  0.000e+00   0.0% 

------------------------------------------------------------------------------------------------------------------------
See the 'Profiling' chapter of the users' manual for details on interpreting output.
Phase summary info:
   Count: number of times phase was executed
   Time and Flops: Max - maximum over all processors
                   Ratio - ratio of maximum to minimum over all processors
   Mess: number of messages sent
   Avg. len: average message length (bytes)
   Reduct: number of global reductions
   Global: entire computation
   Stage: stages of a computation. Set stages with PetscLogStagePush() and PetscLogStagePop().
      %T - percent time in this phase         %F - percent flops in this phase
      %M - percent messages in this phase     %L - percent message lengths in this phase
      %R - percent reductions in this phase
   Total Mflop/s: 10e-6 * (sum of flops over all processors)/(max time over all processors)
------------------------------------------------------------------------------------------------------------------------
Event                Count      Time (sec)     Flops                             --- Global ---  --- Stage ---   Total
                   Max Ratio  Max     Ratio   Max  Ratio  Mess   Avg len Reduct  %T %F %M %L %R  %T %F %M %L %R Mflop/s
------------------------------------------------------------------------------------------------------------------------

--- Event Stage 0: Main Stage


--- Event Stage 1: Loading Files

GetGeometry            1 1.0 4.5676e-03 1.0 0.00e+00 0.0 8.8e+01 5.0e+03 1.3e+01  0  0  0  0  0   0  0 40 12  0     0
VecView                1 1.0 5.5320e-03 1.0 0.00e+00 0.0 0.0e+00 0.0e+00 0.0e+00  0  0  0  0  0   0  0  0  0  0     0
VecMax                 2 1.0 1.4567e-04 2.1 0.00e+00 0.0 0.0e+00 0.0e+00 0.0e+00  0  0  0  0  0   0  0  0  0  0     0
VecCopy                2 1.0 2.5749e-05 2.3 0.00e+00 0.0 0.0e+00 0.0e+00 0.0e+00  0  0  0  0  0   0  0  0  0  0     0
VecSet                 8 1.0 4.0102e-04 2.3 0.00e+00 0.0 0.0e+00 0.0e+00 0.0e+00  0  0  0  0  0   0  0  0  0  0     0
VecAssemblyBegin    5845 1.0 3.0810e-01 2.2 0.00e+00 0.0 4.4e+01 3.2e+04 1.8e+04  0  0  0  0 16   1  0 20 38 57     0
VecAssemblyEnd      5845 1.0 5.2388e-03 2.2 0.00e+00 0.0 0.0e+00 0.0e+00 0.0e+00  0  0  0  0  0   0  0  0  0  0     0
VecScatterBegin        2 1.0 5.0139e-04 1.8 0.00e+00 0.0 4.4e+01 2.0e+04 0.0e+00  0  0  0  0  0   0  0 20 24  0     0
VecScatterEnd          2 1.0 2.2078e-04 2.3 0.00e+00 0.0 0.0e+00 0.0e+00 0.0e+00  0  0  0  0  0   0  0  0  0  0     0
GetProrperties         1 1.0 1.3786e-01 1.0 0.00e+00 0.0 1.3e+02 2.5e+04 2.1e+01  0  0  0  0  0   1  0 60 88  0     0
GetConductivity        1 1.0 3.4451e-04 2.7 0.00e+00 0.0 0.0e+00 0.0e+00 0.0e+00  0  0  0  0  0   0  0  0  0  0     0
GetSpecificStorage       1 1.0 5.0664e-04 1.3 0.00e+00 0.0 0.0e+00 0.0e+00 2.0e+00  0  0  0  0  0   0  0  0  0  0     0
GetBC                  1 1.0 2.4948e+01 1.0 0.00e+00 0.0 0.0e+00 0.0e+00 3.1e+04 18  0  0  0 28  99  0  0  0100     0

--- Event Stage 2: Setting up

BuildTwoSided          1 1.0 7.1955e-0416.7 0.00e+00 0.0 0.0e+00 0.0e+00 0.0e+00  0  0  0  0  0   0  0  0  0  0     0
VecSet                 2 1.0 4.2915e-05 2.2 0.00e+00 0.0 0.0e+00 0.0e+00 0.0e+00  0  0  0  0  0   0  0  0  0  0     0
VecScatterBegin        1 1.0 1.9288e-04 3.8 0.00e+00 0.0 4.4e+01 2.0e+04 0.0e+00  0  0  0  0  0   0  0 33 67  0     0
VecScatterEnd          1 1.0 1.8620e-04 2.8 0.00e+00 0.0 0.0e+00 0.0e+00 0.0e+00  0  0  0  0  0   0  0  0  0  0     0
MatAssemblyBegin       2 1.0 6.5542e-02500.7 0.00e+00 0.0 0.0e+00 0.0e+00 4.0e+00  0  0  0  0  0  35  0  0  0 24     0
MatAssemblyEnd         2 1.0 8.3334e-03 1.1 0.00e+00 0.0 8.8e+01 5.0e+03 8.0e+00  0  0  0  0  0   7  0 67 33 47     0
SFSetGraph             1 1.0 8.8215e-06 1.6 0.00e+00 0.0 0.0e+00 0.0e+00 0.0e+00  0  0  0  0  0   0  0  0  0  0     0
SFReduceBegin          1 1.0 7.9489e-04 9.7 0.00e+00 0.0 0.0e+00 0.0e+00 0.0e+00  0  0  0  0  0   0  0  0  0  0     0
SFReduceEnd            1 1.0 2.8610e-06 1.5 0.00e+00 0.0 0.0e+00 0.0e+00 0.0e+00  0  0  0  0  0   0  0  0  0  0     0
BuildSystem            1 1.0 1.1796e-01 1.0 0.00e+00 0.0 1.3e+02 1.0e+04 1.7e+01  0  0  0  0  0 100  0100100100     0

--- Event Stage 3: Solving

BuildTwoSided       1460 1.0 1.4486e+00 7.7 0.00e+00 0.0 3.9e+05 4.0e+00 0.0e+00  1  0 14  0  0   1  0 14  0  0     0
VecView             1461 1.0 5.7328e+00 1.0 0.00e+00 0.0 0.0e+00 0.0e+00 0.0e+00  4  0  0  0  0   5  0  0  0  0     0
VecMDot            10043 1.0 1.3988e+01 6.2 5.95e+08 1.5 0.0e+00 0.0e+00 1.0e+04  7  6  0  0  9   9  6  0  0 13   708
VecNorm            11503 1.0 1.3303e+01 4.6 1.73e+08 1.5 0.0e+00 0.0e+00 1.2e+04  8  2  0  0 11  10  2  0  0 15   216
VecScale           11503 1.0 7.6934e-02 1.4 8.63e+07 1.5 0.0e+00 0.0e+00 0.0e+00  0  1  0  0  0   0  1  0  0  0 18690
VecCopy             1460 1.0 2.5326e-02 1.2 0.00e+00 0.0 0.0e+00 0.0e+00 0.0e+00  0  0  0  0  0   0  0  0  0  0     0
VecSet             20264 1.0 6.5194e-01 1.5 0.00e+00 0.0 0.0e+00 0.0e+00 0.0e+00  0  0  0  0  0   0  0  0  0  0     0
VecAXPY             2920 1.0 4.7819e-02 1.3 4.38e+07 1.5 0.0e+00 0.0e+00 0.0e+00  0  0  0  0  0   0  0  0  0  0 15266
VecMAXPY           11503 1.0 9.8641e-01 1.7 7.45e+08 1.5 0.0e+00 0.0e+00 0.0e+00  1  7  0  0  0   1  7  0  0  0 12592
VecPointwiseMult    5840 1.0 1.9043e-01 1.8 2.19e+07 1.5 0.0e+00 0.0e+00 0.0e+00  0  0  0  0  0   0  0  0  0  0  1917
VecLoad                1 1.0 6.0081e-04 1.3 0.00e+00 0.0 0.0e+00 0.0e+00 0.0e+00  0  0  0  0  0   0  0  0  0  0     0
VecScatterBegin    18803 1.0 2.5235e+00 6.5 0.00e+00 0.0 5.1e+05 2.2e+04 0.0e+00  1  0 19 68  0   1  0 19 68  0     0
VecScatterEnd      18803 1.0 8.9081e+0013.2 0.00e+00 0.0 0.0e+00 0.0e+00 0.0e+00  6  0  0  0  0   7  0  0  0  0     0
VecNormalize       11503 1.0 1.3381e+01 4.4 2.59e+08 1.5 0.0e+00 0.0e+00 1.2e+04  8  3  0  0 11  10  3  0  0 15   322
MatMult            10043 1.0 2.6355e+01 1.8 3.88e+09 1.8 4.4e+05 2.0e+04 0.0e+00 14 38 16 53  0  17 38 16 53  0  2423
MatSolve           11503 1.0 1.4436e+01 1.3 3.44e+09 1.8 0.0e+00 0.0e+00 0.0e+00  8 30  0  0  0  10 30  0  0  0  3531
MatLUFactorNum      1460 1.0 1.5296e+01 2.0 1.88e+09 2.0 0.0e+00 0.0e+00 0.0e+00  7 15  0  0  0   8 15  0  0  0  1689
MatILUFactorSym     1460 1.0 4.7595e+00 1.5 0.00e+00 0.0 0.0e+00 0.0e+00 0.0e+00  3  0  0  0  0   3  0  0  0  0     0
MatCopy             1460 1.0 5.6784e+00 1.3 0.00e+00 0.0 0.0e+00 0.0e+00 0.0e+00  4  0  0  0  0   5  0  0  0  0     0
MatConvert             1 1.0 9.2230e-03 1.9 0.00e+00 0.0 0.0e+00 0.0e+00 0.0e+00  0  0  0  0  0   0  0  0  0  0     0
MatGetRowIJ         1460 1.0 5.5647e-04 1.3 0.00e+00 0.0 0.0e+00 0.0e+00 0.0e+00  0  0  0  0  0   0  0  0  0  0     0
MatGetOrdering      1460 1.0 2.9014e-01 1.6 0.00e+00 0.0 0.0e+00 0.0e+00 0.0e+00  0  0  0  0  0   0  0  0  0  0     0
SFSetGraph          1460 1.0 6.0936e-01 1.1 0.00e+00 0.0 0.0e+00 0.0e+00 0.0e+00  0  0  0  0  0   1  0  0  0  0     0
SFReduceBegin       1460 1.0 1.6659e+00 4.1 0.00e+00 0.0 1.9e+06 7.0e+02 0.0e+00  1  0 72  8  0   1  0 72  8  0     0
SFReduceEnd         1460 1.0 8.8107e-02 1.5 0.00e+00 0.0 0.0e+00 0.0e+00 0.0e+00  0  0  0  0  0   0  0  0  0  0     0
SolveSystem            1 1.0 1.1078e+02 1.0 1.09e+10 1.8 2.7e+06 6.2e+03 7.7e+04 81100100100 71 100100100100100  1520
KSPGMRESOrthog     10043 1.0 1.4595e+01 4.7 1.19e+09 1.5 0.0e+00 0.0e+00 1.0e+04  8 12  0  0  9  10 12  0  0 13  1358
KSPSetUp            2920 1.0 1.6932e+00 2.4 0.00e+00 0.0 0.0e+00 0.0e+00 2.9e+03  1  0  0  0  3   1  0  0  0  4     0
KSPSolve            1460 1.0 6.7907e+01 1.0 1.08e+10 1.8 4.4e+05 2.0e+04 5.1e+04 50100 16 53 47  61100 16 53 66  2469
PCSetUp             2920 1.0 2.0560e+01 1.8 1.88e+09 2.0 0.0e+00 0.0e+00 0.0e+00 10 15  0  0  0  12 15  0  0  0  1256
PCSetUpOnBlocks     1460 1.0 2.0448e+01 1.8 1.88e+09 2.0 0.0e+00 0.0e+00 0.0e+00 10 15  0  0  0  12 15  0  0  0  1263
PCApply            11503 1.0 1.5598e+01 1.3 3.44e+09 1.8 0.0e+00 0.0e+00 0.0e+00  9 30  0  0  0  11 30  0  0  0  3268

--- Event Stage 4: Destroying obj

DestroyBC              1 1.0 9.4318e-04 1.3 0.00e+00 0.0 0.0e+00 0.0e+00 0.0e+00  0  0  0  0  0  83  0  0  0  0     0
DestroyProperties       1 1.0 1.4782e-05 1.5 0.00e+00 0.0 0.0e+00 0.0e+00 0.0e+00  0  0  0  0  0   1  0  0  0  0     0
DestroyGeometry        1 1.0 3.1948e-05 1.5 0.00e+00 0.0 0.0e+00 0.0e+00 0.0e+00  0  0  0  0  0   2  0  0  0  0     0
------------------------------------------------------------------------------------------------------------------------

Memory usage is given in bytes:

Object Type          Creations   Destructions     Memory  Descendants' Mem.
Reports information only for process 0.

--- Event Stage 0: Main Stage

              Viewer     1              0            0     0.

--- Event Stage 1: Loading Files

              Vector  5852              5       128024     0.
      Vector Scatter     2              1        61072     0.
    Distributed Mesh     1              0            0     0.
Star Forest Bipartite Graph     2              0            0     0.
     Discrete System     1              0            0     0.
           Index Set  4387              4       103104     0.
   IS L to G Mapping     1              0            0     0.
   Application Order     1              0            0     0.
              Viewer     1              1          776     0.

--- Event Stage 2: Setting up

              Vector     4              3        84824     0.
      Vector Scatter     1              0            0     0.
              Matrix     3              0            0     0.
Star Forest Bipartite Graph     1              1          848     0.
           Index Set     2              2        11552     0.

--- Event Stage 3: Solving

              Vector 35043          30661   1597816304     0.
      Vector Scatter  5841           5841    167713824     0.
              Matrix  1463           1463   2868423696     0.
Star Forest Bipartite Graph  1460           1460      1238080     0.
           Index Set 10220          10220     95530720     0.
              Viewer  1462           1462      1134512     0.
       Krylov Solver  2921           2921     28558760     0.
      Preconditioner  2920           2920      2768160     0.

--- Event Stage 4: Destroying obj

              Vector     0             11       306912     0.
      Vector Scatter     0              1         1072     0.
              Matrix     0              3      2361932     0.
           Index Set     0              3        22328     0.
========================================================================================================================
Average time to get PetscTime(): 4.76837e-08
Average time for MPI_Barrier(): 5.00679e-06
Average time for zero size MPI_Send(): 4.00129e-06
#PETSc Option Table entries:
-Input_file_bc 50x50x50_bc.txt
-Input_file_gmtry 50x50x50_gmtry.txt
-Input_file_init_sol 50x50x50_Sol.h5
-Input_file_ppt 50x50x50_properties.txt
-Input_file_ppt_by_zones 50x50x50_zones.txt
-Input_type_bc 2
-Input_type_gmtry 2
-Input_type_init_sol 3
-Input_type_tplgy 0
-ksp_type gmres
-log_view ascii:50x50x50_NP23_KSPgmres_PCbjacobi.log
-Output_type_ppt 3
-pc_type bjacobi
-Project_name 50x50x50
-Run_options_scheme 2
-Run_options_time 1
#End of PETSc Option Table entries
Compiled without FORTRAN kernels
Compiled with full precision matrices (default)
sizeof(short) 2 sizeof(int) 4 sizeof(long) 8 sizeof(void*) 8 sizeof(PetscScalar) 8 sizeof(PetscInt) 4
Configure options: --with-shared-libraries --with-debugging=0 --with-mpi-dir=/MyLibs/MPICH/mpich-3.2/arch-centos-opt --with-cxx=0 --with-hdf5-dir=/MyLibs/HDF5/hdf5-1.8.17/arch-centos-parallel-opt/ PETSC_ARCH=arch-centos-opt-v3.7.2-mpich-v3.2-hdf5-v1.8.17 FOPTFLAGS="optimization flags" COPTFLAGS="optimization flags"
-----------------------------------------
Libraries compiled on Wed Aug 17 12:00:13 2016 on poroso-medellin-unal-edu-co 
Machine characteristics: Linux-3.10.0-327.28.2.el7.x86_64-x86_64-with-centos-7.2.1511-Core
Using PETSc directory: /MyLibs/PETSc
Using PETSc arch: arch-centos-opt-v3.7.2-mpich-v3.2-hdf5-v1.8.17
-----------------------------------------

Using C compiler: /MyLibs/MPICH/mpich-3.2/arch-centos-opt/bin/mpicc  -fPIC  -Wall -Wwrite-strings -Wno-strict-aliasing -Wno-unknown-pragmas -fvisibility=hidden  ${COPTFLAGS} ${CFLAGS}
Using Fortran compiler: /MyLibs/MPICH/mpich-3.2/arch-centos-opt/bin/mpif90  -fPIC -Wall -ffree-line-length-0 -Wno-unused-dummy-argument   ${FOPTFLAGS} ${FFLAGS} 
-----------------------------------------

Using include paths: -I/MyLibs/PETSc/arch-centos-opt-v3.7.2-mpich-v3.2-hdf5-v1.8.17/include -I/MyLibs/PETSc/include -I/MyLibs/PETSc/include -I/MyLibs/PETSc/arch-centos-opt-v3.7.2-mpich-v3.2-hdf5-v1.8.17/include -I/MyLibs/HDF5/hdf5-1.8.17/arch-centos-parallel-opt/include -I/MyLibs/MPICH/mpich-3.2/arch-centos-opt/include
-----------------------------------------

Using C linker: /MyLibs/MPICH/mpich-3.2/arch-centos-opt/bin/mpicc
Using Fortran linker: /MyLibs/MPICH/mpich-3.2/arch-centos-opt/bin/mpif90
Using libraries: -Wl,-rpath,/MyLibs/PETSc/arch-centos-opt-v3.7.2-mpich-v3.2-hdf5-v1.8.17/lib -L/MyLibs/PETSc/arch-centos-opt-v3.7.2-mpich-v3.2-hdf5-v1.8.17/lib -lpetsc -llapack -lblas -Wl,-rpath,/MyLibs/HDF5/hdf5-1.8.17/arch-centos-parallel-opt/lib -L/MyLibs/HDF5/hdf5-1.8.17/arch-centos-parallel-opt/lib -lhdf5hl_fortran -lhdf5_fortran -lhdf5_hl -lhdf5 -lpthread -lm -Wl,-rpath,/MyLibs/MPICH/mpich-3.2/arch-centos-opt/lib -L/MyLibs/MPICH/mpich-3.2/arch-centos-opt/lib -Wl,-rpath,/usr/lib/gcc/x86_64-redhat-linux/4.8.5 -L/usr/lib/gcc/x86_64-redhat-linux/4.8.5 -lmpifort -lgfortran -lm -lgfortran -lm -lquadmath -lm -Wl,-rpath,/MyLibs/MPICH/mpich-3.2/arch-centos-opt/lib -L/MyLibs/MPICH/mpich-3.2/arch-centos-opt/lib -Wl,-rpath,/usr/lib/gcc/x86_64-redhat-linux/4.8.5 -L/usr/lib/gcc/x86_64-redhat-linux/4.8.5 -ldl -Wl,-rpath,/MyLibs/MPICH/mpich-3.2/arch-centos-opt/lib -lmpi -lgcc_s -ldl 
-----------------------------------------

