************************************************************************************************************************
***             WIDEN YOUR WINDOW TO 120 CHARACTERS.  Use 'enscript -r -fCourier9' to print this document            ***
************************************************************************************************************************

---------------------------------------------- PETSc Performance Summary: ----------------------------------------------

../../src/ANISOFLOW                                                                                                                                                                                                                                             ˻d on a arch-centos-opt-v3.7.2-mpich-v3.2-hdf5-v1.8.17 named poroso-medellin-unal-edu-co with 10 processors, by sospinar Sat Oct 15 23:57:47 2016
Using Petsc Release Version 3.7.3, unknown 

                         Max       Max/Min        Avg      Total 
Time (sec):           1.002e+02      1.00000   1.002e+02
Objects:              5.407e+04      1.00000   5.407e+04
Flops:                1.814e+10      1.01729   1.799e+10  1.799e+11
Flops/sec:            1.810e+08      1.01729   1.795e+08  1.795e+09
MPI Messages:         1.365e+05      1.88971   9.000e+04  9.000e+05
MPI Message Lengths:  1.627e+09      4.77078   5.874e+03  5.287e+09
MPI Reductions:       8.684e+04      1.00000

Flop counting convention: 1 flop = 1 real number operation of type (multiply/divide/add/subtract)
                            e.g., VecAXPY() for real vectors of length N --> 2N flops
                            and VecAXPY() for complex vectors of length N --> 8N flops

Summary of Stages:   ----- Time ------  ----- Flops -----  --- Messages ---  -- Message Lengths --  -- Reductions --
                        Avg     %Total     Avg     %Total   counts   %Total     Avg         %Total   counts   %Total 
 0:      Main Stage: 1.6401e-04   0.0%  0.0000e+00   0.0%  0.000e+00   0.0%  0.000e+00        0.0%  0.000e+00   0.0% 
 1:   Loading Files: 1.1400e+01  11.4%  0.0000e+00   0.0%  2.140e+02   0.0%  3.789e+00        0.1%  3.069e+04  35.3% 
 2:      Setting up: 9.7591e-02   0.1%  0.0000e+00   0.0%  1.260e+02   0.0%  3.442e-01        0.0%  1.700e+01   0.0% 
 3:         Solving: 8.8721e+01  88.5%  1.7994e+11 100.0%  8.996e+05 100.0%  5.870e+03       99.9%  5.613e+04  64.6% 
 4:  Destroying obj: 6.2592e-04   0.0%  0.0000e+00   0.0%  0.000e+00   0.0%  0.000e+00        0.0%  0.000e+00   0.0% 

------------------------------------------------------------------------------------------------------------------------
See the 'Profiling' chapter of the users' manual for details on interpreting output.
Phase summary info:
   Count: number of times phase was executed
   Time and Flops: Max - maximum over all processors
                   Ratio - ratio of maximum to minimum over all processors
   Mess: number of messages sent
   Avg. len: average message length (bytes)
   Reduct: number of global reductions
   Global: entire computation
   Stage: stages of a computation. Set stages with PetscLogStagePush() and PetscLogStagePop().
      %T - percent time in this phase         %F - percent flops in this phase
      %M - percent messages in this phase     %L - percent message lengths in this phase
      %R - percent reductions in this phase
   Total Mflop/s: 10e-6 * (sum of flops over all processors)/(max time over all processors)
------------------------------------------------------------------------------------------------------------------------
Event                Count      Time (sec)     Flops                             --- Global ---  --- Stage ---   Total
                   Max Ratio  Max     Ratio   Max  Ratio  Mess   Avg len Reduct  %T %F %M %L %R  %T %F %M %L %R Mflop/s
------------------------------------------------------------------------------------------------------------------------

--- Event Stage 0: Main Stage


--- Event Stage 1: Loading Files

GetGeometry            1 1.0 4.8304e-03 1.0 0.00e+00 0.0 8.4e+01 1.2e+03 1.3e+01  0  0  0  0  0   0  0 39  3  0     0
VecView                1 1.0 3.8214e-03 1.0 0.00e+00 0.0 0.0e+00 0.0e+00 0.0e+00  0  0  0  0  0   0  0  0  0  0     0
VecMax                 2 1.0 1.2898e-04 1.5 0.00e+00 0.0 0.0e+00 0.0e+00 0.0e+00  0  0  0  0  0   0  0  0  0  0     0
VecCopy                2 1.0 3.4571e-05 1.6 0.00e+00 0.0 0.0e+00 0.0e+00 0.0e+00  0  0  0  0  0   0  0  0  0  0     0
VecSet                 8 1.0 3.9983e-04 1.9 0.00e+00 0.0 0.0e+00 0.0e+00 0.0e+00  0  0  0  0  0   0  0  0  0  0     0
VecAssemblyBegin    5845 1.0 1.1659e-01 2.0 0.00e+00 0.0 1.8e+01 7.5e+04 1.8e+04  0  0  0  0 20   1  0  8 40 57     0
VecAssemblyEnd      5845 1.0 2.8396e-03 1.3 0.00e+00 0.0 0.0e+00 0.0e+00 0.0e+00  0  0  0  0  0   0  0  0  0  0     0
VecScatterBegin        2 1.0 3.5477e-04 1.6 0.00e+00 0.0 5.2e+01 1.4e+04 0.0e+00  0  0  0  0  0   0  0 24 21  0     0
VecScatterEnd          2 1.0 1.4973e-04 3.1 0.00e+00 0.0 0.0e+00 0.0e+00 0.0e+00  0  0  0  0  0   0  0  0  0  0     0
GetProrperties         1 1.0 7.3033e-02 1.0 0.00e+00 0.0 1.3e+02 2.5e+04 2.1e+01  0  0  0  0  0   1  0 61 97  0     0
GetConductivity        1 1.0 2.0981e-04 1.5 0.00e+00 0.0 0.0e+00 0.0e+00 0.0e+00  0  0  0  0  0   0  0  0  0  0     0
GetSpecificStorage       1 1.0 3.3164e-04 1.1 0.00e+00 0.0 0.0e+00 0.0e+00 2.0e+00  0  0  0  0  0   0  0  0  0  0     0
GetBC                  1 1.0 1.1322e+01 1.0 0.00e+00 0.0 0.0e+00 0.0e+00 3.1e+04 11  0  0  0 35  99  0  0  0100     0

--- Event Stage 2: Setting up

BuildTwoSided          1 1.0 5.6982e-05 1.8 0.00e+00 0.0 0.0e+00 0.0e+00 0.0e+00  0  0  0  0  0   0  0  0  0  0     0
VecSet                 2 1.0 1.3590e-05 3.0 0.00e+00 0.0 0.0e+00 0.0e+00 0.0e+00  0  0  0  0  0   0  0  0  0  0     0
VecScatterBegin        1 1.0 5.4121e-05 2.4 0.00e+00 0.0 4.2e+01 4.9e+03 0.0e+00  0  0  0  0  0   0  0 33 67  0     0
VecScatterEnd          1 1.0 4.3869e-05 2.4 0.00e+00 0.0 0.0e+00 0.0e+00 0.0e+00  0  0  0  0  0   0  0  0  0  0     0
MatAssemblyBegin       2 1.0 3.9122e-03 8.1 0.00e+00 0.0 0.0e+00 0.0e+00 4.0e+00  0  0  0  0  0   2  0  0  0 24     0
MatAssemblyEnd         2 1.0 4.5774e-03 1.0 0.00e+00 0.0 8.4e+01 1.2e+03 8.0e+00  0  0  0  0  0   5  0 67 33 47     0
SFSetGraph             1 1.0 1.3828e-05 3.1 0.00e+00 0.0 0.0e+00 0.0e+00 0.0e+00  0  0  0  0  0   0  0  0  0  0     0
SFReduceBegin          1 1.0 9.3937e-05 1.5 0.00e+00 0.0 0.0e+00 0.0e+00 0.0e+00  0  0  0  0  0   0  0  0  0  0     0
SFReduceEnd            1 1.0 3.0994e-06 1.6 0.00e+00 0.0 0.0e+00 0.0e+00 0.0e+00  0  0  0  0  0   0  0  0  0  0     0
BuildSystem            1 1.0 9.7583e-02 1.0 0.00e+00 0.0 1.3e+02 2.5e+03 1.7e+01  0  0  0  0  0 100  0100100100     0

--- Event Stage 3: Solving

BuildTwoSided       1460 1.0 4.9169e-01 3.9 0.00e+00 0.0 7.3e+04 4.0e+00 0.0e+00  0  0  8  0  0   0  0  8  0  0     0
VecView             1461 1.0 4.0122e+00 1.0 0.00e+00 0.0 0.0e+00 0.0e+00 0.0e+00  4  0  0  0  0   4  0  0  0  0     0
VecTDot            18924 1.0 2.0588e+00 1.8 4.73e+08 1.0 0.0e+00 0.0e+00 1.9e+04  2  3  0  0 22   2  3  0  0 34  2298
VecNorm            10922 1.0 5.0563e+00 1.5 2.73e+08 1.0 0.0e+00 0.0e+00 1.1e+04  4  2  0  0 13   5  2  0  0 19   540
VecCopy             2920 1.0 1.3898e-01 1.3 0.00e+00 0.0 0.0e+00 0.0e+00 0.0e+00  0  0  0  0  0   0  0  0  0  0     0
VecSet             18223 1.0 3.4699e-01 1.7 0.00e+00 0.0 0.0e+00 0.0e+00 0.0e+00  0  0  0  0  0   0  0  0  0  0     0
VecAXPY            20384 1.0 4.8318e-01 1.1 5.10e+08 1.0 0.0e+00 0.0e+00 0.0e+00  0  3  0  0  0   1  3  0  0  0 10547
VecAYPX             8002 1.0 3.5092e-01 1.0 2.00e+08 1.0 0.0e+00 0.0e+00 0.0e+00  0  1  0  0  0   0  1  0  0  0  5701
VecPointwiseMult    5840 1.0 2.3928e-01 1.5 3.65e+07 1.0 0.0e+00 0.0e+00 0.0e+00  0  0  0  0  0   0  0  0  0  0  1525
VecLoad                1 1.0 9.3842e-04 1.0 0.00e+00 0.0 0.0e+00 0.0e+00 0.0e+00  0  0  0  0  0   0  0  0  0  0     0
VecScatterBegin    18222 1.0 7.6692e-01 5.3 0.00e+00 0.0 4.2e+05 7.1e+03 0.0e+00  0  0 47 57  0   0  0 47 57  0     0
VecScatterEnd      18222 1.0 2.4408e+0012.3 0.00e+00 0.0 0.0e+00 0.0e+00 0.0e+00  2  0  0  0  0   2  0  0  0  0     0
MatMult             9462 1.0 1.6526e+01 1.1 6.10e+09 1.0 4.0e+05 4.9e+03 0.0e+00 16 33 44 37  0  18 33 44 37  0  3641
MatSolve           10922 1.0 1.6437e+01 1.0 6.47e+09 1.0 0.0e+00 0.0e+00 0.0e+00 16 36  0  0  0  18 36  0  0  0  3937
MatLUFactorNum      1460 1.0 2.0698e+01 1.1 4.07e+09 1.0 0.0e+00 0.0e+00 0.0e+00 20 22  0  0  0  23 22  0  0  0  1939
MatILUFactorSym     1460 1.0 4.1175e+00 1.0 0.00e+00 0.0 0.0e+00 0.0e+00 0.0e+00  4  0  0  0  0   5  0  0  0  0     0
MatCopy             1460 1.0 4.2732e+00 1.3 0.00e+00 0.0 0.0e+00 0.0e+00 0.0e+00  4  0  0  0  0   5  0  0  0  0     0
MatConvert             1 1.0 7.5383e-03 1.2 0.00e+00 0.0 0.0e+00 0.0e+00 0.0e+00  0  0  0  0  0   0  0  0  0  0     0
MatGetRowIJ         1460 1.0 6.8331e-04 1.9 0.00e+00 0.0 0.0e+00 0.0e+00 0.0e+00  0  0  0  0  0   0  0  0  0  0     0
MatGetOrdering      1460 1.0 3.8004e-01 1.2 0.00e+00 0.0 0.0e+00 0.0e+00 0.0e+00  0  0  0  0  0   0  0  0  0  0     0
SFSetGraph          1460 1.0 4.4339e-01 1.0 0.00e+00 0.0 0.0e+00 0.0e+00 0.0e+00  0  0  0  0  0   0  0  0  0  0     0
SFReduceBegin       1460 1.0 5.9537e-01 2.6 0.00e+00 0.0 3.6e+05 1.6e+03 0.0e+00  0  0 41 11  0   0  0 41 11  0     0
SFReduceEnd         1460 1.0 5.2067e-02 1.2 0.00e+00 0.0 0.0e+00 0.0e+00 0.0e+00  0  0  0  0  0   0  0  0  0  0     0
SolveSystem            1 1.0 8.8721e+01 1.0 1.81e+10 1.0 9.0e+05 5.9e+03 5.6e+04 89100100100 65 100100100100100  2028
KSPSetUp            2920 1.0 9.7898e-01 2.7 0.00e+00 0.0 0.0e+00 0.0e+00 2.9e+03  1  0  0  0  3   1  0  0  0  5     0
KSPSolve            1460 1.0 6.4288e+01 1.0 1.81e+10 1.0 4.0e+05 4.9e+03 3.0e+04 64100 44 37 34  72100 44 37 53  2788
PCSetUp             2920 1.0 2.5320e+01 1.1 4.07e+09 1.0 0.0e+00 0.0e+00 0.0e+00 24 22  0  0  0  28 22  0  0  0  1585
PCSetUpOnBlocks     1460 1.0 2.5253e+01 1.1 4.07e+09 1.0 0.0e+00 0.0e+00 0.0e+00 24 22  0  0  0  28 22  0  0  0  1589
PCApply            10922 1.0 1.6765e+01 1.0 6.47e+09 1.0 0.0e+00 0.0e+00 0.0e+00 17 36  0  0  0  19 36  0  0  0  3860

--- Event Stage 4: Destroying obj

DestroyBC              1 1.0 6.0916e-04 2.0 0.00e+00 0.0 0.0e+00 0.0e+00 0.0e+00  0  0  0  0  0  78  0  0  0  0     0
DestroyProperties       1 1.0 1.1921e-05 1.5 0.00e+00 0.0 0.0e+00 0.0e+00 0.0e+00  0  0  0  0  0   1  0  0  0  0     0
DestroyGeometry        1 1.0 5.2214e-05 1.3 0.00e+00 0.0 0.0e+00 0.0e+00 0.0e+00  0  0  0  0  0   7  0  0  0  0     0
------------------------------------------------------------------------------------------------------------------------

Memory usage is given in bytes:

Object Type          Creations   Destructions     Memory  Descendants' Mem.
Reports information only for process 0.

--- Event Stage 0: Main Stage

              Viewer     1              0            0     0.

--- Event Stage 1: Loading Files

              Vector  5852              5       208024     0.
      Vector Scatter     2              1        51072     0.
    Distributed Mesh     1              0            0     0.
Star Forest Bipartite Graph     2              0            0     0.
     Discrete System     1              0            0     0.
           Index Set  4387              4       160304     0.
   IS L to G Mapping     1              0            0     0.
   Application Order     1              0            0     0.
              Viewer     1              1          776     0.

--- Event Stage 2: Setting up

              Vector     4              3       119224     0.
      Vector Scatter     1              0            0     0.
              Matrix     3              0            0     0.
Star Forest Bipartite Graph     1              1          848     0.
           Index Set     2              2         8752     0.

--- Event Stage 3: Solving

              Vector 17523          13141    809737744     0.
      Vector Scatter  5841           5841    123178192     0.
              Matrix  1463           1463   5600793088     0.
Star Forest Bipartite Graph  1460           1460      1238080     0.
           Index Set 10220          10220    153930720     0.
              Viewer  1462           1462      1134512     0.
       Krylov Solver  2921           2921      3493480     0.
      Preconditioner  2920           2920      2768160     0.

--- Event Stage 4: Destroying obj

              Vector     0             11       407936     0.
      Vector Scatter     0              1         1072     0.
              Matrix     0              3      4227644     0.
           Index Set     0              3        22328     0.
========================================================================================================================
Average time to get PetscTime(): 2.38419e-08
Average time for MPI_Barrier(): 3.33786e-06
Average time for zero size MPI_Send(): 3.45707e-06
#PETSc Option Table entries:
-Input_file_bc 50x50x50_bc.txt
-Input_file_gmtry 50x50x50_gmtry.txt
-Input_file_init_sol 50x50x50_Sol.h5
-Input_file_ppt 50x50x50_properties.txt
-Input_file_ppt_by_zones 50x50x50_zones.txt
-Input_type_bc 2
-Input_type_gmtry 2
-Input_type_init_sol 3
-Input_type_tplgy 0
-ksp_type cg
-log_view ascii:50x50x50_NP10_KSPcg_PCbjacobi.log
-Output_type_ppt 3
-pc_type bjacobi
-Project_name 50x50x50
-Run_options_scheme 2
-Run_options_time 1
#End of PETSc Option Table entries
Compiled without FORTRAN kernels
Compiled with full precision matrices (default)
sizeof(short) 2 sizeof(int) 4 sizeof(long) 8 sizeof(void*) 8 sizeof(PetscScalar) 8 sizeof(PetscInt) 4
Configure options: --with-shared-libraries --with-debugging=0 --with-mpi-dir=/MyLibs/MPICH/mpich-3.2/arch-centos-opt --with-cxx=0 --with-hdf5-dir=/MyLibs/HDF5/hdf5-1.8.17/arch-centos-parallel-opt/ PETSC_ARCH=arch-centos-opt-v3.7.2-mpich-v3.2-hdf5-v1.8.17 FOPTFLAGS="optimization flags" COPTFLAGS="optimization flags"
-----------------------------------------
Libraries compiled on Wed Aug 17 12:00:13 2016 on poroso-medellin-unal-edu-co 
Machine characteristics: Linux-3.10.0-327.28.2.el7.x86_64-x86_64-with-centos-7.2.1511-Core
Using PETSc directory: /MyLibs/PETSc
Using PETSc arch: arch-centos-opt-v3.7.2-mpich-v3.2-hdf5-v1.8.17
-----------------------------------------

Using C compiler: /MyLibs/MPICH/mpich-3.2/arch-centos-opt/bin/mpicc  -fPIC  -Wall -Wwrite-strings -Wno-strict-aliasing -Wno-unknown-pragmas -fvisibility=hidden  ${COPTFLAGS} ${CFLAGS}
Using Fortran compiler: /MyLibs/MPICH/mpich-3.2/arch-centos-opt/bin/mpif90  -fPIC -Wall -ffree-line-length-0 -Wno-unused-dummy-argument   ${FOPTFLAGS} ${FFLAGS} 
-----------------------------------------

Using include paths: -I/MyLibs/PETSc/arch-centos-opt-v3.7.2-mpich-v3.2-hdf5-v1.8.17/include -I/MyLibs/PETSc/include -I/MyLibs/PETSc/include -I/MyLibs/PETSc/arch-centos-opt-v3.7.2-mpich-v3.2-hdf5-v1.8.17/include -I/MyLibs/HDF5/hdf5-1.8.17/arch-centos-parallel-opt/include -I/MyLibs/MPICH/mpich-3.2/arch-centos-opt/include
-----------------------------------------

Using C linker: /MyLibs/MPICH/mpich-3.2/arch-centos-opt/bin/mpicc
Using Fortran linker: /MyLibs/MPICH/mpich-3.2/arch-centos-opt/bin/mpif90
Using libraries: -Wl,-rpath,/MyLibs/PETSc/arch-centos-opt-v3.7.2-mpich-v3.2-hdf5-v1.8.17/lib -L/MyLibs/PETSc/arch-centos-opt-v3.7.2-mpich-v3.2-hdf5-v1.8.17/lib -lpetsc -llapack -lblas -Wl,-rpath,/MyLibs/HDF5/hdf5-1.8.17/arch-centos-parallel-opt/lib -L/MyLibs/HDF5/hdf5-1.8.17/arch-centos-parallel-opt/lib -lhdf5hl_fortran -lhdf5_fortran -lhdf5_hl -lhdf5 -lpthread -lm -Wl,-rpath,/MyLibs/MPICH/mpich-3.2/arch-centos-opt/lib -L/MyLibs/MPICH/mpich-3.2/arch-centos-opt/lib -Wl,-rpath,/usr/lib/gcc/x86_64-redhat-linux/4.8.5 -L/usr/lib/gcc/x86_64-redhat-linux/4.8.5 -lmpifort -lgfortran -lm -lgfortran -lm -lquadmath -lm -Wl,-rpath,/MyLibs/MPICH/mpich-3.2/arch-centos-opt/lib -L/MyLibs/MPICH/mpich-3.2/arch-centos-opt/lib -Wl,-rpath,/usr/lib/gcc/x86_64-redhat-linux/4.8.5 -L/usr/lib/gcc/x86_64-redhat-linux/4.8.5 -ldl -Wl,-rpath,/MyLibs/MPICH/mpich-3.2/arch-centos-opt/lib -lmpi -lgcc_s -ldl 
-----------------------------------------

