************************************************************************************************************************
***             WIDEN YOUR WINDOW TO 120 CHARACTERS.  Use 'enscript -r -fCourier9' to print this document            ***
************************************************************************************************************************

---------------------------------------------- PETSc Performance Summary: ----------------------------------------------

../../src/ANISOFLOW                                                                                                                                                                                                                                             ˻d on a arch-centos-opt-v3.7.2-mpich-v3.2-hdf5-v1.8.17 named poroso-medellin-unal-edu-co with 21 processors, by sospinar Sun Oct 16 03:36:27 2016
Using Petsc Release Version 3.7.3, unknown 

                         Max       Max/Min        Avg      Total 
Time (sec):           2.233e+02      1.00000   2.233e+02
Objects:              7.597e+04      1.00000   7.597e+04
Flops:                3.743e+10      1.23753   3.283e+10  6.894e+11
Flops/sec:            1.676e+08      1.23753   1.470e+08  3.088e+09
MPI Messages:         4.362e+05      1.97833   3.255e+05  6.835e+06
MPI Message Lengths:  3.559e+09      4.92836   3.426e+03  2.341e+10
MPI Reductions:       1.227e+05      1.00000

Flop counting convention: 1 flop = 1 real number operation of type (multiply/divide/add/subtract)
                            e.g., VecAXPY() for real vectors of length N --> 2N flops
                            and VecAXPY() for complex vectors of length N --> 8N flops

Summary of Stages:   ----- Time ------  ----- Flops -----  --- Messages ---  -- Message Lengths --  -- Reductions --
                        Avg     %Total     Avg     %Total   counts   %Total     Avg         %Total   counts   %Total 
 0:      Main Stage: 2.2202e-04   0.0%  0.0000e+00   0.0%  0.000e+00   0.0%  0.000e+00        0.0%  0.000e+00   0.0% 
 1:   Loading Files: 2.4319e+01  10.9%  0.0000e+00   0.0%  6.280e+02   0.0%  5.599e-01        0.0%  3.069e+04  25.0% 
 2:      Setting up: 1.0279e-01   0.0%  0.0000e+00   0.0%  3.360e+02   0.0%  7.451e-02        0.0%  1.700e+01   0.0% 
 3:         Solving: 1.9888e+02  89.1%  6.8944e+11 100.0%  6.834e+06 100.0%  3.425e+03      100.0%  9.198e+04  75.0% 
 4:  Destroying obj: 9.3578e-04   0.0%  0.0000e+00   0.0%  0.000e+00   0.0%  0.000e+00        0.0%  0.000e+00   0.0% 

------------------------------------------------------------------------------------------------------------------------
See the 'Profiling' chapter of the users' manual for details on interpreting output.
Phase summary info:
   Count: number of times phase was executed
   Time and Flops: Max - maximum over all processors
                   Ratio - ratio of maximum to minimum over all processors
   Mess: number of messages sent
   Avg. len: average message length (bytes)
   Reduct: number of global reductions
   Global: entire computation
   Stage: stages of a computation. Set stages with PetscLogStagePush() and PetscLogStagePop().
      %T - percent time in this phase         %F - percent flops in this phase
      %M - percent messages in this phase     %L - percent message lengths in this phase
      %R - percent reductions in this phase
   Total Mflop/s: 10e-6 * (sum of flops over all processors)/(max time over all processors)
------------------------------------------------------------------------------------------------------------------------
Event                Count      Time (sec)     Flops                             --- Global ---  --- Stage ---   Total
                   Max Ratio  Max     Ratio   Max  Ratio  Mess   Avg len Reduct  %T %F %M %L %R  %T %F %M %L %R Mflop/s
------------------------------------------------------------------------------------------------------------------------

--- Event Stage 0: Main Stage


--- Event Stage 1: Loading Files

GetGeometry            1 1.0 5.0035e-03 1.0 0.00e+00 0.0 2.2e+02 7.6e+02 1.3e+01  0  0  0  0  0   0  0 36  4  0     0
VecView                1 1.0 5.9927e-03 1.0 0.00e+00 0.0 0.0e+00 0.0e+00 0.0e+00  0  0  0  0  0   0  0  0  0  0     0
VecMax                 2 1.0 8.7500e-05 1.8 0.00e+00 0.0 0.0e+00 0.0e+00 0.0e+00  0  0  0  0  0   0  0  0  0  0     0
VecCopy                2 1.0 2.2173e-05 2.2 0.00e+00 0.0 0.0e+00 0.0e+00 0.0e+00  0  0  0  0  0   0  0  0  0  0     0
VecSet                 8 1.0 2.9659e-04 2.3 0.00e+00 0.0 0.0e+00 0.0e+00 0.0e+00  0  0  0  0  0   0  0  0  0  0     0
VecAssemblyBegin    5845 1.0 2.9989e-01 2.3 0.00e+00 0.0 4.0e+01 3.5e+04 1.8e+04  0  0  0  0 14   1  0  6 37 57     0
VecAssemblyEnd      5845 1.0 5.2004e-03 2.2 0.00e+00 0.0 0.0e+00 0.0e+00 0.0e+00  0  0  0  0  0   0  0  0  0  0     0
VecScatterBegin        2 1.0 4.3750e-04 2.5 0.00e+00 0.0 1.5e+02 6.1e+03 0.0e+00  0  0  0  0  0   0  0 25 25  0     0
VecScatterEnd          2 1.0 1.8620e-04 3.7 0.00e+00 0.0 0.0e+00 0.0e+00 0.0e+00  0  0  0  0  0   0  0  0  0  0     0
GetProrperties         1 1.0 1.3772e-01 1.0 0.00e+00 0.0 4.0e+02 9.1e+03 2.1e+01  0  0  0  0  0   1  0 64 96  0     0
GetConductivity        1 1.0 4.5705e-04 1.3 0.00e+00 0.0 0.0e+00 0.0e+00 0.0e+00  0  0  0  0  0   0  0  0  0  0     0
GetSpecificStorage       1 1.0 6.0010e-04 1.2 0.00e+00 0.0 0.0e+00 0.0e+00 2.0e+00  0  0  0  0  0   0  0  0  0  0     0
GetBC                  1 1.0 2.4176e+01 1.0 0.00e+00 0.0 0.0e+00 0.0e+00 3.1e+04 11  0  0  0 25  99  0  0  0100     0

--- Event Stage 2: Setting up

BuildTwoSided          1 1.0 5.0712e-0411.3 0.00e+00 0.0 0.0e+00 0.0e+00 0.0e+00  0  0  0  0  0   0  0  0  0  0     0
VecSet                 2 1.0 3.7670e-05 7.2 0.00e+00 0.0 0.0e+00 0.0e+00 0.0e+00  0  0  0  0  0   0  0  0  0  0     0
VecScatterBegin        1 1.0 1.0324e-04 2.7 0.00e+00 0.0 1.1e+02 3.0e+03 0.0e+00  0  0  0  0  0   0  0 33 67  0     0
VecScatterEnd          1 1.0 7.5579e-05 3.0 0.00e+00 0.0 0.0e+00 0.0e+00 0.0e+00  0  0  0  0  0   0  0  0  0  0     0
MatAssemblyBegin       2 1.0 5.0067e-02444.0 0.00e+00 0.0 0.0e+00 0.0e+00 4.0e+00  0  0  0  0  0  29  0  0  0 24     0
MatAssemblyEnd         2 1.0 5.2078e-03 1.1 0.00e+00 0.0 2.2e+02 7.6e+02 8.0e+00  0  0  0  0  0   5  0 67 33 47     0
SFSetGraph             1 1.0 1.3590e-05 2.7 0.00e+00 0.0 0.0e+00 0.0e+00 0.0e+00  0  0  0  0  0   0  0  0  0  0     0
SFReduceBegin          1 1.0 5.6314e-04 7.4 0.00e+00 0.0 0.0e+00 0.0e+00 0.0e+00  0  0  0  0  0   0  0  0  0  0     0
SFReduceEnd            1 1.0 3.0994e-06 1.6 0.00e+00 0.0 0.0e+00 0.0e+00 0.0e+00  0  0  0  0  0   0  0  0  0  0     0
BuildSystem            1 1.0 1.0279e-01 1.0 0.00e+00 0.0 3.4e+02 1.5e+03 1.7e+01  0  0  0  0  0 100  0100100100     0

--- Event Stage 3: Solving

BuildTwoSided       1460 1.0 5.5229e+0019.6 0.00e+00 0.0 2.4e+05 4.0e+00 0.0e+00  1  0  3  0  0   1  0  3  0  0     0
VecView             1461 1.0 5.7643e+00 1.0 0.00e+00 0.0 0.0e+00 0.0e+00 0.0e+00  3  0  0  0  0   3  0  0  0  0     0
VecMDot            14600 1.0 1.4092e+01 2.2 1.09e+09 1.2 0.0e+00 0.0e+00 1.5e+04  5  3  0  0 12   5  3  0  0 16  1424
VecTDot            20440 1.0 5.0211e+00 1.8 2.78e+08 1.2 0.0e+00 0.0e+00 2.0e+04  2  1  0  0 17   2  1  0  0 22  1018
VecNorm            27740 1.0 2.1736e+01 1.9 3.77e+08 1.2 0.0e+00 0.0e+00 2.8e+04  8  1  0  0 23   8  1  0  0 30   319
VecScale           16060 1.0 9.1810e-02 1.3 1.09e+08 1.2 0.0e+00 0.0e+00 0.0e+00  0  0  0  0  0   0  0  0  0  0 21866
VecCopy            16060 1.0 5.3155e-01 1.3 0.00e+00 0.0 0.0e+00 0.0e+00 0.0e+00  0  0  0  0  0   0  0  0  0  0     0
VecSet             33581 1.0 3.0081e-01 1.1 0.00e+00 0.0 0.0e+00 0.0e+00 0.0e+00  0  0  0  0  0   0  0  0  0  0     0
VecAXPY            23360 1.0 7.2873e-01 1.2 3.18e+08 1.2 0.0e+00 0.0e+00 0.0e+00  0  1  0  0  0   0  1  0  0  0  8014
VecAYPX            43800 1.0 1.7610e+00 1.2 4.37e+08 1.2 0.0e+00 0.0e+00 0.0e+00  1  1  0  0  0   1  1  0  0  0  4560
VecAXPBYCZ         23360 1.0 1.3521e+00 1.4 7.94e+08 1.2 0.0e+00 0.0e+00 0.0e+00  0  2  0  0  0   1  2  0  0  0 10798
VecMAXPY           16060 1.0 1.5677e+00 1.3 1.29e+09 1.2 0.0e+00 0.0e+00 0.0e+00  1  3  0  0  0   1  3  0  0  0 15133
VecPointwiseMult    5840 1.0 1.4295e-01 1.3 1.99e+07 1.2 0.0e+00 0.0e+00 0.0e+00  0  0  0  0  0   0  0  0  0  0  2553
VecLoad                1 1.0 1.4653e-03 1.0 0.00e+00 0.0 0.0e+00 0.0e+00 0.0e+00  0  0  0  0  0   0  0  0  0  0     0
VecScatterBegin    56940 1.0 2.7263e+00 2.7 0.00e+00 0.0 5.4e+06 3.4e+03 0.0e+00  1  0 80 79  0   1  0 80 79  0     0
VecScatterEnd      56940 1.0 1.5402e+01 4.6 0.00e+00 0.0 0.0e+00 0.0e+00 0.0e+00  5  0  0  0  0   5  0  0  0  0     0
VecNormalize       16060 1.0 2.4693e+00 2.3 3.28e+08 1.2 0.0e+00 0.0e+00 1.6e+04  1  1  0  0 13   1  1  0  0 17  2439
MatMult            48180 1.0 5.7786e+01 1.2 1.64e+10 1.2 5.4e+06 3.0e+03 0.0e+00 24 44 79 70  0  27 44 79 70  0  5302
MatSOR             51100 1.0 7.0366e+01 1.2 1.63e+10 1.2 0.0e+00 0.0e+00 0.0e+00 28 43  0  0  0  31 43  0  0  0  4212
MatCopy             1460 1.0 5.4268e+00 1.1 0.00e+00 0.0 0.0e+00 0.0e+00 0.0e+00  2  0  0  0  0   3  0  0  0  0     0
MatConvert             1 1.0 8.1401e-03 1.4 0.00e+00 0.0 0.0e+00 0.0e+00 0.0e+00  0  0  0  0  0   0  0  0  0  0     0
SFSetGraph          1460 1.0 5.4839e-01 1.1 0.00e+00 0.0 0.0e+00 0.0e+00 0.0e+00  0  0  0  0  0   0  0  0  0  0     0
SFReduceBegin       1460 1.0 5.6572e+0012.8 0.00e+00 0.0 1.2e+06 1.0e+03 0.0e+00  1  0 17  5  0   1  0 17  5  0     0
SFReduceEnd         1460 1.0 1.1032e-0133.5 0.00e+00 0.0 0.0e+00 0.0e+00 0.0e+00  0  0  0  0  0   0  0  0  0  0     0
SolveSystem            1 1.0 1.9888e+02 1.0 3.74e+10 1.2 6.8e+06 3.4e+03 9.2e+04 89100100100 75 100100100100100  3467
KSPGMRESOrthog     14600 1.0 1.5265e+01 2.0 2.18e+09 1.2 0.0e+00 0.0e+00 1.5e+04  5  6  0  0 12   6  6  0  0 16  2630
KSPSetUp            4380 1.0 2.1940e+00 1.7 0.00e+00 0.0 0.0e+00 0.0e+00 5.8e+03  1  0  0  0  5   1  0  0  0  6     0
KSPSolve            1460 1.0 1.5481e+02 1.0 3.74e+10 1.2 5.4e+06 3.0e+03 6.3e+04 69100 79 70 51  78100 79 70 68  4449
PCSetUp             1460 1.0 6.8931e-01 1.0 0.00e+00 0.0 0.0e+00 0.0e+00 2.9e+03  0  0  0  0  2   0  0  0  0  3     0
PCApply            11680 1.0 1.2931e+02 1.1 3.31e+10 1.2 4.3e+06 3.0e+03 3.1e+04 56 88 62 55 25  63 88 62 55 33  4705

--- Event Stage 4: Destroying obj

DestroyBC              1 1.0 8.8859e-04 1.8 0.00e+00 0.0 0.0e+00 0.0e+00 0.0e+00  0  0  0  0  0  83  0  0  0  0     0
DestroyProperties       1 1.0 1.4067e-05 1.6 0.00e+00 0.0 0.0e+00 0.0e+00 0.0e+00  0  0  0  0  0   1  0  0  0  0     0
DestroyGeometry        1 1.0 2.5988e-05 1.5 0.00e+00 0.0 0.0e+00 0.0e+00 0.0e+00  0  0  0  0  0   2  0  0  0  0     0
------------------------------------------------------------------------------------------------------------------------

Memory usage is given in bytes:

Object Type          Creations   Destructions     Memory  Descendants' Mem.
Reports information only for process 0.

--- Event Stage 0: Main Stage

              Viewer     1              0            0     0.

--- Event Stage 1: Loading Files

              Vector  5852              5       116824     0.
      Vector Scatter     2              1        21472     0.
    Distributed Mesh     1              0            0     0.
Star Forest Bipartite Graph     2              0            0     0.
     Discrete System     1              0            0     0.
           Index Set  4387              4        89904     0.
   IS L to G Mapping     1              0            0     0.
   Application Order     1              0            0     0.
              Viewer     1              1          776     0.

--- Event Stage 2: Setting up

              Vector     4              3        69624     0.
      Vector Scatter     1              0            0     0.
              Matrix     3              0            0     0.
Star Forest Bipartite Graph     1              1          848     0.
           Index Set     2              2         6752     0.

--- Event Stage 3: Solving

              Vector 42343          37961   2027163504     0.
      Vector Scatter  5841           5841    202485552     0.
              Matrix     3              3      2274352     0.
Star Forest Bipartite Graph  1460           1460      1238080     0.
           Index Set  5840           5840      4531840     0.
              Viewer  1462           1462      1134512     0.
       Krylov Solver  4381           4381     47784040     0.
      Preconditioner  4380           4380      3936160     0.

--- Event Stage 4: Destroying obj

              Vector     0             11       256992     0.
      Vector Scatter     0              1         1072     0.
              Matrix     0              3      2437548     0.
           Index Set     0              3        22328     0.
========================================================================================================================
Average time to get PetscTime(): 7.15256e-08
Average time for MPI_Barrier(): 5.67436e-06
Average time for zero size MPI_Send(): 3.56493e-06
#PETSc Option Table entries:
-Input_file_bc 50x50x50_bc.txt
-Input_file_gmtry 50x50x50_gmtry.txt
-Input_file_init_sol 50x50x50_Sol.h5
-Input_file_ppt 50x50x50_properties.txt
-Input_file_ppt_by_zones 50x50x50_zones.txt
-Input_type_bc 2
-Input_type_gmtry 2
-Input_type_init_sol 3
-Input_type_tplgy 0
-ksp_type cg
-log_view ascii:50x50x50_NP21_KSPcg_PCmg.log
-Output_type_ppt 3
-pc_type mg
-Project_name 50x50x50
-Run_options_scheme 2
-Run_options_time 1
#End of PETSc Option Table entries
Compiled without FORTRAN kernels
Compiled with full precision matrices (default)
sizeof(short) 2 sizeof(int) 4 sizeof(long) 8 sizeof(void*) 8 sizeof(PetscScalar) 8 sizeof(PetscInt) 4
Configure options: --with-shared-libraries --with-debugging=0 --with-mpi-dir=/MyLibs/MPICH/mpich-3.2/arch-centos-opt --with-cxx=0 --with-hdf5-dir=/MyLibs/HDF5/hdf5-1.8.17/arch-centos-parallel-opt/ PETSC_ARCH=arch-centos-opt-v3.7.2-mpich-v3.2-hdf5-v1.8.17 FOPTFLAGS="optimization flags" COPTFLAGS="optimization flags"
-----------------------------------------
Libraries compiled on Wed Aug 17 12:00:13 2016 on poroso-medellin-unal-edu-co 
Machine characteristics: Linux-3.10.0-327.28.2.el7.x86_64-x86_64-with-centos-7.2.1511-Core
Using PETSc directory: /MyLibs/PETSc
Using PETSc arch: arch-centos-opt-v3.7.2-mpich-v3.2-hdf5-v1.8.17
-----------------------------------------

Using C compiler: /MyLibs/MPICH/mpich-3.2/arch-centos-opt/bin/mpicc  -fPIC  -Wall -Wwrite-strings -Wno-strict-aliasing -Wno-unknown-pragmas -fvisibility=hidden  ${COPTFLAGS} ${CFLAGS}
Using Fortran compiler: /MyLibs/MPICH/mpich-3.2/arch-centos-opt/bin/mpif90  -fPIC -Wall -ffree-line-length-0 -Wno-unused-dummy-argument   ${FOPTFLAGS} ${FFLAGS} 
-----------------------------------------

Using include paths: -I/MyLibs/PETSc/arch-centos-opt-v3.7.2-mpich-v3.2-hdf5-v1.8.17/include -I/MyLibs/PETSc/include -I/MyLibs/PETSc/include -I/MyLibs/PETSc/arch-centos-opt-v3.7.2-mpich-v3.2-hdf5-v1.8.17/include -I/MyLibs/HDF5/hdf5-1.8.17/arch-centos-parallel-opt/include -I/MyLibs/MPICH/mpich-3.2/arch-centos-opt/include
-----------------------------------------

Using C linker: /MyLibs/MPICH/mpich-3.2/arch-centos-opt/bin/mpicc
Using Fortran linker: /MyLibs/MPICH/mpich-3.2/arch-centos-opt/bin/mpif90
Using libraries: -Wl,-rpath,/MyLibs/PETSc/arch-centos-opt-v3.7.2-mpich-v3.2-hdf5-v1.8.17/lib -L/MyLibs/PETSc/arch-centos-opt-v3.7.2-mpich-v3.2-hdf5-v1.8.17/lib -lpetsc -llapack -lblas -Wl,-rpath,/MyLibs/HDF5/hdf5-1.8.17/arch-centos-parallel-opt/lib -L/MyLibs/HDF5/hdf5-1.8.17/arch-centos-parallel-opt/lib -lhdf5hl_fortran -lhdf5_fortran -lhdf5_hl -lhdf5 -lpthread -lm -Wl,-rpath,/MyLibs/MPICH/mpich-3.2/arch-centos-opt/lib -L/MyLibs/MPICH/mpich-3.2/arch-centos-opt/lib -Wl,-rpath,/usr/lib/gcc/x86_64-redhat-linux/4.8.5 -L/usr/lib/gcc/x86_64-redhat-linux/4.8.5 -lmpifort -lgfortran -lm -lgfortran -lm -lquadmath -lm -Wl,-rpath,/MyLibs/MPICH/mpich-3.2/arch-centos-opt/lib -L/MyLibs/MPICH/mpich-3.2/arch-centos-opt/lib -Wl,-rpath,/usr/lib/gcc/x86_64-redhat-linux/4.8.5 -L/usr/lib/gcc/x86_64-redhat-linux/4.8.5 -ldl -Wl,-rpath,/MyLibs/MPICH/mpich-3.2/arch-centos-opt/lib -lmpi -lgcc_s -ldl 
-----------------------------------------

