************************************************************************************************************************
***             WIDEN YOUR WINDOW TO 120 CHARACTERS.  Use 'enscript -r -fCourier9' to print this document            ***
************************************************************************************************************************

---------------------------------------------- PETSc Performance Summary: ----------------------------------------------

../../src/ANISOFLOW                                                                                                                                                                                                                                             ˻d on a arch-centos-opt-v3.7.2-mpich-v3.2-hdf5-v1.8.17 named poroso-medellin-unal-edu-co with 4 processors, by sospinar Sat Oct 15 21:58:23 2016
Using Petsc Release Version 3.7.3, unknown 

                         Max       Max/Min        Avg      Total 
Time (sec):           1.529e+02      1.00000   1.529e+02
Objects:              7.159e+04      1.00000   7.159e+04
Flops:                4.614e+10      1.00609   4.599e+10  1.840e+11
Flops/sec:            3.017e+08      1.00609   3.007e+08  1.203e+09
MPI Messages:         6.865e+04      1.42406   5.332e+04  2.133e+05
MPI Message Lengths:  7.932e+08      2.06645   9.119e+03  1.945e+09
MPI Reductions:       1.052e+05      1.00000

Flop counting convention: 1 flop = 1 real number operation of type (multiply/divide/add/subtract)
                            e.g., VecAXPY() for real vectors of length N --> 2N flops
                            and VecAXPY() for complex vectors of length N --> 8N flops

Summary of Stages:   ----- Time ------  ----- Flops -----  --- Messages ---  -- Message Lengths --  -- Reductions --
                        Avg     %Total     Avg     %Total   counts   %Total     Avg         %Total   counts   %Total 
 0:      Main Stage: 1.7595e-04   0.0%  0.0000e+00   0.0%  0.000e+00   0.0%  0.000e+00        0.0%  0.000e+00   0.0% 
 1:   Loading Files: 1.1588e+01   7.6%  0.0000e+00   0.0%  7.000e+01   0.0%  1.391e+01        0.2%  3.069e+04  29.2% 
 2:      Setting up: 2.1473e-01   0.1%  0.0000e+00   0.0%  3.600e+01   0.0%  5.742e-01        0.0%  1.700e+01   0.0% 
 3:         Solving: 1.4113e+02  92.3%  1.8397e+11 100.0%  2.132e+05 100.0%  9.104e+03       99.8%  7.446e+04  70.8% 
 4:  Destroying obj: 5.1260e-04   0.0%  0.0000e+00   0.0%  0.000e+00   0.0%  0.000e+00        0.0%  0.000e+00   0.0% 

------------------------------------------------------------------------------------------------------------------------
See the 'Profiling' chapter of the users' manual for details on interpreting output.
Phase summary info:
   Count: number of times phase was executed
   Time and Flops: Max - maximum over all processors
                   Ratio - ratio of maximum to minimum over all processors
   Mess: number of messages sent
   Avg. len: average message length (bytes)
   Reduct: number of global reductions
   Global: entire computation
   Stage: stages of a computation. Set stages with PetscLogStagePush() and PetscLogStagePop().
      %T - percent time in this phase         %F - percent flops in this phase
      %M - percent messages in this phase     %L - percent message lengths in this phase
      %R - percent reductions in this phase
   Total Mflop/s: 10e-6 * (sum of flops over all processors)/(max time over all processors)
------------------------------------------------------------------------------------------------------------------------
Event                Count      Time (sec)     Flops                             --- Global ---  --- Stage ---   Total
                   Max Ratio  Max     Ratio   Max  Ratio  Mess   Avg len Reduct  %T %F %M %L %R  %T %F %M %L %R Mflop/s
------------------------------------------------------------------------------------------------------------------------

--- Event Stage 0: Main Stage


--- Event Stage 1: Loading Files

GetGeometry            1 1.0 6.2976e-03 1.0 0.00e+00 0.0 2.4e+01 1.7e+03 1.3e+01  0  0  0  0  0   0  0 34  1  0     0
VecView                1 1.0 3.6895e-03 1.0 0.00e+00 0.0 0.0e+00 0.0e+00 0.0e+00  0  0  0  0  0   0  0  0  0  0     0
VecMax                 2 1.0 2.4819e-04 1.3 0.00e+00 0.0 0.0e+00 0.0e+00 0.0e+00  0  0  0  0  0   0  0  0  0  0     0
VecCopy                2 1.0 7.2718e-05 1.5 0.00e+00 0.0 0.0e+00 0.0e+00 0.0e+00  0  0  0  0  0   0  0  0  0  0     0
VecSet                 8 1.0 7.4267e-04 1.7 0.00e+00 0.0 0.0e+00 0.0e+00 0.0e+00  0  0  0  0  0   0  0  0  0  0     0
VecAssemblyBegin    5845 1.0 1.0033e-01 2.7 0.00e+00 0.0 6.0e+00 1.9e+05 1.8e+04  0  0  0  0 17   1  0  9 38 57     0
VecAssemblyEnd      5845 1.0 2.6648e-03 1.1 0.00e+00 0.0 0.0e+00 0.0e+00 0.0e+00  0  0  0  0  0   0  0  0  0  0     0
VecScatterBegin        2 1.0 3.1185e-04 1.3 0.00e+00 0.0 1.6e+01 3.5e+04 0.0e+00  0  0  0  0  0   0  0 23 19  0     0
VecScatterEnd          2 1.0 2.8348e-04 2.4 0.00e+00 0.0 0.0e+00 0.0e+00 0.0e+00  0  0  0  0  0   0  0  0  0  0     0
GetProrperties         1 1.0 7.7825e-02 1.0 0.00e+00 0.0 4.6e+01 6.4e+04 2.1e+01  0  0  0  0  0   1  0 66 99  0     0
GetConductivity        1 1.0 2.8110e-04 1.3 0.00e+00 0.0 0.0e+00 0.0e+00 0.0e+00  0  0  0  0  0   0  0  0  0  0     0
GetSpecificStorage       1 1.0 5.1260e-04 1.1 0.00e+00 0.0 0.0e+00 0.0e+00 2.0e+00  0  0  0  0  0   0  0  0  0  0     0
GetBC                  1 1.0 1.1504e+01 1.0 0.00e+00 0.0 0.0e+00 0.0e+00 3.1e+04  8  0  0  0 29  99  0  0  0100     0

--- Event Stage 2: Setting up

BuildTwoSided          1 1.0 2.9731e-0410.6 0.00e+00 0.0 0.0e+00 0.0e+00 0.0e+00  0  0  0  0  0   0  0  0  0  0     0
VecSet                 2 1.0 9.7752e-06 1.5 0.00e+00 0.0 0.0e+00 0.0e+00 0.0e+00  0  0  0  0  0   0  0  0  0  0     0
VecScatterBegin        1 1.0 1.9073e-05 1.1 0.00e+00 0.0 1.2e+01 6.8e+03 0.0e+00  0  0  0  0  0   0  0 33 67  0     0
VecScatterEnd          1 1.0 1.6689e-05 1.1 0.00e+00 0.0 0.0e+00 0.0e+00 0.0e+00  0  0  0  0  0   0  0  0  0  0     0
MatAssemblyBegin       2 1.0 6.1085e-03 5.4 0.00e+00 0.0 0.0e+00 0.0e+00 4.0e+00  0  0  0  0  0   2  0  0  0 24     0
MatAssemblyEnd         2 1.0 7.2505e-03 1.0 0.00e+00 0.0 2.4e+01 1.7e+03 8.0e+00  0  0  0  0  0   3  0 67 33 47     0
SFSetGraph             1 1.0 8.8215e-06 2.1 0.00e+00 0.0 0.0e+00 0.0e+00 0.0e+00  0  0  0  0  0   0  0  0  0  0     0
SFReduceBegin          1 1.0 3.2973e-04 5.8 0.00e+00 0.0 0.0e+00 0.0e+00 0.0e+00  0  0  0  0  0   0  0  0  0  0     0
SFReduceEnd            1 1.0 2.6226e-06 1.1 0.00e+00 0.0 0.0e+00 0.0e+00 0.0e+00  0  0  0  0  0   0  0  0  0  0     0
BuildSystem            1 1.0 2.1471e-01 1.0 0.00e+00 0.0 3.6e+01 3.4e+03 1.7e+01  0  0  0  0  0 100  0100100100     0

--- Event Stage 3: Solving

BuildTwoSided       1460 1.0 1.0527e-01 3.0 0.00e+00 0.0 1.2e+04 4.0e+00 0.0e+00  0  0  5  0  0   0  0  5  0  0     0
VecView             1461 1.0 3.4913e+00 1.0 0.00e+00 0.0 0.0e+00 0.0e+00 0.0e+00  2  0  0  0  0   2  0  0  0  0     0
VecMDot             8760 1.0 1.6683e+00 1.3 1.92e+09 1.0 0.0e+00 0.0e+00 8.8e+03  1  4  0  0  8   1  4  0  0 12  4595
VecNorm            10220 1.0 1.2447e+00 1.7 6.39e+08 1.0 0.0e+00 0.0e+00 1.0e+04  1  1  0  0 10   1  1  0  0 14  2053
VecScale           10220 1.0 1.6206e-01 1.0 3.19e+08 1.0 0.0e+00 0.0e+00 0.0e+00  0  1  0  0  0   0  1  0  0  0  7883
VecCopy             1460 1.0 1.0888e-01 1.4 0.00e+00 0.0 0.0e+00 0.0e+00 0.0e+00  0  0  0  0  0   0  0  0  0  0     0
VecSet             18981 1.0 7.2943e-01 1.1 0.00e+00 0.0 0.0e+00 0.0e+00 0.0e+00  0  0  0  0  0   0  0  0  0  0     0
VecAXPY             2920 1.0 1.0892e-01 1.0 1.82e+08 1.0 0.0e+00 0.0e+00 0.0e+00  0  0  0  0  0   0  0  0  0  0  6702
VecMAXPY           10220 1.0 1.9629e+00 1.0 2.46e+09 1.0 0.0e+00 0.0e+00 0.0e+00  1  5  0  0  0   1  5  0  0  0  5021
VecPointwiseMult    5840 1.0 3.5384e-01 1.0 9.12e+07 1.0 0.0e+00 0.0e+00 0.0e+00  0  0  0  0  0   0  0  0  0  0  1032
VecLoad                1 1.0 9.9802e-04 1.0 0.00e+00 0.0 0.0e+00 0.0e+00 0.0e+00  0  0  0  0  0   0  0  0  0  0     0
VecScatterBegin    17520 1.0 3.6214e-01 2.7 0.00e+00 0.0 1.1e+05 9.4e+03 0.0e+00  0  0 53 55  0   0  0 53 55  0     0
VecScatterEnd      17520 1.0 9.7965e-01 6.8 0.00e+00 0.0 0.0e+00 0.0e+00 0.0e+00  0  0  0  0  0   1  0  0  0  0     0
VecNormalize       10220 1.0 1.4204e+00 1.5 9.58e+08 1.0 0.0e+00 0.0e+00 1.0e+04  1  2  0  0 10   1  2  0  0 14  2698
MatMult             8760 1.0 2.5965e+01 1.0 1.39e+10 1.0 1.1e+05 6.8e+03 0.0e+00 17 30 49 37  0  18 30 49 37  0  2145
MatSolve           10220 1.0 3.0404e+01 1.0 1.58e+10 1.0 0.0e+00 0.0e+00 0.0e+00 20 34  0  0  0  21 34  0  0  0  2079
MatLUFactorNum      1460 1.0 4.9098e+01 1.0 1.08e+10 1.0 0.0e+00 0.0e+00 0.0e+00 32 23  0  0  0  35 23  0  0  0   868
MatILUFactorSym     1460 1.0 6.0797e+00 1.0 0.00e+00 0.0 0.0e+00 0.0e+00 0.0e+00  4  0  0  0  0   4  0  0  0  0     0
MatCopy             1460 1.0 3.6779e+00 1.1 0.00e+00 0.0 0.0e+00 0.0e+00 0.0e+00  2  0  0  0  0   3  0  0  0  0     0
MatConvert             1 1.0 7.7448e-03 1.2 0.00e+00 0.0 0.0e+00 0.0e+00 0.0e+00  0  0  0  0  0   0  0  0  0  0     0
MatGetRowIJ         1460 1.0 4.6611e-04 1.2 0.00e+00 0.0 0.0e+00 0.0e+00 0.0e+00  0  0  0  0  0   0  0  0  0  0     0
MatGetOrdering      1460 1.0 7.9914e-01 1.0 0.00e+00 0.0 0.0e+00 0.0e+00 0.0e+00  1  0  0  0  0   1  0  0  0  0     0
SFSetGraph          1460 1.0 3.7819e-01 1.0 0.00e+00 0.0 0.0e+00 0.0e+00 0.0e+00  0  0  0  0  0   0  0  0  0  0     0
SFReduceBegin       1460 1.0 1.9877e-01 1.6 0.00e+00 0.0 5.8e+04 4.0e+03 0.0e+00  0  0 27 12  0   0  0 27 12  0     0
SFReduceEnd         1460 1.0 4.5827e-02 1.0 0.00e+00 0.0 0.0e+00 0.0e+00 0.0e+00  0  0  0  0  0   0  0  0  0  0     0
SolveSystem            1 1.0 1.4113e+02 1.0 4.61e+10 1.0 2.1e+05 9.1e+03 7.4e+04 92100100100 71 100100100100100  1304
KSPGMRESOrthog      8760 1.0 3.2371e+00 1.1 3.83e+09 1.0 0.0e+00 0.0e+00 8.8e+03  2  8  0  0  8   2  8  0  0 12  4736
KSPSetUp            2920 1.0 6.2263e-01 1.2 0.00e+00 0.0 0.0e+00 0.0e+00 2.9e+03  0  0  0  0  3   0  0  0  0  4     0
KSPSolve            1460 1.0 1.1826e+02 1.0 4.60e+10 1.0 1.1e+05 6.8e+03 4.8e+04 77100 49 37 46  84100 49 37 65  1550
PCSetUp             2920 1.0 5.6079e+01 1.0 1.08e+10 1.0 0.0e+00 0.0e+00 0.0e+00 36 23  0  0  0  40 23  0  0  0   760
PCSetUpOnBlocks     1460 1.0 5.6019e+01 1.0 1.08e+10 1.0 0.0e+00 0.0e+00 0.0e+00 36 23  0  0  0  39 23  0  0  0   761
PCApply            10220 1.0 3.0994e+01 1.0 1.58e+10 1.0 0.0e+00 0.0e+00 0.0e+00 20 34  0  0  0  22 34  0  0  0  2039

--- Event Stage 4: Destroying obj

DestroyBC              1 1.0 4.4012e-04 1.2 0.00e+00 0.0 0.0e+00 0.0e+00 0.0e+00  0  0  0  0  0  76  0  0  0  0     0
DestroyProperties       1 1.0 8.5831e-06 1.1 0.00e+00 0.0 0.0e+00 0.0e+00 0.0e+00  0  0  0  0  0   2  0  0  0  0     0
DestroyGeometry        1 1.0 5.5790e-05 1.1 0.00e+00 0.0 0.0e+00 0.0e+00 0.0e+00  0  0  0  0  0  10  0  0  0  0     0
------------------------------------------------------------------------------------------------------------------------

Memory usage is given in bytes:

Object Type          Creations   Destructions     Memory  Descendants' Mem.
Reports information only for process 0.

--- Event Stage 0: Main Stage

              Viewer     1              0            0     0.

--- Event Stage 1: Loading Files

              Vector  5852              5       508024     0.
      Vector Scatter     2              1       131072     0.
    Distributed Mesh     1              0            0     0.
Star Forest Bipartite Graph     2              0            0     0.
     Discrete System     1              0            0     0.
           Index Set  4387              4       388304     0.
   IS L to G Mapping     1              0            0     0.
   Application Order     1              0            0     0.
              Viewer     1              1          776     0.

--- Event Stage 2: Setting up

              Vector     4              3       275224     0.
      Vector Scatter     1              0            0     0.
              Matrix     3              0            0     0.
Star Forest Bipartite Graph     1              1          848     0.
           Index Set     2              2        11752     0.

--- Event Stage 3: Solving

              Vector 35043          30661   6313616704     0.
      Vector Scatter  5841           5841    123154864     0.
              Matrix  1463           1463  14563183768     0.
Star Forest Bipartite Graph  1460           1460      1238080     0.
           Index Set 10220          10220    372930720     0.
              Viewer  1462           1462      1134512     0.
       Krylov Solver  2921           2921     28558760     0.
      Preconditioner  2920           2920      2768160     0.

--- Event Stage 4: Destroying obj

              Vector     0             11       882416     0.
      Vector Scatter     0              1         1072     0.
              Matrix     0              3     10744724     0.
           Index Set     0              3        22328     0.
========================================================================================================================
Average time to get PetscTime(): 2.38419e-08
Average time for MPI_Barrier(): 1.66893e-06
Average time for zero size MPI_Send(): 3.27826e-06
#PETSc Option Table entries:
-Input_file_bc 50x50x50_bc.txt
-Input_file_gmtry 50x50x50_gmtry.txt
-Input_file_init_sol 50x50x50_Sol.h5
-Input_file_ppt 50x50x50_properties.txt
-Input_file_ppt_by_zones 50x50x50_zones.txt
-Input_type_bc 2
-Input_type_gmtry 2
-Input_type_init_sol 3
-Input_type_tplgy 0
-ksp_type gmres
-log_view ascii:50x50x50_NP4_KSPgmres_PCbjacobi.log
-Output_type_ppt 3
-pc_type bjacobi
-Project_name 50x50x50
-Run_options_scheme 2
-Run_options_time 1
#End of PETSc Option Table entries
Compiled without FORTRAN kernels
Compiled with full precision matrices (default)
sizeof(short) 2 sizeof(int) 4 sizeof(long) 8 sizeof(void*) 8 sizeof(PetscScalar) 8 sizeof(PetscInt) 4
Configure options: --with-shared-libraries --with-debugging=0 --with-mpi-dir=/MyLibs/MPICH/mpich-3.2/arch-centos-opt --with-cxx=0 --with-hdf5-dir=/MyLibs/HDF5/hdf5-1.8.17/arch-centos-parallel-opt/ PETSC_ARCH=arch-centos-opt-v3.7.2-mpich-v3.2-hdf5-v1.8.17 FOPTFLAGS="optimization flags" COPTFLAGS="optimization flags"
-----------------------------------------
Libraries compiled on Wed Aug 17 12:00:13 2016 on poroso-medellin-unal-edu-co 
Machine characteristics: Linux-3.10.0-327.28.2.el7.x86_64-x86_64-with-centos-7.2.1511-Core
Using PETSc directory: /MyLibs/PETSc
Using PETSc arch: arch-centos-opt-v3.7.2-mpich-v3.2-hdf5-v1.8.17
-----------------------------------------

Using C compiler: /MyLibs/MPICH/mpich-3.2/arch-centos-opt/bin/mpicc  -fPIC  -Wall -Wwrite-strings -Wno-strict-aliasing -Wno-unknown-pragmas -fvisibility=hidden  ${COPTFLAGS} ${CFLAGS}
Using Fortran compiler: /MyLibs/MPICH/mpich-3.2/arch-centos-opt/bin/mpif90  -fPIC -Wall -ffree-line-length-0 -Wno-unused-dummy-argument   ${FOPTFLAGS} ${FFLAGS} 
-----------------------------------------

Using include paths: -I/MyLibs/PETSc/arch-centos-opt-v3.7.2-mpich-v3.2-hdf5-v1.8.17/include -I/MyLibs/PETSc/include -I/MyLibs/PETSc/include -I/MyLibs/PETSc/arch-centos-opt-v3.7.2-mpich-v3.2-hdf5-v1.8.17/include -I/MyLibs/HDF5/hdf5-1.8.17/arch-centos-parallel-opt/include -I/MyLibs/MPICH/mpich-3.2/arch-centos-opt/include
-----------------------------------------

Using C linker: /MyLibs/MPICH/mpich-3.2/arch-centos-opt/bin/mpicc
Using Fortran linker: /MyLibs/MPICH/mpich-3.2/arch-centos-opt/bin/mpif90
Using libraries: -Wl,-rpath,/MyLibs/PETSc/arch-centos-opt-v3.7.2-mpich-v3.2-hdf5-v1.8.17/lib -L/MyLibs/PETSc/arch-centos-opt-v3.7.2-mpich-v3.2-hdf5-v1.8.17/lib -lpetsc -llapack -lblas -Wl,-rpath,/MyLibs/HDF5/hdf5-1.8.17/arch-centos-parallel-opt/lib -L/MyLibs/HDF5/hdf5-1.8.17/arch-centos-parallel-opt/lib -lhdf5hl_fortran -lhdf5_fortran -lhdf5_hl -lhdf5 -lpthread -lm -Wl,-rpath,/MyLibs/MPICH/mpich-3.2/arch-centos-opt/lib -L/MyLibs/MPICH/mpich-3.2/arch-centos-opt/lib -Wl,-rpath,/usr/lib/gcc/x86_64-redhat-linux/4.8.5 -L/usr/lib/gcc/x86_64-redhat-linux/4.8.5 -lmpifort -lgfortran -lm -lgfortran -lm -lquadmath -lm -Wl,-rpath,/MyLibs/MPICH/mpich-3.2/arch-centos-opt/lib -L/MyLibs/MPICH/mpich-3.2/arch-centos-opt/lib -Wl,-rpath,/usr/lib/gcc/x86_64-redhat-linux/4.8.5 -L/usr/lib/gcc/x86_64-redhat-linux/4.8.5 -ldl -Wl,-rpath,/MyLibs/MPICH/mpich-3.2/arch-centos-opt/lib -lmpi -lgcc_s -ldl 
-----------------------------------------

