************************************************************************************************************************
***             WIDEN YOUR WINDOW TO 120 CHARACTERS.  Use 'enscript -r -fCourier9' to print this document            ***
************************************************************************************************************************

---------------------------------------------- PETSc Performance Summary: ----------------------------------------------

../../src/ANISOFLOW                                                                                                                                                                                                                                             ˻d on a arch-centos-opt-v3.7.2-mpich-v3.2-hdf5-v1.8.17 named poroso-medellin-unal-edu-co with 8 processors, by sospinar Sat Oct 15 23:29:35 2016
Using Petsc Release Version 3.7.3, unknown 

                         Max       Max/Min        Avg      Total 
Time (sec):           1.099e+02      1.00000   1.099e+02
Objects:              7.159e+04      1.00000   7.159e+04
Flops:                2.285e+10      1.00811   2.277e+10  1.821e+11
Flops/sec:            2.079e+08      1.00811   2.072e+08  1.658e+09
MPI Messages:         1.475e+05      1.50721   1.041e+05  8.327e+05
MPI Message Lengths:  1.335e+09      3.90903   4.475e+03  3.727e+09
MPI Reductions:       1.052e+05      1.00000

Flop counting convention: 1 flop = 1 real number operation of type (multiply/divide/add/subtract)
                            e.g., VecAXPY() for real vectors of length N --> 2N flops
                            and VecAXPY() for complex vectors of length N --> 8N flops

Summary of Stages:   ----- Time ------  ----- Flops -----  --- Messages ---  -- Message Lengths --  -- Reductions --
                        Avg     %Total     Avg     %Total   counts   %Total     Avg         %Total   counts   %Total 
 0:      Main Stage: 1.7056e-04   0.0%  0.0000e+00   0.0%  0.000e+00   0.0%  0.000e+00        0.0%  0.000e+00   0.0% 
 1:   Loading Files: 1.2583e+01  11.5%  0.0000e+00   0.0%  3.180e+02   0.0%  4.334e+00        0.1%  3.069e+04  29.2% 
 2:      Setting up: 1.2775e-01   0.1%  0.0000e+00   0.0%  1.680e+02   0.0%  2.252e-01        0.0%  1.700e+01   0.0% 
 3:         Solving: 9.7173e+01  88.4%  1.8214e+11 100.0%  8.322e+05  99.9%  4.471e+03       99.9%  7.446e+04  70.8% 
 4:  Destroying obj: 5.6407e-04   0.0%  0.0000e+00   0.0%  0.000e+00   0.0%  0.000e+00        0.0%  0.000e+00   0.0% 

------------------------------------------------------------------------------------------------------------------------
See the 'Profiling' chapter of the users' manual for details on interpreting output.
Phase summary info:
   Count: number of times phase was executed
   Time and Flops: Max - maximum over all processors
                   Ratio - ratio of maximum to minimum over all processors
   Mess: number of messages sent
   Avg. len: average message length (bytes)
   Reduct: number of global reductions
   Global: entire computation
   Stage: stages of a computation. Set stages with PetscLogStagePush() and PetscLogStagePop().
      %T - percent time in this phase         %F - percent flops in this phase
      %M - percent messages in this phase     %L - percent message lengths in this phase
      %R - percent reductions in this phase
   Total Mflop/s: 10e-6 * (sum of flops over all processors)/(max time over all processors)
------------------------------------------------------------------------------------------------------------------------
Event                Count      Time (sec)     Flops                             --- Global ---  --- Stage ---   Total
                   Max Ratio  Max     Ratio   Max  Ratio  Mess   Avg len Reduct  %T %F %M %L %R  %T %F %M %L %R Mflop/s
------------------------------------------------------------------------------------------------------------------------

--- Event Stage 0: Main Stage


--- Event Stage 1: Loading Files

GetGeometry            1 1.0 5.0347e-03 1.0 0.00e+00 0.0 1.1e+02 5.6e+02 1.3e+01  0  0  0  0  0   0  0 35  2  0     0
VecView                1 1.0 4.6587e-03 1.0 0.00e+00 0.0 0.0e+00 0.0e+00 0.0e+00  0  0  0  0  0   0  0  0  0  0     0
VecMax                 2 1.0 1.4830e-04 1.4 0.00e+00 0.0 0.0e+00 0.0e+00 0.0e+00  0  0  0  0  0   0  0  0  0  0     0
VecCopy                2 1.0 3.9577e-05 1.6 0.00e+00 0.0 0.0e+00 0.0e+00 0.0e+00  0  0  0  0  0   0  0  0  0  0     0
VecSet                 8 1.0 4.3106e-04 1.8 0.00e+00 0.0 0.0e+00 0.0e+00 0.0e+00  0  0  0  0  0   0  0  0  0  0     0
VecAssemblyBegin    5845 1.0 1.1680e-01 2.3 0.00e+00 0.0 1.4e+01 9.4e+04 1.8e+04  0  0  0  0 17   1  0  4 36 57     0
VecAssemblyEnd      5845 1.0 3.1333e-03 1.4 0.00e+00 0.0 0.0e+00 0.0e+00 0.0e+00  0  0  0  0  0   0  0  0  0  0     0
VecScatterBegin        2 1.0 3.3450e-04 1.2 0.00e+00 0.0 8.0e+01 1.1e+04 0.0e+00  0  0  0  0  0   0  0 25 24  0     0
VecScatterEnd          2 1.0 1.2660e-04 1.8 0.00e+00 0.0 0.0e+00 0.0e+00 0.0e+00  0  0  0  0  0   0  0  0  0  0     0
GetProrperties         1 1.0 8.1567e-02 1.0 0.00e+00 0.0 2.1e+02 1.7e+04 2.1e+01  0  0  0  0  0   1  0 65 98  0     0
GetConductivity        1 1.0 1.9503e-04 1.2 0.00e+00 0.0 0.0e+00 0.0e+00 0.0e+00  0  0  0  0  0   0  0  0  0  0     0
GetSpecificStorage       1 1.0 3.5024e-04 1.2 0.00e+00 0.0 0.0e+00 0.0e+00 2.0e+00  0  0  0  0  0   0  0  0  0  0     0
GetBC                  1 1.0 1.2496e+01 1.0 0.00e+00 0.0 0.0e+00 0.0e+00 3.1e+04 11  0  0  0 29  99  0  0  0100     0

--- Event Stage 2: Setting up

BuildTwoSided          1 1.0 5.1975e-05 1.1 0.00e+00 0.0 0.0e+00 0.0e+00 0.0e+00  0  0  0  0  0   0  0  0  0  0     0
VecSet                 2 1.0 1.0490e-05 1.9 0.00e+00 0.0 0.0e+00 0.0e+00 0.0e+00  0  0  0  0  0   0  0  0  0  0     0
VecScatterBegin        1 1.0 3.4332e-05 1.5 0.00e+00 0.0 5.6e+01 2.2e+03 0.0e+00  0  0  0  0  0   0  0 33 67  0     0
VecScatterEnd          1 1.0 2.7180e-05 1.7 0.00e+00 0.0 0.0e+00 0.0e+00 0.0e+00  0  0  0  0  0   0  0  0  0  0     0
MatAssemblyBegin       2 1.0 9.5103e-03181.3 0.00e+00 0.0 0.0e+00 0.0e+00 4.0e+00  0  0  0  0  0   5  0  0  0 24     0
MatAssemblyEnd         2 1.0 4.6399e-03 1.0 0.00e+00 0.0 1.1e+02 5.6e+02 8.0e+00  0  0  0  0  0   4  0 67 33 47     0
SFSetGraph             1 1.0 1.8120e-05 3.5 0.00e+00 0.0 0.0e+00 0.0e+00 0.0e+00  0  0  0  0  0   0  0  0  0  0     0
SFReduceBegin          1 1.0 9.7275e-05 1.1 0.00e+00 0.0 0.0e+00 0.0e+00 0.0e+00  0  0  0  0  0   0  0  0  0  0     0
SFReduceEnd            1 1.0 2.6226e-06 1.4 0.00e+00 0.0 0.0e+00 0.0e+00 0.0e+00  0  0  0  0  0   0  0  0  0  0     0
BuildSystem            1 1.0 1.2774e-01 1.0 0.00e+00 0.0 1.7e+02 1.1e+03 1.7e+01  0  0  0  0  0 100  0100100100     0

--- Event Stage 3: Solving

BuildTwoSided       1460 1.0 4.1739e-01 5.1 0.00e+00 0.0 4.7e+04 4.0e+00 0.0e+00  0  0  6  0  0   0  0  6  0  0     0
VecView             1461 1.0 5.0886e+00 1.0 0.00e+00 0.0 0.0e+00 0.0e+00 0.0e+00  5  0  0  0  0   5  0  0  0  0     0
VecMDot             8760 1.0 3.4292e+00 1.4 9.58e+08 1.0 0.0e+00 0.0e+00 8.8e+03  3  4  0  0  8   3  4  0  0 12  2235
VecNorm            10220 1.0 3.5653e+00 1.5 3.19e+08 1.0 0.0e+00 0.0e+00 1.0e+04  3  1  0  0 10   3  1  0  0 14   717
VecScale           10220 1.0 8.1872e-02 1.0 1.60e+08 1.0 0.0e+00 0.0e+00 0.0e+00  0  1  0  0  0   0  1  0  0  0 15604
VecCopy             1460 1.0 8.6705e-02 1.8 0.00e+00 0.0 0.0e+00 0.0e+00 0.0e+00  0  0  0  0  0   0  0  0  0  0     0
VecSet             18981 1.0 5.3040e-01 1.1 0.00e+00 0.0 0.0e+00 0.0e+00 0.0e+00  0  0  0  0  0   1  0  0  0  0     0
VecAXPY             2920 1.0 7.5200e-02 1.1 9.12e+07 1.0 0.0e+00 0.0e+00 0.0e+00  0  0  0  0  0   0  0  0  0  0  9707
VecMAXPY           10220 1.0 1.0640e+00 1.0 1.23e+09 1.0 0.0e+00 0.0e+00 0.0e+00  1  5  0  0  0   1  5  0  0  0  9262
VecPointwiseMult    5840 1.0 2.4384e-01 1.3 4.56e+07 1.0 0.0e+00 0.0e+00 0.0e+00  0  0  0  0  0   0  0  0  0  0  1497
VecLoad                1 1.0 1.9464e-03 1.0 0.00e+00 0.0 0.0e+00 0.0e+00 0.0e+00  0  0  0  0  0   0  0  0  0  0     0
VecScatterBegin    17520 1.0 6.2751e-01 3.9 0.00e+00 0.0 5.1e+05 3.7e+03 0.0e+00  0  0 61 51  0   0  0 61 51  0     0
VecScatterEnd      17520 1.0 1.9302e+0010.1 0.00e+00 0.0 0.0e+00 0.0e+00 0.0e+00  1  0  0  0  0   2  0  0  0  0     0
VecNormalize       10220 1.0 3.6620e+00 1.5 4.79e+08 1.0 0.0e+00 0.0e+00 1.0e+04  3  2  0  0 10   3  2  0  0 14  1047
MatMult             8760 1.0 1.5984e+01 1.1 6.96e+09 1.0 4.9e+05 2.2e+03 0.0e+00 14 31 59 29  0  16 31 59 29  0  3485
MatSolve           10220 1.0 1.8363e+01 1.0 7.79e+09 1.0 0.0e+00 0.0e+00 0.0e+00 16 34  0  0  0  19 34  0  0  0  3395
MatLUFactorNum      1460 1.0 2.6071e+01 1.0 5.29e+09 1.0 0.0e+00 0.0e+00 0.0e+00 23 23  0  0  0  26 23  0  0  0  1598
MatILUFactorSym     1460 1.0 4.4836e+00 1.1 0.00e+00 0.0 0.0e+00 0.0e+00 0.0e+00  4  0  0  0  0   5  0  0  0  0     0
MatCopy             1460 1.0 4.1661e+00 1.1 0.00e+00 0.0 0.0e+00 0.0e+00 0.0e+00  4  0  0  0  0   4  0  0  0  0     0
MatConvert             1 1.0 7.2362e-03 1.3 0.00e+00 0.0 0.0e+00 0.0e+00 0.0e+00  0  0  0  0  0   0  0  0  0  0     0
MatGetRowIJ         1460 1.0 5.2810e-04 1.4 0.00e+00 0.0 0.0e+00 0.0e+00 0.0e+00  0  0  0  0  0   0  0  0  0  0     0
MatGetOrdering      1460 1.0 4.5739e-01 1.2 0.00e+00 0.0 0.0e+00 0.0e+00 0.0e+00  0  0  0  0  0   0  0  0  0  0     0
SFSetGraph          1460 1.0 4.2022e-01 1.0 0.00e+00 0.0 0.0e+00 0.0e+00 0.0e+00  0  0  0  0  0   0  0  0  0  0     0
SFReduceBegin       1460 1.0 5.2017e-01 2.8 0.00e+00 0.0 2.3e+05 2.0e+03 0.0e+00  0  0 28 13  0   0  0 28 13  0     0
SFReduceEnd         1460 1.0 4.9423e-02 1.1 0.00e+00 0.0 0.0e+00 0.0e+00 0.0e+00  0  0  0  0  0   0  0  0  0  0     0
SolveSystem            1 1.0 9.7173e+01 1.0 2.28e+10 1.0 8.3e+05 4.5e+03 7.4e+04 88100100100 71 100100100100100  1874
KSPGMRESOrthog      8760 1.0 4.2727e+00 1.3 1.92e+09 1.0 0.0e+00 0.0e+00 8.8e+03  3  8  0  0  8   4  8  0  0 12  3588
KSPSetUp            2920 1.0 9.5113e-01 1.9 0.00e+00 0.0 0.0e+00 0.0e+00 2.9e+03  1  0  0  0  3   1  0  0  0  4     0
KSPSolve            1460 1.0 7.2664e+01 1.0 2.28e+10 1.0 4.9e+05 2.2e+03 4.8e+04 66100 59 29 46  75100 59 29 65  2496
PCSetUp             2920 1.0 3.1081e+01 1.0 5.29e+09 1.0 0.0e+00 0.0e+00 0.0e+00 28 23  0  0  0  31 23  0  0  0  1340
PCSetUpOnBlocks     1460 1.0 3.1018e+01 1.0 5.29e+09 1.0 0.0e+00 0.0e+00 0.0e+00 28 23  0  0  0  31 23  0  0  0  1343
PCApply            10220 1.0 1.8928e+01 1.0 7.79e+09 1.0 0.0e+00 0.0e+00 0.0e+00 17 34  0  0  0  19 34  0  0  0  3293

--- Event Stage 4: Destroying obj

DestroyBC              1 1.0 4.9782e-04 1.7 0.00e+00 0.0 0.0e+00 0.0e+00 0.0e+00  0  0  0  0  0  77  0  0  0  0     0
DestroyProperties       1 1.0 1.1921e-05 1.5 0.00e+00 0.0 0.0e+00 0.0e+00 0.0e+00  0  0  0  0  0   2  0  0  0  0     0
DestroyGeometry        1 1.0 5.7220e-05 1.5 0.00e+00 0.0 0.0e+00 0.0e+00 0.0e+00  0  0  0  0  0   8  0  0  0  0     0
------------------------------------------------------------------------------------------------------------------------

Memory usage is given in bytes:

Object Type          Creations   Destructions     Memory  Descendants' Mem.
Reports information only for process 0.

--- Event Stage 0: Main Stage

              Viewer     1              0            0     0.

--- Event Stage 1: Loading Files

              Vector  5852              5       258024     0.
      Vector Scatter     2              1        33672     0.
    Distributed Mesh     1              0            0     0.
Star Forest Bipartite Graph     2              0            0     0.
     Discrete System     1              0            0     0.
           Index Set  4387              4       198408     0.
   IS L to G Mapping     1              0            0     0.
   Application Order     1              0            0     0.
              Viewer     1              1          776     0.

--- Event Stage 2: Setting up

              Vector     4              3       145432     0.
      Vector Scatter     1              0            0     0.
              Matrix     3              0            0     0.
Star Forest Bipartite Graph     1              1          848     0.
           Index Set     2              2         9356     0.

--- Event Stage 3: Solving

              Vector 35043          30661   3211111912     0.
      Vector Scatter  5841           5841    123248176     0.
              Matrix  1463           1463   7190512684     0.
Star Forest Bipartite Graph  1460           1460      1238080     0.
           Index Set 10220          10220    190430720     0.
              Viewer  1462           1462      1134512     0.
       Krylov Solver  2921           2921     28558760     0.
      Preconditioner  2920           2920      2768160     0.

--- Event Stage 4: Destroying obj

              Vector     0             11       481824     0.
      Vector Scatter     0              1         1072     0.
              Matrix     0              3      5379640     0.
           Index Set     0              3        22328     0.
========================================================================================================================
Average time to get PetscTime(): 4.76837e-08
Average time for MPI_Barrier(): 2.24113e-06
Average time for zero size MPI_Send(): 3.78489e-06
#PETSc Option Table entries:
-Input_file_bc 50x50x50_bc.txt
-Input_file_gmtry 50x50x50_gmtry.txt
-Input_file_init_sol 50x50x50_Sol.h5
-Input_file_ppt 50x50x50_properties.txt
-Input_file_ppt_by_zones 50x50x50_zones.txt
-Input_type_bc 2
-Input_type_gmtry 2
-Input_type_init_sol 3
-Input_type_tplgy 0
-ksp_type gmres
-log_view ascii:50x50x50_NP8_KSPgmres_PCbjacobi.log
-Output_type_ppt 3
-pc_type bjacobi
-Project_name 50x50x50
-Run_options_scheme 2
-Run_options_time 1
#End of PETSc Option Table entries
Compiled without FORTRAN kernels
Compiled with full precision matrices (default)
sizeof(short) 2 sizeof(int) 4 sizeof(long) 8 sizeof(void*) 8 sizeof(PetscScalar) 8 sizeof(PetscInt) 4
Configure options: --with-shared-libraries --with-debugging=0 --with-mpi-dir=/MyLibs/MPICH/mpich-3.2/arch-centos-opt --with-cxx=0 --with-hdf5-dir=/MyLibs/HDF5/hdf5-1.8.17/arch-centos-parallel-opt/ PETSC_ARCH=arch-centos-opt-v3.7.2-mpich-v3.2-hdf5-v1.8.17 FOPTFLAGS="optimization flags" COPTFLAGS="optimization flags"
-----------------------------------------
Libraries compiled on Wed Aug 17 12:00:13 2016 on poroso-medellin-unal-edu-co 
Machine characteristics: Linux-3.10.0-327.28.2.el7.x86_64-x86_64-with-centos-7.2.1511-Core
Using PETSc directory: /MyLibs/PETSc
Using PETSc arch: arch-centos-opt-v3.7.2-mpich-v3.2-hdf5-v1.8.17
-----------------------------------------

Using C compiler: /MyLibs/MPICH/mpich-3.2/arch-centos-opt/bin/mpicc  -fPIC  -Wall -Wwrite-strings -Wno-strict-aliasing -Wno-unknown-pragmas -fvisibility=hidden  ${COPTFLAGS} ${CFLAGS}
Using Fortran compiler: /MyLibs/MPICH/mpich-3.2/arch-centos-opt/bin/mpif90  -fPIC -Wall -ffree-line-length-0 -Wno-unused-dummy-argument   ${FOPTFLAGS} ${FFLAGS} 
-----------------------------------------

Using include paths: -I/MyLibs/PETSc/arch-centos-opt-v3.7.2-mpich-v3.2-hdf5-v1.8.17/include -I/MyLibs/PETSc/include -I/MyLibs/PETSc/include -I/MyLibs/PETSc/arch-centos-opt-v3.7.2-mpich-v3.2-hdf5-v1.8.17/include -I/MyLibs/HDF5/hdf5-1.8.17/arch-centos-parallel-opt/include -I/MyLibs/MPICH/mpich-3.2/arch-centos-opt/include
-----------------------------------------

Using C linker: /MyLibs/MPICH/mpich-3.2/arch-centos-opt/bin/mpicc
Using Fortran linker: /MyLibs/MPICH/mpich-3.2/arch-centos-opt/bin/mpif90
Using libraries: -Wl,-rpath,/MyLibs/PETSc/arch-centos-opt-v3.7.2-mpich-v3.2-hdf5-v1.8.17/lib -L/MyLibs/PETSc/arch-centos-opt-v3.7.2-mpich-v3.2-hdf5-v1.8.17/lib -lpetsc -llapack -lblas -Wl,-rpath,/MyLibs/HDF5/hdf5-1.8.17/arch-centos-parallel-opt/lib -L/MyLibs/HDF5/hdf5-1.8.17/arch-centos-parallel-opt/lib -lhdf5hl_fortran -lhdf5_fortran -lhdf5_hl -lhdf5 -lpthread -lm -Wl,-rpath,/MyLibs/MPICH/mpich-3.2/arch-centos-opt/lib -L/MyLibs/MPICH/mpich-3.2/arch-centos-opt/lib -Wl,-rpath,/usr/lib/gcc/x86_64-redhat-linux/4.8.5 -L/usr/lib/gcc/x86_64-redhat-linux/4.8.5 -lmpifort -lgfortran -lm -lgfortran -lm -lquadmath -lm -Wl,-rpath,/MyLibs/MPICH/mpich-3.2/arch-centos-opt/lib -L/MyLibs/MPICH/mpich-3.2/arch-centos-opt/lib -Wl,-rpath,/usr/lib/gcc/x86_64-redhat-linux/4.8.5 -L/usr/lib/gcc/x86_64-redhat-linux/4.8.5 -ldl -Wl,-rpath,/MyLibs/MPICH/mpich-3.2/arch-centos-opt/lib -lmpi -lgcc_s -ldl 
-----------------------------------------

