************************************************************************************************************************
***             WIDEN YOUR WINDOW TO 120 CHARACTERS.  Use 'enscript -r -fCourier9' to print this document            ***
************************************************************************************************************************

---------------------------------------------- PETSc Performance Summary: ----------------------------------------------

../../src/ANISOFLOW                                                                                                                                                                                                                                             ˻d on a arch-centos-opt-v3.7.2-mpich-v3.2-hdf5-v1.8.17 named poroso-medellin-unal-edu-co with 29 processors, by sospinar Sun Oct 16 07:07:37 2016
Using Petsc Release Version 3.7.3, unknown 

                         Max       Max/Min        Avg      Total 
Time (sec):           1.410e+02      1.00005   1.410e+02
Objects:              7.159e+04      1.00000   7.159e+04
Flops:                7.634e+09      3.25524   6.273e+09  1.819e+11
Flops/sec:            5.415e+07      3.25523   4.449e+07  1.290e+09
MPI Messages:         3.278e+05      2.62583   1.427e+05  4.139e+06
MPI Message Lengths:  4.490e+09     11.52715   5.570e+03  2.305e+10
MPI Reductions:       1.110e+05      1.00000

Flop counting convention: 1 flop = 1 real number operation of type (multiply/divide/add/subtract)
                            e.g., VecAXPY() for real vectors of length N --> 2N flops
                            and VecAXPY() for complex vectors of length N --> 8N flops

Summary of Stages:   ----- Time ------  ----- Flops -----  --- Messages ---  -- Message Lengths --  -- Reductions --
                        Avg     %Total     Avg     %Total   counts   %Total     Avg         %Total   counts   %Total 
 0:      Main Stage: 2.7979e-04   0.0%  0.0000e+00   0.0%  0.000e+00   0.0%  0.000e+00        0.0%  0.000e+00   0.0% 
 1:   Loading Files: 2.4274e+01  17.2%  0.0000e+00   0.0%  2.820e+02   0.0%  9.955e-01        0.0%  3.069e+04  27.6% 
 2:      Setting up: 8.4516e-02   0.1%  0.0000e+00   0.0%  1.680e+02   0.0%  4.060e-01        0.0%  1.700e+01   0.0% 
 3:         Solving: 1.1662e+02  82.7%  1.8191e+11 100.0%  4.138e+06 100.0%  5.568e+03      100.0%  8.030e+04  72.3% 
 4:  Destroying obj: 1.2579e-03   0.0%  0.0000e+00   0.0%  0.000e+00   0.0%  0.000e+00        0.0%  0.000e+00   0.0% 

------------------------------------------------------------------------------------------------------------------------
See the 'Profiling' chapter of the users' manual for details on interpreting output.
Phase summary info:
   Count: number of times phase was executed
   Time and Flops: Max - maximum over all processors
                   Ratio - ratio of maximum to minimum over all processors
   Mess: number of messages sent
   Avg. len: average message length (bytes)
   Reduct: number of global reductions
   Global: entire computation
   Stage: stages of a computation. Set stages with PetscLogStagePush() and PetscLogStagePop().
      %T - percent time in this phase         %F - percent flops in this phase
      %M - percent messages in this phase     %L - percent message lengths in this phase
      %R - percent reductions in this phase
   Total Mflop/s: 10e-6 * (sum of flops over all processors)/(max time over all processors)
------------------------------------------------------------------------------------------------------------------------
Event                Count      Time (sec)     Flops                             --- Global ---  --- Stage ---   Total
                   Max Ratio  Max     Ratio   Max  Ratio  Mess   Avg len Reduct  %T %F %M %L %R  %T %F %M %L %R Mflop/s
------------------------------------------------------------------------------------------------------------------------

--- Event Stage 0: Main Stage


--- Event Stage 1: Loading Files

GetGeometry            1 1.0 1.1122e-02 2.2 0.00e+00 0.0 1.1e+02 5.0e+03 1.3e+01  0  0  0  0  0   0  0 40 14  0     0
VecView                1 1.0 1.2689e-02 2.2 0.00e+00 0.0 0.0e+00 0.0e+00 0.0e+00  0  0  0  0  0   0  0  0  0  0     0
VecMax                 2 1.0 9.1076e-05 1.9 0.00e+00 0.0 0.0e+00 0.0e+00 0.0e+00  0  0  0  0  0   0  0  0  0  0     0
VecCopy                2 1.0 2.4557e-05 2.2 0.00e+00 0.0 0.0e+00 0.0e+00 0.0e+00  0  0  0  0  0   0  0  0  0  0     0
VecSet                 8 1.0 4.4012e-04 2.0 0.00e+00 0.0 0.0e+00 0.0e+00 0.0e+00  0  0  0  0  0   0  0  0  0  0     0
VecAssemblyBegin    5845 1.0 3.3154e-01 2.1 0.00e+00 0.0 5.6e+01 2.6e+04 1.8e+04  0  0  0  0 16   1  0 20 35 57     0
VecAssemblyEnd      5845 1.0 5.4212e-03 2.1 0.00e+00 0.0 0.0e+00 0.0e+00 0.0e+00  0  0  0  0  0   0  0  0  0  0     0
VecScatterBegin        2 1.0 7.8511e-04 3.2 0.00e+00 0.0 5.6e+01 2.0e+04 0.0e+00  0  0  0  0  0   0  0 20 27  0     0
VecScatterEnd          2 1.0 3.4332e-04 5.6 0.00e+00 0.0 0.0e+00 0.0e+00 0.0e+00  0  0  0  0  0   0  0  0  0  0     0
GetProrperties         1 1.0 1.5704e-01 1.0 0.00e+00 0.0 1.7e+02 2.1e+04 2.1e+01  0  0  0  0  0   1  0 60 86  0     0
GetConductivity        1 1.0 4.5276e-04 3.8 0.00e+00 0.0 0.0e+00 0.0e+00 0.0e+00  0  0  0  0  0   0  0  0  0  0     0
GetSpecificStorage       1 1.0 1.8291e-03 1.3 0.00e+00 0.0 0.0e+00 0.0e+00 2.0e+00  0  0  0  0  0   0  0  0  0  0     0
GetBC                  1 1.0 2.4106e+01 1.0 0.00e+00 0.0 0.0e+00 0.0e+00 3.1e+04 17  0  0  0 28  99  0  0  0100     0

--- Event Stage 2: Setting up

BuildTwoSided          1 1.0 5.6481e-0412.0 0.00e+00 0.0 0.0e+00 0.0e+00 0.0e+00  0  0  0  0  0   0  0  0  0  0     0
VecSet                 2 1.0 9.2506e-05 4.1 0.00e+00 0.0 0.0e+00 0.0e+00 0.0e+00  0  0  0  0  0   0  0  0  0  0     0
VecScatterBegin        1 1.0 2.4319e-04 2.2 0.00e+00 0.0 5.6e+01 2.0e+04 0.0e+00  0  0  0  0  0   0  0 33 67  0     0
VecScatterEnd          1 1.0 1.5140e-04 2.8 0.00e+00 0.0 0.0e+00 0.0e+00 0.0e+00  0  0  0  0  0   0  0  0  0  0     0
MatAssemblyBegin       2 1.0 5.0119e-02202.1 0.00e+00 0.0 0.0e+00 0.0e+00 4.0e+00  0  0  0  0  0  16  0  0  0 24     0
MatAssemblyEnd         2 1.0 7.8475e-03 1.1 0.00e+00 0.0 1.1e+02 5.0e+03 8.0e+00  0  0  0  0  0   9  0 67 33 47     0
SFSetGraph             1 1.0 1.0490e-05 2.0 0.00e+00 0.0 0.0e+00 0.0e+00 0.0e+00  0  0  0  0  0   0  0  0  0  0     0
SFReduceBegin          1 1.0 6.4468e-04 6.4 0.00e+00 0.0 0.0e+00 0.0e+00 0.0e+00  0  0  0  0  0   0  0  0  0  0     0
SFReduceEnd            1 1.0 3.3379e-06 1.6 0.00e+00 0.0 0.0e+00 0.0e+00 0.0e+00  0  0  0  0  0   0  0  0  0  0     0
BuildSystem            1 1.0 8.4577e-02 1.0 0.00e+00 0.0 1.7e+02 1.0e+04 1.7e+01  0  0  0  0  0 100  0100100100     0

--- Event Stage 3: Solving

BuildTwoSided       1460 1.0 1.7955e+00 9.7 0.00e+00 0.0 6.1e+05 4.0e+00 0.0e+00  1  0 15  0  0   1  0 15  0  0     0
VecView             1461 1.0 8.1284e+00 1.0 0.00e+00 0.0 0.0e+00 0.0e+00 0.0e+00  6  0  0  0  0   7  0  0  0  0     0
VecMDot            11680 1.0 2.4728e+01 9.7 5.26e+08 2.0 0.0e+00 0.0e+00 1.2e+04  5  7  0  0 11   7  7  0  0 15   531
VecNorm            13140 1.0 1.2301e+0110.7 1.31e+08 2.0 0.0e+00 0.0e+00 1.3e+04  3  2  0  0 12   4  2  0  0 16   267
VecScale           13140 1.0 7.1270e-02 1.4 6.57e+07 2.0 0.0e+00 0.0e+00 0.0e+00  0  1  0  0  0   0  1  0  0  0 23046
VecCopy             1460 1.0 6.1698e-02 3.3 0.00e+00 0.0 0.0e+00 0.0e+00 0.0e+00  0  0  0  0  0   0  0  0  0  0     0
VecSet             21901 1.0 5.4845e-01 1.4 0.00e+00 0.0 0.0e+00 0.0e+00 0.0e+00  0  0  0  0  0   0  0  0  0  0     0
VecAXPY             2920 1.0 4.9762e-02 2.4 2.92e+07 2.0 0.0e+00 0.0e+00 0.0e+00  0  0  0  0  0   0  0  0  0  0 14670
VecMAXPY           13140 1.0 9.6073e-01 2.0 6.42e+08 2.0 0.0e+00 0.0e+00 0.0e+00  1  9  0  0  0   1  9  0  0  0 16716
VecPointwiseMult    5840 1.0 1.5867e-01 2.4 1.46e+07 2.0 0.0e+00 0.0e+00 0.0e+00  0  0  0  0  0   0  0  0  0  0  2300
VecLoad                1 1.0 6.3372e-04 1.3 0.00e+00 0.0 0.0e+00 0.0e+00 0.0e+00  0  0  0  0  0   0  0  0  0  0     0
VecScatterBegin    20440 1.0 3.3708e+00 6.5 0.00e+00 0.0 7.4e+05 2.2e+04 0.0e+00  1  0 18 71  0   1  0 18 71  0     0
VecScatterEnd      20440 1.0 1.2675e+0113.6 0.00e+00 0.0 0.0e+00 0.0e+00 0.0e+00  8  0  0  0  0  10  0  0  0  0     0
VecNormalize       13140 1.0 1.2394e+01 9.8 1.97e+08 2.0 0.0e+00 0.0e+00 1.3e+04  3  3  0  0 12   4  3  0  0 16   398
MatMult            11680 1.0 2.5647e+01 2.7 3.01e+09 3.0 6.5e+05 2.0e+04 0.0e+00 16 41 16 57  0  19 41 16 57  0  2896
MatSolve           13140 1.0 1.2503e+01 2.8 2.24e+09 4.1 0.0e+00 0.0e+00 0.0e+00  7 28  0  0  0   9 28  0  0  0  4104
MatLUFactorNum      1460 1.0 9.5823e+00 4.4 9.77e+08 9.5 0.0e+00 0.0e+00 0.0e+00  5 12  0  0  0   6 12  0  0  0  2203
MatILUFactorSym     1460 1.0 3.8688e+00 3.6 0.00e+00 0.0 0.0e+00 0.0e+00 0.0e+00  2  0  0  0  0   3  0  0  0  0     0
MatCopy             1460 1.0 5.2749e+00 2.3 0.00e+00 0.0 0.0e+00 0.0e+00 0.0e+00  3  0  0  0  0   4  0  0  0  0     0
MatConvert             1 1.0 9.2535e-03 4.0 0.00e+00 0.0 0.0e+00 0.0e+00 0.0e+00  0  0  0  0  0   0  0  0  0  0     0
MatGetRowIJ         1460 1.0 7.0286e-04 1.7 0.00e+00 0.0 0.0e+00 0.0e+00 0.0e+00  0  0  0  0  0   0  0  0  0  0     0
MatGetOrdering      1460 1.0 2.2315e-01 1.9 0.00e+00 0.0 0.0e+00 0.0e+00 0.0e+00  0  0  0  0  0   0  0  0  0  0     0
SFSetGraph          1460 1.0 7.0193e-01 1.0 0.00e+00 0.0 0.0e+00 0.0e+00 0.0e+00  0  0  0  0  0   1  0  0  0  0     0
SFReduceBegin       1460 1.0 2.1165e+00 4.5 0.00e+00 0.0 3.1e+06 5.5e+02 0.0e+00  1  0 74  7  0   1  0 74  7  0     0
SFReduceEnd         1460 1.0 1.0323e-01 1.6 0.00e+00 0.0 0.0e+00 0.0e+00 0.0e+00  0  0  0  0  0   0  0  0  0  0     0
SolveSystem            1 1.0 1.1662e+02 1.0 7.63e+09 3.3 4.1e+06 5.6e+03 8.0e+04 83100100100 72 100100100100100  1560
KSPGMRESOrthog     11680 1.0 2.5229e+01 7.4 1.05e+09 2.0 0.0e+00 0.0e+00 1.2e+04  6 14  0  0 11   7 14  0  0 15  1042
KSPSetUp            2920 1.0 2.6116e+00 4.0 0.00e+00 0.0 0.0e+00 0.0e+00 2.9e+03  1  0  0  0  3   2  0  0  0  4     0
KSPSolve            1460 1.0 5.8609e+01 1.0 7.61e+09 3.3 6.5e+05 2.0e+04 5.4e+04 42100 16 57 49  50100 16 57 67  3091
PCSetUp             2920 1.0 1.3819e+01 3.7 9.77e+08 9.5 0.0e+00 0.0e+00 0.0e+00  8 12  0  0  0   9 12  0  0  0  1527
PCSetUpOnBlocks     1460 1.0 1.3705e+01 3.9 9.77e+08 9.5 0.0e+00 0.0e+00 0.0e+00  8 12  0  0  0   9 12  0  0  0  1540
PCApply            13140 1.0 1.3799e+01 2.4 2.24e+09 4.1 0.0e+00 0.0e+00 0.0e+00  8 28  0  0  0  10 28  0  0  0  3719

--- Event Stage 4: Destroying obj

DestroyBC              1 1.0 1.2891e-03 1.7 0.00e+00 0.0 0.0e+00 0.0e+00 0.0e+00  0  0  0  0  0  83  0  0  0  0     0
DestroyProperties       1 1.0 1.6284e-0413.4 0.00e+00 0.0 0.0e+00 0.0e+00 0.0e+00  0  0  0  0  0   2  0  0  0  0     0
DestroyGeometry        1 1.0 1.6737e-04 7.5 0.00e+00 0.0 0.0e+00 0.0e+00 0.0e+00  0  0  0  0  0   3  0  0  0  0     0
------------------------------------------------------------------------------------------------------------------------

Memory usage is given in bytes:

Object Type          Creations   Destructions     Memory  Descendants' Mem.
Reports information only for process 0.

--- Event Stage 0: Main Stage

              Viewer     1              0            0     0.

--- Event Stage 1: Loading Files

              Vector  5852              5        88024     0.
      Vector Scatter     2              1        41072     0.
    Distributed Mesh     1              0            0     0.
Star Forest Bipartite Graph     2              0            0     0.
     Discrete System     1              0            0     0.
           Index Set  4387              4        73104     0.
   IS L to G Mapping     1              0            0     0.
   Application Order     1              0            0     0.
              Viewer     1              1          776     0.

--- Event Stage 2: Setting up

              Vector     4              3        64824     0.
      Vector Scatter     1              0            0     0.
              Matrix     3              0            0     0.
Star Forest Bipartite Graph     1              1          848     0.
           Index Set     2              2        11552     0.

--- Event Stage 3: Solving

              Vector 35043          30661   1101416304     0.
      Vector Scatter  5841           5841    142087808     0.
              Matrix  1463           1463   1657880912     0.
Star Forest Bipartite Graph  1460           1460      1238080     0.
           Index Set 10220          10220     66330720     0.
              Viewer  1462           1462      1134512     0.
       Krylov Solver  2921           2921     28558760     0.
      Preconditioner  2920           2920      2768160     0.

--- Event Stage 4: Destroying obj

              Vector     0             11       245280     0.
      Vector Scatter     0              1         1072     0.
              Matrix     0              3      1493388     0.
           Index Set     0              3        22328     0.
========================================================================================================================
Average time to get PetscTime(): 7.15256e-08
Average time for MPI_Barrier(): 5.67436e-06
Average time for zero size MPI_Send(): 4.62039e-06
#PETSc Option Table entries:
-Input_file_bc 50x50x50_bc.txt
-Input_file_gmtry 50x50x50_gmtry.txt
-Input_file_init_sol 50x50x50_Sol.h5
-Input_file_ppt 50x50x50_properties.txt
-Input_file_ppt_by_zones 50x50x50_zones.txt
-Input_type_bc 2
-Input_type_gmtry 2
-Input_type_init_sol 3
-Input_type_tplgy 0
-ksp_type gmres
-log_view ascii:50x50x50_NP29_KSPgmres_PCbjacobi.log
-Output_type_ppt 3
-pc_type bjacobi
-Project_name 50x50x50
-Run_options_scheme 2
-Run_options_time 1
#End of PETSc Option Table entries
Compiled without FORTRAN kernels
Compiled with full precision matrices (default)
sizeof(short) 2 sizeof(int) 4 sizeof(long) 8 sizeof(void*) 8 sizeof(PetscScalar) 8 sizeof(PetscInt) 4
Configure options: --with-shared-libraries --with-debugging=0 --with-mpi-dir=/MyLibs/MPICH/mpich-3.2/arch-centos-opt --with-cxx=0 --with-hdf5-dir=/MyLibs/HDF5/hdf5-1.8.17/arch-centos-parallel-opt/ PETSC_ARCH=arch-centos-opt-v3.7.2-mpich-v3.2-hdf5-v1.8.17 FOPTFLAGS="optimization flags" COPTFLAGS="optimization flags"
-----------------------------------------
Libraries compiled on Wed Aug 17 12:00:13 2016 on poroso-medellin-unal-edu-co 
Machine characteristics: Linux-3.10.0-327.28.2.el7.x86_64-x86_64-with-centos-7.2.1511-Core
Using PETSc directory: /MyLibs/PETSc
Using PETSc arch: arch-centos-opt-v3.7.2-mpich-v3.2-hdf5-v1.8.17
-----------------------------------------

Using C compiler: /MyLibs/MPICH/mpich-3.2/arch-centos-opt/bin/mpicc  -fPIC  -Wall -Wwrite-strings -Wno-strict-aliasing -Wno-unknown-pragmas -fvisibility=hidden  ${COPTFLAGS} ${CFLAGS}
Using Fortran compiler: /MyLibs/MPICH/mpich-3.2/arch-centos-opt/bin/mpif90  -fPIC -Wall -ffree-line-length-0 -Wno-unused-dummy-argument   ${FOPTFLAGS} ${FFLAGS} 
-----------------------------------------

Using include paths: -I/MyLibs/PETSc/arch-centos-opt-v3.7.2-mpich-v3.2-hdf5-v1.8.17/include -I/MyLibs/PETSc/include -I/MyLibs/PETSc/include -I/MyLibs/PETSc/arch-centos-opt-v3.7.2-mpich-v3.2-hdf5-v1.8.17/include -I/MyLibs/HDF5/hdf5-1.8.17/arch-centos-parallel-opt/include -I/MyLibs/MPICH/mpich-3.2/arch-centos-opt/include
-----------------------------------------

Using C linker: /MyLibs/MPICH/mpich-3.2/arch-centos-opt/bin/mpicc
Using Fortran linker: /MyLibs/MPICH/mpich-3.2/arch-centos-opt/bin/mpif90
Using libraries: -Wl,-rpath,/MyLibs/PETSc/arch-centos-opt-v3.7.2-mpich-v3.2-hdf5-v1.8.17/lib -L/MyLibs/PETSc/arch-centos-opt-v3.7.2-mpich-v3.2-hdf5-v1.8.17/lib -lpetsc -llapack -lblas -Wl,-rpath,/MyLibs/HDF5/hdf5-1.8.17/arch-centos-parallel-opt/lib -L/MyLibs/HDF5/hdf5-1.8.17/arch-centos-parallel-opt/lib -lhdf5hl_fortran -lhdf5_fortran -lhdf5_hl -lhdf5 -lpthread -lm -Wl,-rpath,/MyLibs/MPICH/mpich-3.2/arch-centos-opt/lib -L/MyLibs/MPICH/mpich-3.2/arch-centos-opt/lib -Wl,-rpath,/usr/lib/gcc/x86_64-redhat-linux/4.8.5 -L/usr/lib/gcc/x86_64-redhat-linux/4.8.5 -lmpifort -lgfortran -lm -lgfortran -lm -lquadmath -lm -Wl,-rpath,/MyLibs/MPICH/mpich-3.2/arch-centos-opt/lib -L/MyLibs/MPICH/mpich-3.2/arch-centos-opt/lib -Wl,-rpath,/usr/lib/gcc/x86_64-redhat-linux/4.8.5 -L/usr/lib/gcc/x86_64-redhat-linux/4.8.5 -ldl -Wl,-rpath,/MyLibs/MPICH/mpich-3.2/arch-centos-opt/lib -lmpi -lgcc_s -ldl 
-----------------------------------------

