************************************************************************************************************************
***             WIDEN YOUR WINDOW TO 120 CHARACTERS.  Use 'enscript -r -fCourier9' to print this document            ***
************************************************************************************************************************

---------------------------------------------- PETSc Performance Summary: ----------------------------------------------

../../src/ANISOFLOW                                                                                                                                                                                                                                             ˻d on a arch-centos-opt-v3.7.2-mpich-v3.2-hdf5-v1.8.17 named poroso-medellin-unal-edu-co with 19 processors, by sospinar Sun Oct 16 02:52:48 2016
Using Petsc Release Version 3.7.3, unknown 

                         Max       Max/Min        Avg      Total 
Time (sec):           2.013e+02      1.00000   2.013e+02
Objects:              7.597e+04      1.00000   7.597e+04
Flops:                3.619e+10      1.73625   3.105e+10  5.899e+11
Flops/sec:            1.798e+08      1.73625   1.542e+08  2.930e+09
MPI Messages:         2.504e+05      2.07885   1.665e+05  3.163e+06
MPI Message Lengths:  3.673e+09      3.48863   1.201e+04  3.800e+10
MPI Reductions:       1.183e+05      1.00000

Flop counting convention: 1 flop = 1 real number operation of type (multiply/divide/add/subtract)
                            e.g., VecAXPY() for real vectors of length N --> 2N flops
                            and VecAXPY() for complex vectors of length N --> 8N flops

Summary of Stages:   ----- Time ------  ----- Flops -----  --- Messages ---  -- Message Lengths --  -- Reductions --
                        Avg     %Total     Avg     %Total   counts   %Total     Avg         %Total   counts   %Total 
 0:      Main Stage: 2.1623e-04   0.0%  0.0000e+00   0.0%  0.000e+00   0.0%  0.000e+00        0.0%  0.000e+00   0.0% 
 1:   Loading Files: 1.2638e+01   6.3%  0.0000e+00   0.0%  1.820e+02   0.0%  1.103e+00        0.0%  3.069e+04  25.9% 
 2:      Setting up: 1.1403e-01   0.1%  0.0000e+00   0.0%  1.080e+02   0.0%  3.415e-01        0.0%  1.700e+01   0.0% 
 3:         Solving: 1.8856e+02  93.7%  5.8986e+11 100.0%  3.163e+06 100.0%  1.201e+04      100.0%  8.760e+04  74.0% 
 4:  Destroying obj: 8.8962e-04   0.0%  0.0000e+00   0.0%  0.000e+00   0.0%  0.000e+00        0.0%  0.000e+00   0.0% 

------------------------------------------------------------------------------------------------------------------------
See the 'Profiling' chapter of the users' manual for details on interpreting output.
Phase summary info:
   Count: number of times phase was executed
   Time and Flops: Max - maximum over all processors
                   Ratio - ratio of maximum to minimum over all processors
   Mess: number of messages sent
   Avg. len: average message length (bytes)
   Reduct: number of global reductions
   Global: entire computation
   Stage: stages of a computation. Set stages with PetscLogStagePush() and PetscLogStagePop().
      %T - percent time in this phase         %F - percent flops in this phase
      %M - percent messages in this phase     %L - percent message lengths in this phase
      %R - percent reductions in this phase
   Total Mflop/s: 10e-6 * (sum of flops over all processors)/(max time over all processors)
------------------------------------------------------------------------------------------------------------------------
Event                Count      Time (sec)     Flops                             --- Global ---  --- Stage ---   Total
                   Max Ratio  Max     Ratio   Max  Ratio  Mess   Avg len Reduct  %T %F %M %L %R  %T %F %M %L %R Mflop/s
------------------------------------------------------------------------------------------------------------------------

--- Event Stage 0: Main Stage


--- Event Stage 1: Loading Files

GetGeometry            1 1.0 4.3886e-03 1.0 0.00e+00 0.0 7.2e+01 5.0e+03 1.3e+01  0  0  0  0  0   0  0 40 10  0     0
VecView                1 1.0 4.2598e-03 1.1 0.00e+00 0.0 0.0e+00 0.0e+00 0.0e+00  0  0  0  0  0   0  0  0  0  0     0
VecMax                 2 1.0 1.2851e-04 2.0 0.00e+00 0.0 0.0e+00 0.0e+00 0.0e+00  0  0  0  0  0   0  0  0  0  0     0
VecCopy                2 1.0 2.4557e-05 2.1 0.00e+00 0.0 0.0e+00 0.0e+00 0.0e+00  0  0  0  0  0   0  0  0  0  0     0
VecSet                 8 1.0 4.0054e-04 2.0 0.00e+00 0.0 0.0e+00 0.0e+00 0.0e+00  0  0  0  0  0   0  0  0  0  0     0
VecAssemblyBegin    5845 1.0 2.3479e-01 1.4 0.00e+00 0.0 3.6e+01 3.9e+04 1.8e+04  0  0  0  0 15   2  0 20 40 57     0
VecAssemblyEnd      5845 1.0 4.7982e-03 2.1 0.00e+00 0.0 0.0e+00 0.0e+00 0.0e+00  0  0  0  0  0   0  0  0  0  0     0
VecScatterBegin        2 1.0 4.7731e-04 1.9 0.00e+00 0.0 3.6e+01 2.0e+04 0.0e+00  0  0  0  0  0   0  0 20 21  0     0
VecScatterEnd          2 1.0 2.2578e-04 2.2 0.00e+00 0.0 0.0e+00 0.0e+00 0.0e+00  0  0  0  0  0   0  0  0  0  0     0
GetProrperties         1 1.0 7.6799e-02 1.0 0.00e+00 0.0 1.1e+02 2.8e+04 2.1e+01  0  0  0  0  0   1  0 60 90  0     0
GetConductivity        1 1.0 2.6178e-04 2.2 0.00e+00 0.0 0.0e+00 0.0e+00 0.0e+00  0  0  0  0  0   0  0  0  0  0     0
GetSpecificStorage       1 1.0 4.3893e-04 1.3 0.00e+00 0.0 0.0e+00 0.0e+00 2.0e+00  0  0  0  0  0   0  0  0  0  0     0
GetBC                  1 1.0 1.2556e+01 1.0 0.00e+00 0.0 0.0e+00 0.0e+00 3.1e+04  6  0  0  0 26  99  0  0  0100     0

--- Event Stage 2: Setting up

BuildTwoSided          1 1.0 7.8344e-0416.9 0.00e+00 0.0 0.0e+00 0.0e+00 0.0e+00  0  0  0  0  0   0  0  0  0  0     0
VecSet                 2 1.0 7.1526e-05 7.1 0.00e+00 0.0 0.0e+00 0.0e+00 0.0e+00  0  0  0  0  0   0  0  0  0  0     0
VecScatterBegin        1 1.0 1.4114e-04 3.0 0.00e+00 0.0 3.6e+01 2.0e+04 0.0e+00  0  0  0  0  0   0  0 33 67  0     0
VecScatterEnd          1 1.0 1.6022e-04 2.7 0.00e+00 0.0 0.0e+00 0.0e+00 0.0e+00  0  0  0  0  0   0  0  0  0  0     0
MatAssemblyBegin       2 1.0 6.4276e-02306.7 0.00e+00 0.0 0.0e+00 0.0e+00 4.0e+00  0  0  0  0  0  31  0  0  0 24     0
MatAssemblyEnd         2 1.0 8.2245e-03 1.1 0.00e+00 0.0 7.2e+01 5.0e+03 8.0e+00  0  0  0  0  0   7  0 67 33 47     0
SFSetGraph             1 1.0 9.7752e-06 2.0 0.00e+00 0.0 0.0e+00 0.0e+00 0.0e+00  0  0  0  0  0   0  0  0  0  0     0
SFReduceBegin          1 1.0 8.2731e-0410.3 0.00e+00 0.0 0.0e+00 0.0e+00 0.0e+00  0  0  0  0  0   0  0  0  0  0     0
SFReduceEnd            1 1.0 2.8610e-06 1.5 0.00e+00 0.0 0.0e+00 0.0e+00 0.0e+00  0  0  0  0  0   0  0  0  0  0     0
BuildSystem            1 1.0 1.1402e-01 1.0 0.00e+00 0.0 1.1e+02 1.0e+04 1.7e+01  0  0  0  0  0 100  0100100100     0

--- Event Stage 3: Solving

BuildTwoSided       1460 1.0 1.4098e+00 4.9 0.00e+00 0.0 2.6e+05 4.0e+00 0.0e+00  0  0  8  0  0   0  0  8  0  0     0
VecView             1461 1.0 5.1348e+00 1.0 0.00e+00 0.0 0.0e+00 0.0e+00 0.0e+00  3  0  0  0  0   3  0  0  0  0     0
VecMDot            14600 1.0 2.7065e+01 3.0 1.20e+09 1.5 0.0e+00 0.0e+00 1.5e+04  8  3  0  0 12   9  3  0  0 17   742
VecTDot            17520 1.0 8.6489e+00 2.6 2.63e+08 1.5 0.0e+00 0.0e+00 1.8e+04  3  1  0  0 15   3  1  0  0 20   506
VecNorm            26280 1.0 4.6042e+01 2.9 3.94e+08 1.5 0.0e+00 0.0e+00 2.6e+04 13  1  0  0 22  14  1  0  0 30   143
VecScale           16060 1.0 9.7152e-02 1.5 1.20e+08 1.5 0.0e+00 0.0e+00 0.0e+00  0  0  0  0  0   0  0  0  0  0 20664
VecCopy            14600 1.0 6.0179e-01 1.8 0.00e+00 0.0 0.0e+00 0.0e+00 0.0e+00  0  0  0  0  0   0  0  0  0  0     0
VecSet             30661 1.0 3.0697e-01 1.2 0.00e+00 0.0 0.0e+00 0.0e+00 0.0e+00  0  0  0  0  0   0  0  0  0  0     0
VecAXPY            20440 1.0 7.3615e-01 1.5 3.07e+08 1.5 0.0e+00 0.0e+00 0.0e+00  0  1  0  0  0   0  1  0  0  0  6942
VecAYPX            37960 1.0 1.6775e+00 1.7 4.16e+08 1.5 0.0e+00 0.0e+00 0.0e+00  1  1  0  0  0   1  1  0  0  0  4134
VecAXPBYCZ         20440 1.0 1.0572e+00 1.6 7.66e+08 1.5 0.0e+00 0.0e+00 0.0e+00  0  2  0  0  0   0  2  0  0  0 12084
VecMAXPY           16060 1.0 1.6954e+00 1.6 1.42e+09 1.5 0.0e+00 0.0e+00 0.0e+00  1  4  0  0  0   1  4  0  0  0 13994
VecPointwiseMult    5840 1.0 1.9655e-01 2.3 2.19e+07 1.5 0.0e+00 0.0e+00 0.0e+00  0  0  0  0  0   0  0  0  0  0  1857
VecLoad                1 1.0 4.9186e-04 1.1 0.00e+00 0.0 0.0e+00 0.0e+00 0.0e+00  0  0  0  0  0   0  0  0  0  0     0
VecScatterBegin    52560 1.0 2.7947e+00 2.3 0.00e+00 0.0 1.6e+06 2.1e+04 0.0e+00  1  0 52 88  0   1  0 52 88  0     0
VecScatterEnd      52560 1.0 1.9409e+01 5.8 0.00e+00 0.0 0.0e+00 0.0e+00 0.0e+00  5  0  0  0  0   6  0  0  0  0     0
VecNormalize       16060 1.0 3.6592e+00 2.5 3.61e+08 1.5 0.0e+00 0.0e+00 1.6e+04  1  1  0  0 14   1  1  0  0 18  1646
MatMult            43800 1.0 6.0074e+01 1.9 1.69e+10 1.8 1.6e+06 2.0e+04 0.0e+00 26 47 50 83  0  27 47 50 83  0  4636
MatSOR             46720 1.0 5.5787e+01 1.7 1.43e+10 1.7 0.0e+00 0.0e+00 0.0e+00 23 39  0  0  0  24 39  0  0  0  4112
MatCopy             1460 1.0 5.4081e+00 1.4 0.00e+00 0.0 0.0e+00 0.0e+00 0.0e+00  2  0  0  0  0   3  0  0  0  0     0
MatConvert             1 1.0 8.3964e-03 1.6 0.00e+00 0.0 0.0e+00 0.0e+00 0.0e+00  0  0  0  0  0   0  0  0  0  0     0
SFSetGraph          1460 1.0 5.4293e-01 1.1 0.00e+00 0.0 0.0e+00 0.0e+00 0.0e+00  0  0  0  0  0   0  0  0  0  0     0
SFReduceBegin       1460 1.0 1.5985e+00 3.5 0.00e+00 0.0 1.3e+06 8.4e+02 0.0e+00  0  0 42  3  0   0  0 42  3  0     0
SFReduceEnd         1460 1.0 9.6453e-02 1.4 0.00e+00 0.0 0.0e+00 0.0e+00 0.0e+00  0  0  0  0  0   0  0  0  0  0     0
SolveSystem            1 1.0 1.8856e+02 1.0 3.62e+10 1.7 3.2e+06 1.2e+04 8.8e+04 94100100100 74 100100100100100  3128
KSPGMRESOrthog     14600 1.0 2.8075e+01 2.7 2.41e+09 1.5 0.0e+00 0.0e+00 1.5e+04  9  7  0  0 12   9  7  0  0 17  1430
KSPSetUp            4380 1.0 2.1284e+00 1.6 0.00e+00 0.0 0.0e+00 0.0e+00 5.8e+03  1  0  0  0  5   1  0  0  0  7     0
KSPSolve            1460 1.0 1.5270e+02 1.0 3.62e+10 1.7 1.6e+06 2.0e+04 5.8e+04 76100 50 83 49  81100 50 83 67  3858
PCSetUp             1460 1.0 7.0064e-01 1.1 0.00e+00 0.0 0.0e+00 0.0e+00 2.9e+03  0  0  0  0  2   0  0  0  0  3     0
PCApply            10220 1.0 1.2191e+02 1.3 3.20e+10 1.7 1.3e+06 2.0e+04 3.1e+04 56 88 40 66 26  60 88 40 66 35  4268

--- Event Stage 4: Destroying obj

DestroyBC              1 1.0 9.2435e-04 1.9 0.00e+00 0.0 0.0e+00 0.0e+00 0.0e+00  0  0  0  0  0  83  0  0  0  0     0
DestroyProperties       1 1.0 1.3351e-05 1.6 0.00e+00 0.0 0.0e+00 0.0e+00 0.0e+00  0  0  0  0  0   1  0  0  0  0     0
DestroyGeometry        1 1.0 3.2187e-05 1.8 0.00e+00 0.0 0.0e+00 0.0e+00 0.0e+00  0  0  0  0  0   3  0  0  0  0     0
------------------------------------------------------------------------------------------------------------------------

Memory usage is given in bytes:

Object Type          Creations   Destructions     Memory  Descendants' Mem.
Reports information only for process 0.

--- Event Stage 0: Main Stage

              Viewer     1              0            0     0.

--- Event Stage 1: Loading Files

              Vector  5852              5       128024     0.
      Vector Scatter     2              1        61072     0.
    Distributed Mesh     1              0            0     0.
Star Forest Bipartite Graph     2              0            0     0.
     Discrete System     1              0            0     0.
           Index Set  4387              4       103104     0.
   IS L to G Mapping     1              0            0     0.
   Application Order     1              0            0     0.
              Viewer     1              1          776     0.

--- Event Stage 2: Setting up

              Vector     4              3        84824     0.
      Vector Scatter     1              0            0     0.
              Matrix     3              0            0     0.
Star Forest Bipartite Graph     1              1          848     0.
           Index Set     2              2        11552     0.

--- Event Stage 3: Solving

              Vector 42343          37961   2223397104     0.
      Vector Scatter  5841           5841    139635168     0.
              Matrix     3              3      2361936     0.
Star Forest Bipartite Graph  1460           1460      1238080     0.
           Index Set  5840           5840      4531840     0.
              Viewer  1462           1462      1134512     0.
       Krylov Solver  4381           4381     47784040     0.
      Preconditioner  4380           4380      3936160     0.

--- Event Stage 4: Destroying obj

              Vector     0             11       306912     0.
      Vector Scatter     0              1         1072     0.
              Matrix     0              3      2541932     0.
           Index Set     0              3        22328     0.
========================================================================================================================
Average time to get PetscTime(): 4.76837e-08
Average time for MPI_Barrier(): 5.05447e-06
Average time for zero size MPI_Send(): 3.70176e-06
#PETSc Option Table entries:
-Input_file_bc 50x50x50_bc.txt
-Input_file_gmtry 50x50x50_gmtry.txt
-Input_file_init_sol 50x50x50_Sol.h5
-Input_file_ppt 50x50x50_properties.txt
-Input_file_ppt_by_zones 50x50x50_zones.txt
-Input_type_bc 2
-Input_type_gmtry 2
-Input_type_init_sol 3
-Input_type_tplgy 0
-ksp_type cg
-log_view ascii:50x50x50_NP19_KSPcg_PCmg.log
-Output_type_ppt 3
-pc_type mg
-Project_name 50x50x50
-Run_options_scheme 2
-Run_options_time 1
#End of PETSc Option Table entries
Compiled without FORTRAN kernels
Compiled with full precision matrices (default)
sizeof(short) 2 sizeof(int) 4 sizeof(long) 8 sizeof(void*) 8 sizeof(PetscScalar) 8 sizeof(PetscInt) 4
Configure options: --with-shared-libraries --with-debugging=0 --with-mpi-dir=/MyLibs/MPICH/mpich-3.2/arch-centos-opt --with-cxx=0 --with-hdf5-dir=/MyLibs/HDF5/hdf5-1.8.17/arch-centos-parallel-opt/ PETSC_ARCH=arch-centos-opt-v3.7.2-mpich-v3.2-hdf5-v1.8.17 FOPTFLAGS="optimization flags" COPTFLAGS="optimization flags"
-----------------------------------------
Libraries compiled on Wed Aug 17 12:00:13 2016 on poroso-medellin-unal-edu-co 
Machine characteristics: Linux-3.10.0-327.28.2.el7.x86_64-x86_64-with-centos-7.2.1511-Core
Using PETSc directory: /MyLibs/PETSc
Using PETSc arch: arch-centos-opt-v3.7.2-mpich-v3.2-hdf5-v1.8.17
-----------------------------------------

Using C compiler: /MyLibs/MPICH/mpich-3.2/arch-centos-opt/bin/mpicc  -fPIC  -Wall -Wwrite-strings -Wno-strict-aliasing -Wno-unknown-pragmas -fvisibility=hidden  ${COPTFLAGS} ${CFLAGS}
Using Fortran compiler: /MyLibs/MPICH/mpich-3.2/arch-centos-opt/bin/mpif90  -fPIC -Wall -ffree-line-length-0 -Wno-unused-dummy-argument   ${FOPTFLAGS} ${FFLAGS} 
-----------------------------------------

Using include paths: -I/MyLibs/PETSc/arch-centos-opt-v3.7.2-mpich-v3.2-hdf5-v1.8.17/include -I/MyLibs/PETSc/include -I/MyLibs/PETSc/include -I/MyLibs/PETSc/arch-centos-opt-v3.7.2-mpich-v3.2-hdf5-v1.8.17/include -I/MyLibs/HDF5/hdf5-1.8.17/arch-centos-parallel-opt/include -I/MyLibs/MPICH/mpich-3.2/arch-centos-opt/include
-----------------------------------------

Using C linker: /MyLibs/MPICH/mpich-3.2/arch-centos-opt/bin/mpicc
Using Fortran linker: /MyLibs/MPICH/mpich-3.2/arch-centos-opt/bin/mpif90
Using libraries: -Wl,-rpath,/MyLibs/PETSc/arch-centos-opt-v3.7.2-mpich-v3.2-hdf5-v1.8.17/lib -L/MyLibs/PETSc/arch-centos-opt-v3.7.2-mpich-v3.2-hdf5-v1.8.17/lib -lpetsc -llapack -lblas -Wl,-rpath,/MyLibs/HDF5/hdf5-1.8.17/arch-centos-parallel-opt/lib -L/MyLibs/HDF5/hdf5-1.8.17/arch-centos-parallel-opt/lib -lhdf5hl_fortran -lhdf5_fortran -lhdf5_hl -lhdf5 -lpthread -lm -Wl,-rpath,/MyLibs/MPICH/mpich-3.2/arch-centos-opt/lib -L/MyLibs/MPICH/mpich-3.2/arch-centos-opt/lib -Wl,-rpath,/usr/lib/gcc/x86_64-redhat-linux/4.8.5 -L/usr/lib/gcc/x86_64-redhat-linux/4.8.5 -lmpifort -lgfortran -lm -lgfortran -lm -lquadmath -lm -Wl,-rpath,/MyLibs/MPICH/mpich-3.2/arch-centos-opt/lib -L/MyLibs/MPICH/mpich-3.2/arch-centos-opt/lib -Wl,-rpath,/usr/lib/gcc/x86_64-redhat-linux/4.8.5 -L/usr/lib/gcc/x86_64-redhat-linux/4.8.5 -ldl -Wl,-rpath,/MyLibs/MPICH/mpich-3.2/arch-centos-opt/lib -lmpi -lgcc_s -ldl 
-----------------------------------------

