************************************************************************************************************************
***             WIDEN YOUR WINDOW TO 120 CHARACTERS.  Use 'enscript -r -fCourier9' to print this document            ***
************************************************************************************************************************

---------------------------------------------- PETSc Performance Summary: ----------------------------------------------

../../src/ANISOFLOW                                                                                                                                                                                                                                             ˻d on a arch-centos-opt-v3.7.2-mpich-v3.2-hdf5-v1.8.17 named poroso-medellin-unal-edu-co with 6 processors, by sospinar Sat Oct 15 22:35:16 2016
Using Petsc Release Version 3.7.3, unknown 

                         Max       Max/Min        Avg      Total 
Time (sec):           1.207e+02      1.00000   1.207e+02
Objects:              5.407e+04      1.00000   5.407e+04
Flops:                2.976e+10      1.07822   2.895e+10  1.737e+11
Flops/sec:            2.466e+08      1.07822   2.399e+08  1.439e+09
MPI Messages:         9.055e+04      1.63136   6.719e+04  4.031e+05
MPI Message Lengths:  1.056e+09      3.03973   7.459e+03  3.007e+09
MPI Reductions:       8.474e+04      1.00000

Flop counting convention: 1 flop = 1 real number operation of type (multiply/divide/add/subtract)
                            e.g., VecAXPY() for real vectors of length N --> 2N flops
                            and VecAXPY() for complex vectors of length N --> 8N flops

Summary of Stages:   ----- Time ------  ----- Flops -----  --- Messages ---  -- Message Lengths --  -- Reductions --
                        Avg     %Total     Avg     %Total   counts   %Total     Avg         %Total   counts   %Total 
 0:      Main Stage: 1.7774e-04   0.0%  0.0000e+00   0.0%  0.000e+00   0.0%  0.000e+00        0.0%  0.000e+00   0.0% 
 1:   Loading Files: 1.1317e+01   9.4%  0.0000e+00   0.0%  1.180e+02   0.0%  7.813e+00        0.1%  3.069e+04  36.2% 
 2:      Setting up: 1.6430e-01   0.1%  0.0000e+00   0.0%  6.600e+01   0.0%  4.586e-01        0.0%  1.700e+01   0.0% 
 3:         Solving: 1.0920e+02  90.5%  1.7369e+11 100.0%  4.030e+05 100.0%  7.451e+03       99.9%  5.402e+04  63.8% 
 4:  Destroying obj: 5.1876e-04   0.0%  0.0000e+00   0.0%  0.000e+00   0.0%  0.000e+00        0.0%  0.000e+00   0.0% 

------------------------------------------------------------------------------------------------------------------------
See the 'Profiling' chapter of the users' manual for details on interpreting output.
Phase summary info:
   Count: number of times phase was executed
   Time and Flops: Max - maximum over all processors
                   Ratio - ratio of maximum to minimum over all processors
   Mess: number of messages sent
   Avg. len: average message length (bytes)
   Reduct: number of global reductions
   Global: entire computation
   Stage: stages of a computation. Set stages with PetscLogStagePush() and PetscLogStagePop().
      %T - percent time in this phase         %F - percent flops in this phase
      %M - percent messages in this phase     %L - percent message lengths in this phase
      %R - percent reductions in this phase
   Total Mflop/s: 10e-6 * (sum of flops over all processors)/(max time over all processors)
------------------------------------------------------------------------------------------------------------------------
Event                Count      Time (sec)     Flops                             --- Global ---  --- Stage ---   Total
                   Max Ratio  Max     Ratio   Max  Ratio  Mess   Avg len Reduct  %T %F %M %L %R  %T %F %M %L %R Mflop/s
------------------------------------------------------------------------------------------------------------------------

--- Event Stage 0: Main Stage


--- Event Stage 1: Loading Files

GetGeometry            1 1.0 6.0906e-03 1.0 0.00e+00 0.0 4.4e+01 1.4e+03 1.3e+01  0  0  0  0  0   0  0 37  2  0     0
VecView                1 1.0 3.6199e-03 1.0 0.00e+00 0.0 0.0e+00 0.0e+00 0.0e+00  0  0  0  0  0   0  0  0  0  0     0
VecMax                 2 1.0 1.8787e-04 1.4 0.00e+00 0.0 0.0e+00 0.0e+00 0.0e+00  0  0  0  0  0   0  0  0  0  0     0
VecCopy                2 1.0 5.2691e-05 1.5 0.00e+00 0.0 0.0e+00 0.0e+00 0.0e+00  0  0  0  0  0   0  0  0  0  0     0
VecSet                 8 1.0 5.6624e-04 1.9 0.00e+00 0.0 0.0e+00 0.0e+00 0.0e+00  0  0  0  0  0   0  0  0  0  0     0
VecAssemblyBegin    5845 1.0 1.0545e-01 2.3 0.00e+00 0.0 1.0e+01 1.2e+05 1.8e+04  0  0  0  0 21   1  0  8 40 57     0
VecAssemblyEnd      5845 1.0 2.8503e-03 1.2 0.00e+00 0.0 0.0e+00 0.0e+00 0.0e+00  0  0  0  0  0   0  0  0  0  0     0
VecScatterBegin        2 1.0 3.1924e-04 1.4 0.00e+00 0.0 2.8e+01 2.2e+04 0.0e+00  0  0  0  0  0   0  0 24 19  0     0
VecScatterEnd          2 1.0 2.5964e-04 2.8 0.00e+00 0.0 0.0e+00 0.0e+00 0.0e+00  0  0  0  0  0   0  0  0  0  0     0
GetProrperties         1 1.0 7.4503e-02 1.0 0.00e+00 0.0 7.4e+01 4.2e+04 2.1e+01  0  0  0  0  0   1  0 63 98  0     0
GetConductivity        1 1.0 2.2769e-04 1.3 0.00e+00 0.0 0.0e+00 0.0e+00 0.0e+00  0  0  0  0  0   0  0  0  0  0     0
GetSpecificStorage       1 1.0 4.0197e-04 1.2 0.00e+00 0.0 0.0e+00 0.0e+00 2.0e+00  0  0  0  0  0   0  0  0  0  0     0
GetBC                  1 1.0 1.1236e+01 1.0 0.00e+00 0.0 0.0e+00 0.0e+00 3.1e+04  9  0  0  0 36  99  0  0  0100     0

--- Event Stage 2: Setting up

BuildTwoSided          1 1.0 1.9240e-04 6.8 0.00e+00 0.0 0.0e+00 0.0e+00 0.0e+00  0  0  0  0  0   0  0  0  0  0     0
VecSet                 2 1.0 8.8215e-06 1.6 0.00e+00 0.0 0.0e+00 0.0e+00 0.0e+00  0  0  0  0  0   0  0  0  0  0     0
VecScatterBegin        1 1.0 2.9325e-05 1.5 0.00e+00 0.0 2.2e+01 5.6e+03 0.0e+00  0  0  0  0  0   0  0 33 67  0     0
VecScatterEnd          1 1.0 2.2650e-05 1.5 0.00e+00 0.0 0.0e+00 0.0e+00 0.0e+00  0  0  0  0  0   0  0  0  0  0     0
MatAssemblyBegin       2 1.0 2.0020e-02463.9 0.00e+00 0.0 0.0e+00 0.0e+00 4.0e+00  0  0  0  0  0   7  0  0  0 24     0
MatAssemblyEnd         2 1.0 6.3288e-03 1.0 0.00e+00 0.0 4.4e+01 1.4e+03 8.0e+00  0  0  0  0  0   4  0 67 33 47     0
SFSetGraph             1 1.0 8.3447e-06 1.9 0.00e+00 0.0 0.0e+00 0.0e+00 0.0e+00  0  0  0  0  0   0  0  0  0  0     0
SFReduceBegin          1 1.0 2.2340e-04 4.0 0.00e+00 0.0 0.0e+00 0.0e+00 0.0e+00  0  0  0  0  0   0  0  0  0  0     0
SFReduceEnd            1 1.0 2.6226e-06 1.1 0.00e+00 0.0 0.0e+00 0.0e+00 0.0e+00  0  0  0  0  0   0  0  0  0  0     0
BuildSystem            1 1.0 1.6430e-01 1.0 0.00e+00 0.0 6.6e+01 2.8e+03 1.7e+01  0  0  0  0  0 100  0100100100     0

--- Event Stage 3: Solving

BuildTwoSided       1460 1.0 3.9258e-01 6.9 0.00e+00 0.0 2.6e+04 4.0e+00 0.0e+00  0  0  7  0  0   0  0  7  0  0     0
VecView             1461 1.0 3.6255e+00 1.0 0.00e+00 0.0 0.0e+00 0.0e+00 0.0e+00  3  0  0  0  0   3  0  0  0  0     0
VecTDot            17520 1.0 2.7605e+00 3.0 7.45e+08 1.1 0.0e+00 0.0e+00 1.8e+04  1  3  0  0 21   2  3  0  0 32  1587
VecNorm            10220 1.0 6.0139e+00 3.4 4.34e+08 1.1 0.0e+00 0.0e+00 1.0e+04  3  1  0  0 12   3  1  0  0 19   425
VecCopy             2920 1.0 1.4835e-01 1.4 0.00e+00 0.0 0.0e+00 0.0e+00 0.0e+00  0  0  0  0  0   0  0  0  0  0     0
VecSet             17521 1.0 3.2791e-01 1.2 0.00e+00 0.0 0.0e+00 0.0e+00 0.0e+00  0  0  0  0  0   0  0  0  0  0     0
VecAXPY            18980 1.0 5.6196e-01 1.1 8.07e+08 1.1 0.0e+00 0.0e+00 0.0e+00  0  3  0  0  0   0  3  0  0  0  8444
VecAYPX             7300 1.0 5.2156e-01 1.1 3.10e+08 1.1 0.0e+00 0.0e+00 0.0e+00  0  1  0  0  0   0  1  0  0  0  3499
VecPointwiseMult    5840 1.0 2.7423e-01 1.2 6.20e+07 1.1 0.0e+00 0.0e+00 0.0e+00  0  0  0  0  0   0  0  0  0  0  1331
VecLoad                1 1.0 8.8620e-04 1.0 0.00e+00 0.0 0.0e+00 0.0e+00 0.0e+00  0  0  0  0  0   0  0  0  0  0     0
VecScatterBegin    17520 1.0 4.7867e-01 3.9 0.00e+00 0.0 2.1e+05 8.0e+03 0.0e+00  0  0 51 55  0   0  0 51 55  0     0
VecScatterEnd      17520 1.0 1.4369e+0012.6 0.00e+00 0.0 0.0e+00 0.0e+00 0.0e+00  1  0  0  0  0   1  0  0  0  0     0
MatMult             8760 1.0 1.9889e+01 1.1 9.60e+09 1.1 1.9e+05 5.6e+03 0.0e+00 16 32 48 36  0  18 32 48 36  0  2801
MatSolve           10220 1.0 2.2221e+01 1.1 1.06e+10 1.1 0.0e+00 0.0e+00 0.0e+00 18 36  0  0  0  20 36  0  0  0  2805
MatLUFactorNum      1460 1.0 3.4815e+01 1.1 7.20e+09 1.1 0.0e+00 0.0e+00 0.0e+00 28 24  0  0  0  31 24  0  0  0  1201
MatILUFactorSym     1460 1.0 5.0184e+00 1.1 0.00e+00 0.0 0.0e+00 0.0e+00 0.0e+00  4  0  0  0  0   5  0  0  0  0     0
MatCopy             1460 1.0 3.9521e+00 1.1 0.00e+00 0.0 0.0e+00 0.0e+00 0.0e+00  3  0  0  0  0   4  0  0  0  0     0
MatConvert             1 1.0 7.4489e-03 1.1 0.00e+00 0.0 0.0e+00 0.0e+00 0.0e+00  0  0  0  0  0   0  0  0  0  0     0
MatGetRowIJ         1460 1.0 5.2476e-04 1.4 0.00e+00 0.0 0.0e+00 0.0e+00 0.0e+00  0  0  0  0  0   0  0  0  0  0     0
MatGetOrdering      1460 1.0 5.4617e-01 1.1 0.00e+00 0.0 0.0e+00 0.0e+00 0.0e+00  0  0  0  0  0   0  0  0  0  0     0
SFSetGraph          1460 1.0 4.0709e-01 1.0 0.00e+00 0.0 0.0e+00 0.0e+00 0.0e+00  0  0  0  0  0   0  0  0  0  0     0
SFReduceBegin       1460 1.0 4.8660e-01 3.2 0.00e+00 0.0 1.3e+05 2.7e+03 0.0e+00  0  0 33 12  0   0  0 33 12  0     0
SFReduceEnd         1460 1.0 4.6545e-02 1.1 0.00e+00 0.0 0.0e+00 0.0e+00 0.0e+00  0  0  0  0  0   0  0  0  0  0     0
SolveSystem            1 1.0 1.0920e+02 1.0 2.98e+10 1.1 4.0e+05 7.5e+03 5.4e+04 90100100100 64 100100100100100  1591
KSPSetUp            2920 1.0 8.3868e-01 2.6 0.00e+00 0.0 0.0e+00 0.0e+00 2.9e+03  0  0  0  0  3   1  0  0  0  5     0
KSPSolve            1460 1.0 8.6757e+01 1.0 2.96e+10 1.1 1.9e+05 5.6e+03 2.8e+04 72100 48 36 33  79100 48 36 51  1994
PCSetUp             2920 1.0 4.0455e+01 1.1 7.20e+09 1.1 0.0e+00 0.0e+00 0.0e+00 33 24  0  0  0  36 24  0  0  0  1033
PCSetUpOnBlocks     1460 1.0 4.0356e+01 1.1 7.20e+09 1.1 0.0e+00 0.0e+00 0.0e+00 33 24  0  0  0  36 24  0  0  0  1036
PCApply            10220 1.0 2.2531e+01 1.1 1.06e+10 1.1 0.0e+00 0.0e+00 0.0e+00 18 36  0  0  0  20 36  0  0  0  2766

--- Event Stage 4: Destroying obj

DestroyBC              1 1.0 4.1342e-04 1.0 0.00e+00 0.0 0.0e+00 0.0e+00 0.0e+00  0  0  0  0  0  77  0  0  0  0     0
DestroyProperties       1 1.0 8.5831e-06 1.1 0.00e+00 0.0 0.0e+00 0.0e+00 0.0e+00  0  0  0  0  0   2  0  0  0  0     0
DestroyGeometry        1 1.0 4.7684e-05 1.1 0.00e+00 0.0 0.0e+00 0.0e+00 0.0e+00  0  0  0  0  0   9  0  0  0  0     0
------------------------------------------------------------------------------------------------------------------------

Memory usage is given in bytes:

Object Type          Creations   Destructions     Memory  Descendants' Mem.
Reports information only for process 0.

--- Event Stage 0: Main Stage

              Viewer     1              0            0     0.

--- Event Stage 1: Loading Files

              Vector  5852              5       348024     0.
      Vector Scatter     2              1        91072     0.
    Distributed Mesh     1              0            0     0.
Star Forest Bipartite Graph     2              0            0     0.
     Discrete System     1              0            0     0.
           Index Set  4387              4       266704     0.
   IS L to G Mapping     1              0            0     0.
   Application Order     1              0            0     0.
              Viewer     1              1          776     0.

--- Event Stage 2: Setting up

              Vector     4              3       192024     0.
      Vector Scatter     1              0            0     0.
              Matrix     3              0            0     0.
Star Forest Bipartite Graph     1              1          848     0.
           Index Set     2              2        10152     0.

--- Event Stage 3: Solving

              Vector 17523          13141   1320740544     0.
      Vector Scatter  5841           5841    125467536     0.
              Matrix  1463           1463   9783242072     0.
Star Forest Bipartite Graph  1460           1460      1238080     0.
           Index Set 10220          10220    256130720     0.
              Viewer  1462           1462      1134512     0.
       Krylov Solver  2921           2921      3493480     0.
      Preconditioner  2920           2920      2768160     0.

--- Event Stage 4: Destroying obj

              Vector     0             11       629360     0.
      Vector Scatter     0              1         1072     0.
              Matrix     0              3      7268948     0.
           Index Set     0              3        22328     0.
========================================================================================================================
Average time to get PetscTime(): 4.76837e-08
Average time for MPI_Barrier(): 2.0504e-06
Average time for zero size MPI_Send(): 3.13918e-06
#PETSc Option Table entries:
-Input_file_bc 50x50x50_bc.txt
-Input_file_gmtry 50x50x50_gmtry.txt
-Input_file_init_sol 50x50x50_Sol.h5
-Input_file_ppt 50x50x50_properties.txt
-Input_file_ppt_by_zones 50x50x50_zones.txt
-Input_type_bc 2
-Input_type_gmtry 2
-Input_type_init_sol 3
-Input_type_tplgy 0
-ksp_type cg
-log_view ascii:50x50x50_NP6_KSPcg_PCbjacobi.log
-Output_type_ppt 3
-pc_type bjacobi
-Project_name 50x50x50
-Run_options_scheme 2
-Run_options_time 1
#End of PETSc Option Table entries
Compiled without FORTRAN kernels
Compiled with full precision matrices (default)
sizeof(short) 2 sizeof(int) 4 sizeof(long) 8 sizeof(void*) 8 sizeof(PetscScalar) 8 sizeof(PetscInt) 4
Configure options: --with-shared-libraries --with-debugging=0 --with-mpi-dir=/MyLibs/MPICH/mpich-3.2/arch-centos-opt --with-cxx=0 --with-hdf5-dir=/MyLibs/HDF5/hdf5-1.8.17/arch-centos-parallel-opt/ PETSC_ARCH=arch-centos-opt-v3.7.2-mpich-v3.2-hdf5-v1.8.17 FOPTFLAGS="optimization flags" COPTFLAGS="optimization flags"
-----------------------------------------
Libraries compiled on Wed Aug 17 12:00:13 2016 on poroso-medellin-unal-edu-co 
Machine characteristics: Linux-3.10.0-327.28.2.el7.x86_64-x86_64-with-centos-7.2.1511-Core
Using PETSc directory: /MyLibs/PETSc
Using PETSc arch: arch-centos-opt-v3.7.2-mpich-v3.2-hdf5-v1.8.17
-----------------------------------------

Using C compiler: /MyLibs/MPICH/mpich-3.2/arch-centos-opt/bin/mpicc  -fPIC  -Wall -Wwrite-strings -Wno-strict-aliasing -Wno-unknown-pragmas -fvisibility=hidden  ${COPTFLAGS} ${CFLAGS}
Using Fortran compiler: /MyLibs/MPICH/mpich-3.2/arch-centos-opt/bin/mpif90  -fPIC -Wall -ffree-line-length-0 -Wno-unused-dummy-argument   ${FOPTFLAGS} ${FFLAGS} 
-----------------------------------------

Using include paths: -I/MyLibs/PETSc/arch-centos-opt-v3.7.2-mpich-v3.2-hdf5-v1.8.17/include -I/MyLibs/PETSc/include -I/MyLibs/PETSc/include -I/MyLibs/PETSc/arch-centos-opt-v3.7.2-mpich-v3.2-hdf5-v1.8.17/include -I/MyLibs/HDF5/hdf5-1.8.17/arch-centos-parallel-opt/include -I/MyLibs/MPICH/mpich-3.2/arch-centos-opt/include
-----------------------------------------

Using C linker: /MyLibs/MPICH/mpich-3.2/arch-centos-opt/bin/mpicc
Using Fortran linker: /MyLibs/MPICH/mpich-3.2/arch-centos-opt/bin/mpif90
Using libraries: -Wl,-rpath,/MyLibs/PETSc/arch-centos-opt-v3.7.2-mpich-v3.2-hdf5-v1.8.17/lib -L/MyLibs/PETSc/arch-centos-opt-v3.7.2-mpich-v3.2-hdf5-v1.8.17/lib -lpetsc -llapack -lblas -Wl,-rpath,/MyLibs/HDF5/hdf5-1.8.17/arch-centos-parallel-opt/lib -L/MyLibs/HDF5/hdf5-1.8.17/arch-centos-parallel-opt/lib -lhdf5hl_fortran -lhdf5_fortran -lhdf5_hl -lhdf5 -lpthread -lm -Wl,-rpath,/MyLibs/MPICH/mpich-3.2/arch-centos-opt/lib -L/MyLibs/MPICH/mpich-3.2/arch-centos-opt/lib -Wl,-rpath,/usr/lib/gcc/x86_64-redhat-linux/4.8.5 -L/usr/lib/gcc/x86_64-redhat-linux/4.8.5 -lmpifort -lgfortran -lm -lgfortran -lm -lquadmath -lm -Wl,-rpath,/MyLibs/MPICH/mpich-3.2/arch-centos-opt/lib -L/MyLibs/MPICH/mpich-3.2/arch-centos-opt/lib -Wl,-rpath,/usr/lib/gcc/x86_64-redhat-linux/4.8.5 -L/usr/lib/gcc/x86_64-redhat-linux/4.8.5 -ldl -Wl,-rpath,/MyLibs/MPICH/mpich-3.2/arch-centos-opt/lib -lmpi -lgcc_s -ldl 
-----------------------------------------

