************************************************************************************************************************
***             WIDEN YOUR WINDOW TO 120 CHARACTERS.  Use 'enscript -r -fCourier9' to print this document            ***
************************************************************************************************************************

---------------------------------------------- PETSc Performance Summary: ----------------------------------------------

../../src/ANISOFLOW                                                                                                                                                                                                                                             ˻d on a arch-centos-opt-v3.7.2-mpich-v3.2-hdf5-v1.8.17 named poroso-medellin-unal-edu-co with 9 processors, by sospinar Sat Oct 15 23:45:13 2016
Using Petsc Release Version 3.7.3, unknown 

                         Max       Max/Min        Avg      Total 
Time (sec):           1.518e+02      1.00000   1.518e+02
Objects:              8.765e+04      1.00000   8.765e+04
Flops:                7.568e+10      1.15004   7.189e+10  6.470e+11
Flops/sec:            4.986e+08      1.15004   4.736e+08  4.263e+09
MPI Messages:         3.906e+05      2.27654   2.412e+05  2.171e+06
MPI Message Lengths:  1.956e+09      2.52721   4.729e+03  1.026e+10
MPI Reductions:       2.307e+05      1.00000

Flop counting convention: 1 flop = 1 real number operation of type (multiply/divide/add/subtract)
                            e.g., VecAXPY() for real vectors of length N --> 2N flops
                            and VecAXPY() for complex vectors of length N --> 8N flops

Summary of Stages:   ----- Time ------  ----- Flops -----  --- Messages ---  -- Message Lengths --  -- Reductions --
                        Avg     %Total     Avg     %Total   counts   %Total     Avg         %Total   counts   %Total 
 0:      Main Stage: 1.5465e-04   0.0%  0.0000e+00   0.0%  0.000e+00   0.0%  0.000e+00        0.0%  0.000e+00   0.0% 
 1:   Loading Files: 1.1342e+01   7.5%  0.0000e+00   0.0%  2.440e+02   0.0%  1.647e+00        0.0%  3.069e+04  13.3% 
 2:      Setting up: 1.1543e-01   0.1%  0.0000e+00   0.0%  1.200e+02   0.0%  1.151e-01        0.0%  1.700e+01   0.0% 
 3:         Solving: 1.4032e+02  92.5%  6.4697e+11 100.0%  2.170e+06 100.0%  4.727e+03      100.0%  2.000e+05  86.7% 
 4:  Destroying obj: 5.8357e-04   0.0%  0.0000e+00   0.0%  0.000e+00   0.0%  0.000e+00        0.0%  0.000e+00   0.0% 

------------------------------------------------------------------------------------------------------------------------
See the 'Profiling' chapter of the users' manual for details on interpreting output.
Phase summary info:
   Count: number of times phase was executed
   Time and Flops: Max - maximum over all processors
                   Ratio - ratio of maximum to minimum over all processors
   Mess: number of messages sent
   Avg. len: average message length (bytes)
   Reduct: number of global reductions
   Global: entire computation
   Stage: stages of a computation. Set stages with PetscLogStagePush() and PetscLogStagePop().
      %T - percent time in this phase         %F - percent flops in this phase
      %M - percent messages in this phase     %L - percent message lengths in this phase
      %R - percent reductions in this phase
   Total Mflop/s: 10e-6 * (sum of flops over all processors)/(max time over all processors)
------------------------------------------------------------------------------------------------------------------------
Event                Count      Time (sec)     Flops                             --- Global ---  --- Stage ---   Total
                   Max Ratio  Max     Ratio   Max  Ratio  Mess   Avg len Reduct  %T %F %M %L %R  %T %F %M %L %R Mflop/s
------------------------------------------------------------------------------------------------------------------------

--- Event Stage 0: Main Stage


--- Event Stage 1: Loading Files

GetGeometry            1 1.0 5.5597e-03 1.0 0.00e+00 0.0 8.0e+01 1.0e+03 1.3e+01  0  0  0  0  0   0  0 33  2  0     0
VecView                1 1.0 5.1455e-03 1.0 0.00e+00 0.0 0.0e+00 0.0e+00 0.0e+00  0  0  0  0  0   0  0  0  0  0     0
VecMax                 2 1.0 1.2612e-04 1.3 0.00e+00 0.0 0.0e+00 0.0e+00 0.0e+00  0  0  0  0  0   0  0  0  0  0     0
VecCopy                2 1.0 3.5286e-05 1.6 0.00e+00 0.0 0.0e+00 0.0e+00 0.0e+00  0  0  0  0  0   0  0  0  0  0     0
VecSet                 8 1.0 3.8576e-04 1.7 0.00e+00 0.0 0.0e+00 0.0e+00 0.0e+00  0  0  0  0  0   0  0  0  0  0     0
VecAssemblyBegin    5845 1.0 1.1591e-01 2.1 0.00e+00 0.0 1.6e+01 8.3e+04 1.8e+04  0  0  0  0  8   1  0  7 37 57     0
VecAssemblyEnd      5845 1.0 2.7559e-03 1.2 0.00e+00 0.0 0.0e+00 0.0e+00 0.0e+00  0  0  0  0  0   0  0  0  0  0     0
VecScatterBegin        2 1.0 3.8123e-04 1.6 0.00e+00 0.0 5.8e+01 1.4e+04 0.0e+00  0  0  0  0  0   0  0 24 23  0     0
VecScatterEnd          2 1.0 2.1482e-04 2.8 0.00e+00 0.0 0.0e+00 0.0e+00 0.0e+00  0  0  0  0  0   0  0  0  0  0     0
GetProrperties         1 1.0 7.4953e-02 1.0 0.00e+00 0.0 1.6e+02 2.1e+04 2.1e+01  0  0  0  0  0   1  0 67 98  0     0
GetConductivity        1 1.0 2.1672e-04 1.9 0.00e+00 0.0 0.0e+00 0.0e+00 0.0e+00  0  0  0  0  0   0  0  0  0  0     0
GetSpecificStorage       1 1.0 3.3283e-04 1.1 0.00e+00 0.0 0.0e+00 0.0e+00 2.0e+00  0  0  0  0  0   0  0  0  0  0     0
GetBC                  1 1.0 1.1262e+01 1.0 0.00e+00 0.0 0.0e+00 0.0e+00 3.1e+04  7  0  0  0 13  99  0  0  0100     0

--- Event Stage 2: Setting up

BuildTwoSided          1 1.0 2.1911e-04 7.4 0.00e+00 0.0 0.0e+00 0.0e+00 0.0e+00  0  0  0  0  0   0  0  0  0  0     0
VecSet                 2 1.0 1.2875e-05 3.0 0.00e+00 0.0 0.0e+00 0.0e+00 0.0e+00  0  0  0  0  0   0  0  0  0  0     0
VecScatterBegin        1 1.0 4.8637e-05 2.7 0.00e+00 0.0 4.0e+01 4.2e+03 0.0e+00  0  0  0  0  0   0  0 33 67  0     0
VecScatterEnd          1 1.0 4.0054e-05 2.4 0.00e+00 0.0 0.0e+00 0.0e+00 0.0e+00  0  0  0  0  0   0  0  0  0  0     0
MatAssemblyBegin       2 1.0 1.7591e-0295.7 0.00e+00 0.0 0.0e+00 0.0e+00 4.0e+00  0  0  0  0  0   7  0  0  0 24     0
MatAssemblyEnd         2 1.0 5.4684e-03 1.0 0.00e+00 0.0 8.0e+01 1.0e+03 8.0e+00  0  0  0  0  0   5  0 67 33 47     0
SFSetGraph             1 1.0 8.1062e-06 1.7 0.00e+00 0.0 0.0e+00 0.0e+00 0.0e+00  0  0  0  0  0   0  0  0  0  0     0
SFReduceBegin          1 1.0 2.6107e-04 3.9 0.00e+00 0.0 0.0e+00 0.0e+00 0.0e+00  0  0  0  0  0   0  0  0  0  0     0
SFReduceEnd            1 1.0 2.8610e-06 1.7 0.00e+00 0.0 0.0e+00 0.0e+00 0.0e+00  0  0  0  0  0   0  0  0  0  0     0
BuildSystem            1 1.0 1.1543e-01 1.0 0.00e+00 0.0 1.2e+02 2.1e+03 1.7e+01  0  0  0  0  0 100  0100100100     0

--- Event Stage 3: Solving

BuildTwoSided       1460 1.0 5.5096e-01 8.5 0.00e+00 0.0 5.9e+04 4.0e+00 0.0e+00  0  0  3  0  0   0  0  3  0  0     0
VecView             1461 1.0 6.0394e+00 1.0 0.00e+00 0.0 0.0e+00 0.0e+00 0.0e+00  4  0  0  0  0   4  0  0  0  0     0
VecMDot            43800 1.0 2.9727e+01 1.7 1.96e+10 1.1 0.0e+00 0.0e+00 4.4e+04 15 26  0  0 19  16 26  0  0 22  5709
VecNorm            45260 1.0 3.2842e+00 1.9 1.31e+09 1.1 0.0e+00 0.0e+00 4.5e+04  2  2  0  0 20   2  2  0  0 23  3445
VecScale           45260 1.0 3.3162e-01 1.1 6.54e+08 1.1 0.0e+00 0.0e+00 0.0e+00  0  1  0  0  0   0  1  0  0  0 17060
VecCopy            46720 1.0 1.2972e+00 1.2 0.00e+00 0.0 0.0e+00 0.0e+00 0.0e+00  1  0  0  0  0   1  0  0  0  0     0
VecSet              8761 1.0 2.3966e-01 1.2 0.00e+00 0.0 0.0e+00 0.0e+00 0.0e+00  0  0  0  0  0   0  0  0  0  0     0
VecAXPY             2920 1.0 5.9066e-02 1.4 8.44e+07 1.1 0.0e+00 0.0e+00 0.0e+00  0  0  0  0  0   0  0  0  0  0 12359
VecMAXPY           45260 1.0 1.5175e+01 1.1 2.09e+10 1.1 0.0e+00 0.0e+00 0.0e+00 10 28  0  0  0  10 28  0  0  0 11906
VecPointwiseMult    5840 1.0 2.4848e-01 1.6 4.22e+07 1.1 0.0e+00 0.0e+00 0.0e+00  0  0  0  0  0   0  0  0  0  0  1469
VecLoad                1 1.0 2.4064e-03 1.0 0.00e+00 0.0 0.0e+00 0.0e+00 0.0e+00  0  0  0  0  0   0  0  0  0  0     0
VecScatterBegin    52560 1.0 1.0281e+00 2.1 0.00e+00 0.0 1.8e+06 4.6e+03 0.0e+00  0  0 82 80  0   1  0 82 80  0     0
VecScatterEnd      52560 1.0 3.0903e+00 3.9 0.00e+00 0.0 0.0e+00 0.0e+00 0.0e+00  2  0  0  0  0   2  0  0  0  0     0
VecNormalize       45260 1.0 3.6444e+00 1.7 1.96e+09 1.1 0.0e+00 0.0e+00 4.5e+04  2  3  0  0 20   2  3  0  0 23  4657
MatMult            43800 1.0 7.6265e+01 1.2 3.31e+10 1.2 1.8e+06 4.2e+03 0.0e+00 47 43 81 71  0  50 43 81 71  0  3652
MatCopy             1460 1.0 4.3436e+00 1.1 0.00e+00 0.0 0.0e+00 0.0e+00 0.0e+00  3  0  0  0  0   3  0  0  0  0     0
MatConvert             1 1.0 7.2501e-03 1.2 0.00e+00 0.0 0.0e+00 0.0e+00 0.0e+00  0  0  0  0  0   0  0  0  0  0     0
SFSetGraph          1460 1.0 4.2845e-01 1.0 0.00e+00 0.0 0.0e+00 0.0e+00 0.0e+00  0  0  0  0  0   0  0  0  0  0     0
SFReduceBegin       1460 1.0 6.5226e-01 4.0 0.00e+00 0.0 3.0e+05 1.8e+03 0.0e+00  0  0 14  5  0   0  0 14  5  0     0
SFReduceEnd         1460 1.0 4.7764e-02 1.1 0.00e+00 0.0 0.0e+00 0.0e+00 0.0e+00  0  0  0  0  0   0  0  0  0  0     0
SolveSystem            1 1.0 1.4032e+02 1.0 7.57e+10 1.2 2.2e+06 4.7e+03 2.0e+05 92100100100 87 100100100100100  4611
KSPGMRESOrthog     43800 1.0 4.2573e+01 1.4 3.92e+10 1.1 0.0e+00 0.0e+00 4.4e+04 24 52  0  0 19  26 52  0  0 22  7973
KSPSetUp            1460 1.0 1.0268e+00 2.0 0.00e+00 0.0 0.0e+00 0.0e+00 2.9e+03  1  0  0  0  1   1  0  0  0  1     0
KSPSolve            1460 1.0 1.1493e+02 1.0 7.56e+10 1.2 1.8e+06 4.2e+03 1.7e+05 76100 81 71 75  82100 81 71 87  5623
PCSetUp             1460 1.0 8.3899e-04 2.8 0.00e+00 0.0 0.0e+00 0.0e+00 0.0e+00  0  0  0  0  0   0  0  0  0  0     0
PCApply            45260 1.0 1.2897e+00 1.2 0.00e+00 0.0 0.0e+00 0.0e+00 0.0e+00  1  0  0  0  0   1  0  0  0  0     0

--- Event Stage 4: Destroying obj

DestroyBC              1 1.0 5.0330e-04 1.7 0.00e+00 0.0 0.0e+00 0.0e+00 0.0e+00  0  0  0  0  0  79  0  0  0  0     0
DestroyProperties       1 1.0 9.0599e-06 1.2 0.00e+00 0.0 0.0e+00 0.0e+00 0.0e+00  0  0  0  0  0   1  0  0  0  0     0
DestroyGeometry        1 1.0 4.7207e-05 3.0 0.00e+00 0.0 0.0e+00 0.0e+00 0.0e+00  0  0  0  0  0   6  0  0  0  0     0
------------------------------------------------------------------------------------------------------------------------

Memory usage is given in bytes:

Object Type          Creations   Destructions     Memory  Descendants' Mem.
Reports information only for process 0.

--- Event Stage 0: Main Stage

              Viewer     1              0            0     0.

--- Event Stage 1: Loading Files

              Vector  5852              5       239224     0.
      Vector Scatter     2              1        40376     0.
    Distributed Mesh     1              0            0     0.
Star Forest Bipartite Graph     2              0            0     0.
     Discrete System     1              0            0     0.
           Index Set  4387              4       183504     0.
   IS L to G Mapping     1              0            0     0.
   Application Order     1              0            0     0.
              Viewer     1              1          776     0.

--- Event Stage 2: Setting up

              Vector     4              3       134424     0.
      Vector Scatter     1              0            0     0.
              Matrix     3              0            0     0.
Star Forest Bipartite Graph     1              1          848     0.
           Index Set     2              2         8552     0.

--- Event Stage 3: Solving

              Vector 59863          55481   6225800064     0.
      Vector Scatter  5841           5841    127780272     0.
              Matrix     3              3      4918552     0.
Star Forest Bipartite Graph  1460           1460      1238080     0.
           Index Set  5840           5840      4531840     0.
              Viewer  1462           1462      1134512     0.
       Krylov Solver  1461           1461     26865160     0.
      Preconditioner  1460           1460      1191360     0.

--- Event Stage 4: Destroying obj

              Vector     0             11       454128     0.
      Vector Scatter     0              1         1072     0.
              Matrix     0              3      4918548     0.
           Index Set     0              3        22328     0.
========================================================================================================================
Average time to get PetscTime(): 4.76837e-08
Average time for MPI_Barrier(): 3.05176e-06
Average time for zero size MPI_Send(): 3.15242e-06
#PETSc Option Table entries:
-Input_file_bc 50x50x50_bc.txt
-Input_file_gmtry 50x50x50_gmtry.txt
-Input_file_init_sol 50x50x50_Sol.h5
-Input_file_ppt 50x50x50_properties.txt
-Input_file_ppt_by_zones 50x50x50_zones.txt
-Input_type_bc 2
-Input_type_gmtry 2
-Input_type_init_sol 3
-Input_type_tplgy 0
-ksp_type gmres
-log_view ascii:50x50x50_NP9_KSPgmres_PCnone.log
-Output_type_ppt 3
-pc_type none
-Project_name 50x50x50
-Run_options_scheme 2
-Run_options_time 1
#End of PETSc Option Table entries
Compiled without FORTRAN kernels
Compiled with full precision matrices (default)
sizeof(short) 2 sizeof(int) 4 sizeof(long) 8 sizeof(void*) 8 sizeof(PetscScalar) 8 sizeof(PetscInt) 4
Configure options: --with-shared-libraries --with-debugging=0 --with-mpi-dir=/MyLibs/MPICH/mpich-3.2/arch-centos-opt --with-cxx=0 --with-hdf5-dir=/MyLibs/HDF5/hdf5-1.8.17/arch-centos-parallel-opt/ PETSC_ARCH=arch-centos-opt-v3.7.2-mpich-v3.2-hdf5-v1.8.17 FOPTFLAGS="optimization flags" COPTFLAGS="optimization flags"
-----------------------------------------
Libraries compiled on Wed Aug 17 12:00:13 2016 on poroso-medellin-unal-edu-co 
Machine characteristics: Linux-3.10.0-327.28.2.el7.x86_64-x86_64-with-centos-7.2.1511-Core
Using PETSc directory: /MyLibs/PETSc
Using PETSc arch: arch-centos-opt-v3.7.2-mpich-v3.2-hdf5-v1.8.17
-----------------------------------------

Using C compiler: /MyLibs/MPICH/mpich-3.2/arch-centos-opt/bin/mpicc  -fPIC  -Wall -Wwrite-strings -Wno-strict-aliasing -Wno-unknown-pragmas -fvisibility=hidden  ${COPTFLAGS} ${CFLAGS}
Using Fortran compiler: /MyLibs/MPICH/mpich-3.2/arch-centos-opt/bin/mpif90  -fPIC -Wall -ffree-line-length-0 -Wno-unused-dummy-argument   ${FOPTFLAGS} ${FFLAGS} 
-----------------------------------------

Using include paths: -I/MyLibs/PETSc/arch-centos-opt-v3.7.2-mpich-v3.2-hdf5-v1.8.17/include -I/MyLibs/PETSc/include -I/MyLibs/PETSc/include -I/MyLibs/PETSc/arch-centos-opt-v3.7.2-mpich-v3.2-hdf5-v1.8.17/include -I/MyLibs/HDF5/hdf5-1.8.17/arch-centos-parallel-opt/include -I/MyLibs/MPICH/mpich-3.2/arch-centos-opt/include
-----------------------------------------

Using C linker: /MyLibs/MPICH/mpich-3.2/arch-centos-opt/bin/mpicc
Using Fortran linker: /MyLibs/MPICH/mpich-3.2/arch-centos-opt/bin/mpif90
Using libraries: -Wl,-rpath,/MyLibs/PETSc/arch-centos-opt-v3.7.2-mpich-v3.2-hdf5-v1.8.17/lib -L/MyLibs/PETSc/arch-centos-opt-v3.7.2-mpich-v3.2-hdf5-v1.8.17/lib -lpetsc -llapack -lblas -Wl,-rpath,/MyLibs/HDF5/hdf5-1.8.17/arch-centos-parallel-opt/lib -L/MyLibs/HDF5/hdf5-1.8.17/arch-centos-parallel-opt/lib -lhdf5hl_fortran -lhdf5_fortran -lhdf5_hl -lhdf5 -lpthread -lm -Wl,-rpath,/MyLibs/MPICH/mpich-3.2/arch-centos-opt/lib -L/MyLibs/MPICH/mpich-3.2/arch-centos-opt/lib -Wl,-rpath,/usr/lib/gcc/x86_64-redhat-linux/4.8.5 -L/usr/lib/gcc/x86_64-redhat-linux/4.8.5 -lmpifort -lgfortran -lm -lgfortran -lm -lquadmath -lm -Wl,-rpath,/MyLibs/MPICH/mpich-3.2/arch-centos-opt/lib -L/MyLibs/MPICH/mpich-3.2/arch-centos-opt/lib -Wl,-rpath,/usr/lib/gcc/x86_64-redhat-linux/4.8.5 -L/usr/lib/gcc/x86_64-redhat-linux/4.8.5 -ldl -Wl,-rpath,/MyLibs/MPICH/mpich-3.2/arch-centos-opt/lib -lmpi -lgcc_s -ldl 
-----------------------------------------

