************************************************************************************************************************
***             WIDEN YOUR WINDOW TO 120 CHARACTERS.  Use 'enscript -r -fCourier9' to print this document            ***
************************************************************************************************************************

---------------------------------------------- PETSc Performance Summary: ----------------------------------------------

../../src/ANISOFLOW                                                                                                                                                                                                                                             ˻d on a arch-centos-opt-v3.7.2-mpich-v3.2-hdf5-v1.8.17 named poroso-medellin-unal-edu-co with 2 processors, by sospinar Sat Oct 15 20:49:40 2016
Using Petsc Release Version 3.7.3, unknown 

                         Max       Max/Min        Avg      Total 
Time (sec):           2.466e+02      1.00000   2.466e+02
Objects:              7.159e+04      1.00000   7.159e+04
Flops:                8.108e+10      1.00032   8.106e+10  1.621e+11
Flops/sec:            3.288e+08      1.00033   3.287e+08  6.575e+08
MPI Messages:         2.775e+04      1.26656   2.483e+04  4.966e+04
MPI Message Lengths:  4.683e+08      1.33253   1.651e+04  8.197e+08
MPI Reductions:       1.023e+05      1.00000

Flop counting convention: 1 flop = 1 real number operation of type (multiply/divide/add/subtract)
                            e.g., VecAXPY() for real vectors of length N --> 2N flops
                            and VecAXPY() for complex vectors of length N --> 8N flops

Summary of Stages:   ----- Time ------  ----- Flops -----  --- Messages ---  -- Message Lengths --  -- Reductions --
                        Avg     %Total     Avg     %Total   counts   %Total     Avg         %Total   counts   %Total 
 0:      Main Stage: 2.3031e-04   0.0%  0.0000e+00   0.0%  0.000e+00   0.0%  0.000e+00        0.0%  0.000e+00   0.0% 
 1:   Loading Files: 1.0985e+01   4.5%  0.0000e+00   0.0%  1.200e+01   0.0%  3.645e+01        0.2%  3.069e+04  30.0% 
 2:      Setting up: 3.8938e-01   0.2%  0.0000e+00   0.0%  6.000e+00   0.0%  1.208e+00        0.0%  1.700e+01   0.0% 
 3:         Solving: 2.3522e+02  95.4%  1.6212e+11 100.0%  4.964e+04 100.0%  1.647e+04       99.8%  7.154e+04  70.0% 
 4:  Destroying obj: 8.2612e-04   0.0%  0.0000e+00   0.0%  0.000e+00   0.0%  0.000e+00        0.0%  0.000e+00   0.0% 

------------------------------------------------------------------------------------------------------------------------
See the 'Profiling' chapter of the users' manual for details on interpreting output.
Phase summary info:
   Count: number of times phase was executed
   Time and Flops: Max - maximum over all processors
                   Ratio - ratio of maximum to minimum over all processors
   Mess: number of messages sent
   Avg. len: average message length (bytes)
   Reduct: number of global reductions
   Global: entire computation
   Stage: stages of a computation. Set stages with PetscLogStagePush() and PetscLogStagePop().
      %T - percent time in this phase         %F - percent flops in this phase
      %M - percent messages in this phase     %L - percent message lengths in this phase
      %R - percent reductions in this phase
   Total Mflop/s: 10e-6 * (sum of flops over all processors)/(max time over all processors)
------------------------------------------------------------------------------------------------------------------------
Event                Count      Time (sec)     Flops                             --- Global ---  --- Stage ---   Total
                   Max Ratio  Max     Ratio   Max  Ratio  Mess   Avg len Reduct  %T %F %M %L %R  %T %F %M %L %R Mflop/s
------------------------------------------------------------------------------------------------------------------------

--- Event Stage 0: Main Stage


--- Event Stage 1: Loading Files

GetGeometry            1 1.0 5.0626e-03 1.0 0.00e+00 0.0 4.0e+00 5.0e+03 1.3e+01  0  0  0  0  0   0  0 33  1  0     0
VecView                1 1.0 2.3806e-03 1.0 0.00e+00 0.0 0.0e+00 0.0e+00 0.0e+00  0  0  0  0  0   0  0  0  0  0     0
VecMax                 2 1.0 3.7098e-04 1.0 0.00e+00 0.0 0.0e+00 0.0e+00 0.0e+00  0  0  0  0  0   0  0  0  0  0     0
VecCopy                2 1.0 1.0037e-04 1.1 0.00e+00 0.0 0.0e+00 0.0e+00 0.0e+00  0  0  0  0  0   0  0  0  0  0     0
VecSet                 8 1.0 8.2231e-04 1.0 0.00e+00 0.0 0.0e+00 0.0e+00 0.0e+00  0  0  0  0  0   0  0  0  0  0     0
VecAssemblyBegin    5845 1.0 8.1379e-02 3.9 0.00e+00 0.0 2.0e+00 3.8e+05 1.8e+04  0  0  0  0 17   0  0 17 41 57     0
VecAssemblyEnd      5845 1.0 2.3739e-03 1.0 0.00e+00 0.0 0.0e+00 0.0e+00 0.0e+00  0  0  0  0  0   0  0  0  0  0     0
VecScatterBegin        2 1.0 3.4356e-04 1.0 0.00e+00 0.0 2.0e+00 2.0e+04 0.0e+00  0  0  0  0  0   0  0 17  2  0     0
VecScatterEnd          2 1.0 2.1696e-05 1.2 0.00e+00 0.0 0.0e+00 0.0e+00 0.0e+00  0  0  0  0  0   0  0  0  0  0     0
GetProrperties         1 1.0 7.4788e-02 1.0 0.00e+00 0.0 8.0e+00 2.2e+05 2.1e+01  0  0  0  0  0   1  0 67 99  0     0
GetConductivity        1 1.0 2.9159e-04 1.0 0.00e+00 0.0 0.0e+00 0.0e+00 0.0e+00  0  0  0  0  0   0  0  0  0  0     0
GetSpecificStorage       1 1.0 7.3433e-04 1.0 0.00e+00 0.0 0.0e+00 0.0e+00 2.0e+00  0  0  0  0  0   0  0  0  0  0     0
GetBC                  1 1.0 1.0905e+01 1.0 0.00e+00 0.0 0.0e+00 0.0e+00 3.1e+04  4  0  0  0 30  99  0  0  0100     0

--- Event Stage 2: Setting up

BuildTwoSided          1 1.0 4.8399e-05 1.6 0.00e+00 0.0 0.0e+00 0.0e+00 0.0e+00  0  0  0  0  0   0  0  0  0  0     0
VecSet                 2 1.0 8.8215e-06 1.4 0.00e+00 0.0 0.0e+00 0.0e+00 0.0e+00  0  0  0  0  0   0  0  0  0  0     0
VecScatterBegin        1 1.0 1.4067e-05 1.1 0.00e+00 0.0 2.0e+00 2.0e+04 0.0e+00  0  0  0  0  0   0  0 33 67  0     0
VecScatterEnd          1 1.0 1.5497e-05 1.1 0.00e+00 0.0 0.0e+00 0.0e+00 0.0e+00  0  0  0  0  0   0  0  0  0  0     0
MatAssemblyBegin       2 1.0 7.2455e-04 4.5 0.00e+00 0.0 0.0e+00 0.0e+00 4.0e+00  0  0  0  0  0   0  0  0  0 24     0
MatAssemblyEnd         2 1.0 1.1638e-02 1.0 0.00e+00 0.0 4.0e+00 5.0e+03 8.0e+00  0  0  0  0  0   3  0 67 33 47     0
SFSetGraph             1 1.0 7.6294e-06 1.6 0.00e+00 0.0 0.0e+00 0.0e+00 0.0e+00  0  0  0  0  0   0  0  0  0  0     0
SFReduceBegin          1 1.0 7.3433e-05 1.4 0.00e+00 0.0 0.0e+00 0.0e+00 0.0e+00  0  0  0  0  0   0  0  0  0  0     0
SFReduceEnd            1 1.0 2.6226e-06 1.0 0.00e+00 0.0 0.0e+00 0.0e+00 0.0e+00  0  0  0  0  0   0  0  0  0  0     0
BuildSystem            1 1.0 3.8936e-01 1.0 0.00e+00 0.0 6.0e+00 1.0e+04 1.7e+01  0  0  0  0  0 100  0100100100     0

--- Event Stage 3: Solving

BuildTwoSided       1460 1.0 6.7122e-02 2.5 0.00e+00 0.0 2.9e+03 4.0e+00 0.0e+00  0  0  6  0  0   0  0  6  0  0     0
VecView             1461 1.0 2.9448e+00 1.0 0.00e+00 0.0 0.0e+00 0.0e+00 0.0e+00  1  0  0  0  0   1  0  0  0  0     0
VecMDot             7300 1.0 1.5005e+00 1.0 2.74e+09 1.0 0.0e+00 0.0e+00 7.3e+03  1  3  0  0  7   1  3  0  0 10  3649
VecNorm             8760 1.0 3.4730e+00 4.8 1.10e+09 1.0 0.0e+00 0.0e+00 8.8e+03  1  1  0  0  9   1  1  0  0 12   631
VecScale            8760 1.0 2.9245e-01 1.0 5.48e+08 1.0 0.0e+00 0.0e+00 0.0e+00  0  1  0  0  0   0  1  0  0  0  3744
VecCopy             1460 1.0 1.4619e-01 1.1 0.00e+00 0.0 0.0e+00 0.0e+00 0.0e+00  0  0  0  0  0   0  0  0  0  0     0
VecSet             17521 1.0 1.0350e+00 1.0 0.00e+00 0.0 0.0e+00 0.0e+00 0.0e+00  0  0  0  0  0   0  0  0  0  0     0
VecAXPY             2920 1.0 1.9420e-01 1.0 3.65e+08 1.0 0.0e+00 0.0e+00 0.0e+00  0  0  0  0  0   0  0  0  0  0  3759
VecMAXPY            8760 1.0 2.8469e+00 1.0 3.65e+09 1.0 0.0e+00 0.0e+00 0.0e+00  1  5  0  0  0   1  5  0  0  0  2564
VecPointwiseMult    5840 1.0 6.3868e-01 1.0 1.82e+08 1.0 0.0e+00 0.0e+00 0.0e+00  0  0  0  0  0   0  0  0  0  0   571
VecLoad                1 1.0 3.0518e-04 1.0 0.00e+00 0.0 0.0e+00 0.0e+00 0.0e+00  0  0  0  0  0   0  0  0  0  0     0
VecScatterBegin    16060 1.0 2.0967e-01 2.1 0.00e+00 0.0 1.8e+04 2.3e+04 0.0e+00  0  0 35 50  0   0  0 35 50  0     0
VecScatterEnd      16060 1.0 4.3947e-01 4.2 0.00e+00 0.0 0.0e+00 0.0e+00 0.0e+00  0  0  0  0  0   0  0  0  0  0     0
VecNormalize        8760 1.0 3.7721e+00 3.7 1.64e+09 1.0 0.0e+00 0.0e+00 8.8e+03  1  2  0  0  9   1  2  0  0 12   871
MatMult             7300 1.0 3.9366e+01 1.0 2.32e+10 1.0 1.5e+04 2.0e+04 0.0e+00 16 29 29 36  0  17 29 29 36  0  1179
MatSolve            8760 1.0 4.8549e+01 1.0 2.75e+10 1.0 0.0e+00 0.0e+00 0.0e+00 20 34  0  0  0  21 34  0  0  0  1132
MatLUFactorNum      1460 1.0 9.4049e+01 1.0 2.18e+10 1.0 0.0e+00 0.0e+00 0.0e+00 38 27  0  0  0  40 27  0  0  0   464
MatILUFactorSym     1460 1.0 1.3888e+01 1.2 0.00e+00 0.0 0.0e+00 0.0e+00 0.0e+00  5  0  0  0  0   5  0  0  0  0     0
MatCopy             1460 1.0 3.6802e+00 1.0 0.00e+00 0.0 0.0e+00 0.0e+00 0.0e+00  1  0  0  0  0   2  0  0  0  0     0
MatConvert             1 1.0 7.6666e-03 1.0 0.00e+00 0.0 0.0e+00 0.0e+00 0.0e+00  0  0  0  0  0   0  0  0  0  0     0
MatGetRowIJ         1460 1.0 5.2428e-04 1.1 0.00e+00 0.0 0.0e+00 0.0e+00 0.0e+00  0  0  0  0  0   0  0  0  0  0     0
MatGetOrdering      1460 1.0 1.6728e+00 1.1 0.00e+00 0.0 0.0e+00 0.0e+00 0.0e+00  1  0  0  0  0   1  0  0  0  0     0
SFSetGraph          1460 1.0 3.4015e-01 1.0 0.00e+00 0.0 0.0e+00 0.0e+00 0.0e+00  0  0  0  0  0   0  0  0  0  0     0
SFReduceBegin       1460 1.0 1.5235e-01 1.4 0.00e+00 0.0 1.5e+04 8.0e+03 0.0e+00  0  0 29 14  0   0  0 29 14  0     0
SFReduceEnd         1460 1.0 4.4261e-02 1.0 0.00e+00 0.0 0.0e+00 0.0e+00 0.0e+00  0  0  0  0  0   0  0  0  0  0     0
SolveSystem            1 1.0 2.3522e+02 1.0 8.11e+10 1.0 5.0e+04 1.6e+04 7.2e+04 95100100100 70 100100100100100   689
KSPGMRESOrthog      7300 1.0 3.6533e+00 1.0 5.47e+09 1.0 0.0e+00 0.0e+00 7.3e+03  1  7  0  0  7   2  7  0  0 10  2997
KSPSetUp            2920 1.0 8.8932e-01 1.3 0.00e+00 0.0 0.0e+00 0.0e+00 2.9e+03  0  0  0  0  3   0  0  0  0  4     0
KSPSolve            1460 1.0 2.0632e+02 1.0 8.07e+10 1.0 1.5e+04 2.0e+04 4.5e+04 84100 29 36 44  88100 29 36 63   782
PCSetUp             2920 1.0 1.0972e+02 1.0 2.18e+10 1.0 0.0e+00 0.0e+00 0.0e+00 44 27  0  0  0  46 27  0  0  0   398
PCSetUpOnBlocks     1460 1.0 1.0966e+02 1.0 2.18e+10 1.0 0.0e+00 0.0e+00 0.0e+00 44 27  0  0  0  46 27  0  0  0   398
PCApply             8760 1.0 4.9209e+01 1.0 2.75e+10 1.0 0.0e+00 0.0e+00 0.0e+00 20 34  0  0  0  21 34  0  0  0  1116

--- Event Stage 4: Destroying obj

DestroyBC              1 1.0 4.1485e-04 1.1 0.00e+00 0.0 0.0e+00 0.0e+00 0.0e+00  0  0  0  0  0  48  0  0  0  0     0
DestroyProperties       1 1.0 6.9141e-06 1.0 0.00e+00 0.0 0.0e+00 0.0e+00 0.0e+00  0  0  0  0  0   1  0  0  0  0     0
DestroyGeometry        1 1.0 8.4162e-05 1.2 0.00e+00 0.0 0.0e+00 0.0e+00 0.0e+00  0  0  0  0  0   9  0  0  0  0     0
------------------------------------------------------------------------------------------------------------------------

Memory usage is given in bytes:

Object Type          Creations   Destructions     Memory  Descendants' Mem.
Reports information only for process 0.

--- Event Stage 0: Main Stage

              Viewer     1              0            0     0.

--- Event Stage 1: Loading Files

              Vector  5852              5      1008024     0.
      Vector Scatter     2              1       501072     0.
    Distributed Mesh     1              0            0     0.
Star Forest Bipartite Graph     2              0            0     0.
     Discrete System     1              0            0     0.
           Index Set  4387              4       763104     0.
   IS L to G Mapping     1              0            0     0.
   Application Order     1              0            0     0.
              Viewer     1              1          776     0.

--- Event Stage 2: Setting up

              Vector     4              3       524824     0.
      Vector Scatter     1              0            0     0.
              Matrix     3              0            0     0.
Star Forest Bipartite Graph     1              1          848     0.
           Index Set     2              2        11552     0.

--- Event Stage 3: Solving

              Vector 35043          30661  12518616304     0.
      Vector Scatter  5841           5841    123108208     0.
              Matrix  1463           1463  29500364944     0.
Star Forest Bipartite Graph  1460           1460      1238080     0.
           Index Set 10220          10220    737930720     0.
              Viewer  1462           1462      1134512     0.
       Krylov Solver  2921           2921     28558760     0.
      Preconditioner  2920           2920      2768160     0.

--- Event Stage 4: Destroying obj

              Vector     0             11      1662816     0.
      Vector Scatter     0              1         1072     0.
              Matrix     0              3     21469900     0.
           Index Set     0              3        22328     0.
========================================================================================================================
Average time to get PetscTime(): 4.76837e-08
Average time for MPI_Barrier(): 9.05991e-07
Average time for zero size MPI_Send(): 3.09944e-06
#PETSc Option Table entries:
-Input_file_bc 50x50x50_bc.txt
-Input_file_gmtry 50x50x50_gmtry.txt
-Input_file_init_sol 50x50x50_Sol.h5
-Input_file_ppt 50x50x50_properties.txt
-Input_file_ppt_by_zones 50x50x50_zones.txt
-Input_type_bc 2
-Input_type_gmtry 2
-Input_type_init_sol 3
-Input_type_tplgy 0
-ksp_type gmres
-log_view ascii:50x50x50_NP2_KSPgmres_PCbjacobi.log
-Output_type_ppt 3
-pc_type bjacobi
-Project_name 50x50x50
-Run_options_scheme 2
-Run_options_time 1
#End of PETSc Option Table entries
Compiled without FORTRAN kernels
Compiled with full precision matrices (default)
sizeof(short) 2 sizeof(int) 4 sizeof(long) 8 sizeof(void*) 8 sizeof(PetscScalar) 8 sizeof(PetscInt) 4
Configure options: --with-shared-libraries --with-debugging=0 --with-mpi-dir=/MyLibs/MPICH/mpich-3.2/arch-centos-opt --with-cxx=0 --with-hdf5-dir=/MyLibs/HDF5/hdf5-1.8.17/arch-centos-parallel-opt/ PETSC_ARCH=arch-centos-opt-v3.7.2-mpich-v3.2-hdf5-v1.8.17 FOPTFLAGS="optimization flags" COPTFLAGS="optimization flags"
-----------------------------------------
Libraries compiled on Wed Aug 17 12:00:13 2016 on poroso-medellin-unal-edu-co 
Machine characteristics: Linux-3.10.0-327.28.2.el7.x86_64-x86_64-with-centos-7.2.1511-Core
Using PETSc directory: /MyLibs/PETSc
Using PETSc arch: arch-centos-opt-v3.7.2-mpich-v3.2-hdf5-v1.8.17
-----------------------------------------

Using C compiler: /MyLibs/MPICH/mpich-3.2/arch-centos-opt/bin/mpicc  -fPIC  -Wall -Wwrite-strings -Wno-strict-aliasing -Wno-unknown-pragmas -fvisibility=hidden  ${COPTFLAGS} ${CFLAGS}
Using Fortran compiler: /MyLibs/MPICH/mpich-3.2/arch-centos-opt/bin/mpif90  -fPIC -Wall -ffree-line-length-0 -Wno-unused-dummy-argument   ${FOPTFLAGS} ${FFLAGS} 
-----------------------------------------

Using include paths: -I/MyLibs/PETSc/arch-centos-opt-v3.7.2-mpich-v3.2-hdf5-v1.8.17/include -I/MyLibs/PETSc/include -I/MyLibs/PETSc/include -I/MyLibs/PETSc/arch-centos-opt-v3.7.2-mpich-v3.2-hdf5-v1.8.17/include -I/MyLibs/HDF5/hdf5-1.8.17/arch-centos-parallel-opt/include -I/MyLibs/MPICH/mpich-3.2/arch-centos-opt/include
-----------------------------------------

Using C linker: /MyLibs/MPICH/mpich-3.2/arch-centos-opt/bin/mpicc
Using Fortran linker: /MyLibs/MPICH/mpich-3.2/arch-centos-opt/bin/mpif90
Using libraries: -Wl,-rpath,/MyLibs/PETSc/arch-centos-opt-v3.7.2-mpich-v3.2-hdf5-v1.8.17/lib -L/MyLibs/PETSc/arch-centos-opt-v3.7.2-mpich-v3.2-hdf5-v1.8.17/lib -lpetsc -llapack -lblas -Wl,-rpath,/MyLibs/HDF5/hdf5-1.8.17/arch-centos-parallel-opt/lib -L/MyLibs/HDF5/hdf5-1.8.17/arch-centos-parallel-opt/lib -lhdf5hl_fortran -lhdf5_fortran -lhdf5_hl -lhdf5 -lpthread -lm -Wl,-rpath,/MyLibs/MPICH/mpich-3.2/arch-centos-opt/lib -L/MyLibs/MPICH/mpich-3.2/arch-centos-opt/lib -Wl,-rpath,/usr/lib/gcc/x86_64-redhat-linux/4.8.5 -L/usr/lib/gcc/x86_64-redhat-linux/4.8.5 -lmpifort -lgfortran -lm -lgfortran -lm -lquadmath -lm -Wl,-rpath,/MyLibs/MPICH/mpich-3.2/arch-centos-opt/lib -L/MyLibs/MPICH/mpich-3.2/arch-centos-opt/lib -Wl,-rpath,/usr/lib/gcc/x86_64-redhat-linux/4.8.5 -L/usr/lib/gcc/x86_64-redhat-linux/4.8.5 -ldl -Wl,-rpath,/MyLibs/MPICH/mpich-3.2/arch-centos-opt/lib -lmpi -lgcc_s -ldl 
-----------------------------------------

