************************************************************************************************************************
***             WIDEN YOUR WINDOW TO 120 CHARACTERS.  Use 'enscript -r -fCourier9' to print this document            ***
************************************************************************************************************************

---------------------------------------------- PETSc Performance Summary: ----------------------------------------------

../../src/ANISOFLOW                                                                                                                                                                                                                                             ˻d on a arch-centos-opt-v3.7.2-mpich-v3.2-hdf5-v1.8.17 named poroso-medellin-unal-edu-co with 3 processors, by sospinar Sat Oct 15 21:09:36 2016
Using Petsc Release Version 3.7.3, unknown 

                         Max       Max/Min        Avg      Total 
Time (sec):           1.862e+02      1.00000   1.862e+02
Objects:              5.407e+04      1.00000   5.407e+04
Flops:                5.928e+10      1.07302   5.777e+10  1.733e+11
Flops/sec:            3.183e+08      1.07302   3.102e+08  9.306e+08
MPI Messages:         4.000e+04      1.48924   3.411e+04  1.023e+05
MPI Message Lengths:  6.391e+08      1.71602   1.528e+04  1.563e+09
MPI Reductions:       8.426e+04      1.00000

Flop counting convention: 1 flop = 1 real number operation of type (multiply/divide/add/subtract)
                            e.g., VecAXPY() for real vectors of length N --> 2N flops
                            and VecAXPY() for complex vectors of length N --> 8N flops

Summary of Stages:   ----- Time ------  ----- Flops -----  --- Messages ---  -- Message Lengths --  -- Reductions --
                        Avg     %Total     Avg     %Total   counts   %Total     Avg         %Total   counts   %Total 
 0:      Main Stage: 1.8112e-04   0.0%  0.0000e+00   0.0%  0.000e+00   0.0%  0.000e+00        0.0%  0.000e+00   0.0% 
 1:   Loading Files: 1.0246e+01   5.5%  0.0000e+00   0.0%  2.200e+01   0.0%  2.062e+01        0.1%  3.069e+04  36.4% 
 2:      Setting up: 2.7880e-01   0.1%  0.0000e+00   0.0%  1.200e+01   0.0%  1.173e+00        0.0%  1.700e+01   0.0% 
 3:         Solving: 1.7572e+02  94.3%  1.7332e+11 100.0%  1.023e+05 100.0%  1.525e+04       99.9%  5.355e+04  63.6% 
 4:  Destroying obj: 4.9512e-04   0.0%  0.0000e+00   0.0%  0.000e+00   0.0%  0.000e+00        0.0%  0.000e+00   0.0% 

------------------------------------------------------------------------------------------------------------------------
See the 'Profiling' chapter of the users' manual for details on interpreting output.
Phase summary info:
   Count: number of times phase was executed
   Time and Flops: Max - maximum over all processors
                   Ratio - ratio of maximum to minimum over all processors
   Mess: number of messages sent
   Avg. len: average message length (bytes)
   Reduct: number of global reductions
   Global: entire computation
   Stage: stages of a computation. Set stages with PetscLogStagePush() and PetscLogStagePop().
      %T - percent time in this phase         %F - percent flops in this phase
      %M - percent messages in this phase     %L - percent message lengths in this phase
      %R - percent reductions in this phase
   Total Mflop/s: 10e-6 * (sum of flops over all processors)/(max time over all processors)
------------------------------------------------------------------------------------------------------------------------
Event                Count      Time (sec)     Flops                             --- Global ---  --- Stage ---   Total
                   Max Ratio  Max     Ratio   Max  Ratio  Mess   Avg len Reduct  %T %F %M %L %R  %T %F %M %L %R Mflop/s
------------------------------------------------------------------------------------------------------------------------

--- Event Stage 0: Main Stage


--- Event Stage 1: Loading Files

GetGeometry            1 1.0 9.1951e-03 1.0 0.00e+00 0.0 8.0e+00 5.0e+03 1.3e+01  0  0  0  0  0   0  0 36  2  0     0
VecView                1 1.0 2.8067e-03 1.0 0.00e+00 0.0 0.0e+00 0.0e+00 0.0e+00  0  0  0  0  0   0  0  0  0  0     0
VecMax                 2 1.0 4.2844e-04 1.5 0.00e+00 0.0 0.0e+00 0.0e+00 0.0e+00  0  0  0  0  0   0  0  0  0  0     0
VecCopy                2 1.0 1.1230e-04 2.0 0.00e+00 0.0 0.0e+00 0.0e+00 0.0e+00  0  0  0  0  0   0  0  0  0  0     0
VecSet                 8 1.0 1.0891e-03 1.8 0.00e+00 0.0 0.0e+00 0.0e+00 0.0e+00  0  0  0  0  0   0  0  0  0  0     0
VecAssemblyBegin    5845 1.0 8.7842e-02 2.7 0.00e+00 0.0 4.0e+00 2.5e+05 1.8e+04  0  0  0  0 21   1  0 18 47 57     0
VecAssemblyEnd      5845 1.0 2.6488e-03 1.3 0.00e+00 0.0 0.0e+00 0.0e+00 0.0e+00  0  0  0  0  0   0  0  0  0  0     0
VecScatterBegin        2 1.0 3.6860e-04 1.7 0.00e+00 0.0 4.0e+00 2.0e+04 0.0e+00  0  0  0  0  0   0  0 18  4  0     0
VecScatterEnd          2 1.0 5.4836e-05 2.8 0.00e+00 0.0 0.0e+00 0.0e+00 0.0e+00  0  0  0  0  0   0  0  0  0  0     0
GetProrperties         1 1.0 7.2488e-02 1.0 0.00e+00 0.0 1.4e+01 1.5e+05 2.1e+01  0  0  0  0  0   1  0 64 98  0     0
GetConductivity        1 1.0 3.0208e-04 1.2 0.00e+00 0.0 0.0e+00 0.0e+00 0.0e+00  0  0  0  0  0   0  0  0  0  0     0
GetSpecificStorage       1 1.0 7.8988e-04 1.1 0.00e+00 0.0 0.0e+00 0.0e+00 2.0e+00  0  0  0  0  0   0  0  0  0  0     0
GetBC                  1 1.0 1.0164e+01 1.0 0.00e+00 0.0 0.0e+00 0.0e+00 3.1e+04  5  0  0  0 36  99  0  0  0100     0

--- Event Stage 2: Setting up

BuildTwoSided          1 1.0 1.9002e-04 6.9 0.00e+00 0.0 0.0e+00 0.0e+00 0.0e+00  0  0  0  0  0   0  0  0  0  0     0
VecSet                 2 1.0 1.3828e-05 2.2 0.00e+00 0.0 0.0e+00 0.0e+00 0.0e+00  0  0  0  0  0   0  0  0  0  0     0
VecScatterBegin        1 1.0 2.2411e-05 1.6 0.00e+00 0.0 4.0e+00 2.0e+04 0.0e+00  0  0  0  0  0   0  0 33 67  0     0
VecScatterEnd          1 1.0 3.0041e-05 2.1 0.00e+00 0.0 0.0e+00 0.0e+00 0.0e+00  0  0  0  0  0   0  0  0  0  0     0
MatAssemblyBegin       2 1.0 1.4927e-02386.5 0.00e+00 0.0 0.0e+00 0.0e+00 4.0e+00  0  0  0  0  0   2  0  0  0 24     0
MatAssemblyEnd         2 1.0 1.0110e-02 1.0 0.00e+00 0.0 8.0e+00 5.0e+03 8.0e+00  0  0  0  0  0   4  0 67 33 47     0
SFSetGraph             1 1.0 6.6757e-06 1.5 0.00e+00 0.0 0.0e+00 0.0e+00 0.0e+00  0  0  0  0  0   0  0  0  0  0     0
SFReduceBegin          1 1.0 2.1815e-04 4.2 0.00e+00 0.0 0.0e+00 0.0e+00 0.0e+00  0  0  0  0  0   0  0  0  0  0     0
SFReduceEnd            1 1.0 2.6226e-06 1.1 0.00e+00 0.0 0.0e+00 0.0e+00 0.0e+00  0  0  0  0  0   0  0  0  0  0     0
BuildSystem            1 1.0 2.7878e-01 1.0 0.00e+00 0.0 1.2e+01 1.0e+04 1.7e+01  0  0  0  0  0 100  0100100100     0

--- Event Stage 3: Solving

BuildTwoSided       1460 1.0 1.5410e-01 3.6 0.00e+00 0.0 6.6e+03 4.0e+00 0.0e+00  0  0  6  0  0   0  0  6  0  0     0
VecView             1461 1.0 3.1283e+00 1.0 0.00e+00 0.0 0.0e+00 0.0e+00 0.0e+00  2  0  0  0  0   2  0  0  0  0     0
VecTDot            17202 1.0 4.1421e+00 3.5 1.46e+09 1.1 0.0e+00 0.0e+00 1.7e+04  1  2  0  0 20   1  2  0  0 32  1038
VecNorm            10061 1.0 9.3749e+00 5.0 8.55e+08 1.1 0.0e+00 0.0e+00 1.0e+04  2  1  0  0 12   2  1  0  0 19   268
VecCopy             2920 1.0 1.9029e-01 1.2 0.00e+00 0.0 0.0e+00 0.0e+00 0.0e+00  0  0  0  0  0   0  0  0  0  0     0
VecSet             17362 1.0 5.6791e-01 1.1 0.00e+00 0.0 0.0e+00 0.0e+00 0.0e+00  0  0  0  0  0   0  0  0  0  0     0
VecAXPY            18662 1.0 8.4772e-01 1.1 1.59e+09 1.1 0.0e+00 0.0e+00 0.0e+00  0  3  0  0  0   0  3  0  0  0  5504
VecAYPX             7141 1.0 9.4281e-01 1.1 6.07e+08 1.1 0.0e+00 0.0e+00 0.0e+00  0  1  0  0  0   1  1  0  0  0  1894
VecPointwiseMult    5840 1.0 4.6601e-01 1.1 1.24e+08 1.1 0.0e+00 0.0e+00 0.0e+00  0  0  0  0  0   0  0  0  0  0   783
VecLoad                1 1.0 3.1686e-04 1.0 0.00e+00 0.0 0.0e+00 0.0e+00 0.0e+00  0  0  0  0  0   0  0  0  0  0     0
VecScatterBegin    17361 1.0 2.7878e-01 2.4 0.00e+00 0.0 4.0e+04 2.3e+04 0.0e+00  0  0 39 59  0   0  0 39 59  0     0
VecScatterEnd      17361 1.0 7.5241e-01 7.3 0.00e+00 0.0 0.0e+00 0.0e+00 0.0e+00  0  0  0  0  0   0  0  0  0  0     0
MatMult             8601 1.0 3.3762e+01 1.1 1.89e+10 1.1 3.4e+04 2.0e+04 0.0e+00 17 32 34 44  0  19 32 34 44  0  1620
MatSolve           10061 1.0 3.9275e+01 1.1 2.12e+10 1.1 0.0e+00 0.0e+00 0.0e+00 21 36  0  0  0  22 36  0  0  0  1584
MatLUFactorNum      1460 1.0 6.5371e+01 1.1 1.46e+10 1.1 0.0e+00 0.0e+00 0.0e+00 34 25  0  0  0  36 25  0  0  0   654
MatILUFactorSym     1460 1.0 7.2380e+00 1.1 0.00e+00 0.0 0.0e+00 0.0e+00 0.0e+00  4  0  0  0  0   4  0  0  0  0     0
MatCopy             1460 1.0 3.4253e+00 1.1 0.00e+00 0.0 0.0e+00 0.0e+00 0.0e+00  2  0  0  0  0   2  0  0  0  0     0
MatConvert             1 1.0 7.2298e-03 1.1 0.00e+00 0.0 0.0e+00 0.0e+00 0.0e+00  0  0  0  0  0   0  0  0  0  0     0
MatGetRowIJ         1460 1.0 5.1546e-04 1.3 0.00e+00 0.0 0.0e+00 0.0e+00 0.0e+00  0  0  0  0  0   0  0  0  0  0     0
MatGetOrdering      1460 1.0 1.0621e+00 1.1 0.00e+00 0.0 0.0e+00 0.0e+00 0.0e+00  1  0  0  0  0   1  0  0  0  0     0
SFSetGraph          1460 1.0 3.5217e-01 1.0 0.00e+00 0.0 0.0e+00 0.0e+00 0.0e+00  0  0  0  0  0   0  0  0  0  0     0
SFReduceBegin       1460 1.0 2.4110e-01 1.9 0.00e+00 0.0 3.3e+04 5.3e+03 0.0e+00  0  0 32 11  0   0  0 32 11  0     0
SFReduceEnd         1460 1.0 4.4077e-02 1.0 0.00e+00 0.0 0.0e+00 0.0e+00 0.0e+00  0  0  0  0  0   0  0  0  0  0     0
SolveSystem            1 1.0 1.7572e+02 1.0 5.93e+10 1.1 1.0e+05 1.5e+04 5.4e+04 94100100100 64 100100100100100   986
KSPSetUp            2920 1.0 7.4263e-01 1.7 0.00e+00 0.0 0.0e+00 0.0e+00 2.9e+03  0  0  0  0  3   0  0  0  0  5     0
KSPSolve            1460 1.0 1.5210e+02 1.0 5.90e+10 1.1 3.4e+04 2.0e+04 2.7e+04 82100 34 44 32  87100 34 44 51  1135
PCSetUp             2920 1.0 7.3717e+01 1.1 1.46e+10 1.1 0.0e+00 0.0e+00 0.0e+00 39 25  0  0  0  41 25  0  0  0   580
PCSetUpOnBlocks     1460 1.0 7.3658e+01 1.1 1.46e+10 1.1 0.0e+00 0.0e+00 0.0e+00 39 25  0  0  0  41 25  0  0  0   581
PCApply            10061 1.0 3.9666e+01 1.1 2.12e+10 1.1 0.0e+00 0.0e+00 0.0e+00 21 36  0  0  0  22 36  0  0  0  1568

--- Event Stage 4: Destroying obj

DestroyBC              1 1.0 3.7813e-04 1.1 0.00e+00 0.0 0.0e+00 0.0e+00 0.0e+00  0  0  0  0  0  75  0  0  0  0     0
DestroyProperties       1 1.0 8.1062e-06 1.1 0.00e+00 0.0 0.0e+00 0.0e+00 0.0e+00  0  0  0  0  0   2  0  0  0  0     0
DestroyGeometry        1 1.0 6.2227e-05 1.1 0.00e+00 0.0 0.0e+00 0.0e+00 0.0e+00  0  0  0  0  0  12  0  0  0  0     0
------------------------------------------------------------------------------------------------------------------------

Memory usage is given in bytes:

Object Type          Creations   Destructions     Memory  Descendants' Mem.
Reports information only for process 0.

--- Event Stage 0: Main Stage

              Viewer     1              0            0     0.

--- Event Stage 1: Loading Files

              Vector  5852              5       688024     0.
      Vector Scatter     2              1       341072     0.
    Distributed Mesh     1              0            0     0.
Star Forest Bipartite Graph     2              0            0     0.
     Discrete System     1              0            0     0.
           Index Set  4387              4       523104     0.
   IS L to G Mapping     1              0            0     0.
   Application Order     1              0            0     0.
              Viewer     1              1          776     0.

--- Event Stage 2: Setting up

              Vector     4              3       364824     0.
      Vector Scatter     1              0            0     0.
              Matrix     3              0            0     0.
Star Forest Bipartite Graph     1              1          848     0.
           Index Set     2              2        11552     0.

--- Event Stage 3: Solving

              Vector 17523          13141   2561743344     0.
      Vector Scatter  5841           5841    125432544     0.
              Matrix  1463           1463  19816022672     0.
Star Forest Bipartite Graph  1460           1460      1238080     0.
           Index Set 10220          10220    504330720     0.
              Viewer  1462           1462      1134512     0.
       Krylov Solver  2921           2921      3493480     0.
      Preconditioner  2920           2920      2768160     0.

--- Event Stage 4: Destroying obj

              Vector     0             11      1169760     0.
      Vector Scatter     0              1         1072     0.
              Matrix     0              3     14521548     0.
           Index Set     0              3        22328     0.
========================================================================================================================
Average time to get PetscTime(): 4.76837e-08
Average time for MPI_Barrier(): 1.33514e-06
Average time for zero size MPI_Send(): 2.9405e-06
#PETSc Option Table entries:
-Input_file_bc 50x50x50_bc.txt
-Input_file_gmtry 50x50x50_gmtry.txt
-Input_file_init_sol 50x50x50_Sol.h5
-Input_file_ppt 50x50x50_properties.txt
-Input_file_ppt_by_zones 50x50x50_zones.txt
-Input_type_bc 2
-Input_type_gmtry 2
-Input_type_init_sol 3
-Input_type_tplgy 0
-ksp_type cg
-log_view ascii:50x50x50_NP3_KSPcg_PCbjacobi.log
-Output_type_ppt 3
-pc_type bjacobi
-Project_name 50x50x50
-Run_options_scheme 2
-Run_options_time 1
#End of PETSc Option Table entries
Compiled without FORTRAN kernels
Compiled with full precision matrices (default)
sizeof(short) 2 sizeof(int) 4 sizeof(long) 8 sizeof(void*) 8 sizeof(PetscScalar) 8 sizeof(PetscInt) 4
Configure options: --with-shared-libraries --with-debugging=0 --with-mpi-dir=/MyLibs/MPICH/mpich-3.2/arch-centos-opt --with-cxx=0 --with-hdf5-dir=/MyLibs/HDF5/hdf5-1.8.17/arch-centos-parallel-opt/ PETSC_ARCH=arch-centos-opt-v3.7.2-mpich-v3.2-hdf5-v1.8.17 FOPTFLAGS="optimization flags" COPTFLAGS="optimization flags"
-----------------------------------------
Libraries compiled on Wed Aug 17 12:00:13 2016 on poroso-medellin-unal-edu-co 
Machine characteristics: Linux-3.10.0-327.28.2.el7.x86_64-x86_64-with-centos-7.2.1511-Core
Using PETSc directory: /MyLibs/PETSc
Using PETSc arch: arch-centos-opt-v3.7.2-mpich-v3.2-hdf5-v1.8.17
-----------------------------------------

Using C compiler: /MyLibs/MPICH/mpich-3.2/arch-centos-opt/bin/mpicc  -fPIC  -Wall -Wwrite-strings -Wno-strict-aliasing -Wno-unknown-pragmas -fvisibility=hidden  ${COPTFLAGS} ${CFLAGS}
Using Fortran compiler: /MyLibs/MPICH/mpich-3.2/arch-centos-opt/bin/mpif90  -fPIC -Wall -ffree-line-length-0 -Wno-unused-dummy-argument   ${FOPTFLAGS} ${FFLAGS} 
-----------------------------------------

Using include paths: -I/MyLibs/PETSc/arch-centos-opt-v3.7.2-mpich-v3.2-hdf5-v1.8.17/include -I/MyLibs/PETSc/include -I/MyLibs/PETSc/include -I/MyLibs/PETSc/arch-centos-opt-v3.7.2-mpich-v3.2-hdf5-v1.8.17/include -I/MyLibs/HDF5/hdf5-1.8.17/arch-centos-parallel-opt/include -I/MyLibs/MPICH/mpich-3.2/arch-centos-opt/include
-----------------------------------------

Using C linker: /MyLibs/MPICH/mpich-3.2/arch-centos-opt/bin/mpicc
Using Fortran linker: /MyLibs/MPICH/mpich-3.2/arch-centos-opt/bin/mpif90
Using libraries: -Wl,-rpath,/MyLibs/PETSc/arch-centos-opt-v3.7.2-mpich-v3.2-hdf5-v1.8.17/lib -L/MyLibs/PETSc/arch-centos-opt-v3.7.2-mpich-v3.2-hdf5-v1.8.17/lib -lpetsc -llapack -lblas -Wl,-rpath,/MyLibs/HDF5/hdf5-1.8.17/arch-centos-parallel-opt/lib -L/MyLibs/HDF5/hdf5-1.8.17/arch-centos-parallel-opt/lib -lhdf5hl_fortran -lhdf5_fortran -lhdf5_hl -lhdf5 -lpthread -lm -Wl,-rpath,/MyLibs/MPICH/mpich-3.2/arch-centos-opt/lib -L/MyLibs/MPICH/mpich-3.2/arch-centos-opt/lib -Wl,-rpath,/usr/lib/gcc/x86_64-redhat-linux/4.8.5 -L/usr/lib/gcc/x86_64-redhat-linux/4.8.5 -lmpifort -lgfortran -lm -lgfortran -lm -lquadmath -lm -Wl,-rpath,/MyLibs/MPICH/mpich-3.2/arch-centos-opt/lib -L/MyLibs/MPICH/mpich-3.2/arch-centos-opt/lib -Wl,-rpath,/usr/lib/gcc/x86_64-redhat-linux/4.8.5 -L/usr/lib/gcc/x86_64-redhat-linux/4.8.5 -ldl -Wl,-rpath,/MyLibs/MPICH/mpich-3.2/arch-centos-opt/lib -lmpi -lgcc_s -ldl 
-----------------------------------------

