************************************************************************************************************************
***             WIDEN YOUR WINDOW TO 120 CHARACTERS.  Use 'enscript -r -fCourier9' to print this document            ***
************************************************************************************************************************

---------------------------------------------- PETSc Performance Summary: ----------------------------------------------

../../src/ANISOFLOW                                                                                                                                                                                                                                             ˻d on a arch-centos-opt-v3.7.2-mpich-v3.2-hdf5-v1.8.17 named poroso-medellin-unal-edu-co with 16 processors, by sospinar Sun Oct 16 01:57:53 2016
Using Petsc Release Version 3.7.3, unknown 

                         Max       Max/Min        Avg      Total 
Time (sec):           1.179e+02      1.00000   1.179e+02
Objects:              7.159e+04      1.00000   7.159e+04
Flops:                1.327e+10      1.10356   1.267e+10  2.027e+11
Flops/sec:            1.126e+08      1.10357   1.075e+08  1.720e+09
MPI Messages:         2.454e+05      1.78699   1.645e+05  2.632e+06
MPI Message Lengths:  2.474e+09      8.10314   2.884e+03  7.591e+09
MPI Reductions:       1.081e+05      1.00000

Flop counting convention: 1 flop = 1 real number operation of type (multiply/divide/add/subtract)
                            e.g., VecAXPY() for real vectors of length N --> 2N flops
                            and VecAXPY() for complex vectors of length N --> 8N flops

Summary of Stages:   ----- Time ------  ----- Flops -----  --- Messages ---  -- Message Lengths --  -- Reductions --
                        Avg     %Total     Avg     %Total   counts   %Total     Avg         %Total   counts   %Total 
 0:      Main Stage: 1.7624e-04   0.0%  0.0000e+00   0.0%  0.000e+00   0.0%  0.000e+00        0.0%  0.000e+00   0.0% 
 1:   Loading Files: 1.3846e+01  11.7%  0.0000e+00   0.0%  7.340e+02   0.0%  1.455e+00        0.1%  3.069e+04  28.4% 
 2:      Setting up: 6.9106e-02   0.1%  0.0000e+00   0.0%  4.320e+02   0.0%  1.207e-01        0.0%  1.700e+01   0.0% 
 3:         Solving: 1.0394e+02  88.2%  2.0274e+11 100.0%  2.631e+06 100.0%  2.883e+03       99.9%  7.738e+04  71.6% 
 4:  Destroying obj: 7.8589e-04   0.0%  0.0000e+00   0.0%  0.000e+00   0.0%  0.000e+00        0.0%  0.000e+00   0.0% 

------------------------------------------------------------------------------------------------------------------------
See the 'Profiling' chapter of the users' manual for details on interpreting output.
Phase summary info:
   Count: number of times phase was executed
   Time and Flops: Max - maximum over all processors
                   Ratio - ratio of maximum to minimum over all processors
   Mess: number of messages sent
   Avg. len: average message length (bytes)
   Reduct: number of global reductions
   Global: entire computation
   Stage: stages of a computation. Set stages with PetscLogStagePush() and PetscLogStagePop().
      %T - percent time in this phase         %F - percent flops in this phase
      %M - percent messages in this phase     %L - percent message lengths in this phase
      %R - percent reductions in this phase
   Total Mflop/s: 10e-6 * (sum of flops over all processors)/(max time over all processors)
------------------------------------------------------------------------------------------------------------------------
Event                Count      Time (sec)     Flops                             --- Global ---  --- Stage ---   Total
                   Max Ratio  Max     Ratio   Max  Ratio  Mess   Avg len Reduct  %T %F %M %L %R  %T %F %M %L %R Mflop/s
------------------------------------------------------------------------------------------------------------------------

--- Event Stage 0: Main Stage


--- Event Stage 1: Loading Files

GetGeometry            1 1.0 4.0872e-03 1.0 0.00e+00 0.0 2.9e+02 3.7e+02 1.3e+01  0  0  0  0  0   0  0 39  3  0     0
VecView                1 1.0 5.4018e-03 1.0 0.00e+00 0.0 0.0e+00 0.0e+00 0.0e+00  0  0  0  0  0   0  0  0  0  0     0
VecMax                 2 1.0 8.0824e-05 1.5 0.00e+00 0.0 0.0e+00 0.0e+00 0.0e+00  0  0  0  0  0   0  0  0  0  0     0
VecCopy                2 1.0 2.0027e-05 1.6 0.00e+00 0.0 0.0e+00 0.0e+00 0.0e+00  0  0  0  0  0   0  0  0  0  0     0
VecSet                 8 1.0 2.5749e-04 1.5 0.00e+00 0.0 0.0e+00 0.0e+00 0.0e+00  0  0  0  0  0   0  0  0  0  0     0
VecAssemblyBegin    5845 1.0 1.4069e-01 1.9 0.00e+00 0.0 3.0e+01 4.7e+04 1.8e+04  0  0  0  0 16   1  0  4 37 57     0
VecAssemblyEnd      5845 1.0 2.9099e-03 1.3 0.00e+00 0.0 0.0e+00 0.0e+00 0.0e+00  0  0  0  0  0   0  0  0  0  0     0
VecScatterBegin        2 1.0 4.1294e-04 1.5 0.00e+00 0.0 1.9e+02 5.0e+03 0.0e+00  0  0  0  0  0   0  0 26 25  0     0
VecScatterEnd          2 1.0 1.7643e-04 2.1 0.00e+00 0.0 0.0e+00 0.0e+00 0.0e+00  0  0  0  0  0   0  0  0  0  0     0
GetProrperties         1 1.0 8.3866e-02 1.0 0.00e+00 0.0 4.5e+02 8.3e+03 2.1e+01  0  0  0  0  0   1  0 61 97  0     0
GetConductivity        1 1.0 2.3556e-04 1.5 0.00e+00 0.0 0.0e+00 0.0e+00 0.0e+00  0  0  0  0  0   0  0  0  0  0     0
GetSpecificStorage       1 1.0 3.0327e-04 1.2 0.00e+00 0.0 0.0e+00 0.0e+00 2.0e+00  0  0  0  0  0   0  0  0  0  0     0
GetBC                  1 1.0 1.3758e+01 1.0 0.00e+00 0.0 0.0e+00 0.0e+00 3.1e+04 12  0  0  0 28  99  0  0  0100     0

--- Event Stage 2: Setting up

BuildTwoSided          1 1.0 1.3995e-04 4.2 0.00e+00 0.0 0.0e+00 0.0e+00 0.0e+00  0  0  0  0  0   0  0  0  0  0     0
VecSet                 2 1.0 3.5763e-05 8.8 0.00e+00 0.0 0.0e+00 0.0e+00 0.0e+00  0  0  0  0  0   0  0  0  0  0     0
VecScatterBegin        1 1.0 9.1076e-05 2.2 0.00e+00 0.0 1.4e+02 1.5e+03 0.0e+00  0  0  0  0  0   0  0 33 67  0     0
VecScatterEnd          1 1.0 5.0068e-05 2.7 0.00e+00 0.0 0.0e+00 0.0e+00 0.0e+00  0  0  0  0  0   0  0  0  0  0     0
MatAssemblyBegin       2 1.0 8.5053e-0336.7 0.00e+00 0.0 0.0e+00 0.0e+00 4.0e+00  0  0  0  0  0   7  0  0  0 24     0
MatAssemblyEnd         2 1.0 3.4301e-03 1.0 0.00e+00 0.0 2.9e+02 3.7e+02 8.0e+00  0  0  0  0  0   5  0 67 33 47     0
SFSetGraph             1 1.0 9.5367e-06 1.8 0.00e+00 0.0 0.0e+00 0.0e+00 0.0e+00  0  0  0  0  0   0  0  0  0  0     0
SFReduceBegin          1 1.0 1.9264e-04 2.3 0.00e+00 0.0 0.0e+00 0.0e+00 0.0e+00  0  0  0  0  0   0  0  0  0  0     0
SFReduceEnd            1 1.0 3.5763e-06 1.9 0.00e+00 0.0 0.0e+00 0.0e+00 0.0e+00  0  0  0  0  0   0  0  0  0  0     0
BuildSystem            1 1.0 6.9096e-02 1.0 0.00e+00 0.0 4.3e+02 7.4e+02 1.7e+01  0  0  0  0  0 100  0100100100     0

--- Event Stage 3: Solving

BuildTwoSided       1460 1.0 1.2764e+00 4.5 0.00e+00 0.0 1.9e+05 4.0e+00 0.0e+00  1  0  7  0  0   1  0  7  0  0     0
VecView             1461 1.0 6.1902e+00 1.0 0.00e+00 0.0 0.0e+00 0.0e+00 0.0e+00  5  0  0  0  0   6  0  0  0  0     0
VecMDot            10220 1.0 6.8983e+00 1.8 6.64e+08 1.1 0.0e+00 0.0e+00 1.0e+04  4  5  0  0  9   5  5  0  0 13  1481
VecNorm            11680 1.0 1.0186e+01 1.8 1.90e+08 1.1 0.0e+00 0.0e+00 1.2e+04  7  1  0  0 11   8  1  0  0 15   287
VecScale           11680 1.0 7.1524e-02 1.4 9.49e+07 1.1 0.0e+00 0.0e+00 0.0e+00  0  1  0  0  0   0  1  0  0  0 20413
VecCopy             1460 1.0 5.2573e-02 2.2 0.00e+00 0.0 0.0e+00 0.0e+00 0.0e+00  0  0  0  0  0   0  0  0  0  0     0
VecSet             20441 1.0 5.1552e-01 1.1 0.00e+00 0.0 0.0e+00 0.0e+00 0.0e+00  0  0  0  0  0   0  0  0  0  0     0
VecAXPY             2920 1.0 6.1143e-02 1.5 4.74e+07 1.1 0.0e+00 0.0e+00 0.0e+00  0  0  0  0  0   0  0  0  0  0 11939
VecMAXPY           11680 1.0 9.2122e-01 1.4 8.30e+08 1.1 0.0e+00 0.0e+00 0.0e+00  1  6  0  0  0   1  6  0  0  0 13867
VecPointwiseMult    5840 1.0 2.2767e-01 1.8 2.37e+07 1.1 0.0e+00 0.0e+00 0.0e+00  0  0  0  0  0   0  0  0  0  0  1603
VecLoad                1 1.0 2.0833e-03 1.0 0.00e+00 0.0 0.0e+00 0.0e+00 0.0e+00  0  0  0  0  0   0  0  0  0  0     0
VecScatterBegin    18980 1.0 1.4547e+00 5.9 0.00e+00 0.0 1.5e+06 2.6e+03 0.0e+00  0  0 58 51  0   0  0 58 52  0     0
VecScatterEnd      18980 1.0 4.3969e+0011.7 0.00e+00 0.0 0.0e+00 0.0e+00 0.0e+00  3  0  0  0  0   4  0  0  0  0     0
VecNormalize       11680 1.0 1.0258e+01 1.8 2.85e+08 1.1 0.0e+00 0.0e+00 1.2e+04  7  2  0  0 11   8  2  0  0 15   427
MatMult            10220 1.0 1.9014e+01 1.1 4.28e+09 1.1 1.5e+06 1.5e+03 0.0e+00 15 32 56 28  0  17 32 56 28  0  3418
MatSolve           11680 1.0 1.7545e+01 1.1 4.51e+09 1.1 0.0e+00 0.0e+00 0.0e+00 14 34  0  0  0  16 34  0  0  0  3947
MatLUFactorNum      1460 1.0 1.6276e+01 1.3 2.63e+09 1.1 0.0e+00 0.0e+00 0.0e+00 12 20  0  0  0  14 20  0  0  0  2460
MatILUFactorSym     1460 1.0 4.2432e+00 1.1 0.00e+00 0.0 0.0e+00 0.0e+00 0.0e+00  3  0  0  0  0   4  0  0  0  0     0
MatCopy             1460 1.0 5.1754e+00 1.1 0.00e+00 0.0 0.0e+00 0.0e+00 0.0e+00  4  0  0  0  0   5  0  0  0  0     0
MatConvert             1 1.0 8.3354e-03 1.5 0.00e+00 0.0 0.0e+00 0.0e+00 0.0e+00  0  0  0  0  0   0  0  0  0  0     0
MatGetRowIJ         1460 1.0 5.9581e-04 1.5 0.00e+00 0.0 0.0e+00 0.0e+00 0.0e+00  0  0  0  0  0   0  0  0  0  0     0
MatGetOrdering      1460 1.0 2.6467e-01 1.1 0.00e+00 0.0 0.0e+00 0.0e+00 0.0e+00  0  0  0  0  0   0  0  0  0  0     0
SFSetGraph          1460 1.0 5.6108e-01 1.2 0.00e+00 0.0 0.0e+00 0.0e+00 0.0e+00  0  0  0  0  0   0  0  0  0  0     0
SFReduceBegin       1460 1.0 1.4021e+00 3.1 0.00e+00 0.0 9.3e+05 1.0e+03 0.0e+00  1  0 36 12  0   1  0 36 12  0     0
SFReduceEnd         1460 1.0 8.7293e-02 1.9 0.00e+00 0.0 0.0e+00 0.0e+00 0.0e+00  0  0  0  0  0   0  0  0  0  0     0
SolveSystem            1 1.0 1.0394e+02 1.0 1.33e+10 1.1 2.6e+06 2.9e+03 7.7e+04 88100100100 72 100100100100100  1951
KSPGMRESOrthog     10220 1.0 7.5479e+00 1.7 1.33e+09 1.1 0.0e+00 0.0e+00 1.0e+04  5 10  0  0  9   6 10  0  0 13  2708
KSPSetUp            2920 1.0 1.3649e+00 2.5 0.00e+00 0.0 0.0e+00 0.0e+00 2.9e+03  1  0  0  0  3   1  0  0  0  4     0
KSPSolve            1460 1.0 6.9455e+01 1.0 1.32e+10 1.1 1.5e+06 1.5e+03 5.1e+04 59100 56 28 47  67100 56 28 66  2909
PCSetUp             2920 1.0 2.0885e+01 1.2 2.63e+09 1.1 0.0e+00 0.0e+00 0.0e+00 16 20  0  0  0  18 20  0  0  0  1917
PCSetUpOnBlocks     1460 1.0 2.0802e+01 1.2 2.63e+09 1.1 0.0e+00 0.0e+00 0.0e+00 16 20  0  0  0  18 20  0  0  0  1925
PCApply            11680 1.0 1.8307e+01 1.1 4.51e+09 1.1 0.0e+00 0.0e+00 0.0e+00 15 34  0  0  0  17 34  0  0  0  3783

--- Event Stage 4: Destroying obj

DestroyBC              1 1.0 7.5507e-04 1.3 0.00e+00 0.0 0.0e+00 0.0e+00 0.0e+00  0  0  0  0  0  82  0  0  0  0     0
DestroyProperties       1 1.0 1.3590e-05 1.7 0.00e+00 0.0 0.0e+00 0.0e+00 0.0e+00  0  0  0  0  0   1  0  0  0  0     0
DestroyGeometry        1 1.0 2.5511e-05 1.6 0.00e+00 0.0 0.0e+00 0.0e+00 0.0e+00  0  0  0  0  0   3  0  0  0  0     0
------------------------------------------------------------------------------------------------------------------------

Memory usage is given in bytes:

Object Type          Creations   Destructions     Memory  Descendants' Mem.
Reports information only for process 0.

--- Event Stage 0: Main Stage

              Viewer     1              0            0     0.

--- Event Stage 1: Loading Files

              Vector  5852              5       138024     0.
      Vector Scatter     2              1        18672     0.
    Distributed Mesh     1              0            0     0.
Star Forest Bipartite Graph     2              0            0     0.
     Discrete System     1              0            0     0.
           Index Set  4387              4       105960     0.
   IS L to G Mapping     1              0            0     0.
   Application Order     1              0            0     0.
              Viewer     1              1          776     0.

--- Event Stage 2: Setting up

              Vector     4              3        80536     0.
      Vector Scatter     1              0            0     0.
              Matrix     3              0            0     0.
Star Forest Bipartite Graph     1              1          848     0.
           Index Set     2              2         6908     0.

--- Event Stage 3: Solving

              Vector 35043          30661   1721907016     0.
      Vector Scatter  5841           5841    127920176     0.
              Matrix  1463           1463   3651597724     0.
Star Forest Bipartite Graph  1460           1460      1238080     0.
           Index Set 10220          10220    102830720     0.
              Viewer  1462           1462      1134512     0.
       Krylov Solver  2921           2921     28558760     0.
      Preconditioner  2920           2920      2768160     0.

--- Event Stage 4: Destroying obj

              Vector     0             11       286944     0.
      Vector Scatter     0              1         1072     0.
              Matrix     0              3      2771560     0.
           Index Set     0              3        22328     0.
========================================================================================================================
Average time to get PetscTime(): 4.76837e-08
Average time for MPI_Barrier(): 3.24249e-06
Average time for zero size MPI_Send(): 3.44217e-06
#PETSc Option Table entries:
-Input_file_bc 50x50x50_bc.txt
-Input_file_gmtry 50x50x50_gmtry.txt
-Input_file_init_sol 50x50x50_Sol.h5
-Input_file_ppt 50x50x50_properties.txt
-Input_file_ppt_by_zones 50x50x50_zones.txt
-Input_type_bc 2
-Input_type_gmtry 2
-Input_type_init_sol 3
-Input_type_tplgy 0
-ksp_type gmres
-log_view ascii:50x50x50_NP16_KSPgmres_PCbjacobi.log
-Output_type_ppt 3
-pc_type bjacobi
-Project_name 50x50x50
-Run_options_scheme 2
-Run_options_time 1
#End of PETSc Option Table entries
Compiled without FORTRAN kernels
Compiled with full precision matrices (default)
sizeof(short) 2 sizeof(int) 4 sizeof(long) 8 sizeof(void*) 8 sizeof(PetscScalar) 8 sizeof(PetscInt) 4
Configure options: --with-shared-libraries --with-debugging=0 --with-mpi-dir=/MyLibs/MPICH/mpich-3.2/arch-centos-opt --with-cxx=0 --with-hdf5-dir=/MyLibs/HDF5/hdf5-1.8.17/arch-centos-parallel-opt/ PETSC_ARCH=arch-centos-opt-v3.7.2-mpich-v3.2-hdf5-v1.8.17 FOPTFLAGS="optimization flags" COPTFLAGS="optimization flags"
-----------------------------------------
Libraries compiled on Wed Aug 17 12:00:13 2016 on poroso-medellin-unal-edu-co 
Machine characteristics: Linux-3.10.0-327.28.2.el7.x86_64-x86_64-with-centos-7.2.1511-Core
Using PETSc directory: /MyLibs/PETSc
Using PETSc arch: arch-centos-opt-v3.7.2-mpich-v3.2-hdf5-v1.8.17
-----------------------------------------

Using C compiler: /MyLibs/MPICH/mpich-3.2/arch-centos-opt/bin/mpicc  -fPIC  -Wall -Wwrite-strings -Wno-strict-aliasing -Wno-unknown-pragmas -fvisibility=hidden  ${COPTFLAGS} ${CFLAGS}
Using Fortran compiler: /MyLibs/MPICH/mpich-3.2/arch-centos-opt/bin/mpif90  -fPIC -Wall -ffree-line-length-0 -Wno-unused-dummy-argument   ${FOPTFLAGS} ${FFLAGS} 
-----------------------------------------

Using include paths: -I/MyLibs/PETSc/arch-centos-opt-v3.7.2-mpich-v3.2-hdf5-v1.8.17/include -I/MyLibs/PETSc/include -I/MyLibs/PETSc/include -I/MyLibs/PETSc/arch-centos-opt-v3.7.2-mpich-v3.2-hdf5-v1.8.17/include -I/MyLibs/HDF5/hdf5-1.8.17/arch-centos-parallel-opt/include -I/MyLibs/MPICH/mpich-3.2/arch-centos-opt/include
-----------------------------------------

Using C linker: /MyLibs/MPICH/mpich-3.2/arch-centos-opt/bin/mpicc
Using Fortran linker: /MyLibs/MPICH/mpich-3.2/arch-centos-opt/bin/mpif90
Using libraries: -Wl,-rpath,/MyLibs/PETSc/arch-centos-opt-v3.7.2-mpich-v3.2-hdf5-v1.8.17/lib -L/MyLibs/PETSc/arch-centos-opt-v3.7.2-mpich-v3.2-hdf5-v1.8.17/lib -lpetsc -llapack -lblas -Wl,-rpath,/MyLibs/HDF5/hdf5-1.8.17/arch-centos-parallel-opt/lib -L/MyLibs/HDF5/hdf5-1.8.17/arch-centos-parallel-opt/lib -lhdf5hl_fortran -lhdf5_fortran -lhdf5_hl -lhdf5 -lpthread -lm -Wl,-rpath,/MyLibs/MPICH/mpich-3.2/arch-centos-opt/lib -L/MyLibs/MPICH/mpich-3.2/arch-centos-opt/lib -Wl,-rpath,/usr/lib/gcc/x86_64-redhat-linux/4.8.5 -L/usr/lib/gcc/x86_64-redhat-linux/4.8.5 -lmpifort -lgfortran -lm -lgfortran -lm -lquadmath -lm -Wl,-rpath,/MyLibs/MPICH/mpich-3.2/arch-centos-opt/lib -L/MyLibs/MPICH/mpich-3.2/arch-centos-opt/lib -Wl,-rpath,/usr/lib/gcc/x86_64-redhat-linux/4.8.5 -L/usr/lib/gcc/x86_64-redhat-linux/4.8.5 -ldl -Wl,-rpath,/MyLibs/MPICH/mpich-3.2/arch-centos-opt/lib -lmpi -lgcc_s -ldl 
-----------------------------------------

