************************************************************************************************************************
***             WIDEN YOUR WINDOW TO 120 CHARACTERS.  Use 'enscript -r -fCourier9' to print this document            ***
************************************************************************************************************************

---------------------------------------------- PETSc Performance Summary: ----------------------------------------------

../../src/ANISOFLOW                                                                                                                                                                                                                                             ˻d on a arch-centos-opt-v3.7.2-mpich-v3.2-hdf5-v1.8.17 named poroso-medellin-unal-edu-co with 8 processors, by sospinar Sat Oct 15 23:23:04 2016
Using Petsc Release Version 3.7.3, unknown 

                         Max       Max/Min        Avg      Total 
Time (sec):           2.284e+02      1.00000   2.284e+02
Objects:              7.597e+04      1.00000   7.597e+04
Flops:                8.891e+10      1.00000   8.891e+10  7.113e+11
Flops/sec:            3.892e+08      1.00000   3.892e+08  3.114e+09
MPI Messages:         4.235e+05      1.13281   3.800e+05  3.040e+06
MPI Message Lengths:  1.951e+09      2.03850   2.845e+03  8.649e+09
MPI Reductions:       1.227e+05      1.00000

Flop counting convention: 1 flop = 1 real number operation of type (multiply/divide/add/subtract)
                            e.g., VecAXPY() for real vectors of length N --> 2N flops
                            and VecAXPY() for complex vectors of length N --> 8N flops

Summary of Stages:   ----- Time ------  ----- Flops -----  --- Messages ---  -- Message Lengths --  -- Reductions --
                        Avg     %Total     Avg     %Total   counts   %Total     Avg         %Total   counts   %Total 
 0:      Main Stage: 1.6817e-04   0.0%  0.0000e+00   0.0%  0.000e+00   0.0%  0.000e+00        0.0%  0.000e+00   0.0% 
 1:   Loading Files: 1.2987e+01   5.7%  0.0000e+00   0.0%  3.180e+02   0.0%  1.187e+00        0.0%  3.069e+04  25.0% 
 2:      Setting up: 1.3278e-01   0.1%  0.0000e+00   0.0%  1.680e+02   0.0%  6.168e-02        0.0%  1.700e+01   0.0% 
 3:         Solving: 2.1532e+02  94.3%  7.1129e+11 100.0%  3.040e+06 100.0%  2.844e+03      100.0%  9.198e+04  75.0% 
 4:  Destroying obj: 5.5942e-04   0.0%  0.0000e+00   0.0%  0.000e+00   0.0%  0.000e+00        0.0%  0.000e+00   0.0% 

------------------------------------------------------------------------------------------------------------------------
See the 'Profiling' chapter of the users' manual for details on interpreting output.
Phase summary info:
   Count: number of times phase was executed
   Time and Flops: Max - maximum over all processors
                   Ratio - ratio of maximum to minimum over all processors
   Mess: number of messages sent
   Avg. len: average message length (bytes)
   Reduct: number of global reductions
   Global: entire computation
   Stage: stages of a computation. Set stages with PetscLogStagePush() and PetscLogStagePop().
      %T - percent time in this phase         %F - percent flops in this phase
      %M - percent messages in this phase     %L - percent message lengths in this phase
      %R - percent reductions in this phase
   Total Mflop/s: 10e-6 * (sum of flops over all processors)/(max time over all processors)
------------------------------------------------------------------------------------------------------------------------
Event                Count      Time (sec)     Flops                             --- Global ---  --- Stage ---   Total
                   Max Ratio  Max     Ratio   Max  Ratio  Mess   Avg len Reduct  %T %F %M %L %R  %T %F %M %L %R Mflop/s
------------------------------------------------------------------------------------------------------------------------

--- Event Stage 0: Main Stage


--- Event Stage 1: Loading Files

GetGeometry            1 1.0 5.3921e-03 1.0 0.00e+00 0.0 1.1e+02 5.6e+02 1.3e+01  0  0  0  0  0   0  0 35  2  0     0
VecView                1 1.0 4.9260e-03 1.0 0.00e+00 0.0 0.0e+00 0.0e+00 0.0e+00  0  0  0  0  0   0  0  0  0  0     0
VecMax                 2 1.0 1.3328e-04 1.3 0.00e+00 0.0 0.0e+00 0.0e+00 0.0e+00  0  0  0  0  0   0  0  0  0  0     0
VecCopy                2 1.0 3.9577e-05 1.5 0.00e+00 0.0 0.0e+00 0.0e+00 0.0e+00  0  0  0  0  0   0  0  0  0  0     0
VecSet                 8 1.0 4.4370e-04 1.9 0.00e+00 0.0 0.0e+00 0.0e+00 0.0e+00  0  0  0  0  0   0  0  0  0  0     0
VecAssemblyBegin    5845 1.0 1.4988e-01 3.1 0.00e+00 0.0 1.4e+01 9.4e+04 1.8e+04  0  0  0  0 14   1  0  4 36 57     0
VecAssemblyEnd      5845 1.0 3.0468e-03 1.4 0.00e+00 0.0 0.0e+00 0.0e+00 0.0e+00  0  0  0  0  0   0  0  0  0  0     0
VecScatterBegin        2 1.0 3.7909e-04 1.4 0.00e+00 0.0 8.0e+01 1.1e+04 0.0e+00  0  0  0  0  0   0  0 25 24  0     0
VecScatterEnd          2 1.0 1.0657e-04 1.3 0.00e+00 0.0 0.0e+00 0.0e+00 0.0e+00  0  0  0  0  0   0  0  0  0  0     0
GetProrperties         1 1.0 1.1607e-01 1.0 0.00e+00 0.0 2.1e+02 1.7e+04 2.1e+01  0  0  0  0  0   1  0 65 98  0     0
GetConductivity        1 1.0 2.4199e-04 1.4 0.00e+00 0.0 0.0e+00 0.0e+00 0.0e+00  0  0  0  0  0   0  0  0  0  0     0
GetSpecificStorage       1 1.0 3.4857e-04 1.1 0.00e+00 0.0 0.0e+00 0.0e+00 2.0e+00  0  0  0  0  0   0  0  0  0  0     0
GetBC                  1 1.0 1.2865e+01 1.0 0.00e+00 0.0 0.0e+00 0.0e+00 3.1e+04  6  0  0  0 25  99  0  0  0100     0

--- Event Stage 2: Setting up

BuildTwoSided          1 1.0 6.4850e-05 1.0 0.00e+00 0.0 0.0e+00 0.0e+00 0.0e+00  0  0  0  0  0   0  0  0  0  0     0
VecSet                 2 1.0 1.0967e-05 2.2 0.00e+00 0.0 0.0e+00 0.0e+00 0.0e+00  0  0  0  0  0   0  0  0  0  0     0
VecScatterBegin        1 1.0 4.0293e-05 1.5 0.00e+00 0.0 5.6e+01 2.2e+03 0.0e+00  0  0  0  0  0   0  0 33 67  0     0
VecScatterEnd          1 1.0 3.6716e-05 2.1 0.00e+00 0.0 0.0e+00 0.0e+00 0.0e+00  0  0  0  0  0   0  0  0  0  0     0
MatAssemblyBegin       2 1.0 1.5064e-02265.5 0.00e+00 0.0 0.0e+00 0.0e+00 4.0e+00  0  0  0  0  0   8  0  0  0 24     0
MatAssemblyEnd         2 1.0 4.6184e-03 1.0 0.00e+00 0.0 1.1e+02 5.6e+02 8.0e+00  0  0  0  0  0   3  0 67 33 47     0
SFSetGraph             1 1.0 1.0014e-05 2.1 0.00e+00 0.0 0.0e+00 0.0e+00 0.0e+00  0  0  0  0  0   0  0  0  0  0     0
SFReduceBegin          1 1.0 1.0252e-04 1.1 0.00e+00 0.0 0.0e+00 0.0e+00 0.0e+00  0  0  0  0  0   0  0  0  0  0     0
SFReduceEnd            1 1.0 2.8610e-06 1.5 0.00e+00 0.0 0.0e+00 0.0e+00 0.0e+00  0  0  0  0  0   0  0  0  0  0     0
BuildSystem            1 1.0 1.3277e-01 1.0 0.00e+00 0.0 1.7e+02 1.1e+03 1.7e+01  0  0  0  0  0 100  0100100100     0

--- Event Stage 3: Solving

BuildTwoSided       1460 1.0 3.3637e-01 5.5 0.00e+00 0.0 4.7e+04 4.0e+00 0.0e+00  0  0  2  0  0   0  0  2  0  0     0
VecView             1461 1.0 5.2062e+00 1.0 0.00e+00 0.0 0.0e+00 0.0e+00 0.0e+00  2  0  0  0  0   2  0  0  0  0     0
VecMDot            14600 1.0 4.7950e+00 1.3 2.51e+09 1.0 0.0e+00 0.0e+00 1.5e+04  2  3  0  0 12   2  3  0  0 16  4186
VecTDot            20440 1.0 1.0099e+00 1.2 6.39e+08 1.0 0.0e+00 0.0e+00 2.0e+04  0  1  0  0 17   0  1  0  0 22  5060
VecNorm            27740 1.0 3.7671e+00 2.1 8.67e+08 1.0 0.0e+00 0.0e+00 2.8e+04  1  1  0  0 23   1  1  0  0 30  1841
VecScale           16060 1.0 1.2893e-01 1.0 2.51e+08 1.0 0.0e+00 0.0e+00 0.0e+00  0  0  0  0  0   0  0  0  0  0 15570
VecCopy            16060 1.0 5.8568e-01 1.1 0.00e+00 0.0 0.0e+00 0.0e+00 0.0e+00  0  0  0  0  0   0  0  0  0  0     0
VecSet             33581 1.0 4.4960e-01 1.2 0.00e+00 0.0 0.0e+00 0.0e+00 0.0e+00  0  0  0  0  0   0  0  0  0  0     0
VecAXPY            23360 1.0 8.2970e-01 1.1 7.30e+08 1.0 0.0e+00 0.0e+00 0.0e+00  0  1  0  0  0   0  1  0  0  0  7039
VecAYPX            43800 1.0 2.7337e+00 1.1 1.00e+09 1.0 0.0e+00 0.0e+00 0.0e+00  1  1  0  0  0   1  1  0  0  0  2937
VecAXPBYCZ         23360 1.0 1.9145e+00 1.1 1.82e+09 1.0 0.0e+00 0.0e+00 0.0e+00  1  2  0  0  0   1  2  0  0  0  7626
VecMAXPY           16060 1.0 2.3396e+00 1.0 2.97e+09 1.0 0.0e+00 0.0e+00 0.0e+00  1  3  0  0  0   1  3  0  0  0 10141
VecPointwiseMult    5840 1.0 2.3971e-01 1.3 4.56e+07 1.0 0.0e+00 0.0e+00 0.0e+00  0  0  0  0  0   0  0  0  0  0  1523
VecLoad                1 1.0 1.8141e-03 1.0 0.00e+00 0.0 0.0e+00 0.0e+00 0.0e+00  0  0  0  0  0   0  0  0  0  0     0
VecScatterBegin    56940 1.0 1.5268e+00 1.5 0.00e+00 0.0 2.7e+06 2.5e+03 0.0e+00  0  0 89 79  0   1  0 89 79  0     0
VecScatterEnd      56940 1.0 2.8480e+00 3.0 0.00e+00 0.0 0.0e+00 0.0e+00 0.0e+00  1  0  0  0  0   1  0  0  0  0     0
VecNormalize       16060 1.0 1.0230e+00 1.6 7.53e+08 1.0 0.0e+00 0.0e+00 1.6e+04  0  1  0  0 13   0  1  0  0 17  5887
MatMult            48180 1.0 7.6445e+01 1.0 3.83e+10 1.0 2.7e+06 2.2e+03 0.0e+00 33 43 89 70  0  35 43 89 70  0  4008
MatSOR             51100 1.0 9.7027e+01 1.0 3.98e+10 1.0 0.0e+00 0.0e+00 0.0e+00 42 45  0  0  0  45 45  0  0  0  3280
MatCopy             1460 1.0 3.9826e+00 1.2 0.00e+00 0.0 0.0e+00 0.0e+00 0.0e+00  2  0  0  0  0   2  0  0  0  0     0
MatConvert             1 1.0 7.8065e-03 1.3 0.00e+00 0.0 0.0e+00 0.0e+00 0.0e+00  0  0  0  0  0   0  0  0  0  0     0
SFSetGraph          1460 1.0 4.3593e-01 1.0 0.00e+00 0.0 0.0e+00 0.0e+00 0.0e+00  0  0  0  0  0   0  0  0  0  0     0
SFReduceBegin       1460 1.0 4.3877e-01 2.7 0.00e+00 0.0 2.3e+05 2.0e+03 0.0e+00  0  0  8  5  0   0  0  8  5  0     0
SFReduceEnd         1460 1.0 4.7820e-02 1.0 0.00e+00 0.0 0.0e+00 0.0e+00 0.0e+00  0  0  0  0  0   0  0  0  0  0     0
SolveSystem            1 1.0 2.1532e+02 1.0 8.89e+10 1.0 3.0e+06 2.8e+03 9.2e+04 94100100100 75 100100100100100  3303
KSPGMRESOrthog     14600 1.0 6.8010e+00 1.2 5.02e+09 1.0 0.0e+00 0.0e+00 1.5e+04  3  6  0  0 12   3  6  0  0 16  5903
KSPSetUp            4380 1.0 1.4769e+00 1.7 0.00e+00 0.0 0.0e+00 0.0e+00 5.8e+03  1  0  0  0  5   1  0  0  0  6     0
KSPSolve            1460 1.0 1.9021e+02 1.0 8.88e+10 1.0 2.7e+06 2.2e+03 6.3e+04 83100 89 70 51  88100 89 70 68  3736
PCSetUp             1460 1.0 4.7500e-01 1.1 0.00e+00 0.0 0.0e+00 0.0e+00 2.9e+03  0  0  0  0  2   0  0  0  0  3     0
PCApply            11680 1.0 1.7053e+02 1.0 7.88e+10 1.0 2.1e+06 2.2e+03 3.1e+04 74 89 70 55 25  79 89 70 55 33  3696

--- Event Stage 4: Destroying obj

DestroyBC              1 1.0 4.7660e-04 1.8 0.00e+00 0.0 0.0e+00 0.0e+00 0.0e+00  0  0  0  0  0  77  0  0  0  0     0
DestroyProperties       1 1.0 7.8678e-06 1.1 0.00e+00 0.0 0.0e+00 0.0e+00 0.0e+00  0  0  0  0  0   1  0  0  0  0     0
DestroyGeometry        1 1.0 5.2452e-05 1.3 0.00e+00 0.0 0.0e+00 0.0e+00 0.0e+00  0  0  0  0  0   8  0  0  0  0     0
------------------------------------------------------------------------------------------------------------------------

Memory usage is given in bytes:

Object Type          Creations   Destructions     Memory  Descendants' Mem.
Reports information only for process 0.

--- Event Stage 0: Main Stage

              Viewer     1              0            0     0.

--- Event Stage 1: Loading Files

              Vector  5852              5       258024     0.
      Vector Scatter     2              1        33672     0.
    Distributed Mesh     1              0            0     0.
Star Forest Bipartite Graph     2              0            0     0.
     Discrete System     1              0            0     0.
           Index Set  4387              4       198408     0.
   IS L to G Mapping     1              0            0     0.
   Application Order     1              0            0     0.
              Viewer     1              1          776     0.

--- Event Stage 2: Setting up

              Vector     4              3       145432     0.
      Vector Scatter     1              0            0     0.
              Matrix     3              0            0     0.
Star Forest Bipartite Graph     1              1          848     0.
           Index Set     2              2         9356     0.

--- Event Stage 3: Solving

              Vector 42343          37961   4500992712     0.
      Vector Scatter  5841           5841    123248176     0.
              Matrix     3              3      5379644     0.
Star Forest Bipartite Graph  1460           1460      1238080     0.
           Index Set  5840           5840      4531840     0.
              Viewer  1462           1462      1134512     0.
       Krylov Solver  4381           4381     47784040     0.
      Preconditioner  4380           4380      3936160     0.

--- Event Stage 4: Destroying obj

              Vector     0             11       481824     0.
      Vector Scatter     0              1         1072     0.
              Matrix     0              3      5754640     0.
           Index Set     0              3        22328     0.
========================================================================================================================
Average time to get PetscTime(): 2.38419e-08
Average time for MPI_Barrier(): 2.14577e-06
Average time for zero size MPI_Send(): 3.09944e-06
#PETSc Option Table entries:
-Input_file_bc 50x50x50_bc.txt
-Input_file_gmtry 50x50x50_gmtry.txt
-Input_file_init_sol 50x50x50_Sol.h5
-Input_file_ppt 50x50x50_properties.txt
-Input_file_ppt_by_zones 50x50x50_zones.txt
-Input_type_bc 2
-Input_type_gmtry 2
-Input_type_init_sol 3
-Input_type_tplgy 0
-ksp_type cg
-log_view ascii:50x50x50_NP8_KSPcg_PCmg.log
-Output_type_ppt 3
-pc_type mg
-Project_name 50x50x50
-Run_options_scheme 2
-Run_options_time 1
#End of PETSc Option Table entries
Compiled without FORTRAN kernels
Compiled with full precision matrices (default)
sizeof(short) 2 sizeof(int) 4 sizeof(long) 8 sizeof(void*) 8 sizeof(PetscScalar) 8 sizeof(PetscInt) 4
Configure options: --with-shared-libraries --with-debugging=0 --with-mpi-dir=/MyLibs/MPICH/mpich-3.2/arch-centos-opt --with-cxx=0 --with-hdf5-dir=/MyLibs/HDF5/hdf5-1.8.17/arch-centos-parallel-opt/ PETSC_ARCH=arch-centos-opt-v3.7.2-mpich-v3.2-hdf5-v1.8.17 FOPTFLAGS="optimization flags" COPTFLAGS="optimization flags"
-----------------------------------------
Libraries compiled on Wed Aug 17 12:00:13 2016 on poroso-medellin-unal-edu-co 
Machine characteristics: Linux-3.10.0-327.28.2.el7.x86_64-x86_64-with-centos-7.2.1511-Core
Using PETSc directory: /MyLibs/PETSc
Using PETSc arch: arch-centos-opt-v3.7.2-mpich-v3.2-hdf5-v1.8.17
-----------------------------------------

Using C compiler: /MyLibs/MPICH/mpich-3.2/arch-centos-opt/bin/mpicc  -fPIC  -Wall -Wwrite-strings -Wno-strict-aliasing -Wno-unknown-pragmas -fvisibility=hidden  ${COPTFLAGS} ${CFLAGS}
Using Fortran compiler: /MyLibs/MPICH/mpich-3.2/arch-centos-opt/bin/mpif90  -fPIC -Wall -ffree-line-length-0 -Wno-unused-dummy-argument   ${FOPTFLAGS} ${FFLAGS} 
-----------------------------------------

Using include paths: -I/MyLibs/PETSc/arch-centos-opt-v3.7.2-mpich-v3.2-hdf5-v1.8.17/include -I/MyLibs/PETSc/include -I/MyLibs/PETSc/include -I/MyLibs/PETSc/arch-centos-opt-v3.7.2-mpich-v3.2-hdf5-v1.8.17/include -I/MyLibs/HDF5/hdf5-1.8.17/arch-centos-parallel-opt/include -I/MyLibs/MPICH/mpich-3.2/arch-centos-opt/include
-----------------------------------------

Using C linker: /MyLibs/MPICH/mpich-3.2/arch-centos-opt/bin/mpicc
Using Fortran linker: /MyLibs/MPICH/mpich-3.2/arch-centos-opt/bin/mpif90
Using libraries: -Wl,-rpath,/MyLibs/PETSc/arch-centos-opt-v3.7.2-mpich-v3.2-hdf5-v1.8.17/lib -L/MyLibs/PETSc/arch-centos-opt-v3.7.2-mpich-v3.2-hdf5-v1.8.17/lib -lpetsc -llapack -lblas -Wl,-rpath,/MyLibs/HDF5/hdf5-1.8.17/arch-centos-parallel-opt/lib -L/MyLibs/HDF5/hdf5-1.8.17/arch-centos-parallel-opt/lib -lhdf5hl_fortran -lhdf5_fortran -lhdf5_hl -lhdf5 -lpthread -lm -Wl,-rpath,/MyLibs/MPICH/mpich-3.2/arch-centos-opt/lib -L/MyLibs/MPICH/mpich-3.2/arch-centos-opt/lib -Wl,-rpath,/usr/lib/gcc/x86_64-redhat-linux/4.8.5 -L/usr/lib/gcc/x86_64-redhat-linux/4.8.5 -lmpifort -lgfortran -lm -lgfortran -lm -lquadmath -lm -Wl,-rpath,/MyLibs/MPICH/mpich-3.2/arch-centos-opt/lib -L/MyLibs/MPICH/mpich-3.2/arch-centos-opt/lib -Wl,-rpath,/usr/lib/gcc/x86_64-redhat-linux/4.8.5 -L/usr/lib/gcc/x86_64-redhat-linux/4.8.5 -ldl -Wl,-rpath,/MyLibs/MPICH/mpich-3.2/arch-centos-opt/lib -lmpi -lgcc_s -ldl 
-----------------------------------------

