************************************************************************************************************************
***             WIDEN YOUR WINDOW TO 120 CHARACTERS.  Use 'enscript -r -fCourier9' to print this document            ***
************************************************************************************************************************

---------------------------------------------- PETSc Performance Summary: ----------------------------------------------

../../src/ANISOFLOW                                                                                                                                                                                                                                             ˻d on a arch-centos-opt-v3.7.2-mpich-v3.2-hdf5-v1.8.17 named poroso-medellin-unal-edu-co with 3 processors, by sospinar Sat Oct 15 21:27:47 2016
Using Petsc Release Version 3.7.3, unknown 

                         Max       Max/Min        Avg      Total 
Time (sec):           1.791e+02      1.00000   1.791e+02
Objects:              7.159e+04      1.00000   7.159e+04
Flops:                5.489e+10      1.07253   5.351e+10  1.605e+11
Flops/sec:            3.064e+08      1.07253   2.987e+08  8.962e+08
MPI Messages:         3.870e+04      1.51414   3.237e+04  9.712e+04
MPI Message Lengths:  6.131e+08      1.76980   1.502e+04  1.459e+09
MPI Reductions:       1.023e+05      1.00000

Flop counting convention: 1 flop = 1 real number operation of type (multiply/divide/add/subtract)
                            e.g., VecAXPY() for real vectors of length N --> 2N flops
                            and VecAXPY() for complex vectors of length N --> 8N flops

Summary of Stages:   ----- Time ------  ----- Flops -----  --- Messages ---  -- Message Lengths --  -- Reductions --
                        Avg     %Total     Avg     %Total   counts   %Total     Avg         %Total   counts   %Total 
 0:      Main Stage: 1.9805e-04   0.0%  0.0000e+00   0.0%  0.000e+00   0.0%  0.000e+00        0.0%  0.000e+00   0.0% 
 1:   Loading Files: 1.0282e+01   5.7%  0.0000e+00   0.0%  2.200e+01   0.0%  2.173e+01        0.1%  3.069e+04  30.0% 
 2:      Setting up: 2.7854e-01   0.2%  0.0000e+00   0.0%  1.200e+01   0.0%  1.236e+00        0.0%  1.700e+01   0.0% 
 3:         Solving: 1.6856e+02  94.1%  1.6052e+11 100.0%  9.709e+04 100.0%  1.500e+04       99.8%  7.154e+04  70.0% 
 4:  Destroying obj: 5.1483e-04   0.0%  0.0000e+00   0.0%  0.000e+00   0.0%  0.000e+00        0.0%  0.000e+00   0.0% 

------------------------------------------------------------------------------------------------------------------------
See the 'Profiling' chapter of the users' manual for details on interpreting output.
Phase summary info:
   Count: number of times phase was executed
   Time and Flops: Max - maximum over all processors
                   Ratio - ratio of maximum to minimum over all processors
   Mess: number of messages sent
   Avg. len: average message length (bytes)
   Reduct: number of global reductions
   Global: entire computation
   Stage: stages of a computation. Set stages with PetscLogStagePush() and PetscLogStagePop().
      %T - percent time in this phase         %F - percent flops in this phase
      %M - percent messages in this phase     %L - percent message lengths in this phase
      %R - percent reductions in this phase
   Total Mflop/s: 10e-6 * (sum of flops over all processors)/(max time over all processors)
------------------------------------------------------------------------------------------------------------------------
Event                Count      Time (sec)     Flops                             --- Global ---  --- Stage ---   Total
                   Max Ratio  Max     Ratio   Max  Ratio  Mess   Avg len Reduct  %T %F %M %L %R  %T %F %M %L %R Mflop/s
------------------------------------------------------------------------------------------------------------------------

--- Event Stage 0: Main Stage


--- Event Stage 1: Loading Files

GetGeometry            1 1.0 7.9989e-03 1.0 0.00e+00 0.0 8.0e+00 5.0e+03 1.3e+01  0  0  0  0  0   0  0 36  2  0     0
VecView                1 1.0 2.6767e-03 1.0 0.00e+00 0.0 0.0e+00 0.0e+00 0.0e+00  0  0  0  0  0   0  0  0  0  0     0
VecMax                 2 1.0 3.8934e-04 1.4 0.00e+00 0.0 0.0e+00 0.0e+00 0.0e+00  0  0  0  0  0   0  0  0  0  0     0
VecCopy                2 1.0 1.0133e-04 1.3 0.00e+00 0.0 0.0e+00 0.0e+00 0.0e+00  0  0  0  0  0   0  0  0  0  0     0
VecSet                 8 1.0 1.0536e-03 1.6 0.00e+00 0.0 0.0e+00 0.0e+00 0.0e+00  0  0  0  0  0   0  0  0  0  0     0
VecAssemblyBegin    5845 1.0 8.5768e-02 2.4 0.00e+00 0.0 4.0e+00 2.5e+05 1.8e+04  0  0  0  0 17   1  0 18 47 57     0
VecAssemblyEnd      5845 1.0 2.7325e-03 1.2 0.00e+00 0.0 0.0e+00 0.0e+00 0.0e+00  0  0  0  0  0   0  0  0  0  0     0
VecScatterBegin        2 1.0 3.1090e-04 1.4 0.00e+00 0.0 4.0e+00 2.0e+04 0.0e+00  0  0  0  0  0   0  0 18  4  0     0
VecScatterEnd          2 1.0 3.8385e-05 1.6 0.00e+00 0.0 0.0e+00 0.0e+00 0.0e+00  0  0  0  0  0   0  0  0  0  0     0
GetProrperties         1 1.0 6.6857e-02 1.0 0.00e+00 0.0 1.4e+01 1.5e+05 2.1e+01  0  0  0  0  0   1  0 64 98  0     0
GetConductivity        1 1.0 2.3675e-04 1.1 0.00e+00 0.0 0.0e+00 0.0e+00 0.0e+00  0  0  0  0  0   0  0  0  0  0     0
GetSpecificStorage       1 1.0 7.6461e-04 1.1 0.00e+00 0.0 0.0e+00 0.0e+00 2.0e+00  0  0  0  0  0   0  0  0  0  0     0
GetBC                  1 1.0 1.0207e+01 1.0 0.00e+00 0.0 0.0e+00 0.0e+00 3.1e+04  6  0  0  0 30  99  0  0  0100     0

--- Event Stage 2: Setting up

BuildTwoSided          1 1.0 2.0456e-04 7.7 0.00e+00 0.0 0.0e+00 0.0e+00 0.0e+00  0  0  0  0  0   0  0  0  0  0     0
VecSet                 2 1.0 1.1921e-05 2.0 0.00e+00 0.0 0.0e+00 0.0e+00 0.0e+00  0  0  0  0  0   0  0  0  0  0     0
VecScatterBegin        1 1.0 2.2650e-05 1.7 0.00e+00 0.0 4.0e+00 2.0e+04 0.0e+00  0  0  0  0  0   0  0 33 67  0     0
VecScatterEnd          1 1.0 2.8133e-05 2.0 0.00e+00 0.0 0.0e+00 0.0e+00 0.0e+00  0  0  0  0  0   0  0  0  0  0     0
MatAssemblyBegin       2 1.0 1.5503e-02105.7 0.00e+00 0.0 0.0e+00 0.0e+00 4.0e+00  0  0  0  0  0   2  0  0  0 24     0
MatAssemblyEnd         2 1.0 1.0216e-02 1.0 0.00e+00 0.0 8.0e+00 5.0e+03 8.0e+00  0  0  0  0  0   4  0 67 33 47     0
SFSetGraph             1 1.0 7.6294e-06 1.8 0.00e+00 0.0 0.0e+00 0.0e+00 0.0e+00  0  0  0  0  0   0  0  0  0  0     0
SFReduceBegin          1 1.0 2.3508e-04 4.4 0.00e+00 0.0 0.0e+00 0.0e+00 0.0e+00  0  0  0  0  0   0  0  0  0  0     0
SFReduceEnd            1 1.0 2.6226e-06 1.0 0.00e+00 0.0 0.0e+00 0.0e+00 0.0e+00  0  0  0  0  0   0  0  0  0  0     0
BuildSystem            1 1.0 2.7852e-01 1.0 0.00e+00 0.0 1.2e+01 1.0e+04 1.7e+01  0  0  0  0  0 100  0100100100     0

--- Event Stage 3: Solving

BuildTwoSided       1460 1.0 9.6940e-02 2.9 0.00e+00 0.0 6.6e+03 4.0e+00 0.0e+00  0  0  7  0  0   0  0  7  0  0     0
VecView             1461 1.0 3.1281e+00 1.0 0.00e+00 0.0 0.0e+00 0.0e+00 0.0e+00  2  0  0  0  0   2  0  0  0  0     0
VecMDot             7300 1.0 4.8731e+00 4.9 1.86e+09 1.1 0.0e+00 0.0e+00 7.3e+03  1  3  0  0  7   2  3  0  0 10  1123
VecNorm             8760 1.0 5.2464e+0011.0 7.45e+08 1.1 0.0e+00 0.0e+00 8.8e+03  2  1  0  0  9   2  1  0  0 12   417
VecScale            8760 1.0 1.9531e-01 1.1 3.72e+08 1.1 0.0e+00 0.0e+00 0.0e+00  0  1  0  0  0   0  1  0  0  0  5606
VecCopy             1460 1.0 1.1240e-01 1.1 0.00e+00 0.0 0.0e+00 0.0e+00 0.0e+00  0  0  0  0  0   0  0  0  0  0     0
VecSet             17521 1.0 7.5541e-01 1.1 0.00e+00 0.0 0.0e+00 0.0e+00 0.0e+00  0  0  0  0  0   0  0  0  0  0     0
VecAXPY             2920 1.0 1.3813e-01 1.1 2.48e+08 1.1 0.0e+00 0.0e+00 0.0e+00  0  0  0  0  0   0  0  0  0  0  5285
VecMAXPY            8760 1.0 2.0267e+00 1.1 2.48e+09 1.1 0.0e+00 0.0e+00 0.0e+00  1  5  0  0  0   1  5  0  0  0  3602
VecPointwiseMult    5840 1.0 4.5713e-01 1.0 1.24e+08 1.1 0.0e+00 0.0e+00 0.0e+00  0  0  0  0  0   0  0  0  0  0   798
VecLoad                1 1.0 3.2949e-04 1.0 0.00e+00 0.0 0.0e+00 0.0e+00 0.0e+00  0  0  0  0  0   0  0  0  0  0     0
VecScatterBegin    16060 1.0 2.6377e-01 2.5 0.00e+00 0.0 3.5e+04 2.3e+04 0.0e+00  0  0 36 56  0   0  0 36 56  0     0
VecScatterEnd      16060 1.0 6.6896e-01 6.8 0.00e+00 0.0 0.0e+00 0.0e+00 0.0e+00  0  0  0  0  0   0  0  0  0  0     0
VecNormalize        8760 1.0 5.4448e+00 8.1 1.12e+09 1.1 0.0e+00 0.0e+00 8.8e+03  2  2  0  0  9   2  2  0  0 12   603
MatMult             7300 1.0 2.8220e+01 1.1 1.60e+10 1.1 2.9e+04 2.0e+04 0.0e+00 15 29 30 40  0  16 29 30 40  0  1645
MatSolve            8760 1.0 3.3553e+01 1.1 1.84e+10 1.1 0.0e+00 0.0e+00 0.0e+00 18 34  0  0  0  19 34  0  0  0  1614
MatLUFactorNum      1460 1.0 6.4566e+01 1.1 1.46e+10 1.1 0.0e+00 0.0e+00 0.0e+00 35 27  0  0  0  37 27  0  0  0   663
MatILUFactorSym     1460 1.0 1.0286e+01 1.4 0.00e+00 0.0 0.0e+00 0.0e+00 0.0e+00  5  0  0  0  0   5  0  0  0  0     0
MatCopy             1460 1.0 3.5692e+00 1.1 0.00e+00 0.0 0.0e+00 0.0e+00 0.0e+00  2  0  0  0  0   2  0  0  0  0     0
MatConvert             1 1.0 7.3135e-03 1.1 0.00e+00 0.0 0.0e+00 0.0e+00 0.0e+00  0  0  0  0  0   0  0  0  0  0     0
MatGetRowIJ         1460 1.0 5.0688e-04 1.3 0.00e+00 0.0 0.0e+00 0.0e+00 0.0e+00  0  0  0  0  0   0  0  0  0  0     0
MatGetOrdering      1460 1.0 1.1389e+00 1.1 0.00e+00 0.0 0.0e+00 0.0e+00 0.0e+00  1  0  0  0  0   1  0  0  0  0     0
SFSetGraph          1460 1.0 3.6022e-01 1.0 0.00e+00 0.0 0.0e+00 0.0e+00 0.0e+00  0  0  0  0  0   0  0  0  0  0     0
SFReduceBegin       1460 1.0 1.8545e-01 1.5 0.00e+00 0.0 3.3e+04 5.3e+03 0.0e+00  0  0 34 12  0   0  0 34 12  0     0
SFReduceEnd         1460 1.0 4.4580e-02 1.0 0.00e+00 0.0 0.0e+00 0.0e+00 0.0e+00  0  0  0  0  0   0  0  0  0  0     0
SolveSystem            1 1.0 1.6856e+02 1.0 5.49e+10 1.1 9.7e+04 1.5e+04 7.2e+04 94100100100 70 100100100100100   952
KSPGMRESOrthog      7300 1.0 6.2921e+00 2.5 3.72e+09 1.1 0.0e+00 0.0e+00 7.3e+03  2  7  0  0  7   2  7  0  0 10  1740
KSPSetUp            2920 1.0 8.6728e-01 1.5 0.00e+00 0.0 0.0e+00 0.0e+00 2.9e+03  0  0  0  0  3   0  0  0  0  4     0
KSPSolve            1460 1.0 1.4386e+02 1.0 5.46e+10 1.1 2.9e+04 2.0e+04 4.5e+04 80100 30 40 44  85100 30 40 63  1111
PCSetUp             2920 1.0 7.6039e+01 1.1 1.46e+10 1.1 0.0e+00 0.0e+00 0.0e+00 41 27  0  0  0  43 27  0  0  0   563
PCSetUpOnBlocks     1460 1.0 7.5977e+01 1.1 1.46e+10 1.1 0.0e+00 0.0e+00 0.0e+00 41 27  0  0  0  43 27  0  0  0   563
PCApply             8760 1.0 3.4066e+01 1.1 1.84e+10 1.1 0.0e+00 0.0e+00 0.0e+00 19 34  0  0  0  20 34  0  0  0  1590

--- Event Stage 4: Destroying obj

DestroyBC              1 1.0 4.0555e-04 1.1 0.00e+00 0.0 0.0e+00 0.0e+00 0.0e+00  0  0  0  0  0  75  0  0  0  0     0
DestroyProperties       1 1.0 8.1062e-06 1.2 0.00e+00 0.0 0.0e+00 0.0e+00 0.0e+00  0  0  0  0  0   1  0  0  0  0     0
DestroyGeometry        1 1.0 6.6280e-05 1.1 0.00e+00 0.0 0.0e+00 0.0e+00 0.0e+00  0  0  0  0  0  12  0  0  0  0     0
------------------------------------------------------------------------------------------------------------------------

Memory usage is given in bytes:

Object Type          Creations   Destructions     Memory  Descendants' Mem.
Reports information only for process 0.

--- Event Stage 0: Main Stage

              Viewer     1              0            0     0.

--- Event Stage 1: Loading Files

              Vector  5852              5       688024     0.
      Vector Scatter     2              1       341072     0.
    Distributed Mesh     1              0            0     0.
Star Forest Bipartite Graph     2              0            0     0.
     Discrete System     1              0            0     0.
           Index Set  4387              4       523104     0.
   IS L to G Mapping     1              0            0     0.
   Application Order     1              0            0     0.
              Viewer     1              1          776     0.

--- Event Stage 2: Setting up

              Vector     4              3       364824     0.
      Vector Scatter     1              0            0     0.
              Matrix     3              0            0     0.
Star Forest Bipartite Graph     1              1          848     0.
           Index Set     2              2        11552     0.

--- Event Stage 3: Solving

              Vector 35043          30661   8547416304     0.
      Vector Scatter  5841           5841    125432544     0.
              Matrix  1463           1463  19816022672     0.
Star Forest Bipartite Graph  1460           1460      1238080     0.
           Index Set 10220          10220    504330720     0.
              Viewer  1462           1462      1134512     0.
       Krylov Solver  2921           2921     28558760     0.
      Preconditioner  2920           2920      2768160     0.

--- Event Stage 4: Destroying obj

              Vector     0             11      1169760     0.
      Vector Scatter     0              1         1072     0.
              Matrix     0              3     14521548     0.
           Index Set     0              3        22328     0.
========================================================================================================================
Average time to get PetscTime(): 2.38419e-08
Average time for MPI_Barrier(): 1.43051e-06
Average time for zero size MPI_Send(): 3.09944e-06
#PETSc Option Table entries:
-Input_file_bc 50x50x50_bc.txt
-Input_file_gmtry 50x50x50_gmtry.txt
-Input_file_init_sol 50x50x50_Sol.h5
-Input_file_ppt 50x50x50_properties.txt
-Input_file_ppt_by_zones 50x50x50_zones.txt
-Input_type_bc 2
-Input_type_gmtry 2
-Input_type_init_sol 3
-Input_type_tplgy 0
-ksp_type gmres
-log_view ascii:50x50x50_NP3_KSPgmres_PCbjacobi.log
-Output_type_ppt 3
-pc_type bjacobi
-Project_name 50x50x50
-Run_options_scheme 2
-Run_options_time 1
#End of PETSc Option Table entries
Compiled without FORTRAN kernels
Compiled with full precision matrices (default)
sizeof(short) 2 sizeof(int) 4 sizeof(long) 8 sizeof(void*) 8 sizeof(PetscScalar) 8 sizeof(PetscInt) 4
Configure options: --with-shared-libraries --with-debugging=0 --with-mpi-dir=/MyLibs/MPICH/mpich-3.2/arch-centos-opt --with-cxx=0 --with-hdf5-dir=/MyLibs/HDF5/hdf5-1.8.17/arch-centos-parallel-opt/ PETSC_ARCH=arch-centos-opt-v3.7.2-mpich-v3.2-hdf5-v1.8.17 FOPTFLAGS="optimization flags" COPTFLAGS="optimization flags"
-----------------------------------------
Libraries compiled on Wed Aug 17 12:00:13 2016 on poroso-medellin-unal-edu-co 
Machine characteristics: Linux-3.10.0-327.28.2.el7.x86_64-x86_64-with-centos-7.2.1511-Core
Using PETSc directory: /MyLibs/PETSc
Using PETSc arch: arch-centos-opt-v3.7.2-mpich-v3.2-hdf5-v1.8.17
-----------------------------------------

Using C compiler: /MyLibs/MPICH/mpich-3.2/arch-centos-opt/bin/mpicc  -fPIC  -Wall -Wwrite-strings -Wno-strict-aliasing -Wno-unknown-pragmas -fvisibility=hidden  ${COPTFLAGS} ${CFLAGS}
Using Fortran compiler: /MyLibs/MPICH/mpich-3.2/arch-centos-opt/bin/mpif90  -fPIC -Wall -ffree-line-length-0 -Wno-unused-dummy-argument   ${FOPTFLAGS} ${FFLAGS} 
-----------------------------------------

Using include paths: -I/MyLibs/PETSc/arch-centos-opt-v3.7.2-mpich-v3.2-hdf5-v1.8.17/include -I/MyLibs/PETSc/include -I/MyLibs/PETSc/include -I/MyLibs/PETSc/arch-centos-opt-v3.7.2-mpich-v3.2-hdf5-v1.8.17/include -I/MyLibs/HDF5/hdf5-1.8.17/arch-centos-parallel-opt/include -I/MyLibs/MPICH/mpich-3.2/arch-centos-opt/include
-----------------------------------------

Using C linker: /MyLibs/MPICH/mpich-3.2/arch-centos-opt/bin/mpicc
Using Fortran linker: /MyLibs/MPICH/mpich-3.2/arch-centos-opt/bin/mpif90
Using libraries: -Wl,-rpath,/MyLibs/PETSc/arch-centos-opt-v3.7.2-mpich-v3.2-hdf5-v1.8.17/lib -L/MyLibs/PETSc/arch-centos-opt-v3.7.2-mpich-v3.2-hdf5-v1.8.17/lib -lpetsc -llapack -lblas -Wl,-rpath,/MyLibs/HDF5/hdf5-1.8.17/arch-centos-parallel-opt/lib -L/MyLibs/HDF5/hdf5-1.8.17/arch-centos-parallel-opt/lib -lhdf5hl_fortran -lhdf5_fortran -lhdf5_hl -lhdf5 -lpthread -lm -Wl,-rpath,/MyLibs/MPICH/mpich-3.2/arch-centos-opt/lib -L/MyLibs/MPICH/mpich-3.2/arch-centos-opt/lib -Wl,-rpath,/usr/lib/gcc/x86_64-redhat-linux/4.8.5 -L/usr/lib/gcc/x86_64-redhat-linux/4.8.5 -lmpifort -lgfortran -lm -lgfortran -lm -lquadmath -lm -Wl,-rpath,/MyLibs/MPICH/mpich-3.2/arch-centos-opt/lib -L/MyLibs/MPICH/mpich-3.2/arch-centos-opt/lib -Wl,-rpath,/usr/lib/gcc/x86_64-redhat-linux/4.8.5 -L/usr/lib/gcc/x86_64-redhat-linux/4.8.5 -ldl -Wl,-rpath,/MyLibs/MPICH/mpich-3.2/arch-centos-opt/lib -lmpi -lgcc_s -ldl 
-----------------------------------------

