************************************************************************************************************************
***             WIDEN YOUR WINDOW TO 120 CHARACTERS.  Use 'enscript -r -fCourier9' to print this document            ***
************************************************************************************************************************

---------------------------------------------- PETSc Performance Summary: ----------------------------------------------

../../src/ANISOFLOW                                                                                                                                                                                                                                             ˻d on a arch-centos-opt-v3.7.2-mpich-v3.2-hdf5-v1.8.17 named poroso-medellin-unal-edu-co with 32 processors, by sospinar Sun Oct 16 08:35:56 2016
Using Petsc Release Version 3.7.3, unknown 

                         Max       Max/Min        Avg      Total 
Time (sec):           2.692e+02      1.00000   2.692e+02
Objects:              9.349e+04      1.00000   9.349e+04
Flops:                2.421e+10      1.20783   2.208e+10  7.065e+11
Flops/sec:            8.994e+07      1.20783   8.201e+07  2.624e+09
MPI Messages:         9.433e+05      2.04425   6.853e+05  2.193e+07
MPI Message Lengths:  5.035e+09     10.03923   1.172e+03  2.571e+10
MPI Reductions:       1.417e+05      1.00000

Flop counting convention: 1 flop = 1 real number operation of type (multiply/divide/add/subtract)
                            e.g., VecAXPY() for real vectors of length N --> 2N flops
                            and VecAXPY() for complex vectors of length N --> 8N flops

Summary of Stages:   ----- Time ------  ----- Flops -----  --- Messages ---  -- Message Lengths --  -- Reductions --
                        Avg     %Total     Avg     %Total   counts   %Total     Avg         %Total   counts   %Total 
 0:      Main Stage: 2.7692e-04   0.0%  0.0000e+00   0.0%  0.000e+00   0.0%  0.000e+00        0.0%  0.000e+00   0.0% 
 1:   Loading Files: 2.4986e+01   9.3%  0.0000e+00   0.0%  2.350e+03   0.0%  1.922e-01        0.0%  3.069e+04  21.7% 
 2:      Setting up: 6.8232e-02   0.0%  0.0000e+00   0.0%  1.104e+03   0.0%  2.090e-02        0.0%  1.700e+01   0.0% 
 3:         Solving: 2.4415e+02  90.7%  7.0650e+11 100.0%  2.193e+07 100.0%  1.172e+03      100.0%  1.110e+05  78.3% 
 4:  Destroying obj: 1.3454e-03   0.0%  0.0000e+00   0.0%  0.000e+00   0.0%  0.000e+00        0.0%  0.000e+00   0.0% 

------------------------------------------------------------------------------------------------------------------------
See the 'Profiling' chapter of the users' manual for details on interpreting output.
Phase summary info:
   Count: number of times phase was executed
   Time and Flops: Max - maximum over all processors
                   Ratio - ratio of maximum to minimum over all processors
   Mess: number of messages sent
   Avg. len: average message length (bytes)
   Reduct: number of global reductions
   Global: entire computation
   Stage: stages of a computation. Set stages with PetscLogStagePush() and PetscLogStagePop().
      %T - percent time in this phase         %F - percent flops in this phase
      %M - percent messages in this phase     %L - percent message lengths in this phase
      %R - percent reductions in this phase
   Total Mflop/s: 10e-6 * (sum of flops over all processors)/(max time over all processors)
------------------------------------------------------------------------------------------------------------------------
Event                Count      Time (sec)     Flops                             --- Global ---  --- Stage ---   Total
                   Max Ratio  Max     Ratio   Max  Ratio  Mess   Avg len Reduct  %T %F %M %L %R  %T %F %M %L %R Mflop/s
------------------------------------------------------------------------------------------------------------------------

--- Event Stage 0: Main Stage


--- Event Stage 1: Loading Files

GetGeometry            1 1.0 5.5852e-03 1.0 0.00e+00 0.0 7.4e+02 2.1e+02 1.3e+01  0  0  0  0  0   0  0 31  4  0     0
VecView                1 1.0 3.2971e-02 2.5 0.00e+00 0.0 0.0e+00 0.0e+00 0.0e+00  0  0  0  0  0   0  0  0  0  0     0
VecMax                 2 1.0 7.7486e-05 2.2 0.00e+00 0.0 0.0e+00 0.0e+00 0.0e+00  0  0  0  0  0   0  0  0  0  0     0
VecCopy                2 1.0 1.4305e-05 1.6 0.00e+00 0.0 0.0e+00 0.0e+00 0.0e+00  0  0  0  0  0   0  0  0  0  0     0
VecSet                 8 1.0 2.4056e-04 2.5 0.00e+00 0.0 0.0e+00 0.0e+00 0.0e+00  0  0  0  0  0   0  0  0  0  0     0
VecAssemblyBegin    5845 1.0 2.9164e-01 1.8 0.00e+00 0.0 6.2e+01 2.3e+04 1.8e+04  0  0  0  0 12   1  0  3 34 57     0
VecAssemblyEnd      5845 1.0 5.4421e-03 1.2 0.00e+00 0.0 0.0e+00 0.0e+00 0.0e+00  0  0  0  0  0   0  0  0  0  0     0
VecScatterBegin        2 1.0 6.1607e-04 2.3 0.00e+00 0.0 5.9e+02 2.0e+03 0.0e+00  0  0  0  0  0   0  0 25 28  0     0
VecScatterEnd          2 1.0 1.3289e-0320.6 0.00e+00 0.0 0.0e+00 0.0e+00 0.0e+00  0  0  0  0  0   0  0  0  0  0     0
GetProrperties         1 1.0 2.5741e-01 1.0 0.00e+00 0.0 1.6e+03 2.5e+03 2.1e+01  0  0  0  0  0   1  0 69 96  0     0
GetConductivity        1 1.0 1.1547e-0314.8 0.00e+00 0.0 0.0e+00 0.0e+00 0.0e+00  0  0  0  0  0   0  0  0  0  0     0
GetSpecificStorage       1 1.0 1.1944e-02 1.1 0.00e+00 0.0 0.0e+00 0.0e+00 2.0e+00  0  0  0  0  0   0  0  0  0  0     0
GetBC                  1 1.0 2.4723e+01 1.0 0.00e+00 0.0 0.0e+00 0.0e+00 3.1e+04  9  0  0  0 22  99  0  0  0100     0

--- Event Stage 2: Setting up

BuildTwoSided          1 1.0 1.3041e-04 2.7 0.00e+00 0.0 0.0e+00 0.0e+00 0.0e+00  0  0  0  0  0   0  0  0  0  0     0
VecSet                 2 1.0 4.8161e-0511.2 0.00e+00 0.0 0.0e+00 0.0e+00 0.0e+00  0  0  0  0  0   0  0  0  0  0     0
VecScatterBegin        1 1.0 1.7023e-04 2.7 0.00e+00 0.0 3.7e+02 8.3e+02 0.0e+00  0  0  0  0  0   0  0 33 66  0     0
VecScatterEnd          1 1.0 1.0991e-04 4.5 0.00e+00 0.0 0.0e+00 0.0e+00 0.0e+00  0  0  0  0  0   0  0  0  0  0     0
MatAssemblyBegin       2 1.0 1.0572e-0219.7 0.00e+00 0.0 0.0e+00 0.0e+00 4.0e+00  0  0  0  0  0   8  0  0  0 24     0
MatAssemblyEnd         2 1.0 3.7639e-03 1.0 0.00e+00 0.0 7.4e+02 2.1e+02 8.0e+00  0  0  0  0  0   5  0 67 34 47     0
SFSetGraph             1 1.0 2.2888e-05 4.2 0.00e+00 0.0 0.0e+00 0.0e+00 0.0e+00  0  0  0  0  0   0  0  0  0  0     0
SFReduceBegin          1 1.0 2.5725e-04 2.2 0.00e+00 0.0 0.0e+00 0.0e+00 0.0e+00  0  0  0  0  0   0  0  0  0  0     0
SFReduceEnd            1 1.0 3.8147e-06 2.0 0.00e+00 0.0 0.0e+00 0.0e+00 0.0e+00  0  0  0  0  0   0  0  0  0  0     0
BuildSystem            1 1.0 6.8251e-02 1.0 0.00e+00 0.0 1.1e+03 4.2e+02 1.7e+01  0  0  0  0  0 100  0100100100     0

--- Event Stage 3: Solving

BuildTwoSided       1460 1.0 2.1484e+00 8.2 0.00e+00 0.0 7.5e+05 4.0e+00 0.0e+00  0  0  3  0  0   0  0  3  0  0     0
VecView             1461 1.0 1.4742e+01 1.0 0.00e+00 0.0 0.0e+00 0.0e+00 0.0e+00  5  0  0  0  0   6  0  0  0  0     0
VecMDot            24820 1.0 2.7409e+0113.5 1.02e+09 1.2 0.0e+00 0.0e+00 2.5e+04  5  4  0  0 18   5  4  0  0 22  1105
VecNorm            27740 1.0 3.3761e+00 4.8 2.34e+08 1.2 0.0e+00 0.0e+00 2.8e+04  1  1  0  0 20   1  1  0  0 25  2054
VecScale           27740 1.0 1.4217e-01 1.2 1.17e+08 1.2 0.0e+00 0.0e+00 0.0e+00  0  0  0  0  0   0  0  0  0  0 24389
VecCopy            14600 1.0 5.9095e-01 1.4 0.00e+00 0.0 0.0e+00 0.0e+00 0.0e+00  0  0  0  0  0   0  0  0  0  0     0
VecSet             35041 1.0 6.6044e-01 1.3 0.00e+00 0.0 0.0e+00 0.0e+00 0.0e+00  0  0  0  0  0   0  0  0  0  0     0
VecAXPY             4380 1.0 1.2156e-01 1.9 3.70e+07 1.2 0.0e+00 0.0e+00 0.0e+00  0  0  0  0  0   0  0  0  0  0  9008
VecAYPX            35040 1.0 1.7559e+00 1.6 1.97e+08 1.2 0.0e+00 0.0e+00 0.0e+00  1  1  0  0  0   1  1  0  0  0  3326
VecAXPBYCZ         23360 1.0 1.5195e+00 1.5 4.93e+08 1.2 0.0e+00 0.0e+00 0.0e+00  0  2  0  0  0   0  2  0  0  0  9609
VecMAXPY           27740 1.0 1.9346e+00 1.1 1.23e+09 1.2 0.0e+00 0.0e+00 0.0e+00  1  5  0  0  0   1  5  0  0  0 18867
VecPointwiseMult    5840 1.0 1.4455e-01 1.3 1.23e+07 1.2 0.0e+00 0.0e+00 0.0e+00  0  0  0  0  0   0  0  0  0  0  2525
VecLoad                1 1.0 5.5196e-03 1.0 0.00e+00 0.0 0.0e+00 0.0e+00 0.0e+00  0  0  0  0  0   0  0  0  0  0     0
VecScatterBegin    56940 1.0 5.1416e+00 2.6 0.00e+00 0.0 1.8e+07 1.0e+03 0.0e+00  1  0 81 71  0   1  0 81 71  0     0
VecScatterEnd      56940 1.0 1.7424e+01 6.4 0.00e+00 0.0 0.0e+00 0.0e+00 0.0e+00  6  0  0  0  0   6  0  0  0  0     0
VecNormalize       27740 1.0 3.5726e+00 4.0 3.52e+08 1.2 0.0e+00 0.0e+00 2.8e+04  1  1  0  0 20   1  1  0  0 25  2912
MatMult            48180 1.0 6.0431e+01 1.4 1.06e+10 1.2 1.8e+07 8.3e+02 0.0e+00 19 43 81 57  0  21 43 81 57  0  5069
MatSOR             51100 1.0 7.4407e+01 1.3 1.02e+10 1.2 0.0e+00 0.0e+00 0.0e+00 25 43  0  0  0  28 43  0  0  0  4046
MatCopy             1460 1.0 4.8207e+00 1.3 0.00e+00 0.0 0.0e+00 0.0e+00 0.0e+00  2  0  0  0  0   2  0  0  0  0     0
MatConvert             1 1.0 7.7910e-03 1.7 0.00e+00 0.0 0.0e+00 0.0e+00 0.0e+00  0  0  0  0  0   0  0  0  0  0     0
SFSetGraph          1460 1.0 7.5111e-01 1.1 0.00e+00 0.0 0.0e+00 0.0e+00 0.0e+00  0  0  0  0  0   0  0  0  0  0     0
SFReduceBegin       1460 1.0 2.5282e+00 4.2 0.00e+00 0.0 3.7e+06 5.0e+02 0.0e+00  1  0 17  7  0   1  0 17  7  0     0
SFReduceEnd         1460 1.0 1.0256e-01 1.1 0.00e+00 0.0 0.0e+00 0.0e+00 0.0e+00  0  0  0  0  0   0  0  0  0  0     0
SolveSystem            1 1.0 2.4415e+02 1.0 2.42e+10 1.2 2.2e+07 1.2e+03 1.1e+05 91100100100 78 100100100100100  2894
KSPGMRESOrthog     24820 1.0 2.9048e+01 7.8 2.05e+09 1.2 0.0e+00 0.0e+00 2.5e+04  5  9  0  0 18   6  9  0  0 22  2086
KSPSetUp            4380 1.0 2.8328e+00 2.0 0.00e+00 0.0 0.0e+00 0.0e+00 5.8e+03  1  0  0  0  4   1  0  0  0  5     0
KSPSolve            1460 1.0 1.4441e+02 1.0 2.42e+10 1.2 1.8e+07 8.3e+02 8.2e+04 54100 81 57 58  59100 81 57 74  4887
PCSetUp             1460 1.0 6.8242e-01 1.0 0.00e+00 0.0 0.0e+00 0.0e+00 2.9e+03  0  0  0  0  2   0  0  0  0  3     0
PCApply            11680 1.0 1.2790e+02 1.1 2.10e+10 1.2 1.4e+07 8.3e+02 3.1e+04 45 87 64 45 22  50 87 64 45 28  4793

--- Event Stage 4: Destroying obj

DestroyBC              1 1.0 1.2105e-03 1.6 0.00e+00 0.0 0.0e+00 0.0e+00 0.0e+00  0  0  0  0  0  81  0  0  0  0     0
DestroyProperties       1 1.0 1.6260e-0413.6 0.00e+00 0.0 0.0e+00 0.0e+00 0.0e+00  0  0  0  0  0   1  0  0  0  0     0
DestroyGeometry        1 1.0 1.6403e-04 6.5 0.00e+00 0.0 0.0e+00 0.0e+00 0.0e+00  0  0  0  0  0   3  0  0  0  0     0
------------------------------------------------------------------------------------------------------------------------

Memory usage is given in bytes:

Object Type          Creations   Destructions     Memory  Descendants' Mem.
Reports information only for process 0.

--- Event Stage 0: Main Stage

              Viewer     1              0            0     0.

--- Event Stage 1: Loading Files

              Vector  5852              5        75624     0.
      Vector Scatter     2              1         6272     0.
    Distributed Mesh     1              0            0     0.
Star Forest Bipartite Graph     2              0            0     0.
     Discrete System     1              0            0     0.
           Index Set  4387              4        57288     0.
   IS L to G Mapping     1              0            0     0.
   Application Order     1              0            0     0.
              Viewer     1              1          776     0.

--- Event Stage 2: Setting up

              Vector     4              3        45592     0.
      Vector Scatter     1              0            0     0.
              Matrix     3              0            0     0.
Star Forest Bipartite Graph     1              1          848     0.
           Index Set     2              2         5036     0.

--- Event Stage 3: Solving

              Vector 59863          55481   1926385032     0.
      Vector Scatter  5841           5841    132592432     0.
              Matrix     3              3      1430108     0.
Star Forest Bipartite Graph  1460           1460      1238080     0.
           Index Set  5840           5840      4531840     0.
              Viewer  1462           1462      1134512     0.
       Krylov Solver  4381           4381     72849320     0.
      Preconditioner  4380           4380      3936160     0.

--- Event Stage 4: Destroying obj

              Vector     0             11       181920     0.
      Vector Scatter     0              1         1072     0.
              Matrix     0              3      1531504     0.
           Index Set     0              3        22328     0.
========================================================================================================================
Average time to get PetscTime(): 7.15256e-08
Average time for MPI_Barrier(): 7.67708e-06
Average time for zero size MPI_Send(): 4.99934e-06
#PETSc Option Table entries:
-Input_file_bc 50x50x50_bc.txt
-Input_file_gmtry 50x50x50_gmtry.txt
-Input_file_init_sol 50x50x50_Sol.h5
-Input_file_ppt 50x50x50_properties.txt
-Input_file_ppt_by_zones 50x50x50_zones.txt
-Input_type_bc 2
-Input_type_gmtry 2
-Input_type_init_sol 3
-Input_type_tplgy 0
-ksp_type gmres
-log_view ascii:50x50x50_NP32_KSPgmres_PCmg.log
-Output_type_ppt 3
-pc_type mg
-Project_name 50x50x50
-Run_options_scheme 2
-Run_options_time 1
#End of PETSc Option Table entries
Compiled without FORTRAN kernels
Compiled with full precision matrices (default)
sizeof(short) 2 sizeof(int) 4 sizeof(long) 8 sizeof(void*) 8 sizeof(PetscScalar) 8 sizeof(PetscInt) 4
Configure options: --with-shared-libraries --with-debugging=0 --with-mpi-dir=/MyLibs/MPICH/mpich-3.2/arch-centos-opt --with-cxx=0 --with-hdf5-dir=/MyLibs/HDF5/hdf5-1.8.17/arch-centos-parallel-opt/ PETSC_ARCH=arch-centos-opt-v3.7.2-mpich-v3.2-hdf5-v1.8.17 FOPTFLAGS="optimization flags" COPTFLAGS="optimization flags"
-----------------------------------------
Libraries compiled on Wed Aug 17 12:00:13 2016 on poroso-medellin-unal-edu-co 
Machine characteristics: Linux-3.10.0-327.28.2.el7.x86_64-x86_64-with-centos-7.2.1511-Core
Using PETSc directory: /MyLibs/PETSc
Using PETSc arch: arch-centos-opt-v3.7.2-mpich-v3.2-hdf5-v1.8.17
-----------------------------------------

Using C compiler: /MyLibs/MPICH/mpich-3.2/arch-centos-opt/bin/mpicc  -fPIC  -Wall -Wwrite-strings -Wno-strict-aliasing -Wno-unknown-pragmas -fvisibility=hidden  ${COPTFLAGS} ${CFLAGS}
Using Fortran compiler: /MyLibs/MPICH/mpich-3.2/arch-centos-opt/bin/mpif90  -fPIC -Wall -ffree-line-length-0 -Wno-unused-dummy-argument   ${FOPTFLAGS} ${FFLAGS} 
-----------------------------------------

Using include paths: -I/MyLibs/PETSc/arch-centos-opt-v3.7.2-mpich-v3.2-hdf5-v1.8.17/include -I/MyLibs/PETSc/include -I/MyLibs/PETSc/include -I/MyLibs/PETSc/arch-centos-opt-v3.7.2-mpich-v3.2-hdf5-v1.8.17/include -I/MyLibs/HDF5/hdf5-1.8.17/arch-centos-parallel-opt/include -I/MyLibs/MPICH/mpich-3.2/arch-centos-opt/include
-----------------------------------------

Using C linker: /MyLibs/MPICH/mpich-3.2/arch-centos-opt/bin/mpicc
Using Fortran linker: /MyLibs/MPICH/mpich-3.2/arch-centos-opt/bin/mpif90
Using libraries: -Wl,-rpath,/MyLibs/PETSc/arch-centos-opt-v3.7.2-mpich-v3.2-hdf5-v1.8.17/lib -L/MyLibs/PETSc/arch-centos-opt-v3.7.2-mpich-v3.2-hdf5-v1.8.17/lib -lpetsc -llapack -lblas -Wl,-rpath,/MyLibs/HDF5/hdf5-1.8.17/arch-centos-parallel-opt/lib -L/MyLibs/HDF5/hdf5-1.8.17/arch-centos-parallel-opt/lib -lhdf5hl_fortran -lhdf5_fortran -lhdf5_hl -lhdf5 -lpthread -lm -Wl,-rpath,/MyLibs/MPICH/mpich-3.2/arch-centos-opt/lib -L/MyLibs/MPICH/mpich-3.2/arch-centos-opt/lib -Wl,-rpath,/usr/lib/gcc/x86_64-redhat-linux/4.8.5 -L/usr/lib/gcc/x86_64-redhat-linux/4.8.5 -lmpifort -lgfortran -lm -lgfortran -lm -lquadmath -lm -Wl,-rpath,/MyLibs/MPICH/mpich-3.2/arch-centos-opt/lib -L/MyLibs/MPICH/mpich-3.2/arch-centos-opt/lib -Wl,-rpath,/usr/lib/gcc/x86_64-redhat-linux/4.8.5 -L/usr/lib/gcc/x86_64-redhat-linux/4.8.5 -ldl -Wl,-rpath,/MyLibs/MPICH/mpich-3.2/arch-centos-opt/lib -lmpi -lgcc_s -ldl 
-----------------------------------------

