************************************************************************************************************************
***             WIDEN YOUR WINDOW TO 120 CHARACTERS.  Use 'enscript -r -fCourier9' to print this document            ***
************************************************************************************************************************

---------------------------------------------- PETSc Performance Summary: ----------------------------------------------

../../src/ANISOFLOW                                                                                                                                                                                                                                             ˻d on a arch-centos-opt-v3.7.2-mpich-v3.2-hdf5-v1.8.17 named poroso-medellin-unal-edu-co with 15 processors, by sospinar Sun Oct 16 01:38:21 2016
Using Petsc Release Version 3.7.3, unknown 

                         Max       Max/Min        Avg      Total 
Time (sec):           1.062e+02      1.00000   1.062e+02
Objects:              7.159e+04      1.00000   7.159e+04
Flops:                1.349e+10      1.08936   1.307e+10  1.960e+11
Flops/sec:            1.271e+08      1.08936   1.231e+08  1.846e+09
MPI Messages:         1.926e+05      2.09711   1.191e+05  1.786e+06
MPI Message Lengths:  2.331e+09      7.58914   4.251e+03  7.591e+09
MPI Reductions:       1.075e+05      1.00000

Flop counting convention: 1 flop = 1 real number operation of type (multiply/divide/add/subtract)
                            e.g., VecAXPY() for real vectors of length N --> 2N flops
                            and VecAXPY() for complex vectors of length N --> 8N flops

Summary of Stages:   ----- Time ------  ----- Flops -----  --- Messages ---  -- Message Lengths --  -- Reductions --
                        Avg     %Total     Avg     %Total   counts   %Total     Avg         %Total   counts   %Total 
 0:      Main Stage: 1.8466e-04   0.0%  0.0000e+00   0.0%  0.000e+00   0.0%  0.000e+00        0.0%  0.000e+00   0.0% 
 1:   Loading Files: 1.2352e+01  11.6%  0.0000e+00   0.0%  4.360e+02   0.0%  2.115e+00        0.0%  3.069e+04  28.6% 
 2:      Setting up: 1.2332e-01   0.1%  0.0000e+00   0.0%  2.280e+02   0.0%  2.125e-01        0.0%  1.700e+01   0.0% 
 3:         Solving: 9.3698e+01  88.2%  1.9598e+11 100.0%  1.785e+06 100.0%  4.248e+03       99.9%  7.678e+04  71.4% 
 4:  Destroying obj: 7.3315e-04   0.0%  0.0000e+00   0.0%  0.000e+00   0.0%  0.000e+00        0.0%  0.000e+00   0.0% 

------------------------------------------------------------------------------------------------------------------------
See the 'Profiling' chapter of the users' manual for details on interpreting output.
Phase summary info:
   Count: number of times phase was executed
   Time and Flops: Max - maximum over all processors
                   Ratio - ratio of maximum to minimum over all processors
   Mess: number of messages sent
   Avg. len: average message length (bytes)
   Reduct: number of global reductions
   Global: entire computation
   Stage: stages of a computation. Set stages with PetscLogStagePush() and PetscLogStagePop().
      %T - percent time in this phase         %F - percent flops in this phase
      %M - percent messages in this phase     %L - percent message lengths in this phase
      %R - percent reductions in this phase
   Total Mflop/s: 10e-6 * (sum of flops over all processors)/(max time over all processors)
------------------------------------------------------------------------------------------------------------------------
Event                Count      Time (sec)     Flops                             --- Global ---  --- Stage ---   Total
                   Max Ratio  Max     Ratio   Max  Ratio  Mess   Avg len Reduct  %T %F %M %L %R  %T %F %M %L %R Mflop/s
------------------------------------------------------------------------------------------------------------------------

--- Event Stage 0: Main Stage


--- Event Stage 1: Loading Files

GetGeometry            1 1.0 3.7889e-03 1.0 0.00e+00 0.0 1.5e+02 8.3e+02 1.3e+01  0  0  0  0  0   0  0 35  3  0     0
VecView                1 1.0 5.7135e-03 1.0 0.00e+00 0.0 0.0e+00 0.0e+00 0.0e+00  0  0  0  0  0   0  0  0  0  0     0
VecMax                 2 1.0 9.1791e-05 1.4 0.00e+00 0.0 0.0e+00 0.0e+00 0.0e+00  0  0  0  0  0   0  0  0  0  0     0
VecCopy                2 1.0 2.6226e-05 1.8 0.00e+00 0.0 0.0e+00 0.0e+00 0.0e+00  0  0  0  0  0   0  0  0  0  0     0
VecSet                 8 1.0 2.6512e-04 1.8 0.00e+00 0.0 0.0e+00 0.0e+00 0.0e+00  0  0  0  0  0   0  0  0  0  0     0
VecAssemblyBegin    5845 1.0 1.3033e-01 1.9 0.00e+00 0.0 2.8e+01 5.0e+04 1.8e+04  0  0  0  0 16   1  0  6 37 57     0
VecAssemblyEnd      5845 1.0 2.9485e-03 1.4 0.00e+00 0.0 0.0e+00 0.0e+00 0.0e+00  0  0  0  0  0   0  0  0  0  0     0
VecScatterBegin        2 1.0 4.2129e-04 1.8 0.00e+00 0.0 1.1e+02 8.7e+03 0.0e+00  0  0  0  0  0   0  0 24 24  0     0
VecScatterEnd          2 1.0 2.1458e-04 4.3 0.00e+00 0.0 0.0e+00 0.0e+00 0.0e+00  0  0  0  0  0   0  0  0  0  0     0
GetProrperties         1 1.0 7.6159e-02 1.0 0.00e+00 0.0 2.8e+02 1.3e+04 2.1e+01  0  0  0  0  0   1  0 65 97  0     0
GetConductivity        1 1.0 2.3079e-04 1.7 0.00e+00 0.0 0.0e+00 0.0e+00 0.0e+00  0  0  0  0  0   0  0  0  0  0     0
GetSpecificStorage       1 1.0 3.5429e-04 1.2 0.00e+00 0.0 0.0e+00 0.0e+00 2.0e+00  0  0  0  0  0   0  0  0  0  0     0
GetBC                  1 1.0 1.2272e+01 1.0 0.00e+00 0.0 0.0e+00 0.0e+00 3.1e+04 12  0  0  0 29  99  0  0  0100     0

--- Event Stage 2: Setting up

BuildTwoSided          1 1.0 6.1297e-0415.5 0.00e+00 0.0 0.0e+00 0.0e+00 0.0e+00  0  0  0  0  0   0  0  0  0  0     0
VecSet                 2 1.0 2.3842e-05 5.9 0.00e+00 0.0 0.0e+00 0.0e+00 0.0e+00  0  0  0  0  0   0  0  0  0  0     0
VecScatterBegin        1 1.0 7.4148e-05 3.7 0.00e+00 0.0 7.6e+01 3.3e+03 0.0e+00  0  0  0  0  0   0  0 33 67  0     0
VecScatterEnd          1 1.0 7.5579e-05 3.9 0.00e+00 0.0 0.0e+00 0.0e+00 0.0e+00  0  0  0  0  0   0  0  0  0  0     0
MatAssemblyBegin       2 1.0 5.4407e-02653.9 0.00e+00 0.0 0.0e+00 0.0e+00 4.0e+00  0  0  0  0  0  36  0  0  0 24     0
MatAssemblyEnd         2 1.0 5.5501e-03 1.1 0.00e+00 0.0 1.5e+02 8.3e+02 8.0e+00  0  0  0  0  0   4  0 67 33 47     0
SFSetGraph             1 1.0 9.5367e-06 1.9 0.00e+00 0.0 0.0e+00 0.0e+00 0.0e+00  0  0  0  0  0   0  0  0  0  0     0
SFReduceBegin          1 1.0 6.5732e-04 9.2 0.00e+00 0.0 0.0e+00 0.0e+00 0.0e+00  0  0  0  0  0   0  0  0  0  0     0
SFReduceEnd            1 1.0 2.8610e-06 1.5 0.00e+00 0.0 0.0e+00 0.0e+00 0.0e+00  0  0  0  0  0   0  0  0  0  0     0
BuildSystem            1 1.0 1.2332e-01 1.0 0.00e+00 0.0 2.3e+02 1.7e+03 1.7e+01  0  0  0  0  0 100  0100100100     0

--- Event Stage 3: Solving

BuildTwoSided       1460 1.0 9.7667e-01 4.2 0.00e+00 0.0 1.6e+05 4.0e+00 0.0e+00  0  0  9  0  0   0  0  9  0  0     0
VecView             1461 1.0 6.3322e+00 1.0 0.00e+00 0.0 0.0e+00 0.0e+00 0.0e+00  6  0  0  0  0   7  0  0  0  0     0
VecMDot             9918 1.0 5.0234e+00 2.4 6.59e+08 1.1 0.0e+00 0.0e+00 9.9e+03  3  5  0  0  9   4  5  0  0 13  1929
VecNorm            11378 1.0 5.9357e+00 1.4 1.93e+08 1.1 0.0e+00 0.0e+00 1.1e+04  5  1  0  0 11   5  1  0  0 15   479
VecScale           11378 1.0 5.5243e-02 1.1 9.67e+07 1.1 0.0e+00 0.0e+00 0.0e+00  0  1  0  0  0   0  1  0  0  0 25745
VecCopy             1460 1.0 7.7130e-02 2.2 0.00e+00 0.0 0.0e+00 0.0e+00 0.0e+00  0  0  0  0  0   0  0  0  0  0     0
VecSet             20139 1.0 5.4634e-01 1.2 0.00e+00 0.0 0.0e+00 0.0e+00 0.0e+00  0  0  0  0  0   1  0  0  0  0     0
VecAXPY             2920 1.0 6.3863e-02 1.4 4.96e+07 1.1 0.0e+00 0.0e+00 0.0e+00  0  0  0  0  0   0  0  0  0  0 11431
VecMAXPY           11378 1.0 7.2583e-01 1.1 8.28e+08 1.1 0.0e+00 0.0e+00 0.0e+00  1  6  0  0  0   1  6  0  0  0 16768
VecPointwiseMult    5840 1.0 2.3438e-01 1.9 2.48e+07 1.1 0.0e+00 0.0e+00 0.0e+00  0  0  0  0  0   0  0  0  0  0  1557
VecLoad                1 1.0 2.4729e-03 1.0 0.00e+00 0.0 0.0e+00 0.0e+00 0.0e+00  0  0  0  0  0   0  0  0  0  0     0
VecScatterBegin    18678 1.0 1.2385e+00 7.4 0.00e+00 0.0 7.9e+05 5.2e+03 0.0e+00  0  0 44 55  0   0  0 45 55  0     0
VecScatterEnd      18678 1.0 3.7881e+0012.0 0.00e+00 0.0 0.0e+00 0.0e+00 0.0e+00  3  0  0  0  0   3  0  0  0  0     0
VecNormalize       11378 1.0 6.0083e+00 1.4 2.90e+08 1.1 0.0e+00 0.0e+00 1.1e+04  5  2  0  0 11   5  2  0  0 15   710
MatMult             9918 1.0 1.9104e+01 1.2 4.41e+09 1.1 7.5e+05 3.3e+03 0.0e+00 17 32 42 33  0  19 32 42 33  0  3301
MatSolve           11378 1.0 1.6855e+01 1.1 4.52e+09 1.1 0.0e+00 0.0e+00 0.0e+00 16 34  0  0  0  18 34  0  0  0  3944
MatLUFactorNum      1460 1.0 1.4227e+01 1.1 2.71e+09 1.1 0.0e+00 0.0e+00 0.0e+00 13 20  0  0  0  14 20  0  0  0  2757
MatILUFactorSym     1460 1.0 4.2098e+00 1.1 0.00e+00 0.0 0.0e+00 0.0e+00 0.0e+00  4  0  0  0  0   4  0  0  0  0     0
MatCopy             1460 1.0 5.2710e+00 1.1 0.00e+00 0.0 0.0e+00 0.0e+00 0.0e+00  5  0  0  0  0   5  0  0  0  0     0
MatConvert             1 1.0 8.1115e-03 1.2 0.00e+00 0.0 0.0e+00 0.0e+00 0.0e+00  0  0  0  0  0   0  0  0  0  0     0
MatGetRowIJ         1460 1.0 5.2094e-04 1.3 0.00e+00 0.0 0.0e+00 0.0e+00 0.0e+00  0  0  0  0  0   0  0  0  0  0     0
MatGetOrdering      1460 1.0 2.7356e-01 1.1 0.00e+00 0.0 0.0e+00 0.0e+00 0.0e+00  0  0  0  0  0   0  0  0  0  0     0
SFSetGraph          1460 1.0 4.6941e-01 1.1 0.00e+00 0.0 0.0e+00 0.0e+00 0.0e+00  0  0  0  0  0   0  0  0  0  0     0
SFReduceBegin       1460 1.0 1.1041e+00 3.1 0.00e+00 0.0 8.2e+05 1.1e+03 0.0e+00  1  0 46 12  0   1  0 46 12  0     0
SFReduceEnd         1460 1.0 6.6112e-02 1.5 0.00e+00 0.0 0.0e+00 0.0e+00 0.0e+00  0  0  0  0  0   0  0  0  0  0     0
SolveSystem            1 1.0 9.3698e+01 1.0 1.35e+10 1.1 1.8e+06 4.2e+03 7.7e+04 88100100100 71 100100100100100  2092
KSPGMRESOrthog      9918 1.0 5.6042e+00 2.1 1.32e+09 1.1 0.0e+00 0.0e+00 9.9e+03  4 10  0  0  9   4 10  0  0 13  3459
KSPSetUp            2920 1.0 1.2140e+00 2.2 0.00e+00 0.0 0.0e+00 0.0e+00 2.9e+03  1  0  0  0  3   1  0  0  0  4     0
KSPSolve            1460 1.0 6.3288e+01 1.0 1.34e+10 1.1 7.5e+05 3.3e+03 5.0e+04 60100 42 33 47  68100 42 33 66  3085
PCSetUp             2920 1.0 1.8862e+01 1.1 2.71e+09 1.1 0.0e+00 0.0e+00 0.0e+00 17 20  0  0  0  19 20  0  0  0  2079
PCSetUpOnBlocks     1460 1.0 1.8792e+01 1.1 2.71e+09 1.1 0.0e+00 0.0e+00 0.0e+00 17 20  0  0  0  19 20  0  0  0  2087
PCApply            11378 1.0 1.7588e+01 1.0 4.52e+09 1.1 0.0e+00 0.0e+00 0.0e+00 16 34  0  0  0  18 34  0  0  0  3780

--- Event Stage 4: Destroying obj

DestroyBC              1 1.0 6.3825e-04 1.1 0.00e+00 0.0 0.0e+00 0.0e+00 0.0e+00  0  0  0  0  0  83  0  0  0  0     0
DestroyProperties       1 1.0 1.5736e-05 1.9 0.00e+00 0.0 0.0e+00 0.0e+00 0.0e+00  0  0  0  0  0   1  0  0  0  0     0
DestroyGeometry        1 1.0 2.4557e-05 1.6 0.00e+00 0.0 0.0e+00 0.0e+00 0.0e+00  0  0  0  0  0   2  0  0  0  0     0
------------------------------------------------------------------------------------------------------------------------

Memory usage is given in bytes:

Object Type          Creations   Destructions     Memory  Descendants' Mem.
Reports information only for process 0.

--- Event Stage 0: Main Stage

              Viewer     1              0            0     0.

--- Event Stage 1: Loading Files

              Vector  5852              5       144024     0.
      Vector Scatter     2              1        24192     0.
    Distributed Mesh     1              0            0     0.
Star Forest Bipartite Graph     2              0            0     0.
     Discrete System     1              0            0     0.
           Index Set  4387              4       110704     0.
   IS L to G Mapping     1              0            0     0.
   Application Order     1              0            0     0.
              Viewer     1              1          776     0.

--- Event Stage 2: Setting up

              Vector     4              3        84024     0.
      Vector Scatter     1              0            0     0.
              Matrix     3              0            0     0.
Star Forest Bipartite Graph     1              1          848     0.
           Index Set     2              2         7152     0.

--- Event Stage 3: Solving

              Vector 35043          30661   1796367504     0.
      Vector Scatter  5841           5841    125397552     0.
              Matrix  1463           1463   3763518272     0.
Star Forest Bipartite Graph  1460           1460      1238080     0.
           Index Set 10220          10220    107210720     0.
              Viewer  1462           1462      1134512     0.
       Krylov Solver  2921           2921     28558760     0.
      Preconditioner  2920           2920      2768160     0.

--- Event Stage 4: Destroying obj

              Vector     0             11       300800     0.
      Vector Scatter     0              1         1072     0.
              Matrix     0              3      2861948     0.
           Index Set     0              3        22328     0.
========================================================================================================================
Average time to get PetscTime(): 2.38419e-08
Average time for MPI_Barrier(): 3.05176e-06
Average time for zero size MPI_Send(): 3.25839e-06
#PETSc Option Table entries:
-Input_file_bc 50x50x50_bc.txt
-Input_file_gmtry 50x50x50_gmtry.txt
-Input_file_init_sol 50x50x50_Sol.h5
-Input_file_ppt 50x50x50_properties.txt
-Input_file_ppt_by_zones 50x50x50_zones.txt
-Input_type_bc 2
-Input_type_gmtry 2
-Input_type_init_sol 3
-Input_type_tplgy 0
-ksp_type gmres
-log_view ascii:50x50x50_NP15_KSPgmres_PCbjacobi.log
-Output_type_ppt 3
-pc_type bjacobi
-Project_name 50x50x50
-Run_options_scheme 2
-Run_options_time 1
#End of PETSc Option Table entries
Compiled without FORTRAN kernels
Compiled with full precision matrices (default)
sizeof(short) 2 sizeof(int) 4 sizeof(long) 8 sizeof(void*) 8 sizeof(PetscScalar) 8 sizeof(PetscInt) 4
Configure options: --with-shared-libraries --with-debugging=0 --with-mpi-dir=/MyLibs/MPICH/mpich-3.2/arch-centos-opt --with-cxx=0 --with-hdf5-dir=/MyLibs/HDF5/hdf5-1.8.17/arch-centos-parallel-opt/ PETSC_ARCH=arch-centos-opt-v3.7.2-mpich-v3.2-hdf5-v1.8.17 FOPTFLAGS="optimization flags" COPTFLAGS="optimization flags"
-----------------------------------------
Libraries compiled on Wed Aug 17 12:00:13 2016 on poroso-medellin-unal-edu-co 
Machine characteristics: Linux-3.10.0-327.28.2.el7.x86_64-x86_64-with-centos-7.2.1511-Core
Using PETSc directory: /MyLibs/PETSc
Using PETSc arch: arch-centos-opt-v3.7.2-mpich-v3.2-hdf5-v1.8.17
-----------------------------------------

Using C compiler: /MyLibs/MPICH/mpich-3.2/arch-centos-opt/bin/mpicc  -fPIC  -Wall -Wwrite-strings -Wno-strict-aliasing -Wno-unknown-pragmas -fvisibility=hidden  ${COPTFLAGS} ${CFLAGS}
Using Fortran compiler: /MyLibs/MPICH/mpich-3.2/arch-centos-opt/bin/mpif90  -fPIC -Wall -ffree-line-length-0 -Wno-unused-dummy-argument   ${FOPTFLAGS} ${FFLAGS} 
-----------------------------------------

Using include paths: -I/MyLibs/PETSc/arch-centos-opt-v3.7.2-mpich-v3.2-hdf5-v1.8.17/include -I/MyLibs/PETSc/include -I/MyLibs/PETSc/include -I/MyLibs/PETSc/arch-centos-opt-v3.7.2-mpich-v3.2-hdf5-v1.8.17/include -I/MyLibs/HDF5/hdf5-1.8.17/arch-centos-parallel-opt/include -I/MyLibs/MPICH/mpich-3.2/arch-centos-opt/include
-----------------------------------------

Using C linker: /MyLibs/MPICH/mpich-3.2/arch-centos-opt/bin/mpicc
Using Fortran linker: /MyLibs/MPICH/mpich-3.2/arch-centos-opt/bin/mpif90
Using libraries: -Wl,-rpath,/MyLibs/PETSc/arch-centos-opt-v3.7.2-mpich-v3.2-hdf5-v1.8.17/lib -L/MyLibs/PETSc/arch-centos-opt-v3.7.2-mpich-v3.2-hdf5-v1.8.17/lib -lpetsc -llapack -lblas -Wl,-rpath,/MyLibs/HDF5/hdf5-1.8.17/arch-centos-parallel-opt/lib -L/MyLibs/HDF5/hdf5-1.8.17/arch-centos-parallel-opt/lib -lhdf5hl_fortran -lhdf5_fortran -lhdf5_hl -lhdf5 -lpthread -lm -Wl,-rpath,/MyLibs/MPICH/mpich-3.2/arch-centos-opt/lib -L/MyLibs/MPICH/mpich-3.2/arch-centos-opt/lib -Wl,-rpath,/usr/lib/gcc/x86_64-redhat-linux/4.8.5 -L/usr/lib/gcc/x86_64-redhat-linux/4.8.5 -lmpifort -lgfortran -lm -lgfortran -lm -lquadmath -lm -Wl,-rpath,/MyLibs/MPICH/mpich-3.2/arch-centos-opt/lib -L/MyLibs/MPICH/mpich-3.2/arch-centos-opt/lib -Wl,-rpath,/usr/lib/gcc/x86_64-redhat-linux/4.8.5 -L/usr/lib/gcc/x86_64-redhat-linux/4.8.5 -ldl -Wl,-rpath,/MyLibs/MPICH/mpich-3.2/arch-centos-opt/lib -lmpi -lgcc_s -ldl 
-----------------------------------------

