************************************************************************************************************************
***             WIDEN YOUR WINDOW TO 120 CHARACTERS.  Use 'enscript -r -fCourier9' to print this document            ***
************************************************************************************************************************

---------------------------------------------- PETSc Performance Summary: ----------------------------------------------

../../src/ANISOFLOW                                                                                                                                                                                                                                             ˻d on a arch-centos-opt-v3.7.2-mpich-v3.2-hdf5-v1.8.17 named poroso-medellin-unal-edu-co with 4 processors, by sospinar Sat Oct 15 21:55:38 2016
Using Petsc Release Version 3.7.3, unknown 

                         Max       Max/Min        Avg      Total 
Time (sec):           1.144e+02      1.00000   1.144e+02
Objects:              7.597e+04      1.00000   7.597e+04
Flops:                5.594e+10      1.00000   5.594e+10  2.238e+11
Flops/sec:            4.891e+08      1.00000   4.891e+08  1.956e+09
MPI Messages:         1.037e+05      1.24556   8.836e+04  3.534e+05
MPI Message Lengths:  1.031e+09      1.65799   8.199e+03  2.898e+09
MPI Reductions:       1.607e+05      1.00000

Flop counting convention: 1 flop = 1 real number operation of type (multiply/divide/add/subtract)
                            e.g., VecAXPY() for real vectors of length N --> 2N flops
                            and VecAXPY() for complex vectors of length N --> 8N flops

Summary of Stages:   ----- Time ------  ----- Flops -----  --- Messages ---  -- Message Lengths --  -- Reductions --
                        Avg     %Total     Avg     %Total   counts   %Total     Avg         %Total   counts   %Total 
 0:      Main Stage: 1.9425e-04   0.0%  0.0000e+00   0.0%  0.000e+00   0.0%  0.000e+00        0.0%  0.000e+00   0.0% 
 1:   Loading Files: 1.0740e+01   9.4%  0.0000e+00   0.0%  7.000e+01   0.0%  8.396e+00        0.1%  3.069e+04  19.1% 
 2:      Setting up: 2.1422e-01   0.2%  0.0000e+00   0.0%  3.600e+01   0.0%  3.465e-01        0.0%  1.700e+01   0.0% 
 3:         Solving: 1.0343e+02  90.4%  2.2377e+11 100.0%  3.533e+05 100.0%  8.190e+03       99.9%  1.299e+05  80.9% 
 4:  Destroying obj: 5.1266e-04   0.0%  0.0000e+00   0.0%  0.000e+00   0.0%  0.000e+00        0.0%  0.000e+00   0.0% 

------------------------------------------------------------------------------------------------------------------------
See the 'Profiling' chapter of the users' manual for details on interpreting output.
Phase summary info:
   Count: number of times phase was executed
   Time and Flops: Max - maximum over all processors
                   Ratio - ratio of maximum to minimum over all processors
   Mess: number of messages sent
   Avg. len: average message length (bytes)
   Reduct: number of global reductions
   Global: entire computation
   Stage: stages of a computation. Set stages with PetscLogStagePush() and PetscLogStagePop().
      %T - percent time in this phase         %F - percent flops in this phase
      %M - percent messages in this phase     %L - percent message lengths in this phase
      %R - percent reductions in this phase
   Total Mflop/s: 10e-6 * (sum of flops over all processors)/(max time over all processors)
------------------------------------------------------------------------------------------------------------------------
Event                Count      Time (sec)     Flops                             --- Global ---  --- Stage ---   Total
                   Max Ratio  Max     Ratio   Max  Ratio  Mess   Avg len Reduct  %T %F %M %L %R  %T %F %M %L %R Mflop/s
------------------------------------------------------------------------------------------------------------------------

--- Event Stage 0: Main Stage


--- Event Stage 1: Loading Files

GetGeometry            1 1.0 7.3309e-03 1.0 0.00e+00 0.0 2.4e+01 1.7e+03 1.3e+01  0  0  0  0  0   0  0 34  1  0     0
VecView                1 1.0 3.7308e-03 1.0 0.00e+00 0.0 0.0e+00 0.0e+00 0.0e+00  0  0  0  0  0   0  0  0  0  0     0
VecMax                 2 1.0 2.5773e-04 1.3 0.00e+00 0.0 0.0e+00 0.0e+00 0.0e+00  0  0  0  0  0   0  0  0  0  0     0
VecCopy                2 1.0 7.6532e-05 1.2 0.00e+00 0.0 0.0e+00 0.0e+00 0.0e+00  0  0  0  0  0   0  0  0  0  0     0
VecSet                 8 1.0 8.7571e-04 2.0 0.00e+00 0.0 0.0e+00 0.0e+00 0.0e+00  0  0  0  0  0   0  0  0  0  0     0
VecAssemblyBegin    5845 1.0 1.1886e-01 3.5 0.00e+00 0.0 6.0e+00 1.9e+05 1.8e+04  0  0  0  0 11   1  0  9 38 57     0
VecAssemblyEnd      5845 1.0 2.7294e-03 1.2 0.00e+00 0.0 0.0e+00 0.0e+00 0.0e+00  0  0  0  0  0   0  0  0  0  0     0
VecScatterBegin        2 1.0 3.3975e-04 1.3 0.00e+00 0.0 1.6e+01 3.5e+04 0.0e+00  0  0  0  0  0   0  0 23 19  0     0
VecScatterEnd          2 1.0 2.6774e-04 1.6 0.00e+00 0.0 0.0e+00 0.0e+00 0.0e+00  0  0  0  0  0   0  0  0  0  0     0
GetProrperties         1 1.0 1.0005e-01 1.0 0.00e+00 0.0 4.6e+01 6.4e+04 2.1e+01  0  0  0  0  0   1  0 66 99  0     0
GetConductivity        1 1.0 3.2759e-04 1.4 0.00e+00 0.0 0.0e+00 0.0e+00 0.0e+00  0  0  0  0  0   0  0  0  0  0     0
GetSpecificStorage       1 1.0 5.3120e-04 1.1 0.00e+00 0.0 0.0e+00 0.0e+00 2.0e+00  0  0  0  0  0   0  0  0  0  0     0
GetBC                  1 1.0 1.0633e+01 1.0 0.00e+00 0.0 0.0e+00 0.0e+00 3.1e+04  9  0  0  0 19  99  0  0  0100     0

--- Event Stage 2: Setting up

BuildTwoSided          1 1.0 6.0320e-05 1.2 0.00e+00 0.0 0.0e+00 0.0e+00 0.0e+00  0  0  0  0  0   0  0  0  0  0     0
VecSet                 2 1.0 1.0014e-05 1.4 0.00e+00 0.0 0.0e+00 0.0e+00 0.0e+00  0  0  0  0  0   0  0  0  0  0     0
VecScatterBegin        1 1.0 1.8597e-05 1.1 0.00e+00 0.0 1.2e+01 6.8e+03 0.0e+00  0  0  0  0  0   0  0 33 67  0     0
VecScatterEnd          1 1.0 1.7405e-05 1.2 0.00e+00 0.0 0.0e+00 0.0e+00 0.0e+00  0  0  0  0  0   0  0  0  0  0     0
MatAssemblyBegin       2 1.0 2.9490e-03 9.2 0.00e+00 0.0 0.0e+00 0.0e+00 4.0e+00  0  0  0  0  0   1  0  0  0 24     0
MatAssemblyEnd         2 1.0 7.0963e-03 1.0 0.00e+00 0.0 2.4e+01 1.7e+03 8.0e+00  0  0  0  0  0   3  0 67 33 47     0
SFSetGraph             1 1.0 1.5974e-05 3.7 0.00e+00 0.0 0.0e+00 0.0e+00 0.0e+00  0  0  0  0  0   0  0  0  0  0     0
SFReduceBegin          1 1.0 8.7500e-05 1.1 0.00e+00 0.0 0.0e+00 0.0e+00 0.0e+00  0  0  0  0  0   0  0  0  0  0     0
SFReduceEnd            1 1.0 2.6226e-06 1.4 0.00e+00 0.0 0.0e+00 0.0e+00 0.0e+00  0  0  0  0  0   0  0  0  0  0     0
BuildSystem            1 1.0 2.1421e-01 1.0 0.00e+00 0.0 3.6e+01 3.4e+03 1.7e+01  0  0  0  0  0 100  0100100100     0

--- Event Stage 3: Solving

BuildTwoSided       1460 1.0 1.3352e-01 3.0 0.00e+00 0.0 1.2e+04 4.0e+00 0.0e+00  0  0  3  0  0   0  0  3  0  0     0
VecView             1461 1.0 3.4670e+00 1.0 0.00e+00 0.0 0.0e+00 0.0e+00 0.0e+00  3  0  0  0  0   3  0  0  0  0     0
VecMDot            20440 1.0 5.5383e+00 1.0 9.58e+09 1.0 0.0e+00 0.0e+00 2.0e+04  5 17  0  0 13   5 17  0  0 16  6920
VecNorm            21900 1.0 1.0302e+00 1.1 1.37e+09 1.0 0.0e+00 0.0e+00 2.2e+04  1  2  0  0 14   1  2  0  0 17  5314
VecScale           21900 1.0 3.4101e-01 1.0 6.84e+08 1.0 0.0e+00 0.0e+00 0.0e+00  0  1  0  0  0   0  1  0  0  0  8028
VecCopy             1460 1.0 6.3710e-02 1.0 0.00e+00 0.0 0.0e+00 0.0e+00 0.0e+00  0  0  0  0  0   0  0  0  0  0     0
VecSet             10221 1.0 3.5428e-01 1.0 0.00e+00 0.0 0.0e+00 0.0e+00 0.0e+00  0  0  0  0  0   0  0  0  0  0     0
VecAXPY             2920 1.0 1.0258e-01 1.0 1.82e+08 1.0 0.0e+00 0.0e+00 0.0e+00  0  0  0  0  0   0  0  0  0  0  7117
VecMAXPY           21900 1.0 7.6920e+00 1.0 1.09e+10 1.0 0.0e+00 0.0e+00 0.0e+00  7 19  0  0  0   7 19  0  0  0  5647
VecPointwiseMult   27740 1.0 2.6566e+00 1.0 7.76e+08 1.0 0.0e+00 0.0e+00 0.0e+00  2  1  0  0  0   3  1  0  0  0  1168
VecLoad                1 1.0 9.4366e-04 1.0 0.00e+00 0.0 0.0e+00 0.0e+00 0.0e+00  0  0  0  0  0   0  0  0  0  0     0
VecScatterBegin    29200 1.0 4.9616e-01 1.8 0.00e+00 0.0 2.5e+05 7.9e+03 0.0e+00  0  0 72 70  0   0  0 72 70  0     0
VecScatterEnd      29200 1.0 1.1236e+00 3.8 0.00e+00 0.0 0.0e+00 0.0e+00 0.0e+00  1  0  0  0  0   1  0  0  0  0     0
VecNormalize       21900 1.0 1.3976e+00 1.1 2.05e+09 1.0 0.0e+00 0.0e+00 2.2e+04  1  4  0  0 14   1  4  0  0 17  5876
MatMult            20440 1.0 5.9161e+01 1.0 3.25e+10 1.0 2.5e+05 6.8e+03 0.0e+00 52 58 69 58  0  57 58 69 58  0  2197
MatCopy             1460 1.0 3.9783e+00 1.0 0.00e+00 0.0 0.0e+00 0.0e+00 0.0e+00  3  0  0  0  0   4  0  0  0  0     0
MatConvert             1 1.0 7.6408e-03 1.3 0.00e+00 0.0 0.0e+00 0.0e+00 0.0e+00  0  0  0  0  0   0  0  0  0  0     0
SFSetGraph          1460 1.0 3.7953e-01 1.0 0.00e+00 0.0 0.0e+00 0.0e+00 0.0e+00  0  0  0  0  0   0  0  0  0  0     0
SFReduceBegin       1460 1.0 2.2520e-01 1.7 0.00e+00 0.0 5.8e+04 4.0e+03 0.0e+00  0  0 17  8  0   0  0 17  8  0     0
SFReduceEnd         1460 1.0 4.5624e-02 1.0 0.00e+00 0.0 0.0e+00 0.0e+00 0.0e+00  0  0  0  0  0   0  0  0  0  0     0
SolveSystem            1 1.0 1.0343e+02 1.0 5.59e+10 1.0 3.5e+05 8.2e+03 1.3e+05 90100100100 81 100100100100100  2163
KSPGMRESOrthog     20440 1.0 1.2354e+01 1.0 1.92e+10 1.0 0.0e+00 0.0e+00 2.0e+04 11 34  0  0 13  12 34  0  0 16  6204
KSPSetUp            1460 1.0 6.6502e-01 1.3 0.00e+00 0.0 0.0e+00 0.0e+00 2.9e+03  1  0  0  0  2   1  0  0  0  2     0
KSPSolve            1460 1.0 8.0440e+01 1.0 5.58e+10 1.0 2.5e+05 6.8e+03 1.0e+05 70100 69 58 65  78100 69 58 80  2773
PCSetUp             1460 1.0 8.4853e-04 1.8 0.00e+00 0.0 0.0e+00 0.0e+00 0.0e+00  0  0  0  0  0   0  0  0  0  0     0
PCApply            21900 1.0 5.0238e+00 1.0 6.84e+08 1.0 0.0e+00 0.0e+00 2.9e+03  4  1  0  0  2   5  1  0  0  2   545

--- Event Stage 4: Destroying obj

DestroyBC              1 1.0 4.0460e-04 1.1 0.00e+00 0.0 0.0e+00 0.0e+00 0.0e+00  0  0  0  0  0  76  0  0  0  0     0
DestroyProperties       1 1.0 8.5831e-06 1.1 0.00e+00 0.0 0.0e+00 0.0e+00 0.0e+00  0  0  0  0  0   2  0  0  0  0     0
DestroyGeometry        1 1.0 5.5313e-05 1.1 0.00e+00 0.0 0.0e+00 0.0e+00 0.0e+00  0  0  0  0  0  10  0  0  0  0     0
------------------------------------------------------------------------------------------------------------------------

Memory usage is given in bytes:

Object Type          Creations   Destructions     Memory  Descendants' Mem.
Reports information only for process 0.

--- Event Stage 0: Main Stage

              Viewer     1              0            0     0.

--- Event Stage 1: Loading Files

              Vector  5852              5       508024     0.
      Vector Scatter     2              1       131072     0.
    Distributed Mesh     1              0            0     0.
Star Forest Bipartite Graph     2              0            0     0.
     Discrete System     1              0            0     0.
           Index Set  4387              4       388304     0.
   IS L to G Mapping     1              0            0     0.
   Application Order     1              0            0     0.
              Viewer     1              1          776     0.

--- Event Stage 2: Setting up

              Vector     4              3       275224     0.
      Vector Scatter     1              0            0     0.
              Matrix     3              0            0     0.
Star Forest Bipartite Graph     1              1          848     0.
           Index Set     2              2        11752     0.

--- Event Stage 3: Solving

              Vector 48183          43801  10350621824     0.
      Vector Scatter  5841           5841    123154864     0.
              Matrix     3              3     10744728     0.
Star Forest Bipartite Graph  1460           1460      1238080     0.
           Index Set  5840           5840      4531840     0.
              Viewer  1462           1462      1134512     0.
       Krylov Solver  1461           1461     26865160     0.
      Preconditioner  1460           1460      1238080     0.

--- Event Stage 4: Destroying obj

              Vector     0             11       882416     0.
      Vector Scatter     0              1         1072     0.
              Matrix     0              3     10744724     0.
           Index Set     0              3        22328     0.
========================================================================================================================
Average time to get PetscTime(): 2.38419e-08
Average time for MPI_Barrier(): 1.57356e-06
Average time for zero size MPI_Send(): 3.09944e-06
#PETSc Option Table entries:
-Input_file_bc 50x50x50_bc.txt
-Input_file_gmtry 50x50x50_gmtry.txt
-Input_file_init_sol 50x50x50_Sol.h5
-Input_file_ppt 50x50x50_properties.txt
-Input_file_ppt_by_zones 50x50x50_zones.txt
-Input_type_bc 2
-Input_type_gmtry 2
-Input_type_init_sol 3
-Input_type_tplgy 0
-ksp_type gmres
-log_view ascii:50x50x50_NP4_KSPgmres_PCjacobi.log
-Output_type_ppt 3
-pc_type jacobi
-Project_name 50x50x50
-Run_options_scheme 2
-Run_options_time 1
#End of PETSc Option Table entries
Compiled without FORTRAN kernels
Compiled with full precision matrices (default)
sizeof(short) 2 sizeof(int) 4 sizeof(long) 8 sizeof(void*) 8 sizeof(PetscScalar) 8 sizeof(PetscInt) 4
Configure options: --with-shared-libraries --with-debugging=0 --with-mpi-dir=/MyLibs/MPICH/mpich-3.2/arch-centos-opt --with-cxx=0 --with-hdf5-dir=/MyLibs/HDF5/hdf5-1.8.17/arch-centos-parallel-opt/ PETSC_ARCH=arch-centos-opt-v3.7.2-mpich-v3.2-hdf5-v1.8.17 FOPTFLAGS="optimization flags" COPTFLAGS="optimization flags"
-----------------------------------------
Libraries compiled on Wed Aug 17 12:00:13 2016 on poroso-medellin-unal-edu-co 
Machine characteristics: Linux-3.10.0-327.28.2.el7.x86_64-x86_64-with-centos-7.2.1511-Core
Using PETSc directory: /MyLibs/PETSc
Using PETSc arch: arch-centos-opt-v3.7.2-mpich-v3.2-hdf5-v1.8.17
-----------------------------------------

Using C compiler: /MyLibs/MPICH/mpich-3.2/arch-centos-opt/bin/mpicc  -fPIC  -Wall -Wwrite-strings -Wno-strict-aliasing -Wno-unknown-pragmas -fvisibility=hidden  ${COPTFLAGS} ${CFLAGS}
Using Fortran compiler: /MyLibs/MPICH/mpich-3.2/arch-centos-opt/bin/mpif90  -fPIC -Wall -ffree-line-length-0 -Wno-unused-dummy-argument   ${FOPTFLAGS} ${FFLAGS} 
-----------------------------------------

Using include paths: -I/MyLibs/PETSc/arch-centos-opt-v3.7.2-mpich-v3.2-hdf5-v1.8.17/include -I/MyLibs/PETSc/include -I/MyLibs/PETSc/include -I/MyLibs/PETSc/arch-centos-opt-v3.7.2-mpich-v3.2-hdf5-v1.8.17/include -I/MyLibs/HDF5/hdf5-1.8.17/arch-centos-parallel-opt/include -I/MyLibs/MPICH/mpich-3.2/arch-centos-opt/include
-----------------------------------------

Using C linker: /MyLibs/MPICH/mpich-3.2/arch-centos-opt/bin/mpicc
Using Fortran linker: /MyLibs/MPICH/mpich-3.2/arch-centos-opt/bin/mpif90
Using libraries: -Wl,-rpath,/MyLibs/PETSc/arch-centos-opt-v3.7.2-mpich-v3.2-hdf5-v1.8.17/lib -L/MyLibs/PETSc/arch-centos-opt-v3.7.2-mpich-v3.2-hdf5-v1.8.17/lib -lpetsc -llapack -lblas -Wl,-rpath,/MyLibs/HDF5/hdf5-1.8.17/arch-centos-parallel-opt/lib -L/MyLibs/HDF5/hdf5-1.8.17/arch-centos-parallel-opt/lib -lhdf5hl_fortran -lhdf5_fortran -lhdf5_hl -lhdf5 -lpthread -lm -Wl,-rpath,/MyLibs/MPICH/mpich-3.2/arch-centos-opt/lib -L/MyLibs/MPICH/mpich-3.2/arch-centos-opt/lib -Wl,-rpath,/usr/lib/gcc/x86_64-redhat-linux/4.8.5 -L/usr/lib/gcc/x86_64-redhat-linux/4.8.5 -lmpifort -lgfortran -lm -lgfortran -lm -lquadmath -lm -Wl,-rpath,/MyLibs/MPICH/mpich-3.2/arch-centos-opt/lib -L/MyLibs/MPICH/mpich-3.2/arch-centos-opt/lib -Wl,-rpath,/usr/lib/gcc/x86_64-redhat-linux/4.8.5 -L/usr/lib/gcc/x86_64-redhat-linux/4.8.5 -ldl -Wl,-rpath,/MyLibs/MPICH/mpich-3.2/arch-centos-opt/lib -lmpi -lgcc_s -ldl 
-----------------------------------------

