************************************************************************************************************************
***             WIDEN YOUR WINDOW TO 120 CHARACTERS.  Use 'enscript -r -fCourier9' to print this document            ***
************************************************************************************************************************

---------------------------------------------- PETSc Performance Summary: ----------------------------------------------

../../src/ANISOFLOW                                                                                                                                                                                                                                             ˻d on a arch-centos-opt-v3.7.2-mpich-v3.2-hdf5-v1.8.17 named poroso-medellin-unal-edu-co with 6 processors, by sospinar Sat Oct 15 22:51:39 2016
Using Petsc Release Version 3.7.3, unknown 

                         Max       Max/Min        Avg      Total 
Time (sec):           2.601e+02      1.00000   2.601e+02
Objects:              9.349e+04      1.00000   9.349e+04
Flops:                1.129e+11      1.07339   1.100e+11  6.600e+11
Flops/sec:            4.340e+08      1.07339   4.229e+08  2.537e+09
MPI Messages:         2.482e+05      1.54544   1.957e+05  1.174e+06
MPI Message Lengths:  1.659e+09      1.77197   6.238e+03  7.324e+09
MPI Reductions:       1.388e+05      1.00000

Flop counting convention: 1 flop = 1 real number operation of type (multiply/divide/add/subtract)
                            e.g., VecAXPY() for real vectors of length N --> 2N flops
                            and VecAXPY() for complex vectors of length N --> 8N flops

Summary of Stages:   ----- Time ------  ----- Flops -----  --- Messages ---  -- Message Lengths --  -- Reductions --
                        Avg     %Total     Avg     %Total   counts   %Total     Avg         %Total   counts   %Total 
 0:      Main Stage: 1.8028e-04   0.0%  0.0000e+00   0.0%  0.000e+00   0.0%  0.000e+00        0.0%  0.000e+00   0.0% 
 1:   Loading Files: 1.1355e+01   4.4%  0.0000e+00   0.0%  1.180e+02   0.0%  2.683e+00        0.0%  3.069e+04  22.1% 
 2:      Setting up: 1.6008e-01   0.1%  0.0000e+00   0.0%  6.600e+01   0.0%  1.575e-01        0.0%  1.700e+01   0.0% 
 3:         Solving: 2.4856e+02  95.6%  6.5995e+11 100.0%  1.174e+06 100.0%  6.235e+03      100.0%  1.080e+05  77.9% 
 4:  Destroying obj: 5.2845e-04   0.0%  0.0000e+00   0.0%  0.000e+00   0.0%  0.000e+00        0.0%  0.000e+00   0.0% 

------------------------------------------------------------------------------------------------------------------------
See the 'Profiling' chapter of the users' manual for details on interpreting output.
Phase summary info:
   Count: number of times phase was executed
   Time and Flops: Max - maximum over all processors
                   Ratio - ratio of maximum to minimum over all processors
   Mess: number of messages sent
   Avg. len: average message length (bytes)
   Reduct: number of global reductions
   Global: entire computation
   Stage: stages of a computation. Set stages with PetscLogStagePush() and PetscLogStagePop().
      %T - percent time in this phase         %F - percent flops in this phase
      %M - percent messages in this phase     %L - percent message lengths in this phase
      %R - percent reductions in this phase
   Total Mflop/s: 10e-6 * (sum of flops over all processors)/(max time over all processors)
------------------------------------------------------------------------------------------------------------------------
Event                Count      Time (sec)     Flops                             --- Global ---  --- Stage ---   Total
                   Max Ratio  Max     Ratio   Max  Ratio  Mess   Avg len Reduct  %T %F %M %L %R  %T %F %M %L %R Mflop/s
------------------------------------------------------------------------------------------------------------------------

--- Event Stage 0: Main Stage


--- Event Stage 1: Loading Files

GetGeometry            1 1.0 6.0921e-03 1.0 0.00e+00 0.0 4.4e+01 1.4e+03 1.3e+01  0  0  0  0  0   0  0 37  2  0     0
VecView                1 1.0 3.3348e-03 1.0 0.00e+00 0.0 0.0e+00 0.0e+00 0.0e+00  0  0  0  0  0   0  0  0  0  0     0
VecMax                 2 1.0 1.6952e-04 1.3 0.00e+00 0.0 0.0e+00 0.0e+00 0.0e+00  0  0  0  0  0   0  0  0  0  0     0
VecCopy                2 1.0 5.5313e-05 1.3 0.00e+00 0.0 0.0e+00 0.0e+00 0.0e+00  0  0  0  0  0   0  0  0  0  0     0
VecSet                 8 1.0 5.6338e-04 1.9 0.00e+00 0.0 0.0e+00 0.0e+00 0.0e+00  0  0  0  0  0   0  0  0  0  0     0
VecAssemblyBegin    5845 1.0 1.3046e-01 2.7 0.00e+00 0.0 1.0e+01 1.2e+05 1.8e+04  0  0  0  0 13   1  0  8 40 57     0
VecAssemblyEnd      5845 1.0 2.9578e-03 1.2 0.00e+00 0.0 0.0e+00 0.0e+00 0.0e+00  0  0  0  0  0   0  0  0  0  0     0
VecScatterBegin        2 1.0 2.9850e-04 1.5 0.00e+00 0.0 2.8e+01 2.2e+04 0.0e+00  0  0  0  0  0   0  0 24 19  0     0
VecScatterEnd          2 1.0 2.5392e-04 2.5 0.00e+00 0.0 0.0e+00 0.0e+00 0.0e+00  0  0  0  0  0   0  0  0  0  0     0
GetProrperties         1 1.0 9.6440e-02 1.0 0.00e+00 0.0 7.4e+01 4.2e+04 2.1e+01  0  0  0  0  0   1  0 63 98  0     0
GetConductivity        1 1.0 1.8287e-04 1.3 0.00e+00 0.0 0.0e+00 0.0e+00 0.0e+00  0  0  0  0  0   0  0  0  0  0     0
GetSpecificStorage       1 1.0 4.2415e-04 1.2 0.00e+00 0.0 0.0e+00 0.0e+00 2.0e+00  0  0  0  0  0   0  0  0  0  0     0
GetBC                  1 1.0 1.1253e+01 1.0 0.00e+00 0.0 0.0e+00 0.0e+00 3.1e+04  4  0  0  0 22  99  0  0  0100     0

--- Event Stage 2: Setting up

BuildTwoSided          1 1.0 1.9193e-04 6.9 0.00e+00 0.0 0.0e+00 0.0e+00 0.0e+00  0  0  0  0  0   0  0  0  0  0     0
VecSet                 2 1.0 8.1062e-06 1.5 0.00e+00 0.0 0.0e+00 0.0e+00 0.0e+00  0  0  0  0  0   0  0  0  0  0     0
VecScatterBegin        1 1.0 3.1710e-05 1.7 0.00e+00 0.0 2.2e+01 5.6e+03 0.0e+00  0  0  0  0  0   0  0 33 67  0     0
VecScatterEnd          1 1.0 2.2650e-05 1.4 0.00e+00 0.0 0.0e+00 0.0e+00 0.0e+00  0  0  0  0  0   0  0  0  0  0     0
MatAssemblyBegin       2 1.0 1.3631e-02 9.5 0.00e+00 0.0 0.0e+00 0.0e+00 4.0e+00  0  0  0  0  0   3  0  0  0 24     0
MatAssemblyEnd         2 1.0 6.3941e-03 1.0 0.00e+00 0.0 4.4e+01 1.4e+03 8.0e+00  0  0  0  0  0   4  0 67 33 47     0
SFSetGraph             1 1.0 8.3447e-06 1.8 0.00e+00 0.0 0.0e+00 0.0e+00 0.0e+00  0  0  0  0  0   0  0  0  0  0     0
SFReduceBegin          1 1.0 2.1911e-04 4.3 0.00e+00 0.0 0.0e+00 0.0e+00 0.0e+00  0  0  0  0  0   0  0  0  0  0     0
SFReduceEnd            1 1.0 2.6226e-06 1.1 0.00e+00 0.0 0.0e+00 0.0e+00 0.0e+00  0  0  0  0  0   0  0  0  0  0     0
BuildSystem            1 1.0 1.6006e-01 1.0 0.00e+00 0.0 6.6e+01 2.8e+03 1.7e+01  0  0  0  0  0 100  0100100100     0

--- Event Stage 3: Solving

BuildTwoSided       1460 1.0 1.2389e-01 2.1 0.00e+00 0.0 2.6e+04 4.0e+00 0.0e+00  0  0  2  0  0   0  0  2  0  0     0
VecView             1461 1.0 3.6385e+00 1.0 0.00e+00 0.0 0.0e+00 0.0e+00 0.0e+00  1  0  0  0  0   1  0  0  0  0     0
VecMDot            23360 1.0 1.9796e+01 4.1 4.72e+09 1.1 0.0e+00 0.0e+00 2.3e+04  4  4  0  0 17   4  4  0  0 22  1401
VecNorm            26280 1.0 3.0801e+00 3.0 1.12e+09 1.1 0.0e+00 0.0e+00 2.6e+04  1  1  0  0 19   1  1  0  0 24  2133
VecScale           26280 1.0 2.8201e-01 1.0 5.58e+08 1.1 0.0e+00 0.0e+00 0.0e+00  0  0  0  0  0   0  0  0  0  0 11649
VecCopy            13140 1.0 5.1377e-01 1.1 0.00e+00 0.0 0.0e+00 0.0e+00 0.0e+00  0  0  0  0  0   0  0  0  0  0     0
VecSet             32121 1.0 7.1397e-01 1.1 0.00e+00 0.0 0.0e+00 0.0e+00 0.0e+00  0  0  0  0  0   0  0  0  0  0     0
VecAXPY             4380 1.0 1.3570e-01 1.2 1.86e+08 1.1 0.0e+00 0.0e+00 0.0e+00  0  0  0  0  0   0  0  0  0  0  8069
VecAYPX            30660 1.0 2.3141e+00 1.1 8.69e+08 1.1 0.0e+00 0.0e+00 0.0e+00  1  1  0  0  0   1  1  0  0  0  2208
VecAXPBYCZ         20440 1.0 1.8922e+00 1.1 2.17e+09 1.1 0.0e+00 0.0e+00 0.0e+00  1  2  0  0  0   1  2  0  0  0  6752
VecMAXPY           26280 1.0 4.5445e+00 1.1 5.71e+09 1.1 0.0e+00 0.0e+00 0.0e+00  2  5  0  0  0   2  5  0  0  0  7389
VecPointwiseMult    5840 1.0 2.6701e-01 1.2 6.20e+07 1.1 0.0e+00 0.0e+00 0.0e+00  0  0  0  0  0   0  0  0  0  0  1367
VecLoad                1 1.0 8.8763e-04 1.0 0.00e+00 0.0 0.0e+00 0.0e+00 0.0e+00  0  0  0  0  0   0  0  0  0  0     0
VecScatterBegin    52560 1.0 9.8850e-01 1.5 0.00e+00 0.0 9.8e+05 6.1e+03 0.0e+00  0  0 83 82  0   0  0 83 82  0     0
VecScatterEnd      52560 1.0 2.2781e+00 3.2 0.00e+00 0.0 0.0e+00 0.0e+00 0.0e+00  1  0  0  0  0   1  0  0  0  0     0
VecNormalize       26280 1.0 3.3918e+00 2.5 1.68e+09 1.1 0.0e+00 0.0e+00 2.6e+04  1  1  0  0 19   1  1  0  0 24  2905
MatMult            43800 1.0 9.3405e+01 1.1 4.80e+10 1.1 9.6e+05 5.6e+03 0.0e+00 34 42 82 74  0  36 42 82 74  0  2982
MatSOR             46720 1.0 1.1382e+02 1.1 4.95e+10 1.1 0.0e+00 0.0e+00 0.0e+00 43 44  0  0  0  44 44  0  0  0  2556
MatCopy             1460 1.0 3.8523e+00 1.2 0.00e+00 0.0 0.0e+00 0.0e+00 0.0e+00  1  0  0  0  0   1  0  0  0  0     0
MatConvert             1 1.0 7.7751e-03 1.3 0.00e+00 0.0 0.0e+00 0.0e+00 0.0e+00  0  0  0  0  0   0  0  0  0  0     0
SFSetGraph          1460 1.0 4.0398e-01 1.0 0.00e+00 0.0 0.0e+00 0.0e+00 0.0e+00  0  0  0  0  0   0  0  0  0  0     0
SFReduceBegin       1460 1.0 2.1803e-01 1.4 0.00e+00 0.0 1.3e+05 2.7e+03 0.0e+00  0  0 11  5  0   0  0 11  5  0     0
SFReduceEnd         1460 1.0 4.6313e-02 1.0 0.00e+00 0.0 0.0e+00 0.0e+00 0.0e+00  0  0  0  0  0   0  0  0  0  0     0
SolveSystem            1 1.0 2.4856e+02 1.0 1.13e+11 1.1 1.2e+06 6.2e+03 1.1e+05 96100100100 78 100100100100100  2655
KSPGMRESOrthog     23360 1.0 2.3449e+01 2.7 9.43e+09 1.1 0.0e+00 0.0e+00 2.3e+04  6  8  0  0 17   6  8  0  0 22  2366
KSPSetUp            4380 1.0 1.3969e+00 1.3 0.00e+00 0.0 0.0e+00 0.0e+00 5.8e+03  0  0  0  0  4   1  0  0  0  5     0
KSPSolve            1460 1.0 2.2582e+02 1.0 1.13e+11 1.1 9.6e+05 5.6e+03 7.9e+04 87100 82 74 57  91100 82 74 73  2919
PCSetUp             1460 1.0 5.4760e-01 1.2 0.00e+00 0.0 0.0e+00 0.0e+00 2.9e+03  0  0  0  0  2   0  0  0  0  3     0
PCApply            10220 1.0 2.0216e+02 1.0 9.95e+10 1.1 7.7e+05 5.6e+03 3.1e+04 76 88 66 59 22  80 88 66 59 28  2878

--- Event Stage 4: Destroying obj

DestroyBC              1 1.0 4.3201e-04 1.1 0.00e+00 0.0 0.0e+00 0.0e+00 0.0e+00  0  0  0  0  0  77  0  0  0  0     0
DestroyProperties       1 1.0 8.5831e-06 1.1 0.00e+00 0.0 0.0e+00 0.0e+00 0.0e+00  0  0  0  0  0   2  0  0  0  0     0
DestroyGeometry        1 1.0 4.8399e-05 1.1 0.00e+00 0.0 0.0e+00 0.0e+00 0.0e+00  0  0  0  0  0   9  0  0  0  0     0
------------------------------------------------------------------------------------------------------------------------

Memory usage is given in bytes:

Object Type          Creations   Destructions     Memory  Descendants' Mem.
Reports information only for process 0.

--- Event Stage 0: Main Stage

              Viewer     1              0            0     0.

--- Event Stage 1: Loading Files

              Vector  5852              5       348024     0.
      Vector Scatter     2              1        91072     0.
    Distributed Mesh     1              0            0     0.
Star Forest Bipartite Graph     2              0            0     0.
     Discrete System     1              0            0     0.
           Index Set  4387              4       266704     0.
   IS L to G Mapping     1              0            0     0.
   Application Order     1              0            0     0.
              Viewer     1              1          776     0.

--- Event Stage 2: Setting up

              Vector     4              3       192024     0.
      Vector Scatter     1              0            0     0.
              Matrix     3              0            0     0.
Star Forest Bipartite Graph     1              1          848     0.
           Index Set     2              2        10152     0.

--- Event Stage 3: Solving

              Vector 59863          55481   9085067264     0.
      Vector Scatter  5841           5841    125467536     0.
              Matrix     3              3      7268952     0.
Star Forest Bipartite Graph  1460           1460      1238080     0.
           Index Set  5840           5840      4531840     0.
              Viewer  1462           1462      1134512     0.
       Krylov Solver  4381           4381     72849320     0.
      Preconditioner  4380           4380      3936160     0.

--- Event Stage 4: Destroying obj

              Vector     0             11       629360     0.
      Vector Scatter     0              1         1072     0.
              Matrix     0              3      7778948     0.
           Index Set     0              3        22328     0.
========================================================================================================================
Average time to get PetscTime(): 4.76837e-08
Average time for MPI_Barrier(): 1.95503e-06
Average time for zero size MPI_Send(): 3.17891e-06
#PETSc Option Table entries:
-Input_file_bc 50x50x50_bc.txt
-Input_file_gmtry 50x50x50_gmtry.txt
-Input_file_init_sol 50x50x50_Sol.h5
-Input_file_ppt 50x50x50_properties.txt
-Input_file_ppt_by_zones 50x50x50_zones.txt
-Input_type_bc 2
-Input_type_gmtry 2
-Input_type_init_sol 3
-Input_type_tplgy 0
-ksp_type gmres
-log_view ascii:50x50x50_NP6_KSPgmres_PCmg.log
-Output_type_ppt 3
-pc_type mg
-Project_name 50x50x50
-Run_options_scheme 2
-Run_options_time 1
#End of PETSc Option Table entries
Compiled without FORTRAN kernels
Compiled with full precision matrices (default)
sizeof(short) 2 sizeof(int) 4 sizeof(long) 8 sizeof(void*) 8 sizeof(PetscScalar) 8 sizeof(PetscInt) 4
Configure options: --with-shared-libraries --with-debugging=0 --with-mpi-dir=/MyLibs/MPICH/mpich-3.2/arch-centos-opt --with-cxx=0 --with-hdf5-dir=/MyLibs/HDF5/hdf5-1.8.17/arch-centos-parallel-opt/ PETSC_ARCH=arch-centos-opt-v3.7.2-mpich-v3.2-hdf5-v1.8.17 FOPTFLAGS="optimization flags" COPTFLAGS="optimization flags"
-----------------------------------------
Libraries compiled on Wed Aug 17 12:00:13 2016 on poroso-medellin-unal-edu-co 
Machine characteristics: Linux-3.10.0-327.28.2.el7.x86_64-x86_64-with-centos-7.2.1511-Core
Using PETSc directory: /MyLibs/PETSc
Using PETSc arch: arch-centos-opt-v3.7.2-mpich-v3.2-hdf5-v1.8.17
-----------------------------------------

Using C compiler: /MyLibs/MPICH/mpich-3.2/arch-centos-opt/bin/mpicc  -fPIC  -Wall -Wwrite-strings -Wno-strict-aliasing -Wno-unknown-pragmas -fvisibility=hidden  ${COPTFLAGS} ${CFLAGS}
Using Fortran compiler: /MyLibs/MPICH/mpich-3.2/arch-centos-opt/bin/mpif90  -fPIC -Wall -ffree-line-length-0 -Wno-unused-dummy-argument   ${FOPTFLAGS} ${FFLAGS} 
-----------------------------------------

Using include paths: -I/MyLibs/PETSc/arch-centos-opt-v3.7.2-mpich-v3.2-hdf5-v1.8.17/include -I/MyLibs/PETSc/include -I/MyLibs/PETSc/include -I/MyLibs/PETSc/arch-centos-opt-v3.7.2-mpich-v3.2-hdf5-v1.8.17/include -I/MyLibs/HDF5/hdf5-1.8.17/arch-centos-parallel-opt/include -I/MyLibs/MPICH/mpich-3.2/arch-centos-opt/include
-----------------------------------------

Using C linker: /MyLibs/MPICH/mpich-3.2/arch-centos-opt/bin/mpicc
Using Fortran linker: /MyLibs/MPICH/mpich-3.2/arch-centos-opt/bin/mpif90
Using libraries: -Wl,-rpath,/MyLibs/PETSc/arch-centos-opt-v3.7.2-mpich-v3.2-hdf5-v1.8.17/lib -L/MyLibs/PETSc/arch-centos-opt-v3.7.2-mpich-v3.2-hdf5-v1.8.17/lib -lpetsc -llapack -lblas -Wl,-rpath,/MyLibs/HDF5/hdf5-1.8.17/arch-centos-parallel-opt/lib -L/MyLibs/HDF5/hdf5-1.8.17/arch-centos-parallel-opt/lib -lhdf5hl_fortran -lhdf5_fortran -lhdf5_hl -lhdf5 -lpthread -lm -Wl,-rpath,/MyLibs/MPICH/mpich-3.2/arch-centos-opt/lib -L/MyLibs/MPICH/mpich-3.2/arch-centos-opt/lib -Wl,-rpath,/usr/lib/gcc/x86_64-redhat-linux/4.8.5 -L/usr/lib/gcc/x86_64-redhat-linux/4.8.5 -lmpifort -lgfortran -lm -lgfortran -lm -lquadmath -lm -Wl,-rpath,/MyLibs/MPICH/mpich-3.2/arch-centos-opt/lib -L/MyLibs/MPICH/mpich-3.2/arch-centos-opt/lib -Wl,-rpath,/usr/lib/gcc/x86_64-redhat-linux/4.8.5 -L/usr/lib/gcc/x86_64-redhat-linux/4.8.5 -ldl -Wl,-rpath,/MyLibs/MPICH/mpich-3.2/arch-centos-opt/lib -lmpi -lgcc_s -ldl 
-----------------------------------------

