************************************************************************************************************************
***             WIDEN YOUR WINDOW TO 120 CHARACTERS.  Use 'enscript -r -fCourier9' to print this document            ***
************************************************************************************************************************

---------------------------------------------- PETSc Performance Summary: ----------------------------------------------

../../src/ANISOFLOW                                                                                                                                                                                                                                             ˻d on a arch-centos-opt-v3.7.2-mpich-v3.2-hdf5-v1.8.17 named poroso-medellin-unal-edu-co with 14 processors, by sospinar Sun Oct 16 01:10:26 2016
Using Petsc Release Version 3.7.3, unknown 

                         Max       Max/Min        Avg      Total 
Time (sec):           1.026e+02      1.00000   1.026e+02
Objects:              5.407e+04      1.00000   5.407e+04
Flops:                1.422e+10      1.15775   1.273e+10  1.783e+11
Flops/sec:            1.386e+08      1.15775   1.241e+08  1.737e+09
MPI Messages:         1.807e+05      2.07145   1.076e+05  1.507e+06
MPI Message Lengths:  2.198e+09      6.68105   4.975e+03  7.495e+09
MPI Reductions:       8.725e+04      1.00000

Flop counting convention: 1 flop = 1 real number operation of type (multiply/divide/add/subtract)
                            e.g., VecAXPY() for real vectors of length N --> 2N flops
                            and VecAXPY() for complex vectors of length N --> 8N flops

Summary of Stages:   ----- Time ------  ----- Flops -----  --- Messages ---  -- Message Lengths --  -- Reductions --
                        Avg     %Total     Avg     %Total   counts   %Total     Avg         %Total   counts   %Total 
 0:      Main Stage: 4.5630e-04   0.0%  0.0000e+00   0.0%  0.000e+00   0.0%  0.000e+00        0.0%  0.000e+00   0.0% 
 1:   Loading Files: 1.3249e+01  12.9%  0.0000e+00   0.0%  3.100e+02   0.0%  2.306e+00        0.0%  3.069e+04  35.2% 
 2:      Setting up: 7.9705e-02   0.1%  0.0000e+00   0.0%  1.860e+02   0.0%  2.885e-01        0.0%  1.700e+01   0.0% 
 3:         Solving: 8.9272e+01  87.0%  1.7826e+11 100.0%  1.506e+06 100.0%  4.972e+03       99.9%  5.654e+04  64.8% 
 4:  Destroying obj: 7.1616e-04   0.0%  0.0000e+00   0.0%  0.000e+00   0.0%  0.000e+00        0.0%  0.000e+00   0.0% 

------------------------------------------------------------------------------------------------------------------------
See the 'Profiling' chapter of the users' manual for details on interpreting output.
Phase summary info:
   Count: number of times phase was executed
   Time and Flops: Max - maximum over all processors
                   Ratio - ratio of maximum to minimum over all processors
   Mess: number of messages sent
   Avg. len: average message length (bytes)
   Reduct: number of global reductions
   Global: entire computation
   Stage: stages of a computation. Set stages with PetscLogStagePush() and PetscLogStagePop().
      %T - percent time in this phase         %F - percent flops in this phase
      %M - percent messages in this phase     %L - percent message lengths in this phase
      %R - percent reductions in this phase
   Total Mflop/s: 10e-6 * (sum of flops over all processors)/(max time over all processors)
------------------------------------------------------------------------------------------------------------------------
Event                Count      Time (sec)     Flops                             --- Global ---  --- Stage ---   Total
                   Max Ratio  Max     Ratio   Max  Ratio  Mess   Avg len Reduct  %T %F %M %L %R  %T %F %M %L %R Mflop/s
------------------------------------------------------------------------------------------------------------------------

--- Event Stage 0: Main Stage


--- Event Stage 1: Loading Files

GetGeometry            1 1.0 4.0817e-03 1.0 0.00e+00 0.0 1.2e+02 1.2e+03 1.3e+01  0  0  0  0  0   0  0 40  4  0     0
VecView                1 1.0 4.2584e-03 1.0 0.00e+00 0.0 0.0e+00 0.0e+00 0.0e+00  0  0  0  0  0   0  0  0  0  0     0
VecMax                 2 1.0 8.7738e-05 1.3 0.00e+00 0.0 0.0e+00 0.0e+00 0.0e+00  0  0  0  0  0   0  0  0  0  0     0
VecCopy                2 1.0 2.3127e-05 1.5 0.00e+00 0.0 0.0e+00 0.0e+00 0.0e+00  0  0  0  0  0   0  0  0  0  0     0
VecSet                 8 1.0 3.0494e-04 1.7 0.00e+00 0.0 0.0e+00 0.0e+00 0.0e+00  0  0  0  0  0   0  0  0  0  0     0
VecAssemblyBegin    5845 1.0 1.3474e-01 2.1 0.00e+00 0.0 2.6e+01 5.3e+04 1.8e+04  0  0  0  0 20   1  0  8 40 57     0
VecAssemblyEnd      5845 1.0 3.7539e-03 1.7 0.00e+00 0.0 0.0e+00 0.0e+00 0.0e+00  0  0  0  0  0   0  0  0  0  0     0
VecScatterBegin        2 1.0 4.2224e-04 1.5 0.00e+00 0.0 7.6e+01 9.6e+03 0.0e+00  0  0  0  0  0   0  0 25 21  0     0
VecScatterEnd          2 1.0 1.3804e-04 2.3 0.00e+00 0.0 0.0e+00 0.0e+00 0.0e+00  0  0  0  0  0   0  0  0  0  0     0
GetProrperties         1 1.0 8.1647e-02 1.0 0.00e+00 0.0 1.9e+02 1.8e+04 2.1e+01  0  0  0  0  0   1  0 60 96  0     0
GetConductivity        1 1.0 1.7285e-04 1.5 0.00e+00 0.0 0.0e+00 0.0e+00 0.0e+00  0  0  0  0  0   0  0  0  0  0     0
GetSpecificStorage       1 1.0 3.0255e-04 1.2 0.00e+00 0.0 0.0e+00 0.0e+00 2.0e+00  0  0  0  0  0   0  0  0  0  0     0
GetBC                  1 1.0 1.3164e+01 1.0 0.00e+00 0.0 0.0e+00 0.0e+00 3.1e+04 13  0  0  0 35  99  0  0  0100     0

--- Event Stage 2: Setting up

BuildTwoSided          1 1.0 1.1492e-04 3.7 0.00e+00 0.0 0.0e+00 0.0e+00 0.0e+00  0  0  0  0  0   0  0  0  0  0     0
VecSet                 2 1.0 2.5988e-05 6.4 0.00e+00 0.0 0.0e+00 0.0e+00 0.0e+00  0  0  0  0  0   0  0  0  0  0     0
VecScatterBegin        1 1.0 6.8188e-05 2.2 0.00e+00 0.0 6.2e+01 4.7e+03 0.0e+00  0  0  0  0  0   0  0 33 67  0     0
VecScatterEnd          1 1.0 5.8174e-05 2.8 0.00e+00 0.0 0.0e+00 0.0e+00 0.0e+00  0  0  0  0  0   0  0  0  0  0     0
MatAssemblyBegin       2 1.0 1.0734e-0252.8 0.00e+00 0.0 0.0e+00 0.0e+00 4.0e+00  0  0  0  0  0   9  0  0  0 24     0
MatAssemblyEnd         2 1.0 4.0462e-03 1.0 0.00e+00 0.0 1.2e+02 1.2e+03 8.0e+00  0  0  0  0  0   5  0 67 33 47     0
SFSetGraph             1 1.0 1.3828e-05 2.8 0.00e+00 0.0 0.0e+00 0.0e+00 0.0e+00  0  0  0  0  0   0  0  0  0  0     0
SFReduceBegin          1 1.0 1.5163e-04 2.1 0.00e+00 0.0 0.0e+00 0.0e+00 0.0e+00  0  0  0  0  0   0  0  0  0  0     0
SFReduceEnd            1 1.0 2.8610e-06 1.5 0.00e+00 0.0 0.0e+00 0.0e+00 0.0e+00  0  0  0  0  0   0  0  0  0  0     0
BuildSystem            1 1.0 7.9696e-02 1.0 0.00e+00 0.0 1.9e+02 2.3e+03 1.7e+01  0  0  0  0  0 100  0100100100     0

--- Event Stage 3: Solving

BuildTwoSided       1460 1.0 8.0999e-01 2.9 0.00e+00 0.0 1.4e+05 4.0e+00 0.0e+00  0  0  9  0  0   1  0  9  0  0     0
VecView             1461 1.0 4.2456e+00 1.0 0.00e+00 0.0 0.0e+00 0.0e+00 0.0e+00  4  0  0  0  0   5  0  0  0  0     0
VecTDot            19196 1.0 2.4203e+00 2.2 3.84e+08 1.1 0.0e+00 0.0e+00 1.9e+04  2  3  0  0 22   2  3  0  0 34  1983
VecNorm            11058 1.0 7.9039e+00 1.9 2.21e+08 1.1 0.0e+00 0.0e+00 1.1e+04  7  2  0  0 13   8  2  0  0 20   350
VecCopy             2920 1.0 1.2940e-01 1.5 0.00e+00 0.0 0.0e+00 0.0e+00 0.0e+00  0  0  0  0  0   0  0  0  0  0     0
VecSet             18359 1.0 2.0474e-01 1.5 0.00e+00 0.0 0.0e+00 0.0e+00 0.0e+00  0  0  0  0  0   0  0  0  0  0     0
VecAXPY            20656 1.0 4.9553e-01 1.1 4.13e+08 1.1 0.0e+00 0.0e+00 0.0e+00  0  3  0  0  0   1  3  0  0  0 10421
VecAYPX             8138 1.0 2.8936e-01 1.2 1.63e+08 1.1 0.0e+00 0.0e+00 0.0e+00  0  1  0  0  0   0  1  0  0  0  7031
VecPointwiseMult    5840 1.0 2.4375e-01 1.8 2.92e+07 1.1 0.0e+00 0.0e+00 0.0e+00  0  0  0  0  0   0  0  0  0  0  1497
VecLoad                1 1.0 1.0512e-03 1.0 0.00e+00 0.0 0.0e+00 0.0e+00 0.0e+00  0  0  0  0  0   0  0  0  0  0     0
VecScatterBegin    18358 1.0 1.1596e+00 6.1 0.00e+00 0.0 6.3e+05 6.8e+03 0.0e+00  0  0 42 57  0   0  0 42 57  0     0
VecScatterEnd      18358 1.0 3.5621e+0013.8 0.00e+00 0.0 0.0e+00 0.0e+00 0.0e+00  3  0  0  0  0   3  0  0  0  0     0
MatMult             9598 1.0 1.7245e+01 1.1 4.74e+09 1.2 6.0e+05 4.7e+03 0.0e+00 16 34 39 37  0  19 34 40 37  0  3539
MatSolve           11058 1.0 1.6234e+01 1.1 5.15e+09 1.2 0.0e+00 0.0e+00 0.0e+00 15 36  0  0  0  17 36  0  0  0  3918
MatLUFactorNum      1460 1.0 1.6165e+01 1.2 3.13e+09 1.2 0.0e+00 0.0e+00 0.0e+00 14 22  0  0  0  16 22  0  0  0  2381
MatILUFactorSym     1460 1.0 3.9843e+00 1.1 0.00e+00 0.0 0.0e+00 0.0e+00 0.0e+00  4  0  0  0  0   4  0  0  0  0     0
MatCopy             1460 1.0 4.9715e+00 1.1 0.00e+00 0.0 0.0e+00 0.0e+00 0.0e+00  5  0  0  0  0   5  0  0  0  0     0
MatConvert             1 1.0 7.2670e-03 1.2 0.00e+00 0.0 0.0e+00 0.0e+00 0.0e+00  0  0  0  0  0   0  0  0  0  0     0
MatGetRowIJ         1460 1.0 5.4955e-04 1.4 0.00e+00 0.0 0.0e+00 0.0e+00 0.0e+00  0  0  0  0  0   0  0  0  0  0     0
MatGetOrdering      1460 1.0 3.0421e-01 1.2 0.00e+00 0.0 0.0e+00 0.0e+00 0.0e+00  0  0  0  0  0   0  0  0  0  0     0
SFSetGraph          1460 1.0 4.7398e-01 1.0 0.00e+00 0.0 0.0e+00 0.0e+00 0.0e+00  0  0  0  0  0   1  0  0  0  0     0
SFReduceBegin       1460 1.0 9.3229e-01 2.3 0.00e+00 0.0 7.2e+05 1.1e+03 0.0e+00  1  0 47 11  0   1  0 47 11  0     0
SFReduceEnd         1460 1.0 6.3934e-02 1.4 0.00e+00 0.0 0.0e+00 0.0e+00 0.0e+00  0  0  0  0  0   0  0  0  0  0     0
SolveSystem            1 1.0 8.9272e+01 1.0 1.42e+10 1.2 1.5e+06 5.0e+03 5.7e+04 87100100100 65 100100100100100  1997
KSPSetUp            2920 1.0 1.0196e+00 2.8 0.00e+00 0.0 0.0e+00 0.0e+00 2.9e+03  1  0  0  0  3   1  0  0  0  5     0
KSPSolve            1460 1.0 6.0320e+01 1.0 1.42e+10 1.2 6.0e+05 4.7e+03 3.0e+04 59100 39 37 35  68100 40 37 54  2943
PCSetUp             2920 1.0 2.0451e+01 1.1 3.13e+09 1.2 0.0e+00 0.0e+00 0.0e+00 18 22  0  0  0  21 22  0  0  0  1882
PCSetUpOnBlocks     1460 1.0 2.0318e+01 1.1 3.13e+09 1.2 0.0e+00 0.0e+00 0.0e+00 18 22  0  0  0  21 22  0  0  0  1894
PCApply            11058 1.0 1.6492e+01 1.1 5.15e+09 1.2 0.0e+00 0.0e+00 0.0e+00 15 36  0  0  0  17 36  0  0  0  3857

--- Event Stage 4: Destroying obj

DestroyBC              1 1.0 6.4087e-04 1.1 0.00e+00 0.0 0.0e+00 0.0e+00 0.0e+00  0  0  0  0  0  83  0  0  0  0     0
DestroyProperties       1 1.0 1.5736e-05 2.0 0.00e+00 0.0 0.0e+00 0.0e+00 0.0e+00  0  0  0  0  0   1  0  0  0  0     0
DestroyGeometry        1 1.0 3.1233e-05 2.0 0.00e+00 0.0 0.0e+00 0.0e+00 0.0e+00  0  0  0  0  0   3  0  0  0  0     0
------------------------------------------------------------------------------------------------------------------------

Memory usage is given in bytes:

Object Type          Creations   Destructions     Memory  Descendants' Mem.
Reports information only for process 0.

--- Event Stage 0: Main Stage

              Viewer     1              0            0     0.

--- Event Stage 1: Loading Files

              Vector  5852              5       168024     0.
      Vector Scatter     2              1        41072     0.
    Distributed Mesh     1              0            0     0.
Star Forest Bipartite Graph     2              0            0     0.
     Discrete System     1              0            0     0.
           Index Set  4387              4       129904     0.
   IS L to G Mapping     1              0            0     0.
   Application Order     1              0            0     0.
              Viewer     1              1          776     0.

--- Event Stage 2: Setting up

              Vector     4              3        98424     0.
      Vector Scatter     1              0            0     0.
              Matrix     3              0            0     0.
Star Forest Bipartite Graph     1              1          848     0.
           Index Set     2              2         8352     0.

--- Event Stage 3: Solving

              Vector 17523          13141    663736944     0.
      Vector Scatter  5841           5841    137240848     0.
              Matrix  1463           1463   4405807664     0.
Star Forest Bipartite Graph  1460           1460      1238080     0.
           Index Set 10220          10220    124730720     0.
              Viewer  1462           1462      1134512     0.
       Krylov Solver  2921           2921      3493480     0.
      Preconditioner  2920           2920      2768160     0.

--- Event Stage 4: Destroying obj

              Vector     0             11       344672     0.
      Vector Scatter     0              1         1072     0.
              Matrix     0              3      3358700     0.
           Index Set     0              3        22328     0.
========================================================================================================================
Average time to get PetscTime(): 4.76837e-08
Average time for MPI_Barrier(): 2.81334e-06
Average time for zero size MPI_Send(): 3.28677e-06
#PETSc Option Table entries:
-Input_file_bc 50x50x50_bc.txt
-Input_file_gmtry 50x50x50_gmtry.txt
-Input_file_init_sol 50x50x50_Sol.h5
-Input_file_ppt 50x50x50_properties.txt
-Input_file_ppt_by_zones 50x50x50_zones.txt
-Input_type_bc 2
-Input_type_gmtry 2
-Input_type_init_sol 3
-Input_type_tplgy 0
-ksp_type cg
-log_view ascii:50x50x50_NP14_KSPcg_PCbjacobi.log
-Output_type_ppt 3
-pc_type bjacobi
-Project_name 50x50x50
-Run_options_scheme 2
-Run_options_time 1
#End of PETSc Option Table entries
Compiled without FORTRAN kernels
Compiled with full precision matrices (default)
sizeof(short) 2 sizeof(int) 4 sizeof(long) 8 sizeof(void*) 8 sizeof(PetscScalar) 8 sizeof(PetscInt) 4
Configure options: --with-shared-libraries --with-debugging=0 --with-mpi-dir=/MyLibs/MPICH/mpich-3.2/arch-centos-opt --with-cxx=0 --with-hdf5-dir=/MyLibs/HDF5/hdf5-1.8.17/arch-centos-parallel-opt/ PETSC_ARCH=arch-centos-opt-v3.7.2-mpich-v3.2-hdf5-v1.8.17 FOPTFLAGS="optimization flags" COPTFLAGS="optimization flags"
-----------------------------------------
Libraries compiled on Wed Aug 17 12:00:13 2016 on poroso-medellin-unal-edu-co 
Machine characteristics: Linux-3.10.0-327.28.2.el7.x86_64-x86_64-with-centos-7.2.1511-Core
Using PETSc directory: /MyLibs/PETSc
Using PETSc arch: arch-centos-opt-v3.7.2-mpich-v3.2-hdf5-v1.8.17
-----------------------------------------

Using C compiler: /MyLibs/MPICH/mpich-3.2/arch-centos-opt/bin/mpicc  -fPIC  -Wall -Wwrite-strings -Wno-strict-aliasing -Wno-unknown-pragmas -fvisibility=hidden  ${COPTFLAGS} ${CFLAGS}
Using Fortran compiler: /MyLibs/MPICH/mpich-3.2/arch-centos-opt/bin/mpif90  -fPIC -Wall -ffree-line-length-0 -Wno-unused-dummy-argument   ${FOPTFLAGS} ${FFLAGS} 
-----------------------------------------

Using include paths: -I/MyLibs/PETSc/arch-centos-opt-v3.7.2-mpich-v3.2-hdf5-v1.8.17/include -I/MyLibs/PETSc/include -I/MyLibs/PETSc/include -I/MyLibs/PETSc/arch-centos-opt-v3.7.2-mpich-v3.2-hdf5-v1.8.17/include -I/MyLibs/HDF5/hdf5-1.8.17/arch-centos-parallel-opt/include -I/MyLibs/MPICH/mpich-3.2/arch-centos-opt/include
-----------------------------------------

Using C linker: /MyLibs/MPICH/mpich-3.2/arch-centos-opt/bin/mpicc
Using Fortran linker: /MyLibs/MPICH/mpich-3.2/arch-centos-opt/bin/mpif90
Using libraries: -Wl,-rpath,/MyLibs/PETSc/arch-centos-opt-v3.7.2-mpich-v3.2-hdf5-v1.8.17/lib -L/MyLibs/PETSc/arch-centos-opt-v3.7.2-mpich-v3.2-hdf5-v1.8.17/lib -lpetsc -llapack -lblas -Wl,-rpath,/MyLibs/HDF5/hdf5-1.8.17/arch-centos-parallel-opt/lib -L/MyLibs/HDF5/hdf5-1.8.17/arch-centos-parallel-opt/lib -lhdf5hl_fortran -lhdf5_fortran -lhdf5_hl -lhdf5 -lpthread -lm -Wl,-rpath,/MyLibs/MPICH/mpich-3.2/arch-centos-opt/lib -L/MyLibs/MPICH/mpich-3.2/arch-centos-opt/lib -Wl,-rpath,/usr/lib/gcc/x86_64-redhat-linux/4.8.5 -L/usr/lib/gcc/x86_64-redhat-linux/4.8.5 -lmpifort -lgfortran -lm -lgfortran -lm -lquadmath -lm -Wl,-rpath,/MyLibs/MPICH/mpich-3.2/arch-centos-opt/lib -L/MyLibs/MPICH/mpich-3.2/arch-centos-opt/lib -Wl,-rpath,/usr/lib/gcc/x86_64-redhat-linux/4.8.5 -L/usr/lib/gcc/x86_64-redhat-linux/4.8.5 -ldl -Wl,-rpath,/MyLibs/MPICH/mpich-3.2/arch-centos-opt/lib -lmpi -lgcc_s -ldl 
-----------------------------------------

