************************************************************************************************************************
***             WIDEN YOUR WINDOW TO 120 CHARACTERS.  Use 'enscript -r -fCourier9' to print this document            ***
************************************************************************************************************************

---------------------------------------------- PETSc Performance Summary: ----------------------------------------------

../../src/ANISOFLOW                                                                                                                                                                                                                                             ˻d on a arch-centos-opt-v3.7.2-mpich-v3.2-hdf5-v1.8.17 named poroso-medellin-unal-edu-co with 17 processors, by sospinar Sun Oct 16 02:11:01 2016
Using Petsc Release Version 3.7.3, unknown 

                         Max       Max/Min        Avg      Total 
Time (sec):           2.002e+02      1.00000   2.002e+02
Objects:              7.597e+04      1.00000   7.597e+04
Flops:                3.619e+10      1.73625   3.518e+10  5.980e+11
Flops/sec:            1.808e+08      1.73624   1.757e+08  2.987e+09
MPI Messages:         2.285e+05      2.01941   1.586e+05  2.696e+06
MPI Message Lengths:  3.388e+09      3.24674   1.254e+04  3.382e+10
MPI Reductions:       1.183e+05      1.00000

Flop counting convention: 1 flop = 1 real number operation of type (multiply/divide/add/subtract)
                            e.g., VecAXPY() for real vectors of length N --> 2N flops
                            and VecAXPY() for complex vectors of length N --> 8N flops

Summary of Stages:   ----- Time ------  ----- Flops -----  --- Messages ---  -- Message Lengths --  -- Reductions --
                        Avg     %Total     Avg     %Total   counts   %Total     Avg         %Total   counts   %Total 
 0:      Main Stage: 1.9174e-04   0.0%  0.0000e+00   0.0%  0.000e+00   0.0%  0.000e+00        0.0%  0.000e+00   0.0% 
 1:   Loading Files: 1.4201e+01   7.1%  0.0000e+00   0.0%  1.620e+02   0.0%  1.250e+00        0.0%  3.069e+04  25.9% 
 2:      Setting up: 1.1490e-01   0.1%  0.0000e+00   0.0%  9.600e+01   0.0%  3.561e-01        0.0%  1.700e+01   0.0% 
 3:         Solving: 1.8588e+02  92.8%  5.9805e+11 100.0%  2.696e+06 100.0%  1.254e+04      100.0%  8.760e+04  74.0% 
 4:  Destroying obj: 8.2898e-04   0.0%  0.0000e+00   0.0%  0.000e+00   0.0%  0.000e+00        0.0%  0.000e+00   0.0% 

------------------------------------------------------------------------------------------------------------------------
See the 'Profiling' chapter of the users' manual for details on interpreting output.
Phase summary info:
   Count: number of times phase was executed
   Time and Flops: Max - maximum over all processors
                   Ratio - ratio of maximum to minimum over all processors
   Mess: number of messages sent
   Avg. len: average message length (bytes)
   Reduct: number of global reductions
   Global: entire computation
   Stage: stages of a computation. Set stages with PetscLogStagePush() and PetscLogStagePop().
      %T - percent time in this phase         %F - percent flops in this phase
      %M - percent messages in this phase     %L - percent message lengths in this phase
      %R - percent reductions in this phase
   Total Mflop/s: 10e-6 * (sum of flops over all processors)/(max time over all processors)
------------------------------------------------------------------------------------------------------------------------
Event                Count      Time (sec)     Flops                             --- Global ---  --- Stage ---   Total
                   Max Ratio  Max     Ratio   Max  Ratio  Mess   Avg len Reduct  %T %F %M %L %R  %T %F %M %L %R Mflop/s
------------------------------------------------------------------------------------------------------------------------

--- Event Stage 0: Main Stage


--- Event Stage 1: Loading Files

GetGeometry            1 1.0 3.7467e-03 1.0 0.00e+00 0.0 6.4e+01 5.0e+03 1.3e+01  0  0  0  0  0   0  0 40  9  0     0
VecView                1 1.0 4.1516e-03 1.1 0.00e+00 0.0 0.0e+00 0.0e+00 0.0e+00  0  0  0  0  0   0  0  0  0  0     0
VecMax                 2 1.0 1.0514e-04 1.5 0.00e+00 0.0 0.0e+00 0.0e+00 0.0e+00  0  0  0  0  0   0  0  0  0  0     0
VecCopy                2 1.0 2.3842e-05 2.0 0.00e+00 0.0 0.0e+00 0.0e+00 0.0e+00  0  0  0  0  0   0  0  0  0  0     0
VecSet                 8 1.0 3.1543e-04 1.7 0.00e+00 0.0 0.0e+00 0.0e+00 0.0e+00  0  0  0  0  0   0  0  0  0  0     0
VecAssemblyBegin    5845 1.0 2.1397e-01 1.4 0.00e+00 0.0 3.2e+01 4.4e+04 1.8e+04  0  0  0  0 15   1  0 20 42 57     0
VecAssemblyEnd      5845 1.0 4.9946e-03 2.2 0.00e+00 0.0 0.0e+00 0.0e+00 0.0e+00  0  0  0  0  0   0  0  0  0  0     0
VecScatterBegin        2 1.0 4.8637e-04 2.5 0.00e+00 0.0 3.2e+01 2.0e+04 0.0e+00  0  0  0  0  0   0  0 20 19  0     0
VecScatterEnd          2 1.0 1.7953e-04 2.1 0.00e+00 0.0 0.0e+00 0.0e+00 0.0e+00  0  0  0  0  0   0  0  0  0  0     0
GetProrperties         1 1.0 7.8849e-02 1.0 0.00e+00 0.0 9.8e+01 3.1e+04 2.1e+01  0  0  0  0  0   1  0 60 91  0     0
GetConductivity        1 1.0 2.6488e-04 3.3 0.00e+00 0.0 0.0e+00 0.0e+00 0.0e+00  0  0  0  0  0   0  0  0  0  0     0
GetSpecificStorage       1 1.0 2.9421e-04 1.3 0.00e+00 0.0 0.0e+00 0.0e+00 2.0e+00  0  0  0  0  0   0  0  0  0  0     0
GetBC                  1 1.0 1.4119e+01 1.0 0.00e+00 0.0 0.0e+00 0.0e+00 3.1e+04  7  0  0  0 26  99  0  0  0100     0

--- Event Stage 2: Setting up

BuildTwoSided          1 1.0 7.8487e-0417.1 0.00e+00 0.0 0.0e+00 0.0e+00 0.0e+00  0  0  0  0  0   0  0  0  0  0     0
VecSet                 2 1.0 3.6716e-05 4.2 0.00e+00 0.0 0.0e+00 0.0e+00 0.0e+00  0  0  0  0  0   0  0  0  0  0     0
VecScatterBegin        1 1.0 1.4186e-04 4.4 0.00e+00 0.0 3.2e+01 2.0e+04 0.0e+00  0  0  0  0  0   0  0 33 67  0     0
VecScatterEnd          1 1.0 1.5426e-04 2.9 0.00e+00 0.0 0.0e+00 0.0e+00 0.0e+00  0  0  0  0  0   0  0  0  0  0     0
MatAssemblyBegin       2 1.0 6.4766e-02196.1 0.00e+00 0.0 0.0e+00 0.0e+00 4.0e+00  0  0  0  0  0  31  0  0  0 24     0
MatAssemblyEnd         2 1.0 8.3942e-03 1.1 0.00e+00 0.0 6.4e+01 5.0e+03 8.0e+00  0  0  0  0  0   7  0 67 33 47     0
SFSetGraph             1 1.0 8.3447e-06 1.6 0.00e+00 0.0 0.0e+00 0.0e+00 0.0e+00  0  0  0  0  0   0  0  0  0  0     0
SFReduceBegin          1 1.0 8.4305e-04 9.6 0.00e+00 0.0 0.0e+00 0.0e+00 0.0e+00  0  0  0  0  0   0  0  0  0  0     0
SFReduceEnd            1 1.0 2.8610e-06 1.5 0.00e+00 0.0 0.0e+00 0.0e+00 0.0e+00  0  0  0  0  0   0  0  0  0  0     0
BuildSystem            1 1.0 1.1491e-01 1.0 0.00e+00 0.0 9.6e+01 1.0e+04 1.7e+01  0  0  0  0  0 100  0100100100     0

--- Event Stage 3: Solving

BuildTwoSided       1460 1.0 1.4038e+00 4.2 0.00e+00 0.0 2.1e+05 4.0e+00 0.0e+00  0  0  8  0  0   0  0  8  0  0     0
VecView             1461 1.0 4.7601e+00 1.0 0.00e+00 0.0 0.0e+00 0.0e+00 0.0e+00  2  0  0  0  0   3  0  0  0  0     0
VecMDot            14600 1.0 2.9416e+01 3.3 1.20e+09 1.5 0.0e+00 0.0e+00 1.5e+04  7  3  0  0 12   7  3  0  0 17   682
VecTDot            17520 1.0 9.6886e+00 2.8 2.63e+08 1.5 0.0e+00 0.0e+00 1.8e+04  3  1  0  0 15   3  1  0  0 20   452
VecNorm            26280 1.0 3.8763e+01 2.4 3.94e+08 1.5 0.0e+00 0.0e+00 2.6e+04 12  1  0  0 22  13  1  0  0 30   169
VecScale           16060 1.0 9.4461e-02 1.7 1.20e+08 1.5 0.0e+00 0.0e+00 0.0e+00  0  0  0  0  0   0  0  0  0  0 21252
VecCopy            14600 1.0 5.1957e-01 2.3 0.00e+00 0.0 0.0e+00 0.0e+00 0.0e+00  0  0  0  0  0   0  0  0  0  0     0
VecSet             30661 1.0 2.9233e-01 1.1 0.00e+00 0.0 0.0e+00 0.0e+00 0.0e+00  0  0  0  0  0   0  0  0  0  0     0
VecAXPY            20440 1.0 6.5573e-01 1.4 3.07e+08 1.5 0.0e+00 0.0e+00 0.0e+00  0  1  0  0  0   0  1  0  0  0  7793
VecAYPX            37960 1.0 1.6344e+00 1.9 4.16e+08 1.5 0.0e+00 0.0e+00 0.0e+00  1  1  0  0  0   1  1  0  0  0  4243
VecAXPBYCZ         20440 1.0 1.0740e+00 1.5 7.66e+08 1.5 0.0e+00 0.0e+00 0.0e+00  0  2  0  0  0   1  2  0  0  0 11895
VecMAXPY           16060 1.0 1.6180e+00 1.8 1.42e+09 1.5 0.0e+00 0.0e+00 0.0e+00  1  4  0  0  0   1  4  0  0  0 14663
VecPointwiseMult    5840 1.0 2.0579e-01 2.4 2.19e+07 1.5 0.0e+00 0.0e+00 0.0e+00  0  0  0  0  0   0  0  0  0  0  1774
VecLoad                1 1.0 4.6825e-04 1.1 0.00e+00 0.0 0.0e+00 0.0e+00 0.0e+00  0  0  0  0  0   0  0  0  0  0     0
VecScatterBegin    52560 1.0 2.3800e+00 2.1 0.00e+00 0.0 1.4e+06 2.1e+04 0.0e+00  1  0 54 88  0   1  0 54 88  0     0
VecScatterEnd      52560 1.0 1.8747e+01 8.6 0.00e+00 0.0 0.0e+00 0.0e+00 0.0e+00  4  0  0  0  0   5  0  0  0  0     0
VecNormalize       16060 1.0 4.2204e+00 2.6 3.61e+08 1.5 0.0e+00 0.0e+00 1.6e+04  1  1  0  0 14   1  1  0  0 18  1427
MatMult            43800 1.0 5.9007e+01 1.5 1.69e+10 1.8 1.4e+06 2.0e+04 0.0e+00 26 47 52 83  0  28 47 52 83  0  4720
MatSOR             46720 1.0 5.8030e+01 1.9 1.43e+10 1.7 0.0e+00 0.0e+00 0.0e+00 26 40  0  0  0  28 40  0  0  0  4094
MatCopy             1460 1.0 5.2339e+00 1.6 0.00e+00 0.0 0.0e+00 0.0e+00 0.0e+00  2  0  0  0  0   3  0  0  0  0     0
MatConvert             1 1.0 8.5516e-03 1.8 0.00e+00 0.0 0.0e+00 0.0e+00 0.0e+00  0  0  0  0  0   0  0  0  0  0     0
SFSetGraph          1460 1.0 5.1811e-01 1.2 0.00e+00 0.0 0.0e+00 0.0e+00 0.0e+00  0  0  0  0  0   0  0  0  0  0     0
SFReduceBegin       1460 1.0 1.5487e+00 3.3 0.00e+00 0.0 1.1e+06 9.4e+02 0.0e+00  0  0 39  3  0   0  0 39  3  0     0
SFReduceEnd         1460 1.0 9.3931e-02 2.0 0.00e+00 0.0 0.0e+00 0.0e+00 0.0e+00  0  0  0  0  0   0  0  0  0  0     0
SolveSystem            1 1.0 1.8588e+02 1.0 3.62e+10 1.7 2.7e+06 1.3e+04 8.8e+04 93100100100 74 100100100100100  3217
KSPGMRESOrthog     14600 1.0 3.0270e+01 2.9 2.41e+09 1.5 0.0e+00 0.0e+00 1.5e+04  7  7  0  0 12   8  7  0  0 17  1326
KSPSetUp            4380 1.0 1.8616e+00 1.6 0.00e+00 0.0 0.0e+00 0.0e+00 5.8e+03  1  0  0  0  5   1  0  0  0  7     0
KSPSolve            1460 1.0 1.5383e+02 1.0 3.62e+10 1.7 1.4e+06 2.0e+04 5.8e+04 77100 52 83 49  83100 52 83 67  3883
PCSetUp             1460 1.0 6.4631e-01 1.1 0.00e+00 0.0 0.0e+00 0.0e+00 2.9e+03  0  0  0  0  2   0  0  0  0  3     0
PCApply            10220 1.0 1.2321e+02 1.2 3.20e+10 1.7 1.1e+06 2.0e+04 3.1e+04 58 88 42 66 26  63 88 42 66 35  4289

--- Event Stage 4: Destroying obj

DestroyBC              1 1.0 8.5449e-04 1.3 0.00e+00 0.0 0.0e+00 0.0e+00 0.0e+00  0  0  0  0  0  84  0  0  0  0     0
DestroyProperties       1 1.0 1.3351e-05 1.6 0.00e+00 0.0 0.0e+00 0.0e+00 0.0e+00  0  0  0  0  0   1  0  0  0  0     0
DestroyGeometry        1 1.0 2.5511e-05 1.5 0.00e+00 0.0 0.0e+00 0.0e+00 0.0e+00  0  0  0  0  0   3  0  0  0  0     0
------------------------------------------------------------------------------------------------------------------------

Memory usage is given in bytes:

Object Type          Creations   Destructions     Memory  Descendants' Mem.
Reports information only for process 0.

--- Event Stage 0: Main Stage

              Viewer     1              0            0     0.

--- Event Stage 1: Loading Files

              Vector  5852              5       128024     0.
      Vector Scatter     2              1        61072     0.
    Distributed Mesh     1              0            0     0.
Star Forest Bipartite Graph     2              0            0     0.
     Discrete System     1              0            0     0.
           Index Set  4387              4       103104     0.
   IS L to G Mapping     1              0            0     0.
   Application Order     1              0            0     0.
              Viewer     1              1          776     0.

--- Event Stage 2: Setting up

              Vector     4              3        84824     0.
      Vector Scatter     1              0            0     0.
              Matrix     3              0            0     0.
Star Forest Bipartite Graph     1              1          848     0.
           Index Set     2              2        11552     0.

--- Event Stage 3: Solving

              Vector 42343          37961   2223397104     0.
      Vector Scatter  5841           5841    125595840     0.
              Matrix     3              3      2361936     0.
Star Forest Bipartite Graph  1460           1460      1238080     0.
           Index Set  5840           5840      4531840     0.
              Viewer  1462           1462      1134512     0.
       Krylov Solver  4381           4381     47784040     0.
      Preconditioner  4380           4380      3936160     0.

--- Event Stage 4: Destroying obj

              Vector     0             11       306912     0.
      Vector Scatter     0              1         1072     0.
              Matrix     0              3      2541932     0.
           Index Set     0              3        22328     0.
========================================================================================================================
Average time to get PetscTime(): 4.76837e-08
Average time for MPI_Barrier(): 4.24385e-06
Average time for zero size MPI_Send(): 3.56225e-06
#PETSc Option Table entries:
-Input_file_bc 50x50x50_bc.txt
-Input_file_gmtry 50x50x50_gmtry.txt
-Input_file_init_sol 50x50x50_Sol.h5
-Input_file_ppt 50x50x50_properties.txt
-Input_file_ppt_by_zones 50x50x50_zones.txt
-Input_type_bc 2
-Input_type_gmtry 2
-Input_type_init_sol 3
-Input_type_tplgy 0
-ksp_type cg
-log_view ascii:50x50x50_NP17_KSPcg_PCmg.log
-Output_type_ppt 3
-pc_type mg
-Project_name 50x50x50
-Run_options_scheme 2
-Run_options_time 1
#End of PETSc Option Table entries
Compiled without FORTRAN kernels
Compiled with full precision matrices (default)
sizeof(short) 2 sizeof(int) 4 sizeof(long) 8 sizeof(void*) 8 sizeof(PetscScalar) 8 sizeof(PetscInt) 4
Configure options: --with-shared-libraries --with-debugging=0 --with-mpi-dir=/MyLibs/MPICH/mpich-3.2/arch-centos-opt --with-cxx=0 --with-hdf5-dir=/MyLibs/HDF5/hdf5-1.8.17/arch-centos-parallel-opt/ PETSC_ARCH=arch-centos-opt-v3.7.2-mpich-v3.2-hdf5-v1.8.17 FOPTFLAGS="optimization flags" COPTFLAGS="optimization flags"
-----------------------------------------
Libraries compiled on Wed Aug 17 12:00:13 2016 on poroso-medellin-unal-edu-co 
Machine characteristics: Linux-3.10.0-327.28.2.el7.x86_64-x86_64-with-centos-7.2.1511-Core
Using PETSc directory: /MyLibs/PETSc
Using PETSc arch: arch-centos-opt-v3.7.2-mpich-v3.2-hdf5-v1.8.17
-----------------------------------------

Using C compiler: /MyLibs/MPICH/mpich-3.2/arch-centos-opt/bin/mpicc  -fPIC  -Wall -Wwrite-strings -Wno-strict-aliasing -Wno-unknown-pragmas -fvisibility=hidden  ${COPTFLAGS} ${CFLAGS}
Using Fortran compiler: /MyLibs/MPICH/mpich-3.2/arch-centos-opt/bin/mpif90  -fPIC -Wall -ffree-line-length-0 -Wno-unused-dummy-argument   ${FOPTFLAGS} ${FFLAGS} 
-----------------------------------------

Using include paths: -I/MyLibs/PETSc/arch-centos-opt-v3.7.2-mpich-v3.2-hdf5-v1.8.17/include -I/MyLibs/PETSc/include -I/MyLibs/PETSc/include -I/MyLibs/PETSc/arch-centos-opt-v3.7.2-mpich-v3.2-hdf5-v1.8.17/include -I/MyLibs/HDF5/hdf5-1.8.17/arch-centos-parallel-opt/include -I/MyLibs/MPICH/mpich-3.2/arch-centos-opt/include
-----------------------------------------

Using C linker: /MyLibs/MPICH/mpich-3.2/arch-centos-opt/bin/mpicc
Using Fortran linker: /MyLibs/MPICH/mpich-3.2/arch-centos-opt/bin/mpif90
Using libraries: -Wl,-rpath,/MyLibs/PETSc/arch-centos-opt-v3.7.2-mpich-v3.2-hdf5-v1.8.17/lib -L/MyLibs/PETSc/arch-centos-opt-v3.7.2-mpich-v3.2-hdf5-v1.8.17/lib -lpetsc -llapack -lblas -Wl,-rpath,/MyLibs/HDF5/hdf5-1.8.17/arch-centos-parallel-opt/lib -L/MyLibs/HDF5/hdf5-1.8.17/arch-centos-parallel-opt/lib -lhdf5hl_fortran -lhdf5_fortran -lhdf5_hl -lhdf5 -lpthread -lm -Wl,-rpath,/MyLibs/MPICH/mpich-3.2/arch-centos-opt/lib -L/MyLibs/MPICH/mpich-3.2/arch-centos-opt/lib -Wl,-rpath,/usr/lib/gcc/x86_64-redhat-linux/4.8.5 -L/usr/lib/gcc/x86_64-redhat-linux/4.8.5 -lmpifort -lgfortran -lm -lgfortran -lm -lquadmath -lm -Wl,-rpath,/MyLibs/MPICH/mpich-3.2/arch-centos-opt/lib -L/MyLibs/MPICH/mpich-3.2/arch-centos-opt/lib -Wl,-rpath,/usr/lib/gcc/x86_64-redhat-linux/4.8.5 -L/usr/lib/gcc/x86_64-redhat-linux/4.8.5 -ldl -Wl,-rpath,/MyLibs/MPICH/mpich-3.2/arch-centos-opt/lib -lmpi -lgcc_s -ldl 
-----------------------------------------

