************************************************************************************************************************
***             WIDEN YOUR WINDOW TO 120 CHARACTERS.  Use 'enscript -r -fCourier9' to print this document            ***
************************************************************************************************************************

---------------------------------------------- PETSc Performance Summary: ----------------------------------------------

../../src/ANISOFLOW                                                                                                                                                                                                                                             ˻d on a arch-centos-opt-v3.7.2-mpich-v3.2-hdf5-v1.8.17 named poroso-medellin-unal-edu-co with 17 processors, by sospinar Sun Oct 16 02:05:31 2016
Using Petsc Release Version 3.7.3, unknown 

                         Max       Max/Min        Avg      Total 
Time (sec):           8.413e+01      1.00001   8.413e+01
Objects:              4.385e+04      1.00000   4.385e+04
Flops:                9.953e+09      1.73400   9.653e+09  1.641e+11
Flops/sec:            1.183e+08      1.73400   1.147e+08  1.951e+09
MPI Messages:         2.052e+05      2.28459   1.146e+05  1.949e+06
MPI Message Lengths:  2.921e+09      5.06833   9.682e+03  1.887e+10
MPI Reductions:       1.227e+05      1.00000

Flop counting convention: 1 flop = 1 real number operation of type (multiply/divide/add/subtract)
                            e.g., VecAXPY() for real vectors of length N --> 2N flops
                            and VecAXPY() for complex vectors of length N --> 8N flops

Summary of Stages:   ----- Time ------  ----- Flops -----  --- Messages ---  -- Message Lengths --  -- Reductions --
                        Avg     %Total     Avg     %Total   counts   %Total     Avg         %Total   counts   %Total 
 0:      Main Stage: 2.1887e-04   0.0%  0.0000e+00   0.0%  0.000e+00   0.0%  0.000e+00        0.0%  0.000e+00   0.0% 
 1:   Loading Files: 1.3844e+01  16.5%  0.0000e+00   0.0%  1.620e+02   0.0%  1.730e+00        0.0%  3.069e+04  25.0% 
 2:      Setting up: 1.1809e-01   0.1%  0.0000e+00   0.0%  9.600e+01   0.0%  4.927e-01        0.0%  1.700e+01   0.0% 
 3:         Solving: 7.0166e+01  83.4%  1.6410e+11 100.0%  1.948e+06 100.0%  9.680e+03      100.0%  9.198e+04  75.0% 
 4:  Destroying obj: 8.8777e-04   0.0%  0.0000e+00   0.0%  0.000e+00   0.0%  0.000e+00        0.0%  0.000e+00   0.0% 

------------------------------------------------------------------------------------------------------------------------
See the 'Profiling' chapter of the users' manual for details on interpreting output.
Phase summary info:
   Count: number of times phase was executed
   Time and Flops: Max - maximum over all processors
                   Ratio - ratio of maximum to minimum over all processors
   Mess: number of messages sent
   Avg. len: average message length (bytes)
   Reduct: number of global reductions
   Global: entire computation
   Stage: stages of a computation. Set stages with PetscLogStagePush() and PetscLogStagePop().
      %T - percent time in this phase         %F - percent flops in this phase
      %M - percent messages in this phase     %L - percent message lengths in this phase
      %R - percent reductions in this phase
   Total Mflop/s: 10e-6 * (sum of flops over all processors)/(max time over all processors)
------------------------------------------------------------------------------------------------------------------------
Event                Count      Time (sec)     Flops                             --- Global ---  --- Stage ---   Total
                   Max Ratio  Max     Ratio   Max  Ratio  Mess   Avg len Reduct  %T %F %M %L %R  %T %F %M %L %R Mflop/s
------------------------------------------------------------------------------------------------------------------------

--- Event Stage 0: Main Stage


--- Event Stage 1: Loading Files

GetGeometry            1 1.0 4.0972e-03 1.0 0.00e+00 0.0 6.4e+01 5.0e+03 1.3e+01  0  0  0  0  0   0  0 40  9  0     0
VecView                1 1.0 4.0295e-03 1.1 0.00e+00 0.0 0.0e+00 0.0e+00 0.0e+00  0  0  0  0  0   0  0  0  0  0     0
VecMax                 2 1.0 1.1969e-04 1.7 0.00e+00 0.0 0.0e+00 0.0e+00 0.0e+00  0  0  0  0  0   0  0  0  0  0     0
VecCopy                2 1.0 2.3842e-05 1.8 0.00e+00 0.0 0.0e+00 0.0e+00 0.0e+00  0  0  0  0  0   0  0  0  0  0     0
VecSet                 8 1.0 3.3951e-04 2.0 0.00e+00 0.0 0.0e+00 0.0e+00 0.0e+00  0  0  0  0  0   0  0  0  0  0     0
VecAssemblyBegin    5845 1.0 2.1932e-01 1.4 0.00e+00 0.0 3.2e+01 4.4e+04 1.8e+04  0  0  0  0 14   1  0 20 42 57     0
VecAssemblyEnd      5845 1.0 4.8711e-03 2.2 0.00e+00 0.0 0.0e+00 0.0e+00 0.0e+00  0  0  0  0  0   0  0  0  0  0     0
VecScatterBegin        2 1.0 4.8041e-04 2.7 0.00e+00 0.0 3.2e+01 2.0e+04 0.0e+00  0  0  0  0  0   0  0 20 19  0     0
VecScatterEnd          2 1.0 1.9026e-04 1.8 0.00e+00 0.0 0.0e+00 0.0e+00 0.0e+00  0  0  0  0  0   0  0  0  0  0     0
GetProrperties         1 1.0 8.3638e-02 1.0 0.00e+00 0.0 9.8e+01 3.1e+04 2.1e+01  0  0  0  0  0   1  0 60 91  0     0
GetConductivity        1 1.0 2.6655e-04 2.9 0.00e+00 0.0 0.0e+00 0.0e+00 0.0e+00  0  0  0  0  0   0  0  0  0  0     0
GetSpecificStorage       1 1.0 3.4976e-04 1.2 0.00e+00 0.0 0.0e+00 0.0e+00 2.0e+00  0  0  0  0  0   0  0  0  0  0     0
GetBC                  1 1.0 1.3756e+01 1.0 0.00e+00 0.0 0.0e+00 0.0e+00 3.1e+04 16  0  0  0 25  99  0  0  0100     0

--- Event Stage 2: Setting up

BuildTwoSided          1 1.0 7.8869e-0419.2 0.00e+00 0.0 0.0e+00 0.0e+00 0.0e+00  0  0  0  0  0   0  0  0  0  0     0
VecSet                 2 1.0 5.7459e-05 6.3 0.00e+00 0.0 0.0e+00 0.0e+00 0.0e+00  0  0  0  0  0   0  0  0  0  0     0
VecScatterBegin        1 1.0 1.3423e-04 5.5 0.00e+00 0.0 3.2e+01 2.0e+04 0.0e+00  0  0  0  0  0   0  0 33 67  0     0
VecScatterEnd          1 1.0 1.2589e-04 2.3 0.00e+00 0.0 0.0e+00 0.0e+00 0.0e+00  0  0  0  0  0   0  0  0  0  0     0
MatAssemblyBegin       2 1.0 6.8438e-02424.6 0.00e+00 0.0 0.0e+00 0.0e+00 4.0e+00  0  0  0  0  0  33  0  0  0 24     0
MatAssemblyEnd         2 1.0 8.2402e-03 1.1 0.00e+00 0.0 6.4e+01 5.0e+03 8.0e+00  0  0  0  0  0   7  0 67 33 47     0
SFSetGraph             1 1.0 8.8215e-06 1.8 0.00e+00 0.0 0.0e+00 0.0e+00 0.0e+00  0  0  0  0  0   0  0  0  0  0     0
SFReduceBegin          1 1.0 8.3113e-04 9.8 0.00e+00 0.0 0.0e+00 0.0e+00 0.0e+00  0  0  0  0  0   0  0  0  0  0     0
SFReduceEnd            1 1.0 3.3379e-06 2.0 0.00e+00 0.0 0.0e+00 0.0e+00 0.0e+00  0  0  0  0  0   0  0  0  0  0     0
BuildSystem            1 1.0 1.1810e-01 1.0 0.00e+00 0.0 9.6e+01 1.0e+04 1.7e+01  0  0  0  0  0 100  0100100100     0

--- Event Stage 3: Solving

BuildTwoSided       1460 1.0 1.4347e+00 4.5 0.00e+00 0.0 2.1e+05 4.0e+00 0.0e+00  1  0 11  0  0   1  0 11  0  0     0
VecView             1461 1.0 4.7891e+00 1.0 0.00e+00 0.0 0.0e+00 0.0e+00 0.0e+00  6  0  0  0  0   7  0  0  0  0     0
VecTDot            40880 1.0 2.1651e+01 2.7 6.13e+08 1.5 0.0e+00 0.0e+00 4.1e+04 14  6  0  0 33  16  6  0  0 44   472
VecNorm            21900 1.0 1.4546e+00 1.9 3.28e+08 1.5 0.0e+00 0.0e+00 2.2e+04  1  3  0  0 18   1  3  0  0 24  3764
VecCopy             2920 1.0 6.3965e-02 1.4 0.00e+00 0.0 0.0e+00 0.0e+00 0.0e+00  0  0  0  0  0   0  0  0  0  0     0
VecSet              8761 1.0 2.0915e-01 1.5 0.00e+00 0.0 0.0e+00 0.0e+00 0.0e+00  0  0  0  0  0   0  0  0  0  0     0
VecAXPY            42340 1.0 6.1099e-01 1.5 6.35e+08 1.5 0.0e+00 0.0e+00 0.0e+00  1  6  0  0  0   1  6  0  0  0 17324
VecAYPX            18980 1.0 6.5495e-01 1.8 2.85e+08 1.5 0.0e+00 0.0e+00 0.0e+00  1  3  0  0  0   1  3  0  0  0  7245
VecPointwiseMult   27740 1.0 9.0036e-01 1.8 1.86e+08 1.5 0.0e+00 0.0e+00 0.0e+00  1  2  0  0  0   1  2  0  0  0  3446
VecLoad                1 1.0 4.8232e-04 1.2 0.00e+00 0.0 0.0e+00 0.0e+00 0.0e+00  0  0  0  0  0   0  0  0  0  0     0
VecScatterBegin    29200 1.0 1.6650e+00 5.4 0.00e+00 0.0 7.0e+05 2.1e+04 0.0e+00  1  0 36 79  0   1  0 36 79  0     0
VecScatterEnd      29200 1.0 5.2889e+0015.2 0.00e+00 0.0 0.0e+00 0.0e+00 0.0e+00  5  0  0  0  0   6  0  0  0  0     0
MatMult            20440 1.0 2.5938e+01 2.1 7.91e+09 1.8 6.5e+05 2.0e+04 0.0e+00 27 79 34 69  0  32 79 34 69  0  5011
MatCopy             1460 1.0 5.5594e+00 1.6 0.00e+00 0.0 0.0e+00 0.0e+00 0.0e+00  6  0  0  0  0   8  0  0  0  0     0
MatConvert             1 1.0 8.6384e-03 1.7 0.00e+00 0.0 0.0e+00 0.0e+00 0.0e+00  0  0  0  0  0   0  0  0  0  0     0
SFSetGraph          1460 1.0 5.3173e-01 1.2 0.00e+00 0.0 0.0e+00 0.0e+00 0.0e+00  1  0  0  0  0   1  0  0  0  0     0
SFReduceBegin       1460 1.0 1.5828e+00 3.4 0.00e+00 0.0 1.1e+06 9.4e+02 0.0e+00  1  0 54  5  0   1  0 54  5  0     0
SFReduceEnd         1460 1.0 9.0464e-02 2.0 0.00e+00 0.0 0.0e+00 0.0e+00 0.0e+00  0  0  0  0  0   0  0  0  0  0     0
SolveSystem            1 1.0 7.0166e+01 1.0 9.95e+09 1.7 1.9e+06 9.7e+03 9.2e+04 83100100100 75 100100100100100  2339
KSPSetUp            1460 1.0 1.2683e+00 2.6 0.00e+00 0.0 0.0e+00 0.0e+00 2.9e+03  1  0  0  0  2   1  0  0  0  3     0
KSPSolve            1460 1.0 3.8197e+01 1.0 9.91e+09 1.7 6.5e+05 2.0e+04 6.6e+04 45100 34 69 54  54100 34 69 71  4277
PCSetUp             1460 1.0 1.6899e-03 1.9 0.00e+00 0.0 0.0e+00 0.0e+00 0.0e+00  0  0  0  0  0   0  0  0  0  0     0
PCApply            21900 1.0 1.9838e+00 1.3 1.64e+08 1.5 0.0e+00 0.0e+00 2.9e+03  2  2  0  0  2   3  2  0  0  3  1380

--- Event Stage 4: Destroying obj

DestroyBC              1 1.0 1.5392e-03 2.4 0.00e+00 0.0 0.0e+00 0.0e+00 0.0e+00  0  0  0  0  0  85  0  0  0  0     0
DestroyProperties       1 1.0 1.3113e-05 1.7 0.00e+00 0.0 0.0e+00 0.0e+00 0.0e+00  0  0  0  0  0   1  0  0  0  0     0
DestroyGeometry        1 1.0 2.5749e-05 1.6 0.00e+00 0.0 0.0e+00 0.0e+00 0.0e+00  0  0  0  0  0   2  0  0  0  0     0
------------------------------------------------------------------------------------------------------------------------

Memory usage is given in bytes:

Object Type          Creations   Destructions     Memory  Descendants' Mem.
Reports information only for process 0.

--- Event Stage 0: Main Stage

              Viewer     1              0            0     0.

--- Event Stage 1: Loading Files

              Vector  5852              5       128024     0.
      Vector Scatter     2              1        61072     0.
    Distributed Mesh     1              0            0     0.
Star Forest Bipartite Graph     2              0            0     0.
     Discrete System     1              0            0     0.
           Index Set  4387              4       103104     0.
   IS L to G Mapping     1              0            0     0.
   Application Order     1              0            0     0.
              Viewer     1              1          776     0.

--- Event Stage 2: Setting up

              Vector     4              3        84824     0.
      Vector Scatter     1              0            0     0.
              Matrix     3              0            0     0.
Star Forest Bipartite Graph     1              1          848     0.
           Index Set     2              2        11552     0.

--- Event Stage 3: Solving

              Vector 16063          11681    603287664     0.
      Vector Scatter  5841           5841    125595840     0.
              Matrix     3              3      2361936     0.
Star Forest Bipartite Graph  1460           1460      1238080     0.
           Index Set  5840           5840      4531840     0.
              Viewer  1462           1462      1134512     0.
       Krylov Solver  1461           1461      1799880     0.
      Preconditioner  1460           1460      1238080     0.

--- Event Stage 4: Destroying obj

              Vector     0             11       306912     0.
      Vector Scatter     0              1         1072     0.
              Matrix     0              3      2361932     0.
           Index Set     0              3        22328     0.
========================================================================================================================
Average time to get PetscTime(): 4.76837e-08
Average time for MPI_Barrier(): 4.57764e-06
Average time for zero size MPI_Send(): 3.54823e-06
#PETSc Option Table entries:
-Input_file_bc 50x50x50_bc.txt
-Input_file_gmtry 50x50x50_gmtry.txt
-Input_file_init_sol 50x50x50_Sol.h5
-Input_file_ppt 50x50x50_properties.txt
-Input_file_ppt_by_zones 50x50x50_zones.txt
-Input_type_bc 2
-Input_type_gmtry 2
-Input_type_init_sol 3
-Input_type_tplgy 0
-ksp_type cg
-log_view ascii:50x50x50_NP17_KSPcg_PCjacobi.log
-Output_type_ppt 3
-pc_type jacobi
-Project_name 50x50x50
-Run_options_scheme 2
-Run_options_time 1
#End of PETSc Option Table entries
Compiled without FORTRAN kernels
Compiled with full precision matrices (default)
sizeof(short) 2 sizeof(int) 4 sizeof(long) 8 sizeof(void*) 8 sizeof(PetscScalar) 8 sizeof(PetscInt) 4
Configure options: --with-shared-libraries --with-debugging=0 --with-mpi-dir=/MyLibs/MPICH/mpich-3.2/arch-centos-opt --with-cxx=0 --with-hdf5-dir=/MyLibs/HDF5/hdf5-1.8.17/arch-centos-parallel-opt/ PETSC_ARCH=arch-centos-opt-v3.7.2-mpich-v3.2-hdf5-v1.8.17 FOPTFLAGS="optimization flags" COPTFLAGS="optimization flags"
-----------------------------------------
Libraries compiled on Wed Aug 17 12:00:13 2016 on poroso-medellin-unal-edu-co 
Machine characteristics: Linux-3.10.0-327.28.2.el7.x86_64-x86_64-with-centos-7.2.1511-Core
Using PETSc directory: /MyLibs/PETSc
Using PETSc arch: arch-centos-opt-v3.7.2-mpich-v3.2-hdf5-v1.8.17
-----------------------------------------

Using C compiler: /MyLibs/MPICH/mpich-3.2/arch-centos-opt/bin/mpicc  -fPIC  -Wall -Wwrite-strings -Wno-strict-aliasing -Wno-unknown-pragmas -fvisibility=hidden  ${COPTFLAGS} ${CFLAGS}
Using Fortran compiler: /MyLibs/MPICH/mpich-3.2/arch-centos-opt/bin/mpif90  -fPIC -Wall -ffree-line-length-0 -Wno-unused-dummy-argument   ${FOPTFLAGS} ${FFLAGS} 
-----------------------------------------

Using include paths: -I/MyLibs/PETSc/arch-centos-opt-v3.7.2-mpich-v3.2-hdf5-v1.8.17/include -I/MyLibs/PETSc/include -I/MyLibs/PETSc/include -I/MyLibs/PETSc/arch-centos-opt-v3.7.2-mpich-v3.2-hdf5-v1.8.17/include -I/MyLibs/HDF5/hdf5-1.8.17/arch-centos-parallel-opt/include -I/MyLibs/MPICH/mpich-3.2/arch-centos-opt/include
-----------------------------------------

Using C linker: /MyLibs/MPICH/mpich-3.2/arch-centos-opt/bin/mpicc
Using Fortran linker: /MyLibs/MPICH/mpich-3.2/arch-centos-opt/bin/mpif90
Using libraries: -Wl,-rpath,/MyLibs/PETSc/arch-centos-opt-v3.7.2-mpich-v3.2-hdf5-v1.8.17/lib -L/MyLibs/PETSc/arch-centos-opt-v3.7.2-mpich-v3.2-hdf5-v1.8.17/lib -lpetsc -llapack -lblas -Wl,-rpath,/MyLibs/HDF5/hdf5-1.8.17/arch-centos-parallel-opt/lib -L/MyLibs/HDF5/hdf5-1.8.17/arch-centos-parallel-opt/lib -lhdf5hl_fortran -lhdf5_fortran -lhdf5_hl -lhdf5 -lpthread -lm -Wl,-rpath,/MyLibs/MPICH/mpich-3.2/arch-centos-opt/lib -L/MyLibs/MPICH/mpich-3.2/arch-centos-opt/lib -Wl,-rpath,/usr/lib/gcc/x86_64-redhat-linux/4.8.5 -L/usr/lib/gcc/x86_64-redhat-linux/4.8.5 -lmpifort -lgfortran -lm -lgfortran -lm -lquadmath -lm -Wl,-rpath,/MyLibs/MPICH/mpich-3.2/arch-centos-opt/lib -L/MyLibs/MPICH/mpich-3.2/arch-centos-opt/lib -Wl,-rpath,/usr/lib/gcc/x86_64-redhat-linux/4.8.5 -L/usr/lib/gcc/x86_64-redhat-linux/4.8.5 -ldl -Wl,-rpath,/MyLibs/MPICH/mpich-3.2/arch-centos-opt/lib -lmpi -lgcc_s -ldl 
-----------------------------------------

