************************************************************************************************************************
***             WIDEN YOUR WINDOW TO 120 CHARACTERS.  Use 'enscript -r -fCourier9' to print this document            ***
************************************************************************************************************************

---------------------------------------------- PETSc Performance Summary: ----------------------------------------------

../../src/ANISOFLOW                                                                                                                                                                                                                                             ˻d on a arch-centos-opt-v3.7.2-mpich-v3.2-hdf5-v1.8.17 named poroso-medellin-unal-edu-co with 26 processors, by sospinar Sun Oct 16 05:51:22 2016
Using Petsc Release Version 3.7.3, unknown 

                         Max       Max/Min        Avg      Total 
Time (sec):           1.286e+02      1.00001   1.286e+02
Objects:              7.159e+04      1.00000   7.159e+04
Flops:                7.630e+09      1.45735   7.235e+09  1.881e+11
Flops/sec:            5.933e+07      1.45734   5.626e+07  1.463e+09
MPI Messages:         3.140e+05      2.36255   1.572e+05  4.086e+06
MPI Message Lengths:  3.948e+09     13.27089   3.536e+03  1.445e+10
MPI Reductions:       1.081e+05      1.00000

Flop counting convention: 1 flop = 1 real number operation of type (multiply/divide/add/subtract)
                            e.g., VecAXPY() for real vectors of length N --> 2N flops
                            and VecAXPY() for complex vectors of length N --> 8N flops

Summary of Stages:   ----- Time ------  ----- Flops -----  --- Messages ---  -- Message Lengths --  -- Reductions --
                        Avg     %Total     Avg     %Total   counts   %Total     Avg         %Total   counts   %Total 
 0:      Main Stage: 2.4264e-04   0.0%  0.0000e+00   0.0%  0.000e+00   0.0%  0.000e+00        0.0%  0.000e+00   0.0% 
 1:   Loading Files: 1.3404e+01  10.4%  0.0000e+00   0.0%  5.980e+02   0.0%  9.715e-01        0.0%  3.069e+04  28.4% 
 2:      Setting up: 7.8351e-02   0.1%  0.0000e+00   0.0%  3.660e+02   0.0%  1.981e-01        0.0%  1.700e+01   0.0% 
 3:         Solving: 1.1512e+02  89.5%  1.8811e+11 100.0%  4.085e+06 100.0%  3.535e+03      100.0%  7.738e+04  71.6% 
 4:  Destroying obj: 1.1158e-03   0.0%  0.0000e+00   0.0%  0.000e+00   0.0%  0.000e+00        0.0%  0.000e+00   0.0% 

------------------------------------------------------------------------------------------------------------------------
See the 'Profiling' chapter of the users' manual for details on interpreting output.
Phase summary info:
   Count: number of times phase was executed
   Time and Flops: Max - maximum over all processors
                   Ratio - ratio of maximum to minimum over all processors
   Mess: number of messages sent
   Avg. len: average message length (bytes)
   Reduct: number of global reductions
   Global: entire computation
   Stage: stages of a computation. Set stages with PetscLogStagePush() and PetscLogStagePop().
      %T - percent time in this phase         %F - percent flops in this phase
      %M - percent messages in this phase     %L - percent message lengths in this phase
      %R - percent reductions in this phase
   Total Mflop/s: 10e-6 * (sum of flops over all processors)/(max time over all processors)
------------------------------------------------------------------------------------------------------------------------
Event                Count      Time (sec)     Flops                             --- Global ---  --- Stage ---   Total
                   Max Ratio  Max     Ratio   Max  Ratio  Mess   Avg len Reduct  %T %F %M %L %R  %T %F %M %L %R Mflop/s
------------------------------------------------------------------------------------------------------------------------

--- Event Stage 0: Main Stage


--- Event Stage 1: Loading Files

GetGeometry            1 1.0 4.7040e-03 1.0 0.00e+00 0.0 2.4e+02 1.1e+03 1.3e+01  0  0  0  0  0   0  0 41  7  0     0
VecView                1 1.0 7.2374e-03 1.2 0.00e+00 0.0 0.0e+00 0.0e+00 0.0e+00  0  0  0  0  0   0  0  0  0  0     0
VecMax                 2 1.0 7.4625e-05 1.5 0.00e+00 0.0 0.0e+00 0.0e+00 0.0e+00  0  0  0  0  0   0  0  0  0  0     0
VecCopy                2 1.0 2.4557e-05 2.5 0.00e+00 0.0 0.0e+00 0.0e+00 0.0e+00  0  0  0  0  0   0  0  0  0  0     0
VecSet                 8 1.0 3.3689e-04 1.9 0.00e+00 0.0 0.0e+00 0.0e+00 0.0e+00  0  0  0  0  0   0  0  0  0  0     0
VecAssemblyBegin    5845 1.0 2.6803e-01 1.3 0.00e+00 0.0 5.0e+01 2.9e+04 1.8e+04  0  0  0  0 16   2  0  8 36 57     0
VecAssemblyEnd      5845 1.0 5.4977e-03 2.4 0.00e+00 0.0 0.0e+00 0.0e+00 0.0e+00  0  0  0  0  0   0  0  0  0  0     0
VecScatterBegin        2 1.0 4.7898e-04 2.2 0.00e+00 0.0 1.5e+02 6.9e+03 0.0e+00  0  0  0  0  0   0  0 25 26  0     0
VecScatterEnd          2 1.0 2.6083e-04 3.2 0.00e+00 0.0 0.0e+00 0.0e+00 0.0e+00  0  0  0  0  0   0  0  0  0  0     0
GetProrperties         1 1.0 8.6610e-02 1.0 0.00e+00 0.0 3.5e+02 1.0e+04 2.1e+01  0  0  0  0  0   1  0 59 93  0     0
GetConductivity        1 1.0 2.3389e-04 2.5 0.00e+00 0.0 0.0e+00 0.0e+00 0.0e+00  0  0  0  0  0   0  0  0  0  0     0
GetSpecificStorage       1 1.0 3.6597e-04 1.2 0.00e+00 0.0 0.0e+00 0.0e+00 2.0e+00  0  0  0  0  0   0  0  0  0  0     0
GetBC                  1 1.0 1.3313e+01 1.0 0.00e+00 0.0 0.0e+00 0.0e+00 3.1e+04 10  0  0  0 28  99  0  0  0100     0

--- Event Stage 2: Setting up

BuildTwoSided          1 1.0 3.3879e-04 6.5 0.00e+00 0.0 0.0e+00 0.0e+00 0.0e+00  0  0  0  0  0   0  0  0  0  0     0
VecSet                 2 1.0 4.7922e-05 5.3 0.00e+00 0.0 0.0e+00 0.0e+00 0.0e+00  0  0  0  0  0   0  0  0  0  0     0
VecScatterBegin        1 1.0 1.4687e-04 2.9 0.00e+00 0.0 1.2e+02 4.4e+03 0.0e+00  0  0  0  0  0   0  0 33 67  0     0
VecScatterEnd          1 1.0 1.0824e-04 2.7 0.00e+00 0.0 0.0e+00 0.0e+00 0.0e+00  0  0  0  0  0   0  0  0  0  0     0
MatAssemblyBegin       2 1.0 3.1305e-02180.1 0.00e+00 0.0 0.0e+00 0.0e+00 4.0e+00  0  0  0  0  0  11  0  0  0 24     0
MatAssemblyEnd         2 1.0 5.0812e-03 1.1 0.00e+00 0.0 2.4e+02 1.1e+03 8.0e+00  0  0  0  0  0   6  0 67 33 47     0
SFSetGraph             1 1.0 1.3590e-05 2.4 0.00e+00 0.0 0.0e+00 0.0e+00 0.0e+00  0  0  0  0  0   0  0  0  0  0     0
SFReduceBegin          1 1.0 4.0030e-04 4.6 0.00e+00 0.0 0.0e+00 0.0e+00 0.0e+00  0  0  0  0  0   0  0  0  0  0     0
SFReduceEnd            1 1.0 3.0994e-06 1.6 0.00e+00 0.0 0.0e+00 0.0e+00 0.0e+00  0  0  0  0  0   0  0  0  0  0     0
BuildSystem            1 1.0 7.8405e-02 1.0 0.00e+00 0.0 3.7e+02 2.2e+03 1.7e+01  0  0  0  0  0 100  0100100100     0

--- Event Stage 3: Solving

BuildTwoSided       1460 1.0 1.7636e+00 8.3 0.00e+00 0.0 4.9e+05 4.0e+00 0.0e+00  1  0 12  0  0   1  0 12  0  0     0
VecView             1461 1.0 6.8169e+00 1.0 0.00e+00 0.0 0.0e+00 0.0e+00 0.0e+00  5  0  0  0  0   6  0  0  0  0     0
VecMDot            10220 1.0 1.2040e+01 5.9 4.09e+08 1.3 0.0e+00 0.0e+00 1.0e+04  3  5  0  0  9   3  5  0  0 13   849
VecNorm            11680 1.0 7.7190e+00 4.4 1.17e+08 1.3 0.0e+00 0.0e+00 1.2e+04  2  2  0  0 11   3  2  0  0 15   378
VecScale           11680 1.0 6.4048e-02 1.2 5.84e+07 1.3 0.0e+00 0.0e+00 0.0e+00  0  1  0  0  0   0  1  0  0  0 22796
VecCopy             1460 1.0 3.9279e-02 2.8 0.00e+00 0.0 0.0e+00 0.0e+00 0.0e+00  0  0  0  0  0   0  0  0  0  0     0
VecSet             20441 1.0 5.3129e-01 1.3 0.00e+00 0.0 0.0e+00 0.0e+00 0.0e+00  0  0  0  0  0   0  0  0  0  0     0
VecAXPY             2920 1.0 6.1772e-02 2.8 2.92e+07 1.3 0.0e+00 0.0e+00 0.0e+00  0  0  0  0  0   0  0  0  0  0 11818
VecMAXPY           11680 1.0 7.4332e-01 1.4 5.11e+08 1.3 0.0e+00 0.0e+00 0.0e+00  1  7  0  0  0   1  7  0  0  0 17186
VecPointwiseMult    5840 1.0 1.5463e-01 1.7 1.46e+07 1.3 0.0e+00 0.0e+00 0.0e+00  0  0  0  0  0   0  0  0  0  0  2360
VecLoad                1 1.0 1.6749e-03 1.1 0.00e+00 0.0 0.0e+00 0.0e+00 0.0e+00  0  0  0  0  0   0  0  0  0  0     0
VecScatterBegin    18980 1.0 2.8625e+00 7.6 0.00e+00 0.0 1.3e+06 6.4e+03 0.0e+00  1  0 32 58  0   1  0 32 58  0     0
VecScatterEnd      18980 1.0 1.0430e+0116.7 0.00e+00 0.0 0.0e+00 0.0e+00 0.0e+00  7  0  0  0  0   8  0  0  0  0     0
VecNormalize       11680 1.0 7.8048e+00 4.2 1.75e+08 1.3 0.0e+00 0.0e+00 1.2e+04  3  2  0  0 11   3  2  0  0 15   561
MatMult            10220 1.0 2.0777e+01 1.5 2.64e+09 1.5 1.2e+06 4.4e+03 0.0e+00 15 35 31 38  0  17 35 31 38  0  3128
MatSolve           11680 1.0 1.5038e+01 1.4 2.47e+09 1.4 0.0e+00 0.0e+00 0.0e+00 11 32  0  0  0  12 32  0  0  0  4065
MatLUFactorNum      1460 1.0 1.1781e+01 1.5 1.39e+09 1.5 0.0e+00 0.0e+00 0.0e+00  8 18  0  0  0   9 18  0  0  0  2845
MatILUFactorSym     1460 1.0 4.9760e+00 1.4 0.00e+00 0.0 0.0e+00 0.0e+00 0.0e+00  4  0  0  0  0   4  0  0  0  0     0
MatCopy             1460 1.0 5.1965e+00 1.3 0.00e+00 0.0 0.0e+00 0.0e+00 0.0e+00  4  0  0  0  0   4  0  0  0  0     0
MatConvert             1 1.0 8.9712e-03 2.2 0.00e+00 0.0 0.0e+00 0.0e+00 0.0e+00  0  0  0  0  0   0  0  0  0  0     0
MatGetRowIJ         1460 1.0 5.6100e-04 1.3 0.00e+00 0.0 0.0e+00 0.0e+00 0.0e+00  0  0  0  0  0   0  0  0  0  0     0
MatGetOrdering      1460 1.0 2.2045e-01 1.4 0.00e+00 0.0 0.0e+00 0.0e+00 0.0e+00  0  0  0  0  0   0  0  0  0  0     0
SFSetGraph          1460 1.0 6.6145e-01 1.1 0.00e+00 0.0 0.0e+00 0.0e+00 0.0e+00  1  0  0  0  0   1  0  0  0  0     0
SFReduceBegin       1460 1.0 2.0385e+00 4.4 0.00e+00 0.0 2.5e+06 6.2e+02 0.0e+00  1  0 60 11  0   1  0 60 11  0     0
SFReduceEnd         1460 1.0 9.4598e-02 1.3 0.00e+00 0.0 0.0e+00 0.0e+00 0.0e+00  0  0  0  0  0   0  0  0  0  0     0
SolveSystem            1 1.0 1.1512e+02 1.0 7.63e+09 1.5 4.1e+06 3.5e+03 7.7e+04 90100100100 72 100100100100100  1634
KSPGMRESOrthog     10220 1.0 1.2569e+01 4.7 8.18e+08 1.3 0.0e+00 0.0e+00 1.0e+04  3 11  0  0  9   4 11  0  0 13  1626
KSPSetUp            2920 1.0 2.0894e+00 2.9 0.00e+00 0.0 0.0e+00 0.0e+00 2.9e+03  1  0  0  0  3   1  0  0  0  4     0
KSPSolve            1460 1.0 5.9133e+01 1.0 7.60e+09 1.5 1.2e+06 4.4e+03 5.1e+04 46100 31 38 47  51100 31 38 66  3169
PCSetUp             2920 1.0 1.7185e+01 1.4 1.39e+09 1.5 0.0e+00 0.0e+00 0.0e+00 12 18  0  0  0  14 18  0  0  0  1951
PCSetUpOnBlocks     1460 1.0 1.7081e+01 1.5 1.39e+09 1.5 0.0e+00 0.0e+00 0.0e+00 12 18  0  0  0  14 18  0  0  0  1962
PCApply            11680 1.0 1.6222e+01 1.3 2.47e+09 1.4 0.0e+00 0.0e+00 0.0e+00 12 32  0  0  0  13 32  0  0  0  3768

--- Event Stage 4: Destroying obj

DestroyBC              1 1.0 1.0760e-03 1.5 0.00e+00 0.0 0.0e+00 0.0e+00 0.0e+00  0  0  0  0  0  84  0  0  0  0     0
DestroyProperties       1 1.0 1.7405e-05 1.6 0.00e+00 0.0 0.0e+00 0.0e+00 0.0e+00  0  0  0  0  0   1  0  0  0  0     0
DestroyGeometry        1 1.0 3.9101e-05 1.7 0.00e+00 0.0 0.0e+00 0.0e+00 0.0e+00  0  0  0  0  0   2  0  0  0  0     0
------------------------------------------------------------------------------------------------------------------------

Memory usage is given in bytes:

Object Type          Creations   Destructions     Memory  Descendants' Mem.
Reports information only for process 0.

--- Event Stage 0: Main Stage

              Viewer     1              0            0     0.

--- Event Stage 1: Loading Files

              Vector  5852              5        88024     0.
      Vector Scatter     2              1        21072     0.
    Distributed Mesh     1              0            0     0.
Star Forest Bipartite Graph     2              0            0     0.
     Discrete System     1              0            0     0.
           Index Set  4387              4        69104     0.
   IS L to G Mapping     1              0            0     0.
   Application Order     1              0            0     0.
              Viewer     1              1          776     0.

--- Event Stage 2: Setting up

              Vector     4              3        56824     0.
      Vector Scatter     1              0            0     0.
              Matrix     3              0            0     0.
Star Forest Bipartite Graph     1              1          848     0.
           Index Set     2              2         7552     0.

--- Event Stage 3: Solving

              Vector 35043          30661   1101408304     0.
      Vector Scatter  5841           5841    128036816     0.
              Matrix  1463           1463   2015836816     0.
Star Forest Bipartite Graph  1460           1460      1238080     0.
           Index Set 10220          10220     66330720     0.
              Viewer  1462           1462      1134512     0.
       Krylov Solver  2921           2921     28558760     0.
      Preconditioner  2920           2920      2768160     0.

--- Event Stage 4: Destroying obj

              Vector     0             11       218144     0.
      Vector Scatter     0              1         1072     0.
              Matrix     0              3      1620812     0.
           Index Set     0              3        22328     0.
========================================================================================================================
Average time to get PetscTime(): 7.15256e-08
Average time for MPI_Barrier(): 6.4373e-06
Average time for zero size MPI_Send(): 4.31904e-06
#PETSc Option Table entries:
-Input_file_bc 50x50x50_bc.txt
-Input_file_gmtry 50x50x50_gmtry.txt
-Input_file_init_sol 50x50x50_Sol.h5
-Input_file_ppt 50x50x50_properties.txt
-Input_file_ppt_by_zones 50x50x50_zones.txt
-Input_type_bc 2
-Input_type_gmtry 2
-Input_type_init_sol 3
-Input_type_tplgy 0
-ksp_type gmres
-log_view ascii:50x50x50_NP26_KSPgmres_PCbjacobi.log
-Output_type_ppt 3
-pc_type bjacobi
-Project_name 50x50x50
-Run_options_scheme 2
-Run_options_time 1
#End of PETSc Option Table entries
Compiled without FORTRAN kernels
Compiled with full precision matrices (default)
sizeof(short) 2 sizeof(int) 4 sizeof(long) 8 sizeof(void*) 8 sizeof(PetscScalar) 8 sizeof(PetscInt) 4
Configure options: --with-shared-libraries --with-debugging=0 --with-mpi-dir=/MyLibs/MPICH/mpich-3.2/arch-centos-opt --with-cxx=0 --with-hdf5-dir=/MyLibs/HDF5/hdf5-1.8.17/arch-centos-parallel-opt/ PETSC_ARCH=arch-centos-opt-v3.7.2-mpich-v3.2-hdf5-v1.8.17 FOPTFLAGS="optimization flags" COPTFLAGS="optimization flags"
-----------------------------------------
Libraries compiled on Wed Aug 17 12:00:13 2016 on poroso-medellin-unal-edu-co 
Machine characteristics: Linux-3.10.0-327.28.2.el7.x86_64-x86_64-with-centos-7.2.1511-Core
Using PETSc directory: /MyLibs/PETSc
Using PETSc arch: arch-centos-opt-v3.7.2-mpich-v3.2-hdf5-v1.8.17
-----------------------------------------

Using C compiler: /MyLibs/MPICH/mpich-3.2/arch-centos-opt/bin/mpicc  -fPIC  -Wall -Wwrite-strings -Wno-strict-aliasing -Wno-unknown-pragmas -fvisibility=hidden  ${COPTFLAGS} ${CFLAGS}
Using Fortran compiler: /MyLibs/MPICH/mpich-3.2/arch-centos-opt/bin/mpif90  -fPIC -Wall -ffree-line-length-0 -Wno-unused-dummy-argument   ${FOPTFLAGS} ${FFLAGS} 
-----------------------------------------

Using include paths: -I/MyLibs/PETSc/arch-centos-opt-v3.7.2-mpich-v3.2-hdf5-v1.8.17/include -I/MyLibs/PETSc/include -I/MyLibs/PETSc/include -I/MyLibs/PETSc/arch-centos-opt-v3.7.2-mpich-v3.2-hdf5-v1.8.17/include -I/MyLibs/HDF5/hdf5-1.8.17/arch-centos-parallel-opt/include -I/MyLibs/MPICH/mpich-3.2/arch-centos-opt/include
-----------------------------------------

Using C linker: /MyLibs/MPICH/mpich-3.2/arch-centos-opt/bin/mpicc
Using Fortran linker: /MyLibs/MPICH/mpich-3.2/arch-centos-opt/bin/mpif90
Using libraries: -Wl,-rpath,/MyLibs/PETSc/arch-centos-opt-v3.7.2-mpich-v3.2-hdf5-v1.8.17/lib -L/MyLibs/PETSc/arch-centos-opt-v3.7.2-mpich-v3.2-hdf5-v1.8.17/lib -lpetsc -llapack -lblas -Wl,-rpath,/MyLibs/HDF5/hdf5-1.8.17/arch-centos-parallel-opt/lib -L/MyLibs/HDF5/hdf5-1.8.17/arch-centos-parallel-opt/lib -lhdf5hl_fortran -lhdf5_fortran -lhdf5_hl -lhdf5 -lpthread -lm -Wl,-rpath,/MyLibs/MPICH/mpich-3.2/arch-centos-opt/lib -L/MyLibs/MPICH/mpich-3.2/arch-centos-opt/lib -Wl,-rpath,/usr/lib/gcc/x86_64-redhat-linux/4.8.5 -L/usr/lib/gcc/x86_64-redhat-linux/4.8.5 -lmpifort -lgfortran -lm -lgfortran -lm -lquadmath -lm -Wl,-rpath,/MyLibs/MPICH/mpich-3.2/arch-centos-opt/lib -L/MyLibs/MPICH/mpich-3.2/arch-centos-opt/lib -Wl,-rpath,/usr/lib/gcc/x86_64-redhat-linux/4.8.5 -L/usr/lib/gcc/x86_64-redhat-linux/4.8.5 -ldl -Wl,-rpath,/MyLibs/MPICH/mpich-3.2/arch-centos-opt/lib -lmpi -lgcc_s -ldl 
-----------------------------------------

