************************************************************************************************************************
***             WIDEN YOUR WINDOW TO 120 CHARACTERS.  Use 'enscript -r -fCourier9' to print this document            ***
************************************************************************************************************************

---------------------------------------------- PETSc Performance Summary: ----------------------------------------------

./../../src/ANISOFLOW.exe on a arch-linux2-c-debug named kevin-Inspiron-7537 with 1 processor, by kevin Wed May 25 15:15:12 2016
Using Petsc Release Version 3.6.3, Dec, 03, 2015 

                         Max       Max/Min        Avg      Total 
Time (sec):           6.231e-01      1.00000   6.231e-01
Objects:              2.900e+01      1.00000   2.900e+01
Flops:                0.000e+00      0.00000   0.000e+00  0.000e+00
Flops/sec:            0.000e+00      0.00000   0.000e+00  0.000e+00
Memory:               1.035e+07      1.00000              1.035e+07
MPI Messages:         0.000e+00      0.00000   0.000e+00  0.000e+00
MPI Message Lengths:  0.000e+00      0.00000   0.000e+00  0.000e+00
MPI Reductions:       0.000e+00      0.00000

Flop counting convention: 1 flop = 1 real number operation of type (multiply/divide/add/subtract)
                            e.g., VecAXPY() for real vectors of length N --> 2N flops
                            and VecAXPY() for complex vectors of length N --> 8N flops

Summary of Stages:   ----- Time ------  ----- Flops -----  --- Messages ---  -- Message Lengths --  -- Reductions --
                        Avg     %Total     Avg     %Total   counts   %Total     Avg         %Total   counts   %Total 
 0:      Main Stage: 3.8910e-04   0.1%  0.0000e+00   0.0%  0.000e+00   0.0%  0.000e+00        0.0%  0.000e+00   0.0% 
 1:     GetGeometry: 3.9590e-01  63.5%  0.0000e+00   0.0%  0.000e+00   0.0%  0.000e+00        0.0%  0.000e+00   0.0% 
 2:  GetProrperties: 1.7895e-01  28.7%  0.0000e+00   0.0%  0.000e+00   0.0%  0.000e+00        0.0%  0.000e+00   0.0% 
 3:           GetBC: 5.8005e-03   0.9%  0.0000e+00   0.0%  0.000e+00   0.0%  0.000e+00        0.0%  0.000e+00   0.0% 
 4:       DestroyBC: 3.9840e-02   6.4%  0.0000e+00   0.0%  0.000e+00   0.0%  0.000e+00        0.0%  0.000e+00   0.0% 
 5: DestroyProperties: 3.2091e-04   0.1%  0.0000e+00   0.0%  0.000e+00   0.0%  0.000e+00        0.0%  0.000e+00   0.0% 
 6: DestroyGeometry: 1.8373e-03   0.3%  0.0000e+00   0.0%  0.000e+00   0.0%  0.000e+00        0.0%  0.000e+00   0.0% 

------------------------------------------------------------------------------------------------------------------------
See the 'Profiling' chapter of the users' manual for details on interpreting output.
Phase summary info:
   Count: number of times phase was executed
   Time and Flops: Max - maximum over all processors
                   Ratio - ratio of maximum to minimum over all processors
   Mess: number of messages sent
   Avg. len: average message length (bytes)
   Reduct: number of global reductions
   Global: entire computation
   Stage: stages of a computation. Set stages with PetscLogStagePush() and PetscLogStagePop().
      %T - percent time in this phase         %F - percent flops in this phase
      %M - percent messages in this phase     %L - percent message lengths in this phase
      %R - percent reductions in this phase
   Total Mflop/s: 10e-6 * (sum of flops over all processors)/(max time over all processors)
------------------------------------------------------------------------------------------------------------------------


      ##########################################################
      #                                                        #
      #                          WARNING!!!                    #
      #                                                        #
      #   This code was compiled with a debugging option,      #
      #   To get timing results run ./configure                #
      #   using --with-debugging=no, the performance will      #
      #   be generally two or three times faster.              #
      #                                                        #
      ##########################################################


Event                Count      Time (sec)     Flops                             --- Global ---  --- Stage ---   Total
                   Max Ratio  Max     Ratio   Max  Ratio  Mess   Avg len Reduct  %T %F %M %L %R  %T %F %M %L %R Mflop/s
------------------------------------------------------------------------------------------------------------------------

--- Event Stage 0: Main Stage


--- Event Stage 1: GetGeometry

VecSet                 6 1.0 4.7774e-03 1.0 0.00e+00 0.0 0.0e+00 0.0e+00 0.0e+00  1  0  0  0  0   1  0  0  0  0     0
VecAssemblyBegin       3 1.0 1.0252e-05 1.0 0.00e+00 0.0 0.0e+00 0.0e+00 0.0e+00  0  0  0  0  0   0  0  0  0  0     0
VecAssemblyEnd         3 1.0 8.8215e-06 1.0 0.00e+00 0.0 0.0e+00 0.0e+00 0.0e+00  0  0  0  0  0   0  0  0  0  0     0
VecScatterBegin        3 1.0 5.6739e-03 1.0 0.00e+00 0.0 0.0e+00 0.0e+00 0.0e+00  1  0  0  0  0   1  0  0  0  0     0

--- Event Stage 2: GetProrperties

VecMax                 1 1.0 6.3753e-04 1.0 0.00e+00 0.0 0.0e+00 0.0e+00 0.0e+00  0  0  0  0  0   0  0  0  0  0     0
VecSet                 2 1.0 8.1277e-04 1.0 0.00e+00 0.0 0.0e+00 0.0e+00 0.0e+00  0  0  0  0  0   0  0  0  0  0     0
VecAssemblyBegin       1 1.0 2.1458e-06 1.0 0.00e+00 0.0 0.0e+00 0.0e+00 0.0e+00  0  0  0  0  0   0  0  0  0  0     0
VecAssemblyEnd         1 1.0 1.1921e-06 1.0 0.00e+00 0.0 0.0e+00 0.0e+00 0.0e+00  0  0  0  0  0   0  0  0  0  0     0
VecScatterBegin        1 1.0 9.0432e-04 1.0 0.00e+00 0.0 0.0e+00 0.0e+00 0.0e+00  0  0  0  0  0   1  0  0  0  0     0

--- Event Stage 3: GetBC

VecAssemblyBegin       6 1.0 8.1062e-05 1.0 0.00e+00 0.0 0.0e+00 0.0e+00 0.0e+00  0  0  0  0  0   1  0  0  0  0     0
VecAssemblyEnd         6 1.0 3.4571e-05 1.0 0.00e+00 0.0 0.0e+00 0.0e+00 0.0e+00  0  0  0  0  0   1  0  0  0  0     0

--- Event Stage 4: DestroyBC


--- Event Stage 5: DestroyProperties


--- Event Stage 6: DestroyGeometry

------------------------------------------------------------------------------------------------------------------------

Memory usage is given in bytes:

Object Type          Creations   Destructions     Memory  Descendants' Mem.
Reports information only for process 0.

--- Event Stage 0: Main Stage


--- Event Stage 1: GetGeometry

              Vector     8              4      4310160     0
      Vector Scatter     1              0            0     0
    Distributed Mesh     1              0            0     0
Star Forest Bipartite Graph     2              0            0     0
     Discrete System     1              0            0     0
           Index Set     6              2      1077540     0
   IS L to G Mapping     1              0            0     0

--- Event Stage 2: GetProrperties

              Vector     2              1      2153528     0

--- Event Stage 3: GetBC

              Vector     6              0            0     0

--- Event Stage 4: DestroyBC

              Vector     0              3         7312     0
              Viewer     1              0            0     0

--- Event Stage 5: DestroyProperties

              Vector     0              1      2371336     0

--- Event Stage 6: DestroyGeometry

              Vector     0              4      2377544     0
      Vector Scatter     0              1          648     0
    Distributed Mesh     0              1         4952     0
Star Forest Bipartite Graph     0              2         1680     0
     Discrete System     0              1          840     0
           Index Set     0              4         4352     0
   IS L to G Mapping     0              1      1185524     0
========================================================================================================================
Average time to get PetscTime(): 4.76837e-08
#PETSc Option Table entries:
-Input_dir in/
-Input_file_bc BCtempDT
-Input_file_cvt matrix.mprops
-Input_file_cvt_by_zones tsim_USMH.asc
-Input_file_gmtry tsim_USMH.asc
-Input_type 1
-Ouput_dir out/
-Ouput_type 1
-Run_options_scheme 2
-Run_options_time 0
-log_view ascii:ANISOFLOW.log
#End of PETSc Option Table entries
Compiled without FORTRAN kernels
Compiled with full precision matrices (default)
sizeof(short) 2 sizeof(int) 4 sizeof(long) 8 sizeof(void*) 8 sizeof(PetscScalar) 8 sizeof(PetscInt) 4
Configure options: --prefix=/usr/local/petsc-debug --with-shared-libraries --with-debugging=1 --with-mpi-dir=/usr/local/mpich-debug --with-cxx=0 --with-blas-lapack-dir=/usr/lib/
-----------------------------------------
Libraries compiled on Wed Dec 30 09:41:39 2015 on kevin-Inspiron-7537 
Machine characteristics: Linux-3.19.0-25-generic-x86_64-with-Ubuntu-15.04-vivid
Using PETSc directory: /home/kevin/Documentos/FORTRAN/Librerias/PETSc/petsc-3.6.3
Using PETSc arch: arch-linux2-c-debug
-----------------------------------------

Using C compiler: /usr/local/mpich-debug/bin/mpicc  -fPIC -Wall -Wwrite-strings -Wno-strict-aliasing -Wno-unknown-pragmas -g3 -O0  ${COPTFLAGS} ${CFLAGS}
Using Fortran compiler: /usr/local/mpich-debug/bin/mpif90  -fPIC -Wall -Wno-unused-variable -ffree-line-length-0 -Wno-unused-dummy-argument -g -O0   ${FOPTFLAGS} ${FFLAGS} 
-----------------------------------------

Using include paths: -I/home/kevin/Documentos/FORTRAN/Librerias/PETSc/petsc-3.6.3/arch-linux2-c-debug/include -I/home/kevin/Documentos/FORTRAN/Librerias/PETSc/petsc-3.6.3/include -I/home/kevin/Documentos/FORTRAN/Librerias/PETSc/petsc-3.6.3/include -I/home/kevin/Documentos/FORTRAN/Librerias/PETSc/petsc-3.6.3/arch-linux2-c-debug/include -I/usr/local/mpich-debug/include
-----------------------------------------

Using C linker: /usr/local/mpich-debug/bin/mpicc
Using Fortran linker: /usr/local/mpich-debug/bin/mpif90
Using libraries: -Wl,-rpath,/home/kevin/Documentos/FORTRAN/Librerias/PETSc/petsc-3.6.3/arch-linux2-c-debug/lib -L/home/kevin/Documentos/FORTRAN/Librerias/PETSc/petsc-3.6.3/arch-linux2-c-debug/lib -lpetsc -Wl,-rpath,/usr/lib -L/usr/lib -llapack -lblas -lpthread -lm -Wl,-rpath,/usr/local/mpich-debug/lib -L/usr/local/mpich-debug/lib -Wl,-rpath,/usr/lib/gcc/x86_64-linux-gnu/4.9 -L/usr/lib/gcc/x86_64-linux-gnu/4.9 -Wl,-rpath,/usr/lib/x86_64-linux-gnu -L/usr/lib/x86_64-linux-gnu -Wl,-rpath,/lib/x86_64-linux-gnu -L/lib/x86_64-linux-gnu -lmpifort -lgfortran -lm -lgfortran -lm -lquadmath -lm -Wl,-rpath,/usr/local/mpich-debug/lib -L/usr/local/mpich-debug/lib -Wl,-rpath,/usr/lib/gcc/x86_64-linux-gnu/4.9 -L/usr/lib/gcc/x86_64-linux-gnu/4.9 -Wl,-rpath,/usr/lib/x86_64-linux-gnu -L/usr/lib/x86_64-linux-gnu -Wl,-rpath,/lib/x86_64-linux-gnu -L/lib/x86_64-linux-gnu -Wl,-rpath,/usr/lib/x86_64-linux-gnu -L/usr/lib/x86_64-linux-gnu -ldl -Wl,-rpath,/usr/local/mpich-debug/lib -lmpi -lgcc_s -ldl 
-----------------------------------------

